ARM GAS  C:\Users\koseki\AppData\Local\Temp\cccS8fh0.s 			page 1


   1              		.syntax unified
   2              		.cpu cortex-m3
   3              		.fpu softvfp
   4              		.eabi_attribute 20, 1
   5              		.eabi_attribute 21, 1
   6              		.eabi_attribute 23, 3
   7              		.eabi_attribute 24, 1
   8              		.eabi_attribute 25, 1
   9              		.eabi_attribute 26, 1
  10              		.eabi_attribute 30, 1
  11              		.eabi_attribute 34, 1
  12              		.eabi_attribute 18, 4
  13              		.thumb
  14              		.syntax unified
  15              		.file	"cymetadata.c"
  16              		.text
  17              	.Ltext0:
  18              		.cfi_sections	.debug_frame
  19              		.global	cy_metadata
  20              		.global	cy_meta_flashprotect
  21              		.global	cy_meta_wonvl
  22              		.global	cy_meta_custnvl
  23              		.global	cy_meta_configecc
  24              		.section	.cyconfigecc,"a",%progbits
  25              		.align	2
  26              		.type	cy_meta_configecc, %object
  27              		.size	cy_meta_configecc, 488
  28              	cy_meta_configecc:
  29 0000 01       		.byte	1
  30 0001 45       		.byte	69
  31 0002 00       		.byte	0
  32 0003 40       		.byte	64
  33 0004 04       		.byte	4
  34 0005 52       		.byte	82
  35 0006 00       		.byte	0
  36 0007 40       		.byte	64
  37 0008 09       		.byte	9
  38 0009 02       		.byte	2
  39 000a 01       		.byte	1
  40 000b 40       		.byte	64
  41 000c 0A       		.byte	10
  42 000d 03       		.byte	3
  43 000e 01       		.byte	1
  44 000f 40       		.byte	64
  45 0010 04       		.byte	4
  46 0011 04       		.byte	4
  47 0012 01       		.byte	1
  48 0013 40       		.byte	64
  49 0014 04       		.byte	4
  50 0015 05       		.byte	5
  51 0016 01       		.byte	1
  52 0017 40       		.byte	64
  53 0018 02       		.byte	2
  54 0019 07       		.byte	7
  55 001a 01       		.byte	1
  56 001b 40       		.byte	64
  57 001c 01       		.byte	1
ARM GAS  C:\Users\koseki\AppData\Local\Temp\cccS8fh0.s 			page 2


  58 001d 09       		.byte	9
  59 001e 01       		.byte	1
  60 001f 40       		.byte	64
  61 0020 01       		.byte	1
  62 0021 0B       		.byte	11
  63 0022 01       		.byte	1
  64 0023 40       		.byte	64
  65 0024 01       		.byte	1
  66 0025 0D       		.byte	13
  67 0026 01       		.byte	1
  68 0027 40       		.byte	64
  69 0028 07       		.byte	7
  70 0029 15       		.byte	21
  71 002a 01       		.byte	1
  72 002b 40       		.byte	64
  73 002c 03       		.byte	3
  74 002d 17       		.byte	23
  75 002e 01       		.byte	1
  76 002f 40       		.byte	64
  77 0030 02       		.byte	2
  78 0031 19       		.byte	25
  79 0032 01       		.byte	1
  80 0033 40       		.byte	64
  81 0034 05       		.byte	5
  82 0035 1B       		.byte	27
  83 0036 01       		.byte	1
  84 0037 40       		.byte	64
  85 0038 05       		.byte	5
  86 0039 40       		.byte	64
  87 003a 01       		.byte	1
  88 003b 40       		.byte	64
  89 003c 0A       		.byte	10
  90 003d 41       		.byte	65
  91 003e 01       		.byte	1
  92 003f 40       		.byte	64
  93 0040 06       		.byte	6
  94 0041 42       		.byte	66
  95 0042 01       		.byte	1
  96 0043 40       		.byte	64
  97 0044 07       		.byte	7
  98 0045 43       		.byte	67
  99 0046 01       		.byte	1
 100 0047 40       		.byte	64
 101 0048 02       		.byte	2
 102 0049 44       		.byte	68
 103 004a 01       		.byte	1
 104 004b 40       		.byte	64
 105 004c 07       		.byte	7
 106 004d 45       		.byte	69
 107 004e 01       		.byte	1
 108 004f 40       		.byte	64
 109 0050 04       		.byte	4
 110 0051 46       		.byte	70
 111 0052 01       		.byte	1
 112 0053 40       		.byte	64
 113 0054 07       		.byte	7
 114 0055 47       		.byte	71
ARM GAS  C:\Users\koseki\AppData\Local\Temp\cccS8fh0.s 			page 3


 115 0056 01       		.byte	1
 116 0057 40       		.byte	64
 117 0058 09       		.byte	9
 118 0059 48       		.byte	72
 119 005a 01       		.byte	1
 120 005b 40       		.byte	64
 121 005c 18       		.byte	24
 122 005d 49       		.byte	73
 123 005e 01       		.byte	1
 124 005f 40       		.byte	64
 125 0060 0A       		.byte	10
 126 0061 4C       		.byte	76
 127 0062 01       		.byte	1
 128 0063 40       		.byte	64
 129 0064 0A       		.byte	10
 130 0065 4D       		.byte	77
 131 0066 01       		.byte	1
 132 0067 40       		.byte	64
 133 0068 03       		.byte	3
 134 0069 51       		.byte	81
 135 006a 01       		.byte	1
 136 006b 40       		.byte	64
 137 006c 7E       		.byte	126
 138 006d 02       		.byte	2
 139 006e 01       		.byte	1
 140 006f 20       		.byte	32
 141 0070 11       		.byte	17
 142 0071 18       		.byte	24
 143 0072 60       		.byte	96
 144 0073 02       		.byte	2
 145 0074 7C       		.byte	124
 146 0075 40       		.byte	64
 147 0076 5B       		.byte	91
 148 0077 04       		.byte	4
 149 0078 5F       		.byte	95
 150 0079 01       		.byte	1
 151 007a 88       		.byte	-120
 152 007b 01       		.byte	1
 153 007c 8E       		.byte	-114
 154 007d 02       		.byte	2
 155 007e B0       		.byte	-80
 156 007f 01       		.byte	1
 157 0080 B2       		.byte	-78
 158 0081 02       		.byte	2
 159 0082 D8       		.byte	-40
 160 0083 04       		.byte	4
 161 0084 DC       		.byte	-36
 162 0085 08       		.byte	8
 163 0086 DF       		.byte	-33
 164 0087 31       		.byte	49
 165 0088 00       		.byte	0
 166 0089 50       		.byte	80
 167 008a 18       		.byte	24
 168 008b 50       		.byte	80
 169 008c 6E       		.byte	110
 170 008d 20       		.byte	32
 171 008e 6F       		.byte	111
ARM GAS  C:\Users\koseki\AppData\Local\Temp\cccS8fh0.s 			page 4


 172 008f 01       		.byte	1
 173 0090 7B       		.byte	123
 174 0091 40       		.byte	64
 175 0092 86       		.byte	-122
 176 0093 10       		.byte	16
 177 0094 87       		.byte	-121
 178 0095 01       		.byte	1
 179 0096 8C       		.byte	-116
 180 0097 10       		.byte	16
 181 0098 C0       		.byte	-64
 182 0099 03       		.byte	3
 183 009a DE       		.byte	-34
 184 009b 01       		.byte	1
 185 009c 38       		.byte	56
 186 009d 80       		.byte	-128
 187 009e 3E       		.byte	62
 188 009f 40       		.byte	64
 189 00a0 58       		.byte	88
 190 00a1 04       		.byte	4
 191 00a2 5F       		.byte	95
 192 00a3 01       		.byte	1
 193 00a4 18       		.byte	24
 194 00a5 01       		.byte	1
 195 00a6 A7       		.byte	-89
 196 00a7 40       		.byte	64
 197 00a8 A8       		.byte	-88
 198 00a9 40       		.byte	64
 199 00aa EC       		.byte	-20
 200 00ab 04       		.byte	4
 201 00ac A7       		.byte	-89
 202 00ad 40       		.byte	64
 203 00ae B4       		.byte	-76
 204 00af 01       		.byte	1
 205 00b0 EC       		.byte	-20
 206 00b1 10       		.byte	16
 207 00b2 EC       		.byte	-20
 208 00b3 04       		.byte	4
 209 00b4 E0       		.byte	-32
 210 00b5 10       		.byte	16
 211 00b6 83       		.byte	-125
 212 00b7 40       		.byte	64
 213 00b8 A7       		.byte	-89
 214 00b9 40       		.byte	64
 215 00ba E0       		.byte	-32
 216 00bb 08       		.byte	8
 217 00bc E4       		.byte	-28
 218 00bd 01       		.byte	1
 219 00be E6       		.byte	-26
 220 00bf 20       		.byte	32
 221 00c0 EA       		.byte	-22
 222 00c1 05       		.byte	5
 223 00c2 EC       		.byte	-20
 224 00c3 10       		.byte	16
 225 00c4 A7       		.byte	-89
 226 00c5 40       		.byte	64
 227 00c6 EA       		.byte	-22
 228 00c7 02       		.byte	2
ARM GAS  C:\Users\koseki\AppData\Local\Temp\cccS8fh0.s 			page 5


 229 00c8 EE       		.byte	-18
 230 00c9 0A       		.byte	10
 231 00ca EA       		.byte	-22
 232 00cb 02       		.byte	2
 233 00cc EE       		.byte	-18
 234 00cd 0A       		.byte	10
 235 00ce E0       		.byte	-32
 236 00cf 08       		.byte	8
 237 00d0 E4       		.byte	-28
 238 00d1 01       		.byte	1
 239 00d2 E6       		.byte	-26
 240 00d3 20       		.byte	32
 241 00d4 EA       		.byte	-22
 242 00d5 05       		.byte	5
 243 00d6 EC       		.byte	-20
 244 00d7 10       		.byte	16
 245 00d8 33       		.byte	51
 246 00d9 81       		.byte	-127
 247 00da 36       		.byte	54
 248 00db 48       		.byte	72
 249 00dc 3B       		.byte	59
 250 00dd 40       		.byte	64
 251 00de CC       		.byte	-52
 252 00df F0       		.byte	-16
 253 00e0 CE       		.byte	-50
 254 00e1 10       		.byte	16
 255 00e2 63       		.byte	99
 256 00e3 06       		.byte	6
 257 00e4 87       		.byte	-121
 258 00e5 05       		.byte	5
 259 00e6 97       		.byte	-105
 260 00e7 40       		.byte	64
 261 00e8 9F       		.byte	-97
 262 00e9 01       		.byte	1
 263 00ea A6       		.byte	-90
 264 00eb 48       		.byte	72
 265 00ec A7       		.byte	-89
 266 00ed 80       		.byte	-128
 267 00ee D6       		.byte	-42
 268 00ef 40       		.byte	64
 269 00f0 D8       		.byte	-40
 270 00f1 40       		.byte	64
 271 00f2 E2       		.byte	-30
 272 00f3 40       		.byte	64
 273 00f4 E6       		.byte	-26
 274 00f5 10       		.byte	16
 275 00f6 3E       		.byte	62
 276 00f7 10       		.byte	16
 277 00f8 97       		.byte	-105
 278 00f9 40       		.byte	64
 279 00fa 9F       		.byte	-97
 280 00fb 01       		.byte	1
 281 00fc A6       		.byte	-90
 282 00fd 48       		.byte	72
 283 00fe A7       		.byte	-89
 284 00ff 80       		.byte	-128
 285 0100 CE       		.byte	-50
ARM GAS  C:\Users\koseki\AppData\Local\Temp\cccS8fh0.s 			page 6


 286 0101 20       		.byte	32
 287 0102 13       		.byte	19
 288 0103 40       		.byte	64
 289 0104 96       		.byte	-106
 290 0105 10       		.byte	16
 291 0106 97       		.byte	-105
 292 0107 40       		.byte	64
 293 0108 9F       		.byte	-97
 294 0109 01       		.byte	1
 295 010a A6       		.byte	-90
 296 010b 48       		.byte	72
 297 010c A7       		.byte	-89
 298 010d 80       		.byte	-128
 299 010e C4       		.byte	-60
 300 010f 40       		.byte	64
 301 0110 7C       		.byte	124
 302 0111 01       		.byte	1
 303 0112 DE       		.byte	-34
 304 0113 01       		.byte	1
 305 0114 53       		.byte	83
 306 0115 01       		.byte	1
 307 0116 60       		.byte	96
 308 0117 10       		.byte	16
 309 0118 8C       		.byte	-116
 310 0119 10       		.byte	16
 311 011a 94       		.byte	-108
 312 011b 01       		.byte	1
 313 011c D4       		.byte	-44
 314 011d 01       		.byte	1
 315 011e D8       		.byte	-40
 316 011f 02       		.byte	2
 317 0120 E0       		.byte	-32
 318 0121 08       		.byte	8
 319 0122 45       		.byte	69
 320 0123 08       		.byte	8
 321 0124 94       		.byte	-108
 322 0125 01       		.byte	1
 323 0126 AB       		.byte	-85
 324 0127 01       		.byte	1
 325 0128 D0       		.byte	-48
 326 0129 01       		.byte	1
 327 012a 08       		.byte	8
 328 012b 08       		.byte	8
 329 012c 0B       		.byte	11
 330 012d 04       		.byte	4
 331 012e 0F       		.byte	15
 332 012f 40       		.byte	64
 333 0130 A5       		.byte	-91
 334 0131 08       		.byte	8
 335 0132 B4       		.byte	-76
 336 0133 01       		.byte	1
 337 0134 C2       		.byte	-62
 338 0135 0E       		.byte	14
 339 0136 EC       		.byte	-20
 340 0137 08       		.byte	8
 341 0138 22       		.byte	34
 342 0139 08       		.byte	8
ARM GAS  C:\Users\koseki\AppData\Local\Temp\cccS8fh0.s 			page 7


 343 013a 25       		.byte	37
 344 013b 10       		.byte	16
 345 013c 96       		.byte	-106
 346 013d 10       		.byte	16
 347 013e A6       		.byte	-90
 348 013f 08       		.byte	8
 349 0140 AE       		.byte	-82
 350 0141 40       		.byte	64
 351 0142 AF       		.byte	-81
 352 0143 81       		.byte	-127
 353 0144 C8       		.byte	-56
 354 0145 60       		.byte	96
 355 0146 EA       		.byte	-22
 356 0147 40       		.byte	64
 357 0148 EE       		.byte	-18
 358 0149 50       		.byte	80
 359 014a 0D       		.byte	13
 360 014b 08       		.byte	8
 361 014c 0E       		.byte	14
 362 014d 40       		.byte	64
 363 014e 12       		.byte	18
 364 014f 20       		.byte	32
 365 0150 16       		.byte	22
 366 0151 40       		.byte	64
 367 0152 4C       		.byte	76
 368 0153 20       		.byte	32
 369 0154 70       		.byte	112
 370 0155 08       		.byte	8
 371 0156 77       		.byte	119
 372 0157 10       		.byte	16
 373 0158 80       		.byte	-128
 374 0159 20       		.byte	32
 375 015a 81       		.byte	-127
 376 015b 08       		.byte	8
 377 015c 82       		.byte	-126
 378 015d 60       		.byte	96
 379 015e 86       		.byte	-122
 380 015f 40       		.byte	64
 381 0160 88       		.byte	-120
 382 0161 08       		.byte	8
 383 0162 9B       		.byte	-101
 384 0163 10       		.byte	16
 385 0164 AA       		.byte	-86
 386 0165 10       		.byte	16
 387 0166 AB       		.byte	-85
 388 0167 10       		.byte	16
 389 0168 B5       		.byte	-75
 390 0169 10       		.byte	16
 391 016a C2       		.byte	-62
 392 016b 20       		.byte	32
 393 016c C4       		.byte	-60
 394 016d 30       		.byte	48
 395 016e D2       		.byte	-46
 396 016f 80       		.byte	-128
 397 0170 DC       		.byte	-36
 398 0171 80       		.byte	-128
 399 0172 DE       		.byte	-34
ARM GAS  C:\Users\koseki\AppData\Local\Temp\cccS8fh0.s 			page 8


 400 0173 20       		.byte	32
 401 0174 E0       		.byte	-32
 402 0175 30       		.byte	48
 403 0176 E4       		.byte	-28
 404 0177 80       		.byte	-128
 405 0178 EA       		.byte	-22
 406 0179 A0       		.byte	-96
 407 017a 12       		.byte	18
 408 017b 10       		.byte	16
 409 017c 13       		.byte	19
 410 017d 20       		.byte	32
 411 017e 17       		.byte	23
 412 017f 08       		.byte	8
 413 0180 7B       		.byte	123
 414 0181 10       		.byte	16
 415 0182 7F       		.byte	127
 416 0183 40       		.byte	64
 417 0184 A5       		.byte	-91
 418 0185 08       		.byte	8
 419 0186 AC       		.byte	-84
 420 0187 08       		.byte	8
 421 0188 AF       		.byte	-81
 422 0189 44       		.byte	68
 423 018a C4       		.byte	-60
 424 018b 0E       		.byte	14
 425 018c DE       		.byte	-34
 426 018d 03       		.byte	3
 427 018e 83       		.byte	-125
 428 018f 10       		.byte	16
 429 0190 87       		.byte	-121
 430 0191 40       		.byte	64
 431 0192 8A       		.byte	-118
 432 0193 10       		.byte	16
 433 0194 97       		.byte	-105
 434 0195 80       		.byte	-128
 435 0196 9A       		.byte	-102
 436 0197 10       		.byte	16
 437 0198 A7       		.byte	-89
 438 0199 10       		.byte	16
 439 019a AB       		.byte	-85
 440 019b 28       		.byte	40
 441 019c B5       		.byte	-75
 442 019d 08       		.byte	8
 443 019e E6       		.byte	-26
 444 019f 04       		.byte	4
 445 01a0 EC       		.byte	-20
 446 01a1 08       		.byte	8
 447 01a2 00       		.byte	0
 448 01a3 EA       		.byte	-22
 449 01a4 01       		.byte	1
 450 01a5 02       		.byte	2
 451 01a6 03       		.byte	3
 452 01a7 C0       		.byte	-64
 453 01a8 02       		.byte	2
 454 01a9 00       		.byte	0
 455 01aa 00       		.byte	0
 456 01ab 03       		.byte	3
ARM GAS  C:\Users\koseki\AppData\Local\Temp\cccS8fh0.s 			page 9


 457 01ac 01       		.byte	1
 458 01ad 00       		.byte	0
 459 01ae 00       		.byte	0
 460 01af 60       		.byte	96
 461 01b0 60       		.byte	96
 462 01b1 00       		.byte	0
 463 01b2 00       		.byte	0
 464 01b3 00       		.byte	0
 465 01b4 00       		.byte	0
 466 01b5 00       		.byte	0
 467 01b6 03       		.byte	3
 468 01b7 00       		.byte	0
 469 01b8 03       		.byte	3
 470 01b9 00       		.byte	0
 471 01ba 00       		.byte	0
 472 01bb 00       		.byte	0
 473 01bc 40       		.byte	64
 474 01bd 00       		.byte	0
 475 01be 00       		.byte	0
 476 01bf 00       		.byte	0
 477 01c0 00       		.byte	0
 478 01c1 00       		.byte	0
 479 01c2 00       		.byte	0
 480 01c3 00       		.byte	0
 481 01c4 D0       		.byte	-48
 482 01c5 00       		.byte	0
 483 01c6 00       		.byte	0
 484 01c7 00       		.byte	0
 485 01c8 00       		.byte	0
 486 01c9 0B       		.byte	11
 487 01ca 0B       		.byte	11
 488 01cb 00       		.byte	0
 489 01cc 00       		.byte	0
 490 01cd 00       		.byte	0
 491 01ce 00       		.byte	0
 492 01cf 00       		.byte	0
 493 01d0 04       		.byte	4
 494 01d1 00       		.byte	0
 495 01d2 00       		.byte	0
 496 01d3 1F       		.byte	31
 497 01d4 1B       		.byte	27
 498 01d5 00       		.byte	0
 499 01d6 18       		.byte	24
 500 01d7 00       		.byte	0
 501 01d8 00       		.byte	0
 502 01d9 00       		.byte	0
 503 01da 00       		.byte	0
 504 01db 00       		.byte	0
 505 01dc 20       		.byte	32
 506 01dd 00       		.byte	0
 507 01de 00       		.byte	0
 508 01df 00       		.byte	0
 509 01e0 00       		.byte	0
 510 01e1 00       		.byte	0
 511 01e2 80       		.byte	-128
 512 01e3 00       		.byte	0
 513 01e4 0A       		.byte	10
ARM GAS  C:\Users\koseki\AppData\Local\Temp\cccS8fh0.s 			page 10


 514 01e5 00       		.byte	0
 515 01e6 18       		.byte	24
 516 01e7 01       		.byte	1
 517              		.section	.cywolatch,"a",%progbits
 518              		.align	2
 519              		.type	cy_meta_wonvl, %object
 520              		.size	cy_meta_wonvl, 4
 521              	cy_meta_wonvl:
 522 0000 BC       		.byte	-68
 523 0001 90       		.byte	-112
 524 0002 AC       		.byte	-84
 525 0003 AF       		.byte	-81
 526              		.section	.cycustnvl,"a",%progbits
 527              		.align	2
 528              		.type	cy_meta_custnvl, %object
 529              		.size	cy_meta_custnvl, 4
 530              	cy_meta_custnvl:
 531 0000 00       		.byte	0
 532 0001 00       		.byte	0
 533 0002 40       		.byte	64
 534 0003 05       		.byte	5
 535              		.section	.cymeta,"a",%progbits
 536              		.align	2
 537              		.type	cy_metadata, %object
 538              		.size	cy_metadata, 12
 539              	cy_metadata:
 540 0000 00       		.byte	0
 541 0001 01       		.byte	1
 542 0002 2E       		.byte	46
 543 0003 16       		.byte	22
 544 0004 10       		.byte	16
 545 0005 69       		.byte	105
 546 0006 00       		.byte	0
 547 0007 01       		.byte	1
 548 0008 00       		.byte	0
 549 0009 00       		.byte	0
 550 000a 00       		.byte	0
 551 000b 00       		.byte	0
 552              		.section	.cyflashprotect,"a",%progbits
 553              		.align	2
 554              		.type	cy_meta_flashprotect, %object
 555              		.size	cy_meta_flashprotect, 256
 556              	cy_meta_flashprotect:
 557 0000 00000000 		.space	256
 557      00000000 
 557      00000000 
 557      00000000 
 557      00000000 
 558              		.text
 559              	.Letext0:
 560              		.file 1 "c:\\program files (x86)\\cypress\\psoc creator\\4.2\\psoc creator\\import\\gnu\\arm\\5.4.
 561              		.file 2 "c:\\program files (x86)\\cypress\\psoc creator\\4.2\\psoc creator\\import\\gnu\\arm\\5.4.
 562              		.file 3 "Generated_Source\\PSoC5\\cymetadata.c"
 563              		.section	.debug_info,"",%progbits
 564              	.Ldebug_info0:
 565 0000 31010000 		.4byte	0x131
 566 0004 0400     		.2byte	0x4
ARM GAS  C:\Users\koseki\AppData\Local\Temp\cccS8fh0.s 			page 11


 567 0006 00000000 		.4byte	.Ldebug_abbrev0
 568 000a 04       		.byte	0x4
 569 000b 01       		.uleb128 0x1
 570 000c 24000000 		.4byte	.LASF17
 571 0010 0C       		.byte	0xc
 572 0011 E0010000 		.4byte	.LASF18
 573 0015 E7000000 		.4byte	.LASF19
 574 0019 00000000 		.4byte	.Ldebug_line0
 575 001d 02       		.uleb128 0x2
 576 001e 01       		.byte	0x1
 577 001f 06       		.byte	0x6
 578 0020 D4010000 		.4byte	.LASF0
 579 0024 03       		.uleb128 0x3
 580 0025 00000000 		.4byte	.LASF9
 581 0029 01       		.byte	0x1
 582 002a 1D       		.byte	0x1d
 583 002b 2F000000 		.4byte	0x2f
 584 002f 02       		.uleb128 0x2
 585 0030 01       		.byte	0x1
 586 0031 08       		.byte	0x8
 587 0032 16000000 		.4byte	.LASF1
 588 0036 02       		.uleb128 0x2
 589 0037 02       		.byte	0x2
 590 0038 05       		.byte	0x5
 591 0039 C1010000 		.4byte	.LASF2
 592 003d 02       		.uleb128 0x2
 593 003e 02       		.byte	0x2
 594 003f 07       		.byte	0x7
 595 0040 C4000000 		.4byte	.LASF3
 596 0044 02       		.uleb128 0x2
 597 0045 04       		.byte	0x4
 598 0046 05       		.byte	0x5
 599 0047 CB010000 		.4byte	.LASF4
 600 004b 02       		.uleb128 0x2
 601 004c 04       		.byte	0x4
 602 004d 07       		.byte	0x7
 603 004e B2000000 		.4byte	.LASF5
 604 0052 02       		.uleb128 0x2
 605 0053 08       		.byte	0x8
 606 0054 05       		.byte	0x5
 607 0055 B3010000 		.4byte	.LASF6
 608 0059 02       		.uleb128 0x2
 609 005a 08       		.byte	0x8
 610 005b 07       		.byte	0x7
 611 005c 68010000 		.4byte	.LASF7
 612 0060 04       		.uleb128 0x4
 613 0061 04       		.byte	0x4
 614 0062 05       		.byte	0x5
 615 0063 696E7400 		.ascii	"int\000"
 616 0067 02       		.uleb128 0x2
 617 0068 04       		.byte	0x4
 618 0069 07       		.byte	0x7
 619 006a 5B010000 		.4byte	.LASF8
 620 006e 03       		.uleb128 0x3
 621 006f 7F010000 		.4byte	.LASF10
 622 0073 02       		.byte	0x2
 623 0074 18       		.byte	0x18
ARM GAS  C:\Users\koseki\AppData\Local\Temp\cccS8fh0.s 			page 12


 624 0075 24000000 		.4byte	0x24
 625 0079 05       		.uleb128 0x5
 626 007a 91000000 		.4byte	0x91
 627 007e 8A000000 		.4byte	0x8a
 628 0082 06       		.uleb128 0x6
 629 0083 8A000000 		.4byte	0x8a
 630 0087 E701     		.2byte	0x1e7
 631 0089 00       		.byte	0
 632 008a 02       		.uleb128 0x2
 633 008b 04       		.byte	0x4
 634 008c 07       		.byte	0x7
 635 008d AA010000 		.4byte	.LASF11
 636 0091 07       		.uleb128 0x7
 637 0092 6E000000 		.4byte	0x6e
 638 0096 08       		.uleb128 0x8
 639 0097 49010000 		.4byte	.LASF12
 640 009b 03       		.byte	0x3
 641 009c 1F       		.byte	0x1f
 642 009d A7000000 		.4byte	0xa7
 643 00a1 05       		.uleb128 0x5
 644 00a2 03       		.byte	0x3
 645 00a3 00000000 		.4byte	cy_meta_configecc
 646 00a7 07       		.uleb128 0x7
 647 00a8 79000000 		.4byte	0x79
 648 00ac 05       		.uleb128 0x5
 649 00ad 91000000 		.4byte	0x91
 650 00b1 BC000000 		.4byte	0xbc
 651 00b5 09       		.uleb128 0x9
 652 00b6 8A000000 		.4byte	0x8a
 653 00ba 03       		.byte	0x3
 654 00bb 00       		.byte	0
 655 00bc 08       		.uleb128 0x8
 656 00bd D7000000 		.4byte	.LASF13
 657 00c1 03       		.byte	0x3
 658 00c2 69       		.byte	0x69
 659 00c3 CD000000 		.4byte	0xcd
 660 00c7 05       		.uleb128 0x5
 661 00c8 03       		.byte	0x3
 662 00c9 00000000 		.4byte	cy_meta_custnvl
 663 00cd 07       		.uleb128 0x7
 664 00ce AC000000 		.4byte	0xac
 665 00d2 08       		.uleb128 0x8
 666 00d3 9C010000 		.4byte	.LASF14
 667 00d7 03       		.byte	0x3
 668 00d8 77       		.byte	0x77
 669 00d9 E3000000 		.4byte	0xe3
 670 00dd 05       		.uleb128 0x5
 671 00de 03       		.byte	0x3
 672 00df 00000000 		.4byte	cy_meta_wonvl
 673 00e3 07       		.uleb128 0x7
 674 00e4 AC000000 		.4byte	0xac
 675 00e8 05       		.uleb128 0x5
 676 00e9 91000000 		.4byte	0x91
 677 00ed F8000000 		.4byte	0xf8
 678 00f1 09       		.uleb128 0x9
 679 00f2 8A000000 		.4byte	0x8a
 680 00f6 FF       		.byte	0xff
ARM GAS  C:\Users\koseki\AppData\Local\Temp\cccS8fh0.s 			page 13


 681 00f7 00       		.byte	0
 682 00f8 08       		.uleb128 0x8
 683 00f9 87010000 		.4byte	.LASF15
 684 00fd 03       		.byte	0x3
 685 00fe 85       		.byte	0x85
 686 00ff 09010000 		.4byte	0x109
 687 0103 05       		.uleb128 0x5
 688 0104 03       		.byte	0x3
 689 0105 00000000 		.4byte	cy_meta_flashprotect
 690 0109 07       		.uleb128 0x7
 691 010a E8000000 		.4byte	0xe8
 692 010e 05       		.uleb128 0x5
 693 010f 91000000 		.4byte	0x91
 694 0113 1E010000 		.4byte	0x11e
 695 0117 09       		.uleb128 0x9
 696 0118 8A000000 		.4byte	0x8a
 697 011c 0B       		.byte	0xb
 698 011d 00       		.byte	0
 699 011e 08       		.uleb128 0x8
 700 011f 0A000000 		.4byte	.LASF16
 701 0123 03       		.byte	0x3
 702 0124 B2       		.byte	0xb2
 703 0125 2F010000 		.4byte	0x12f
 704 0129 05       		.uleb128 0x5
 705 012a 03       		.byte	0x3
 706 012b 00000000 		.4byte	cy_metadata
 707 012f 07       		.uleb128 0x7
 708 0130 0E010000 		.4byte	0x10e
 709 0134 00       		.byte	0
 710              		.section	.debug_abbrev,"",%progbits
 711              	.Ldebug_abbrev0:
 712 0000 01       		.uleb128 0x1
 713 0001 11       		.uleb128 0x11
 714 0002 01       		.byte	0x1
 715 0003 25       		.uleb128 0x25
 716 0004 0E       		.uleb128 0xe
 717 0005 13       		.uleb128 0x13
 718 0006 0B       		.uleb128 0xb
 719 0007 03       		.uleb128 0x3
 720 0008 0E       		.uleb128 0xe
 721 0009 1B       		.uleb128 0x1b
 722 000a 0E       		.uleb128 0xe
 723 000b 10       		.uleb128 0x10
 724 000c 17       		.uleb128 0x17
 725 000d 00       		.byte	0
 726 000e 00       		.byte	0
 727 000f 02       		.uleb128 0x2
 728 0010 24       		.uleb128 0x24
 729 0011 00       		.byte	0
 730 0012 0B       		.uleb128 0xb
 731 0013 0B       		.uleb128 0xb
 732 0014 3E       		.uleb128 0x3e
 733 0015 0B       		.uleb128 0xb
 734 0016 03       		.uleb128 0x3
 735 0017 0E       		.uleb128 0xe
 736 0018 00       		.byte	0
 737 0019 00       		.byte	0
ARM GAS  C:\Users\koseki\AppData\Local\Temp\cccS8fh0.s 			page 14


 738 001a 03       		.uleb128 0x3
 739 001b 16       		.uleb128 0x16
 740 001c 00       		.byte	0
 741 001d 03       		.uleb128 0x3
 742 001e 0E       		.uleb128 0xe
 743 001f 3A       		.uleb128 0x3a
 744 0020 0B       		.uleb128 0xb
 745 0021 3B       		.uleb128 0x3b
 746 0022 0B       		.uleb128 0xb
 747 0023 49       		.uleb128 0x49
 748 0024 13       		.uleb128 0x13
 749 0025 00       		.byte	0
 750 0026 00       		.byte	0
 751 0027 04       		.uleb128 0x4
 752 0028 24       		.uleb128 0x24
 753 0029 00       		.byte	0
 754 002a 0B       		.uleb128 0xb
 755 002b 0B       		.uleb128 0xb
 756 002c 3E       		.uleb128 0x3e
 757 002d 0B       		.uleb128 0xb
 758 002e 03       		.uleb128 0x3
 759 002f 08       		.uleb128 0x8
 760 0030 00       		.byte	0
 761 0031 00       		.byte	0
 762 0032 05       		.uleb128 0x5
 763 0033 01       		.uleb128 0x1
 764 0034 01       		.byte	0x1
 765 0035 49       		.uleb128 0x49
 766 0036 13       		.uleb128 0x13
 767 0037 01       		.uleb128 0x1
 768 0038 13       		.uleb128 0x13
 769 0039 00       		.byte	0
 770 003a 00       		.byte	0
 771 003b 06       		.uleb128 0x6
 772 003c 21       		.uleb128 0x21
 773 003d 00       		.byte	0
 774 003e 49       		.uleb128 0x49
 775 003f 13       		.uleb128 0x13
 776 0040 2F       		.uleb128 0x2f
 777 0041 05       		.uleb128 0x5
 778 0042 00       		.byte	0
 779 0043 00       		.byte	0
 780 0044 07       		.uleb128 0x7
 781 0045 26       		.uleb128 0x26
 782 0046 00       		.byte	0
 783 0047 49       		.uleb128 0x49
 784 0048 13       		.uleb128 0x13
 785 0049 00       		.byte	0
 786 004a 00       		.byte	0
 787 004b 08       		.uleb128 0x8
 788 004c 34       		.uleb128 0x34
 789 004d 00       		.byte	0
 790 004e 03       		.uleb128 0x3
 791 004f 0E       		.uleb128 0xe
 792 0050 3A       		.uleb128 0x3a
 793 0051 0B       		.uleb128 0xb
 794 0052 3B       		.uleb128 0x3b
ARM GAS  C:\Users\koseki\AppData\Local\Temp\cccS8fh0.s 			page 15


 795 0053 0B       		.uleb128 0xb
 796 0054 49       		.uleb128 0x49
 797 0055 13       		.uleb128 0x13
 798 0056 3F       		.uleb128 0x3f
 799 0057 19       		.uleb128 0x19
 800 0058 02       		.uleb128 0x2
 801 0059 18       		.uleb128 0x18
 802 005a 00       		.byte	0
 803 005b 00       		.byte	0
 804 005c 09       		.uleb128 0x9
 805 005d 21       		.uleb128 0x21
 806 005e 00       		.byte	0
 807 005f 49       		.uleb128 0x49
 808 0060 13       		.uleb128 0x13
 809 0061 2F       		.uleb128 0x2f
 810 0062 0B       		.uleb128 0xb
 811 0063 00       		.byte	0
 812 0064 00       		.byte	0
 813 0065 00       		.byte	0
 814              		.section	.debug_aranges,"",%progbits
 815 0000 14000000 		.4byte	0x14
 816 0004 0200     		.2byte	0x2
 817 0006 00000000 		.4byte	.Ldebug_info0
 818 000a 04       		.byte	0x4
 819 000b 00       		.byte	0
 820 000c 0000     		.2byte	0
 821 000e 0000     		.2byte	0
 822 0010 00000000 		.4byte	0
 823 0014 00000000 		.4byte	0
 824              		.section	.debug_line,"",%progbits
 825              	.Ldebug_line0:
 826 0000 3D010000 		.section	.debug_str,"MS",%progbits,1
 826      02003701 
 826      00000201 
 826      FB0E0D00 
 826      01010101 
 827              	.LASF9:
 828 0000 5F5F7569 		.ascii	"__uint8_t\000"
 828      6E74385F 
 828      7400
 829              	.LASF16:
 830 000a 63795F6D 		.ascii	"cy_metadata\000"
 830      65746164 
 830      61746100 
 831              	.LASF1:
 832 0016 756E7369 		.ascii	"unsigned char\000"
 832      676E6564 
 832      20636861 
 832      7200
 833              	.LASF17:
 834 0024 474E5520 		.ascii	"GNU C11 5.4.1 20160609 (release) [ARM/embedded-5-br"
 834      43313120 
 834      352E342E 
 834      31203230 
 834      31363036 
 835 0057 616E6368 		.ascii	"anch revision 237715] -mcpu=cortex-m3 -mthumb -g -O"
 835      20726576 
ARM GAS  C:\Users\koseki\AppData\Local\Temp\cccS8fh0.s 			page 16


 835      6973696F 
 835      6E203233 
 835      37373135 
 836 008a 67202D66 		.ascii	"g -ffunction-sections -ffat-lto-objects\000"
 836      66756E63 
 836      74696F6E 
 836      2D736563 
 836      74696F6E 
 837              	.LASF5:
 838 00b2 6C6F6E67 		.ascii	"long unsigned int\000"
 838      20756E73 
 838      69676E65 
 838      6420696E 
 838      7400
 839              	.LASF3:
 840 00c4 73686F72 		.ascii	"short unsigned int\000"
 840      7420756E 
 840      7369676E 
 840      65642069 
 840      6E7400
 841              	.LASF13:
 842 00d7 63795F6D 		.ascii	"cy_meta_custnvl\000"
 842      6574615F 
 842      63757374 
 842      6E766C00 
 843              	.LASF19:
 844 00e7 453A5C50 		.ascii	"E:\\PSoC_Creator\\CY8CKIT-059\\CY8CKIT-059_Simple_S"
 844      536F435F 
 844      43726561 
 844      746F725C 
 844      43593843 
 845 0117 44525F52 		.ascii	"DR_Receiver\\CY8CKIT-059_Simple_SDR_Receiver.cydsn\000"
 845      65636569 
 845      7665725C 
 845      43593843 
 845      4B49542D 
 846              	.LASF12:
 847 0149 63795F6D 		.ascii	"cy_meta_configecc\000"
 847      6574615F 
 847      636F6E66 
 847      69676563 
 847      6300
 848              	.LASF8:
 849 015b 756E7369 		.ascii	"unsigned int\000"
 849      676E6564 
 849      20696E74 
 849      00
 850              	.LASF7:
 851 0168 6C6F6E67 		.ascii	"long long unsigned int\000"
 851      206C6F6E 
 851      6720756E 
 851      7369676E 
 851      65642069 
 852              	.LASF10:
 853 017f 75696E74 		.ascii	"uint8_t\000"
 853      385F7400 
 854              	.LASF15:
ARM GAS  C:\Users\koseki\AppData\Local\Temp\cccS8fh0.s 			page 17


 855 0187 63795F6D 		.ascii	"cy_meta_flashprotect\000"
 855      6574615F 
 855      666C6173 
 855      6870726F 
 855      74656374 
 856              	.LASF14:
 857 019c 63795F6D 		.ascii	"cy_meta_wonvl\000"
 857      6574615F 
 857      776F6E76 
 857      6C00
 858              	.LASF11:
 859 01aa 73697A65 		.ascii	"sizetype\000"
 859      74797065 
 859      00
 860              	.LASF6:
 861 01b3 6C6F6E67 		.ascii	"long long int\000"
 861      206C6F6E 
 861      6720696E 
 861      7400
 862              	.LASF2:
 863 01c1 73686F72 		.ascii	"short int\000"
 863      7420696E 
 863      7400
 864              	.LASF4:
 865 01cb 6C6F6E67 		.ascii	"long int\000"
 865      20696E74 
 865      00
 866              	.LASF0:
 867 01d4 7369676E 		.ascii	"signed char\000"
 867      65642063 
 867      68617200 
 868              	.LASF18:
 869 01e0 47656E65 		.ascii	"Generated_Source\\PSoC5\\cymetadata.c\000"
 869      72617465 
 869      645F536F 
 869      75726365 
 869      5C50536F 
 870              		.ident	"GCC: (GNU Tools for ARM Embedded Processors) 5.4.1 20160609 (release) [ARM/embedded-5-bran
