ARM GAS  C:\Users\koseki\AppData\Local\Temp\ccFOmjJr.s 			page 1


   1              		.syntax unified
   2              		.cpu cortex-m3
   3              		.fpu softvfp
   4              		.eabi_attribute 20, 1
   5              		.eabi_attribute 21, 1
   6              		.eabi_attribute 23, 3
   7              		.eabi_attribute 24, 1
   8              		.eabi_attribute 25, 1
   9              		.eabi_attribute 26, 1
  10              		.eabi_attribute 30, 1
  11              		.eabi_attribute 34, 1
  12              		.eabi_attribute 18, 4
  13              		.thumb
  14              		.syntax unified
  15              		.file	"Filter_Coefficients.c"
  16              		.text
  17              	.Ltext0:
  18              		.cfi_sections	.debug_frame
  19              		.global	Filter_ChannelBFirCoefficients
  20              		.global	Filter_ChannelAFirCoefficients
  21              		.section	.rodata
  22              		.align	2
  23              		.type	Filter_ChannelBFirCoefficients, %object
  24              		.size	Filter_ChannelBFirCoefficients, 256
  25              	Filter_ChannelBFirCoefficients:
  26 0000 93       		.byte	-109
  27 0001 FE       		.byte	-2
  28 0002 FF       		.byte	-1
  29 0003 00       		.byte	0
  30 0004 6B       		.byte	107
  31 0005 FE       		.byte	-2
  32 0006 FF       		.byte	-1
  33 0007 00       		.byte	0
  34 0008 00       		.byte	0
  35 0009 03       		.byte	3
  36 000a 00       		.byte	0
  37 000b 00       		.byte	0
  38 000c E0       		.byte	-32
  39 000d 03       		.byte	3
  40 000e 00       		.byte	0
  41 000f 00       		.byte	0
  42 0010 DF       		.byte	-33
  43 0011 F8       		.byte	-8
  44 0012 FF       		.byte	-1
  45 0013 00       		.byte	0
  46 0014 3B       		.byte	59
  47 0015 F7       		.byte	-9
  48 0016 FF       		.byte	-1
  49 0017 00       		.byte	0
  50 0018 E6       		.byte	-26
  51 0019 0E       		.byte	14
  52 001a 00       		.byte	0
  53 001b 00       		.byte	0
  54 001c 82       		.byte	-126
  55 001d 11       		.byte	17
  56 001e 00       		.byte	0
  57 001f 00       		.byte	0
ARM GAS  C:\Users\koseki\AppData\Local\Temp\ccFOmjJr.s 			page 2


  58 0020 17       		.byte	23
  59 0021 E4       		.byte	-28
  60 0022 FF       		.byte	-1
  61 0023 00       		.byte	0
  62 0024 23       		.byte	35
  63 0025 E0       		.byte	-32
  64 0026 FF       		.byte	-1
  65 0027 00       		.byte	0
  66 0028 55       		.byte	85
  67 0029 30       		.byte	48
  68 002a 00       		.byte	0
  69 002b 00       		.byte	0
  70 002c 33       		.byte	51
  71 002d 36       		.byte	54
  72 002e 00       		.byte	0
  73 002f 00       		.byte	0
  74 0030 15       		.byte	21
  75 0031 B1       		.byte	-79
  76 0032 FF       		.byte	-1
  77 0033 00       		.byte	0
  78 0034 72       		.byte	114
  79 0035 A8       		.byte	-88
  80 0036 FF       		.byte	-1
  81 0037 00       		.byte	0
  82 0038 1F       		.byte	31
  83 0039 7B       		.byte	123
  84 003a 00       		.byte	0
  85 003b 00       		.byte	0
  86 003c D7       		.byte	-41
  87 003d 87       		.byte	-121
  88 003e 00       		.byte	0
  89 003f 00       		.byte	0
  90 0040 A7       		.byte	-89
  91 0041 46       		.byte	70
  92 0042 FF       		.byte	-1
  93 0043 00       		.byte	0
  94 0044 C0       		.byte	-64
  95 0045 33       		.byte	51
  96 0046 FF       		.byte	-1
  97 0047 00       		.byte	0
  98 0048 96       		.byte	-106
  99 0049 0F       		.byte	15
 100 004a 01       		.byte	1
 101 004b 00       		.byte	0
 102 004c 3B       		.byte	59
 103 004d 2C       		.byte	44
 104 004e 01       		.byte	1
 105 004f 00       		.byte	0
 106 0050 27       		.byte	39
 107 0051 79       		.byte	121
 108 0052 FE       		.byte	-2
 109 0053 00       		.byte	0
 110 0054 4E       		.byte	78
 111 0055 4C       		.byte	76
 112 0056 FE       		.byte	-2
 113 0057 00       		.byte	0
 114 0058 B5       		.byte	-75
ARM GAS  C:\Users\koseki\AppData\Local\Temp\ccFOmjJr.s 			page 3


 115 0059 2E       		.byte	46
 116 005a 02       		.byte	2
 117 005b 00       		.byte	0
 118 005c AD       		.byte	-83
 119 005d 78       		.byte	120
 120 005e 02       		.byte	2
 121 005f 00       		.byte	0
 122 0060 53       		.byte	83
 123 0061 D9       		.byte	-39
 124 0062 FC       		.byte	-4
 125 0063 00       		.byte	0
 126 0064 70       		.byte	112
 127 0065 54       		.byte	84
 128 0066 FC       		.byte	-4
 129 0067 00       		.byte	0
 130 0068 38       		.byte	56
 131 0069 BC       		.byte	-68
 132 006a 04       		.byte	4
 133 006b 00       		.byte	0
 134 006c F3       		.byte	-13
 135 006d D2       		.byte	-46
 136 006e 05       		.byte	5
 137 006f 00       		.byte	0
 138 0070 2D       		.byte	45
 139 0071 10       		.byte	16
 140 0072 F8       		.byte	-8
 141 0073 00       		.byte	0
 142 0074 29       		.byte	41
 143 0075 D9       		.byte	-39
 144 0076 F4       		.byte	-12
 145 0077 00       		.byte	0
 146 0078 2C       		.byte	44
 147 0079 22       		.byte	34
 148 007a 13       		.byte	19
 149 007b 00       		.byte	0
 150 007c CF       		.byte	-49
 151 007d 77       		.byte	119
 152 007e 39       		.byte	57
 153 007f 00       		.byte	0
 154 0080 CF       		.byte	-49
 155 0081 77       		.byte	119
 156 0082 39       		.byte	57
 157 0083 00       		.byte	0
 158 0084 2C       		.byte	44
 159 0085 22       		.byte	34
 160 0086 13       		.byte	19
 161 0087 00       		.byte	0
 162 0088 29       		.byte	41
 163 0089 D9       		.byte	-39
 164 008a F4       		.byte	-12
 165 008b 00       		.byte	0
 166 008c 2D       		.byte	45
 167 008d 10       		.byte	16
 168 008e F8       		.byte	-8
 169 008f 00       		.byte	0
 170 0090 F3       		.byte	-13
 171 0091 D2       		.byte	-46
ARM GAS  C:\Users\koseki\AppData\Local\Temp\ccFOmjJr.s 			page 4


 172 0092 05       		.byte	5
 173 0093 00       		.byte	0
 174 0094 38       		.byte	56
 175 0095 BC       		.byte	-68
 176 0096 04       		.byte	4
 177 0097 00       		.byte	0
 178 0098 70       		.byte	112
 179 0099 54       		.byte	84
 180 009a FC       		.byte	-4
 181 009b 00       		.byte	0
 182 009c 53       		.byte	83
 183 009d D9       		.byte	-39
 184 009e FC       		.byte	-4
 185 009f 00       		.byte	0
 186 00a0 AD       		.byte	-83
 187 00a1 78       		.byte	120
 188 00a2 02       		.byte	2
 189 00a3 00       		.byte	0
 190 00a4 B5       		.byte	-75
 191 00a5 2E       		.byte	46
 192 00a6 02       		.byte	2
 193 00a7 00       		.byte	0
 194 00a8 4E       		.byte	78
 195 00a9 4C       		.byte	76
 196 00aa FE       		.byte	-2
 197 00ab 00       		.byte	0
 198 00ac 27       		.byte	39
 199 00ad 79       		.byte	121
 200 00ae FE       		.byte	-2
 201 00af 00       		.byte	0
 202 00b0 3B       		.byte	59
 203 00b1 2C       		.byte	44
 204 00b2 01       		.byte	1
 205 00b3 00       		.byte	0
 206 00b4 96       		.byte	-106
 207 00b5 0F       		.byte	15
 208 00b6 01       		.byte	1
 209 00b7 00       		.byte	0
 210 00b8 C0       		.byte	-64
 211 00b9 33       		.byte	51
 212 00ba FF       		.byte	-1
 213 00bb 00       		.byte	0
 214 00bc A7       		.byte	-89
 215 00bd 46       		.byte	70
 216 00be FF       		.byte	-1
 217 00bf 00       		.byte	0
 218 00c0 D7       		.byte	-41
 219 00c1 87       		.byte	-121
 220 00c2 00       		.byte	0
 221 00c3 00       		.byte	0
 222 00c4 1F       		.byte	31
 223 00c5 7B       		.byte	123
 224 00c6 00       		.byte	0
 225 00c7 00       		.byte	0
 226 00c8 72       		.byte	114
 227 00c9 A8       		.byte	-88
 228 00ca FF       		.byte	-1
ARM GAS  C:\Users\koseki\AppData\Local\Temp\ccFOmjJr.s 			page 5


 229 00cb 00       		.byte	0
 230 00cc 15       		.byte	21
 231 00cd B1       		.byte	-79
 232 00ce FF       		.byte	-1
 233 00cf 00       		.byte	0
 234 00d0 33       		.byte	51
 235 00d1 36       		.byte	54
 236 00d2 00       		.byte	0
 237 00d3 00       		.byte	0
 238 00d4 55       		.byte	85
 239 00d5 30       		.byte	48
 240 00d6 00       		.byte	0
 241 00d7 00       		.byte	0
 242 00d8 23       		.byte	35
 243 00d9 E0       		.byte	-32
 244 00da FF       		.byte	-1
 245 00db 00       		.byte	0
 246 00dc 17       		.byte	23
 247 00dd E4       		.byte	-28
 248 00de FF       		.byte	-1
 249 00df 00       		.byte	0
 250 00e0 82       		.byte	-126
 251 00e1 11       		.byte	17
 252 00e2 00       		.byte	0
 253 00e3 00       		.byte	0
 254 00e4 E6       		.byte	-26
 255 00e5 0E       		.byte	14
 256 00e6 00       		.byte	0
 257 00e7 00       		.byte	0
 258 00e8 3B       		.byte	59
 259 00e9 F7       		.byte	-9
 260 00ea FF       		.byte	-1
 261 00eb 00       		.byte	0
 262 00ec DF       		.byte	-33
 263 00ed F8       		.byte	-8
 264 00ee FF       		.byte	-1
 265 00ef 00       		.byte	0
 266 00f0 E0       		.byte	-32
 267 00f1 03       		.byte	3
 268 00f2 00       		.byte	0
 269 00f3 00       		.byte	0
 270 00f4 00       		.byte	0
 271 00f5 03       		.byte	3
 272 00f6 00       		.byte	0
 273 00f7 00       		.byte	0
 274 00f8 6B       		.byte	107
 275 00f9 FE       		.byte	-2
 276 00fa FF       		.byte	-1
 277 00fb 00       		.byte	0
 278 00fc 93       		.byte	-109
 279 00fd FE       		.byte	-2
 280 00fe FF       		.byte	-1
 281 00ff 00       		.byte	0
 282              		.type	Filter_ChannelAFirCoefficients, %object
 283              		.size	Filter_ChannelAFirCoefficients, 256
 284              	Filter_ChannelAFirCoefficients:
 285 0100 93       		.byte	-109
ARM GAS  C:\Users\koseki\AppData\Local\Temp\ccFOmjJr.s 			page 6


 286 0101 FE       		.byte	-2
 287 0102 FF       		.byte	-1
 288 0103 00       		.byte	0
 289 0104 6B       		.byte	107
 290 0105 FE       		.byte	-2
 291 0106 FF       		.byte	-1
 292 0107 00       		.byte	0
 293 0108 00       		.byte	0
 294 0109 03       		.byte	3
 295 010a 00       		.byte	0
 296 010b 00       		.byte	0
 297 010c E0       		.byte	-32
 298 010d 03       		.byte	3
 299 010e 00       		.byte	0
 300 010f 00       		.byte	0
 301 0110 DF       		.byte	-33
 302 0111 F8       		.byte	-8
 303 0112 FF       		.byte	-1
 304 0113 00       		.byte	0
 305 0114 3B       		.byte	59
 306 0115 F7       		.byte	-9
 307 0116 FF       		.byte	-1
 308 0117 00       		.byte	0
 309 0118 E6       		.byte	-26
 310 0119 0E       		.byte	14
 311 011a 00       		.byte	0
 312 011b 00       		.byte	0
 313 011c 82       		.byte	-126
 314 011d 11       		.byte	17
 315 011e 00       		.byte	0
 316 011f 00       		.byte	0
 317 0120 17       		.byte	23
 318 0121 E4       		.byte	-28
 319 0122 FF       		.byte	-1
 320 0123 00       		.byte	0
 321 0124 23       		.byte	35
 322 0125 E0       		.byte	-32
 323 0126 FF       		.byte	-1
 324 0127 00       		.byte	0
 325 0128 55       		.byte	85
 326 0129 30       		.byte	48
 327 012a 00       		.byte	0
 328 012b 00       		.byte	0
 329 012c 33       		.byte	51
 330 012d 36       		.byte	54
 331 012e 00       		.byte	0
 332 012f 00       		.byte	0
 333 0130 15       		.byte	21
 334 0131 B1       		.byte	-79
 335 0132 FF       		.byte	-1
 336 0133 00       		.byte	0
 337 0134 72       		.byte	114
 338 0135 A8       		.byte	-88
 339 0136 FF       		.byte	-1
 340 0137 00       		.byte	0
 341 0138 1F       		.byte	31
 342 0139 7B       		.byte	123
ARM GAS  C:\Users\koseki\AppData\Local\Temp\ccFOmjJr.s 			page 7


 343 013a 00       		.byte	0
 344 013b 00       		.byte	0
 345 013c D7       		.byte	-41
 346 013d 87       		.byte	-121
 347 013e 00       		.byte	0
 348 013f 00       		.byte	0
 349 0140 A7       		.byte	-89
 350 0141 46       		.byte	70
 351 0142 FF       		.byte	-1
 352 0143 00       		.byte	0
 353 0144 C0       		.byte	-64
 354 0145 33       		.byte	51
 355 0146 FF       		.byte	-1
 356 0147 00       		.byte	0
 357 0148 96       		.byte	-106
 358 0149 0F       		.byte	15
 359 014a 01       		.byte	1
 360 014b 00       		.byte	0
 361 014c 3B       		.byte	59
 362 014d 2C       		.byte	44
 363 014e 01       		.byte	1
 364 014f 00       		.byte	0
 365 0150 27       		.byte	39
 366 0151 79       		.byte	121
 367 0152 FE       		.byte	-2
 368 0153 00       		.byte	0
 369 0154 4E       		.byte	78
 370 0155 4C       		.byte	76
 371 0156 FE       		.byte	-2
 372 0157 00       		.byte	0
 373 0158 B5       		.byte	-75
 374 0159 2E       		.byte	46
 375 015a 02       		.byte	2
 376 015b 00       		.byte	0
 377 015c AD       		.byte	-83
 378 015d 78       		.byte	120
 379 015e 02       		.byte	2
 380 015f 00       		.byte	0
 381 0160 53       		.byte	83
 382 0161 D9       		.byte	-39
 383 0162 FC       		.byte	-4
 384 0163 00       		.byte	0
 385 0164 70       		.byte	112
 386 0165 54       		.byte	84
 387 0166 FC       		.byte	-4
 388 0167 00       		.byte	0
 389 0168 38       		.byte	56
 390 0169 BC       		.byte	-68
 391 016a 04       		.byte	4
 392 016b 00       		.byte	0
 393 016c F3       		.byte	-13
 394 016d D2       		.byte	-46
 395 016e 05       		.byte	5
 396 016f 00       		.byte	0
 397 0170 2D       		.byte	45
 398 0171 10       		.byte	16
 399 0172 F8       		.byte	-8
ARM GAS  C:\Users\koseki\AppData\Local\Temp\ccFOmjJr.s 			page 8


 400 0173 00       		.byte	0
 401 0174 29       		.byte	41
 402 0175 D9       		.byte	-39
 403 0176 F4       		.byte	-12
 404 0177 00       		.byte	0
 405 0178 2C       		.byte	44
 406 0179 22       		.byte	34
 407 017a 13       		.byte	19
 408 017b 00       		.byte	0
 409 017c CF       		.byte	-49
 410 017d 77       		.byte	119
 411 017e 39       		.byte	57
 412 017f 00       		.byte	0
 413 0180 CF       		.byte	-49
 414 0181 77       		.byte	119
 415 0182 39       		.byte	57
 416 0183 00       		.byte	0
 417 0184 2C       		.byte	44
 418 0185 22       		.byte	34
 419 0186 13       		.byte	19
 420 0187 00       		.byte	0
 421 0188 29       		.byte	41
 422 0189 D9       		.byte	-39
 423 018a F4       		.byte	-12
 424 018b 00       		.byte	0
 425 018c 2D       		.byte	45
 426 018d 10       		.byte	16
 427 018e F8       		.byte	-8
 428 018f 00       		.byte	0
 429 0190 F3       		.byte	-13
 430 0191 D2       		.byte	-46
 431 0192 05       		.byte	5
 432 0193 00       		.byte	0
 433 0194 38       		.byte	56
 434 0195 BC       		.byte	-68
 435 0196 04       		.byte	4
 436 0197 00       		.byte	0
 437 0198 70       		.byte	112
 438 0199 54       		.byte	84
 439 019a FC       		.byte	-4
 440 019b 00       		.byte	0
 441 019c 53       		.byte	83
 442 019d D9       		.byte	-39
 443 019e FC       		.byte	-4
 444 019f 00       		.byte	0
 445 01a0 AD       		.byte	-83
 446 01a1 78       		.byte	120
 447 01a2 02       		.byte	2
 448 01a3 00       		.byte	0
 449 01a4 B5       		.byte	-75
 450 01a5 2E       		.byte	46
 451 01a6 02       		.byte	2
 452 01a7 00       		.byte	0
 453 01a8 4E       		.byte	78
 454 01a9 4C       		.byte	76
 455 01aa FE       		.byte	-2
 456 01ab 00       		.byte	0
ARM GAS  C:\Users\koseki\AppData\Local\Temp\ccFOmjJr.s 			page 9


 457 01ac 27       		.byte	39
 458 01ad 79       		.byte	121
 459 01ae FE       		.byte	-2
 460 01af 00       		.byte	0
 461 01b0 3B       		.byte	59
 462 01b1 2C       		.byte	44
 463 01b2 01       		.byte	1
 464 01b3 00       		.byte	0
 465 01b4 96       		.byte	-106
 466 01b5 0F       		.byte	15
 467 01b6 01       		.byte	1
 468 01b7 00       		.byte	0
 469 01b8 C0       		.byte	-64
 470 01b9 33       		.byte	51
 471 01ba FF       		.byte	-1
 472 01bb 00       		.byte	0
 473 01bc A7       		.byte	-89
 474 01bd 46       		.byte	70
 475 01be FF       		.byte	-1
 476 01bf 00       		.byte	0
 477 01c0 D7       		.byte	-41
 478 01c1 87       		.byte	-121
 479 01c2 00       		.byte	0
 480 01c3 00       		.byte	0
 481 01c4 1F       		.byte	31
 482 01c5 7B       		.byte	123
 483 01c6 00       		.byte	0
 484 01c7 00       		.byte	0
 485 01c8 72       		.byte	114
 486 01c9 A8       		.byte	-88
 487 01ca FF       		.byte	-1
 488 01cb 00       		.byte	0
 489 01cc 15       		.byte	21
 490 01cd B1       		.byte	-79
 491 01ce FF       		.byte	-1
 492 01cf 00       		.byte	0
 493 01d0 33       		.byte	51
 494 01d1 36       		.byte	54
 495 01d2 00       		.byte	0
 496 01d3 00       		.byte	0
 497 01d4 55       		.byte	85
 498 01d5 30       		.byte	48
 499 01d6 00       		.byte	0
 500 01d7 00       		.byte	0
 501 01d8 23       		.byte	35
 502 01d9 E0       		.byte	-32
 503 01da FF       		.byte	-1
 504 01db 00       		.byte	0
 505 01dc 17       		.byte	23
 506 01dd E4       		.byte	-28
 507 01de FF       		.byte	-1
 508 01df 00       		.byte	0
 509 01e0 82       		.byte	-126
 510 01e1 11       		.byte	17
 511 01e2 00       		.byte	0
 512 01e3 00       		.byte	0
 513 01e4 E6       		.byte	-26
ARM GAS  C:\Users\koseki\AppData\Local\Temp\ccFOmjJr.s 			page 10


 514 01e5 0E       		.byte	14
 515 01e6 00       		.byte	0
 516 01e7 00       		.byte	0
 517 01e8 3B       		.byte	59
 518 01e9 F7       		.byte	-9
 519 01ea FF       		.byte	-1
 520 01eb 00       		.byte	0
 521 01ec DF       		.byte	-33
 522 01ed F8       		.byte	-8
 523 01ee FF       		.byte	-1
 524 01ef 00       		.byte	0
 525 01f0 E0       		.byte	-32
 526 01f1 03       		.byte	3
 527 01f2 00       		.byte	0
 528 01f3 00       		.byte	0
 529 01f4 00       		.byte	0
 530 01f5 03       		.byte	3
 531 01f6 00       		.byte	0
 532 01f7 00       		.byte	0
 533 01f8 6B       		.byte	107
 534 01f9 FE       		.byte	-2
 535 01fa FF       		.byte	-1
 536 01fb 00       		.byte	0
 537 01fc 93       		.byte	-109
 538 01fd FE       		.byte	-2
 539 01fe FF       		.byte	-1
 540 01ff 00       		.byte	0
 541              		.text
 542              	.Letext0:
 543              		.file 1 "Generated_Source\\PSoC5\\Filter_Coefficients.c"
 544              		.file 2 "Generated_Source\\PSoC5\\cytypes.h"
 545              		.section	.debug_info,"",%progbits
 546              	.Ldebug_info0:
 547 0000 D0000000 		.4byte	0xd0
 548 0004 0400     		.2byte	0x4
 549 0006 00000000 		.4byte	.Ldebug_abbrev0
 550 000a 04       		.byte	0x4
 551 000b 01       		.uleb128 0x1
 552 000c 1B000000 		.4byte	.LASF16
 553 0010 0C       		.byte	0xc
 554 0011 DF010000 		.4byte	.LASF17
 555 0015 20010000 		.4byte	.LASF18
 556 0019 00000000 		.4byte	.Ldebug_line0
 557 001d 02       		.uleb128 0x2
 558 001e 04       		.byte	0x4
 559 001f 05       		.byte	0x5
 560 0020 696E7400 		.ascii	"int\000"
 561 0024 03       		.uleb128 0x3
 562 0025 04       		.byte	0x4
 563 0026 07       		.byte	0x7
 564 0027 0E000000 		.4byte	.LASF0
 565 002b 03       		.uleb128 0x3
 566 002c 08       		.byte	0x8
 567 002d 05       		.byte	0x5
 568 002e 00000000 		.4byte	.LASF1
 569 0032 03       		.uleb128 0x3
 570 0033 08       		.byte	0x8
ARM GAS  C:\Users\koseki\AppData\Local\Temp\ccFOmjJr.s 			page 11


 571 0034 04       		.byte	0x4
 572 0035 A1010000 		.4byte	.LASF2
 573 0039 03       		.uleb128 0x3
 574 003a 01       		.byte	0x1
 575 003b 06       		.byte	0x6
 576 003c 95010000 		.4byte	.LASF3
 577 0040 03       		.uleb128 0x3
 578 0041 01       		.byte	0x1
 579 0042 08       		.byte	0x8
 580 0043 FD000000 		.4byte	.LASF4
 581 0047 03       		.uleb128 0x3
 582 0048 02       		.byte	0x2
 583 0049 05       		.byte	0x5
 584 004a AD010000 		.4byte	.LASF5
 585 004e 03       		.uleb128 0x3
 586 004f 02       		.byte	0x2
 587 0050 07       		.byte	0x7
 588 0051 82010000 		.4byte	.LASF6
 589 0055 03       		.uleb128 0x3
 590 0056 04       		.byte	0x4
 591 0057 05       		.byte	0x5
 592 0058 10010000 		.4byte	.LASF7
 593 005c 03       		.uleb128 0x3
 594 005d 04       		.byte	0x4
 595 005e 07       		.byte	0x7
 596 005f AF000000 		.4byte	.LASF8
 597 0063 03       		.uleb128 0x3
 598 0064 08       		.byte	0x8
 599 0065 07       		.byte	0x7
 600 0066 E0000000 		.4byte	.LASF9
 601 006a 03       		.uleb128 0x3
 602 006b 04       		.byte	0x4
 603 006c 07       		.byte	0x7
 604 006d D6010000 		.4byte	.LASF10
 605 0071 03       		.uleb128 0x3
 606 0072 01       		.byte	0x1
 607 0073 08       		.byte	0x8
 608 0074 0B010000 		.4byte	.LASF11
 609 0078 04       		.uleb128 0x4
 610 0079 A9000000 		.4byte	.LASF19
 611 007d 02       		.byte	0x2
 612 007e 3801     		.2byte	0x138
 613 0080 40000000 		.4byte	0x40
 614 0084 03       		.uleb128 0x3
 615 0085 04       		.byte	0x4
 616 0086 04       		.byte	0x4
 617 0087 F7000000 		.4byte	.LASF12
 618 008b 03       		.uleb128 0x3
 619 008c 08       		.byte	0x8
 620 008d 04       		.byte	0x4
 621 008e 19010000 		.4byte	.LASF13
 622 0092 05       		.uleb128 0x5
 623 0093 A2000000 		.4byte	0xa2
 624 0097 A2000000 		.4byte	0xa2
 625 009b 06       		.uleb128 0x6
 626 009c 6A000000 		.4byte	0x6a
 627 00a0 FF       		.byte	0xff
ARM GAS  C:\Users\koseki\AppData\Local\Temp\ccFOmjJr.s 			page 12


 628 00a1 00       		.byte	0
 629 00a2 07       		.uleb128 0x7
 630 00a3 78000000 		.4byte	0x78
 631 00a7 08       		.uleb128 0x8
 632 00a8 B7010000 		.4byte	.LASF14
 633 00ac 01       		.byte	0x1
 634 00ad 11       		.byte	0x11
 635 00ae B8000000 		.4byte	0xb8
 636 00b2 05       		.uleb128 0x5
 637 00b3 03       		.byte	0x3
 638 00b4 00000000 		.4byte	Filter_ChannelAFirCoefficients
 639 00b8 07       		.uleb128 0x7
 640 00b9 92000000 		.4byte	0x92
 641 00bd 08       		.uleb128 0x8
 642 00be C1000000 		.4byte	.LASF15
 643 00c2 01       		.byte	0x1
 644 00c3 A1       		.byte	0xa1
 645 00c4 CE000000 		.4byte	0xce
 646 00c8 05       		.uleb128 0x5
 647 00c9 03       		.byte	0x3
 648 00ca 00000000 		.4byte	Filter_ChannelBFirCoefficients
 649 00ce 07       		.uleb128 0x7
 650 00cf 92000000 		.4byte	0x92
 651 00d3 00       		.byte	0
 652              		.section	.debug_abbrev,"",%progbits
 653              	.Ldebug_abbrev0:
 654 0000 01       		.uleb128 0x1
 655 0001 11       		.uleb128 0x11
 656 0002 01       		.byte	0x1
 657 0003 25       		.uleb128 0x25
 658 0004 0E       		.uleb128 0xe
 659 0005 13       		.uleb128 0x13
 660 0006 0B       		.uleb128 0xb
 661 0007 03       		.uleb128 0x3
 662 0008 0E       		.uleb128 0xe
 663 0009 1B       		.uleb128 0x1b
 664 000a 0E       		.uleb128 0xe
 665 000b 10       		.uleb128 0x10
 666 000c 17       		.uleb128 0x17
 667 000d 00       		.byte	0
 668 000e 00       		.byte	0
 669 000f 02       		.uleb128 0x2
 670 0010 24       		.uleb128 0x24
 671 0011 00       		.byte	0
 672 0012 0B       		.uleb128 0xb
 673 0013 0B       		.uleb128 0xb
 674 0014 3E       		.uleb128 0x3e
 675 0015 0B       		.uleb128 0xb
 676 0016 03       		.uleb128 0x3
 677 0017 08       		.uleb128 0x8
 678 0018 00       		.byte	0
 679 0019 00       		.byte	0
 680 001a 03       		.uleb128 0x3
 681 001b 24       		.uleb128 0x24
 682 001c 00       		.byte	0
 683 001d 0B       		.uleb128 0xb
 684 001e 0B       		.uleb128 0xb
ARM GAS  C:\Users\koseki\AppData\Local\Temp\ccFOmjJr.s 			page 13


 685 001f 3E       		.uleb128 0x3e
 686 0020 0B       		.uleb128 0xb
 687 0021 03       		.uleb128 0x3
 688 0022 0E       		.uleb128 0xe
 689 0023 00       		.byte	0
 690 0024 00       		.byte	0
 691 0025 04       		.uleb128 0x4
 692 0026 16       		.uleb128 0x16
 693 0027 00       		.byte	0
 694 0028 03       		.uleb128 0x3
 695 0029 0E       		.uleb128 0xe
 696 002a 3A       		.uleb128 0x3a
 697 002b 0B       		.uleb128 0xb
 698 002c 3B       		.uleb128 0x3b
 699 002d 05       		.uleb128 0x5
 700 002e 49       		.uleb128 0x49
 701 002f 13       		.uleb128 0x13
 702 0030 00       		.byte	0
 703 0031 00       		.byte	0
 704 0032 05       		.uleb128 0x5
 705 0033 01       		.uleb128 0x1
 706 0034 01       		.byte	0x1
 707 0035 49       		.uleb128 0x49
 708 0036 13       		.uleb128 0x13
 709 0037 01       		.uleb128 0x1
 710 0038 13       		.uleb128 0x13
 711 0039 00       		.byte	0
 712 003a 00       		.byte	0
 713 003b 06       		.uleb128 0x6
 714 003c 21       		.uleb128 0x21
 715 003d 00       		.byte	0
 716 003e 49       		.uleb128 0x49
 717 003f 13       		.uleb128 0x13
 718 0040 2F       		.uleb128 0x2f
 719 0041 0B       		.uleb128 0xb
 720 0042 00       		.byte	0
 721 0043 00       		.byte	0
 722 0044 07       		.uleb128 0x7
 723 0045 26       		.uleb128 0x26
 724 0046 00       		.byte	0
 725 0047 49       		.uleb128 0x49
 726 0048 13       		.uleb128 0x13
 727 0049 00       		.byte	0
 728 004a 00       		.byte	0
 729 004b 08       		.uleb128 0x8
 730 004c 34       		.uleb128 0x34
 731 004d 00       		.byte	0
 732 004e 03       		.uleb128 0x3
 733 004f 0E       		.uleb128 0xe
 734 0050 3A       		.uleb128 0x3a
 735 0051 0B       		.uleb128 0xb
 736 0052 3B       		.uleb128 0x3b
 737 0053 0B       		.uleb128 0xb
 738 0054 49       		.uleb128 0x49
 739 0055 13       		.uleb128 0x13
 740 0056 3F       		.uleb128 0x3f
 741 0057 19       		.uleb128 0x19
ARM GAS  C:\Users\koseki\AppData\Local\Temp\ccFOmjJr.s 			page 14


 742 0058 02       		.uleb128 0x2
 743 0059 18       		.uleb128 0x18
 744 005a 00       		.byte	0
 745 005b 00       		.byte	0
 746 005c 00       		.byte	0
 747              		.section	.debug_aranges,"",%progbits
 748 0000 14000000 		.4byte	0x14
 749 0004 0200     		.2byte	0x2
 750 0006 00000000 		.4byte	.Ldebug_info0
 751 000a 04       		.byte	0x4
 752 000b 00       		.byte	0
 753 000c 0000     		.2byte	0
 754 000e 0000     		.2byte	0
 755 0010 00000000 		.4byte	0
 756 0014 00000000 		.4byte	0
 757              		.section	.debug_line,"",%progbits
 758              	.Ldebug_line0:
 759 0000 56000000 		.section	.debug_str,"MS",%progbits,1
 759      02005000 
 759      00000201 
 759      FB0E0D00 
 759      01010101 
 760              	.LASF1:
 761 0000 6C6F6E67 		.ascii	"long long int\000"
 761      206C6F6E 
 761      6720696E 
 761      7400
 762              	.LASF0:
 763 000e 756E7369 		.ascii	"unsigned int\000"
 763      676E6564 
 763      20696E74 
 763      00
 764              	.LASF16:
 765 001b 474E5520 		.ascii	"GNU C11 5.4.1 20160609 (release) [ARM/embedded-5-br"
 765      43313120 
 765      352E342E 
 765      31203230 
 765      31363036 
 766 004e 616E6368 		.ascii	"anch revision 237715] -mcpu=cortex-m3 -mthumb -g -O"
 766      20726576 
 766      6973696F 
 766      6E203233 
 766      37373135 
 767 0081 67202D66 		.ascii	"g -ffunction-sections -ffat-lto-objects\000"
 767      66756E63 
 767      74696F6E 
 767      2D736563 
 767      74696F6E 
 768              	.LASF19:
 769 00a9 75696E74 		.ascii	"uint8\000"
 769      3800
 770              	.LASF8:
 771 00af 6C6F6E67 		.ascii	"long unsigned int\000"
 771      20756E73 
 771      69676E65 
 771      6420696E 
 771      7400
ARM GAS  C:\Users\koseki\AppData\Local\Temp\ccFOmjJr.s 			page 15


 772              	.LASF15:
 773 00c1 46696C74 		.ascii	"Filter_ChannelBFirCoefficients\000"
 773      65725F43 
 773      68616E6E 
 773      656C4246 
 773      6972436F 
 774              	.LASF9:
 775 00e0 6C6F6E67 		.ascii	"long long unsigned int\000"
 775      206C6F6E 
 775      6720756E 
 775      7369676E 
 775      65642069 
 776              	.LASF12:
 777 00f7 666C6F61 		.ascii	"float\000"
 777      7400
 778              	.LASF4:
 779 00fd 756E7369 		.ascii	"unsigned char\000"
 779      676E6564 
 779      20636861 
 779      7200
 780              	.LASF11:
 781 010b 63686172 		.ascii	"char\000"
 781      00
 782              	.LASF7:
 783 0110 6C6F6E67 		.ascii	"long int\000"
 783      20696E74 
 783      00
 784              	.LASF13:
 785 0119 646F7562 		.ascii	"double\000"
 785      6C6500
 786              	.LASF18:
 787 0120 453A5C50 		.ascii	"E:\\PSoC_Creator\\CY8CKIT-059\\CY8CKIT-059_Simple_S"
 787      536F435F 
 787      43726561 
 787      746F725C 
 787      43593843 
 788 0150 44525F52 		.ascii	"DR_Receiver\\CY8CKIT-059_Simple_SDR_Receiver.cydsn\000"
 788      65636569 
 788      7665725C 
 788      43593843 
 788      4B49542D 
 789              	.LASF6:
 790 0182 73686F72 		.ascii	"short unsigned int\000"
 790      7420756E 
 790      7369676E 
 790      65642069 
 790      6E7400
 791              	.LASF3:
 792 0195 7369676E 		.ascii	"signed char\000"
 792      65642063 
 792      68617200 
 793              	.LASF2:
 794 01a1 6C6F6E67 		.ascii	"long double\000"
 794      20646F75 
 794      626C6500 
 795              	.LASF5:
 796 01ad 73686F72 		.ascii	"short int\000"
ARM GAS  C:\Users\koseki\AppData\Local\Temp\ccFOmjJr.s 			page 16


 796      7420696E 
 796      7400
 797              	.LASF14:
 798 01b7 46696C74 		.ascii	"Filter_ChannelAFirCoefficients\000"
 798      65725F43 
 798      68616E6E 
 798      656C4146 
 798      6972436F 
 799              	.LASF10:
 800 01d6 73697A65 		.ascii	"sizetype\000"
 800      74797065 
 800      00
 801              	.LASF17:
 802 01df 47656E65 		.ascii	"Generated_Source\\PSoC5\\Filter_Coefficients.c\000"
 802      72617465 
 802      645F536F 
 802      75726365 
 802      5C50536F 
 803              		.ident	"GCC: (GNU Tools for ARM Embedded Processors) 5.4.1 20160609 (release) [ARM/embedded-5-bran
