ARM GAS  C:\Users\koseki\AppData\Local\Temp\ccfnvu9H.s 			page 1


   1              		.syntax unified
   2              		.cpu cortex-m3
   3              		.fpu softvfp
   4              		.eabi_attribute 20, 1
   5              		.eabi_attribute 21, 1
   6              		.eabi_attribute 23, 3
   7              		.eabi_attribute 24, 1
   8              		.eabi_attribute 25, 1
   9              		.eabi_attribute 26, 1
  10              		.eabi_attribute 30, 1
  11              		.eabi_attribute 34, 1
  12              		.eabi_attribute 18, 4
  13              		.thumb
  14              		.file	"ADC_SAR_1_PM.c"
  15              		.text
  16              	.Ltext0:
  17              		.cfi_sections	.debug_frame
  18              		.section	.text.ADC_SAR_1_SaveConfig,"ax",%progbits
  19              		.align	2
  20              		.global	ADC_SAR_1_SaveConfig
  21              		.thumb
  22              		.thumb_func
  23              		.type	ADC_SAR_1_SaveConfig, %function
  24              	ADC_SAR_1_SaveConfig:
  25              	.LFB0:
  26              		.file 1 "Generated_Source\\PSoC5\\ADC_SAR_1_PM.c"
   1:Generated_Source\PSoC5/ADC_SAR_1_PM.c **** /*******************************************************************************
   2:Generated_Source\PSoC5/ADC_SAR_1_PM.c **** * File Name: ADC_SAR_1_PM.c
   3:Generated_Source\PSoC5/ADC_SAR_1_PM.c **** * Version 3.0
   4:Generated_Source\PSoC5/ADC_SAR_1_PM.c **** *
   5:Generated_Source\PSoC5/ADC_SAR_1_PM.c **** * Description:
   6:Generated_Source\PSoC5/ADC_SAR_1_PM.c **** *  This file provides Sleep/WakeUp APIs functionality.
   7:Generated_Source\PSoC5/ADC_SAR_1_PM.c **** *
   8:Generated_Source\PSoC5/ADC_SAR_1_PM.c **** * Note:
   9:Generated_Source\PSoC5/ADC_SAR_1_PM.c **** *
  10:Generated_Source\PSoC5/ADC_SAR_1_PM.c **** ********************************************************************************
  11:Generated_Source\PSoC5/ADC_SAR_1_PM.c **** * Copyright 2008-2015, Cypress Semiconductor Corporation.  All rights reserved.
  12:Generated_Source\PSoC5/ADC_SAR_1_PM.c **** * You may use this file only in accordance with the license, terms, conditions,
  13:Generated_Source\PSoC5/ADC_SAR_1_PM.c **** * disclaimers, and limitations in the end user license agreement accompanying
  14:Generated_Source\PSoC5/ADC_SAR_1_PM.c **** * the software package with which this file was provided.
  15:Generated_Source\PSoC5/ADC_SAR_1_PM.c **** *******************************************************************************/
  16:Generated_Source\PSoC5/ADC_SAR_1_PM.c **** 
  17:Generated_Source\PSoC5/ADC_SAR_1_PM.c **** #include "ADC_SAR_1.h"
  18:Generated_Source\PSoC5/ADC_SAR_1_PM.c **** 
  19:Generated_Source\PSoC5/ADC_SAR_1_PM.c **** 
  20:Generated_Source\PSoC5/ADC_SAR_1_PM.c **** /***************************************
  21:Generated_Source\PSoC5/ADC_SAR_1_PM.c **** * Local data allocation
  22:Generated_Source\PSoC5/ADC_SAR_1_PM.c **** ***************************************/
  23:Generated_Source\PSoC5/ADC_SAR_1_PM.c **** 
  24:Generated_Source\PSoC5/ADC_SAR_1_PM.c **** static ADC_SAR_1_BACKUP_STRUCT  ADC_SAR_1_backup =
  25:Generated_Source\PSoC5/ADC_SAR_1_PM.c **** {
  26:Generated_Source\PSoC5/ADC_SAR_1_PM.c ****     ADC_SAR_1_DISABLED
  27:Generated_Source\PSoC5/ADC_SAR_1_PM.c **** };
  28:Generated_Source\PSoC5/ADC_SAR_1_PM.c **** 
  29:Generated_Source\PSoC5/ADC_SAR_1_PM.c **** 
  30:Generated_Source\PSoC5/ADC_SAR_1_PM.c **** /*******************************************************************************
  31:Generated_Source\PSoC5/ADC_SAR_1_PM.c **** * Function Name: ADC_SAR_1_SaveConfig
ARM GAS  C:\Users\koseki\AppData\Local\Temp\ccfnvu9H.s 			page 2


  32:Generated_Source\PSoC5/ADC_SAR_1_PM.c **** ********************************************************************************
  33:Generated_Source\PSoC5/ADC_SAR_1_PM.c **** *
  34:Generated_Source\PSoC5/ADC_SAR_1_PM.c **** * Summary:
  35:Generated_Source\PSoC5/ADC_SAR_1_PM.c **** *  Saves the current user configuration.
  36:Generated_Source\PSoC5/ADC_SAR_1_PM.c **** *
  37:Generated_Source\PSoC5/ADC_SAR_1_PM.c **** * Parameters:
  38:Generated_Source\PSoC5/ADC_SAR_1_PM.c **** *  None.
  39:Generated_Source\PSoC5/ADC_SAR_1_PM.c **** *
  40:Generated_Source\PSoC5/ADC_SAR_1_PM.c **** * Return:
  41:Generated_Source\PSoC5/ADC_SAR_1_PM.c **** *  None.
  42:Generated_Source\PSoC5/ADC_SAR_1_PM.c **** *
  43:Generated_Source\PSoC5/ADC_SAR_1_PM.c **** *******************************************************************************/
  44:Generated_Source\PSoC5/ADC_SAR_1_PM.c **** void ADC_SAR_1_SaveConfig(void)
  45:Generated_Source\PSoC5/ADC_SAR_1_PM.c **** {
  27              		.loc 1 45 0
  28              		.cfi_startproc
  29              		@ args = 0, pretend = 0, frame = 0
  30              		@ frame_needed = 0, uses_anonymous_args = 0
  31              		@ link register save eliminated.
  32 0000 7047     		bx	lr
  33              		.cfi_endproc
  34              	.LFE0:
  35              		.size	ADC_SAR_1_SaveConfig, .-ADC_SAR_1_SaveConfig
  36 0002 00BF     		.section	.text.ADC_SAR_1_RestoreConfig,"ax",%progbits
  37              		.align	2
  38              		.global	ADC_SAR_1_RestoreConfig
  39              		.thumb
  40              		.thumb_func
  41              		.type	ADC_SAR_1_RestoreConfig, %function
  42              	ADC_SAR_1_RestoreConfig:
  43              	.LFB1:
  46:Generated_Source\PSoC5/ADC_SAR_1_PM.c ****     /* All configuration registers are marked as [reset_all_retention] */
  47:Generated_Source\PSoC5/ADC_SAR_1_PM.c **** }
  48:Generated_Source\PSoC5/ADC_SAR_1_PM.c **** 
  49:Generated_Source\PSoC5/ADC_SAR_1_PM.c **** 
  50:Generated_Source\PSoC5/ADC_SAR_1_PM.c **** /*******************************************************************************
  51:Generated_Source\PSoC5/ADC_SAR_1_PM.c **** * Function Name: ADC_SAR_1_RestoreConfig
  52:Generated_Source\PSoC5/ADC_SAR_1_PM.c **** ********************************************************************************
  53:Generated_Source\PSoC5/ADC_SAR_1_PM.c **** *
  54:Generated_Source\PSoC5/ADC_SAR_1_PM.c **** * Summary:
  55:Generated_Source\PSoC5/ADC_SAR_1_PM.c **** *  Restores the current user configuration.
  56:Generated_Source\PSoC5/ADC_SAR_1_PM.c **** *
  57:Generated_Source\PSoC5/ADC_SAR_1_PM.c **** * Parameters:
  58:Generated_Source\PSoC5/ADC_SAR_1_PM.c **** *  None.
  59:Generated_Source\PSoC5/ADC_SAR_1_PM.c **** *
  60:Generated_Source\PSoC5/ADC_SAR_1_PM.c **** * Return:
  61:Generated_Source\PSoC5/ADC_SAR_1_PM.c **** *  None.
  62:Generated_Source\PSoC5/ADC_SAR_1_PM.c **** *
  63:Generated_Source\PSoC5/ADC_SAR_1_PM.c **** *******************************************************************************/
  64:Generated_Source\PSoC5/ADC_SAR_1_PM.c **** void ADC_SAR_1_RestoreConfig(void)
  65:Generated_Source\PSoC5/ADC_SAR_1_PM.c **** {
  44              		.loc 1 65 0
  45              		.cfi_startproc
  46              		@ args = 0, pretend = 0, frame = 0
  47              		@ frame_needed = 0, uses_anonymous_args = 0
  48              		@ link register save eliminated.
  49 0000 7047     		bx	lr
ARM GAS  C:\Users\koseki\AppData\Local\Temp\ccfnvu9H.s 			page 3


  50              		.cfi_endproc
  51              	.LFE1:
  52              		.size	ADC_SAR_1_RestoreConfig, .-ADC_SAR_1_RestoreConfig
  53 0002 00BF     		.section	.text.ADC_SAR_1_Sleep,"ax",%progbits
  54              		.align	2
  55              		.global	ADC_SAR_1_Sleep
  56              		.thumb
  57              		.thumb_func
  58              		.type	ADC_SAR_1_Sleep, %function
  59              	ADC_SAR_1_Sleep:
  60              	.LFB2:
  66:Generated_Source\PSoC5/ADC_SAR_1_PM.c ****     /* All congiguration registers are marked as [reset_all_retention] */
  67:Generated_Source\PSoC5/ADC_SAR_1_PM.c **** }
  68:Generated_Source\PSoC5/ADC_SAR_1_PM.c **** 
  69:Generated_Source\PSoC5/ADC_SAR_1_PM.c **** 
  70:Generated_Source\PSoC5/ADC_SAR_1_PM.c **** /*******************************************************************************
  71:Generated_Source\PSoC5/ADC_SAR_1_PM.c **** * Function Name: ADC_SAR_1_Sleep
  72:Generated_Source\PSoC5/ADC_SAR_1_PM.c **** ********************************************************************************
  73:Generated_Source\PSoC5/ADC_SAR_1_PM.c **** *
  74:Generated_Source\PSoC5/ADC_SAR_1_PM.c **** * Summary:
  75:Generated_Source\PSoC5/ADC_SAR_1_PM.c **** *  This is the preferred routine to prepare the component for sleep.
  76:Generated_Source\PSoC5/ADC_SAR_1_PM.c **** *  The ADC_SAR_1_Sleep() routine saves the current component state,
  77:Generated_Source\PSoC5/ADC_SAR_1_PM.c **** *  then it calls the ADC_Stop() function.
  78:Generated_Source\PSoC5/ADC_SAR_1_PM.c **** *
  79:Generated_Source\PSoC5/ADC_SAR_1_PM.c **** * Parameters:
  80:Generated_Source\PSoC5/ADC_SAR_1_PM.c **** *  None.
  81:Generated_Source\PSoC5/ADC_SAR_1_PM.c **** *
  82:Generated_Source\PSoC5/ADC_SAR_1_PM.c **** * Return:
  83:Generated_Source\PSoC5/ADC_SAR_1_PM.c **** *  None.
  84:Generated_Source\PSoC5/ADC_SAR_1_PM.c **** *
  85:Generated_Source\PSoC5/ADC_SAR_1_PM.c **** * Global Variables:
  86:Generated_Source\PSoC5/ADC_SAR_1_PM.c **** *  ADC_SAR_1_backup - The structure field 'enableState' is modified
  87:Generated_Source\PSoC5/ADC_SAR_1_PM.c **** *  depending on the enable state of the block before entering to sleep mode.
  88:Generated_Source\PSoC5/ADC_SAR_1_PM.c **** *
  89:Generated_Source\PSoC5/ADC_SAR_1_PM.c **** *******************************************************************************/
  90:Generated_Source\PSoC5/ADC_SAR_1_PM.c **** void ADC_SAR_1_Sleep(void)
  91:Generated_Source\PSoC5/ADC_SAR_1_PM.c **** {
  61              		.loc 1 91 0
  62              		.cfi_startproc
  63              		@ args = 0, pretend = 0, frame = 0
  64              		@ frame_needed = 0, uses_anonymous_args = 0
  65              		.loc 1 91 0
  66 0000 08B5     		push	{r3, lr}
  67              		.cfi_def_cfa_offset 8
  68              		.cfi_offset 3, -8
  69              		.cfi_offset 14, -4
  92:Generated_Source\PSoC5/ADC_SAR_1_PM.c ****     if((ADC_SAR_1_PWRMGR_SAR_REG  & ADC_SAR_1_ACT_PWR_SAR_EN) != 0u)
  70              		.loc 1 92 0
  71 0002 0C4B     		ldr	r3, .L9
  72 0004 1B78     		ldrb	r3, [r3]	@ zero_extendqisi2
  73 0006 13F0010F 		tst	r3, #1
  74 000a 0ED0     		beq	.L4
  93:Generated_Source\PSoC5/ADC_SAR_1_PM.c ****     {
  94:Generated_Source\PSoC5/ADC_SAR_1_PM.c ****         if((ADC_SAR_1_SAR_CSR0_REG & ADC_SAR_1_SAR_SOF_START_CONV) != 0u)
  75              		.loc 1 94 0
  76 000c 0A4B     		ldr	r3, .L9+4
  77 000e 1B78     		ldrb	r3, [r3]	@ zero_extendqisi2
ARM GAS  C:\Users\koseki\AppData\Local\Temp\ccfnvu9H.s 			page 4


  78 0010 13F0010F 		tst	r3, #1
  79 0014 03D0     		beq	.L5
  95:Generated_Source\PSoC5/ADC_SAR_1_PM.c ****         {
  96:Generated_Source\PSoC5/ADC_SAR_1_PM.c ****             ADC_SAR_1_backup.enableState = ADC_SAR_1_ENABLED | ADC_SAR_1_STARTED;
  80              		.loc 1 96 0
  81 0016 0322     		movs	r2, #3
  82 0018 084B     		ldr	r3, .L9+8
  83 001a 1A70     		strb	r2, [r3]
  84 001c 02E0     		b	.L6
  85              	.L5:
  97:Generated_Source\PSoC5/ADC_SAR_1_PM.c ****         }
  98:Generated_Source\PSoC5/ADC_SAR_1_PM.c ****         else
  99:Generated_Source\PSoC5/ADC_SAR_1_PM.c ****         {
 100:Generated_Source\PSoC5/ADC_SAR_1_PM.c ****             ADC_SAR_1_backup.enableState = ADC_SAR_1_ENABLED;
  86              		.loc 1 100 0
  87 001e 0122     		movs	r2, #1
  88 0020 064B     		ldr	r3, .L9+8
  89 0022 1A70     		strb	r2, [r3]
  90              	.L6:
 101:Generated_Source\PSoC5/ADC_SAR_1_PM.c ****         }
 102:Generated_Source\PSoC5/ADC_SAR_1_PM.c ****         ADC_SAR_1_Stop();
  91              		.loc 1 102 0
  92 0024 FFF7FEFF 		bl	ADC_SAR_1_Stop
  93              	.LVL0:
  94 0028 08BD     		pop	{r3, pc}
  95              	.L4:
 103:Generated_Source\PSoC5/ADC_SAR_1_PM.c ****     }
 104:Generated_Source\PSoC5/ADC_SAR_1_PM.c ****     else
 105:Generated_Source\PSoC5/ADC_SAR_1_PM.c ****     {
 106:Generated_Source\PSoC5/ADC_SAR_1_PM.c ****         ADC_SAR_1_backup.enableState = ADC_SAR_1_DISABLED;
  96              		.loc 1 106 0
  97 002a 0022     		movs	r2, #0
  98 002c 034B     		ldr	r3, .L9+8
  99 002e 1A70     		strb	r2, [r3]
 100 0030 08BD     		pop	{r3, pc}
 101              	.L10:
 102 0032 00BF     		.align	2
 103              	.L9:
 104 0034 AB430040 		.word	1073759147
 105 0038 00590040 		.word	1073764608
 106 003c 00000000 		.word	.LANCHOR0
 107              		.cfi_endproc
 108              	.LFE2:
 109              		.size	ADC_SAR_1_Sleep, .-ADC_SAR_1_Sleep
 110              		.section	.text.ADC_SAR_1_Wakeup,"ax",%progbits
 111              		.align	2
 112              		.global	ADC_SAR_1_Wakeup
 113              		.thumb
 114              		.thumb_func
 115              		.type	ADC_SAR_1_Wakeup, %function
 116              	ADC_SAR_1_Wakeup:
 117              	.LFB3:
 107:Generated_Source\PSoC5/ADC_SAR_1_PM.c ****     }
 108:Generated_Source\PSoC5/ADC_SAR_1_PM.c **** }
 109:Generated_Source\PSoC5/ADC_SAR_1_PM.c **** 
 110:Generated_Source\PSoC5/ADC_SAR_1_PM.c **** 
 111:Generated_Source\PSoC5/ADC_SAR_1_PM.c **** /*******************************************************************************
ARM GAS  C:\Users\koseki\AppData\Local\Temp\ccfnvu9H.s 			page 5


 112:Generated_Source\PSoC5/ADC_SAR_1_PM.c **** * Function Name: ADC_SAR_1_Wakeup
 113:Generated_Source\PSoC5/ADC_SAR_1_PM.c **** ********************************************************************************
 114:Generated_Source\PSoC5/ADC_SAR_1_PM.c **** *
 115:Generated_Source\PSoC5/ADC_SAR_1_PM.c **** * Summary:
 116:Generated_Source\PSoC5/ADC_SAR_1_PM.c **** *  This is the preferred routine to restore the component to the state when
 117:Generated_Source\PSoC5/ADC_SAR_1_PM.c **** *  ADC_SAR_1_Sleep() was called. If the component was enabled before the
 118:Generated_Source\PSoC5/ADC_SAR_1_PM.c **** *  ADC_SAR_1_Sleep() function was called, the
 119:Generated_Source\PSoC5/ADC_SAR_1_PM.c **** *  ADC_SAR_1_Wakeup() function also re-enables the component.
 120:Generated_Source\PSoC5/ADC_SAR_1_PM.c **** *
 121:Generated_Source\PSoC5/ADC_SAR_1_PM.c **** * Parameters:
 122:Generated_Source\PSoC5/ADC_SAR_1_PM.c **** *  None.
 123:Generated_Source\PSoC5/ADC_SAR_1_PM.c **** *
 124:Generated_Source\PSoC5/ADC_SAR_1_PM.c **** * Return:
 125:Generated_Source\PSoC5/ADC_SAR_1_PM.c **** *  None.
 126:Generated_Source\PSoC5/ADC_SAR_1_PM.c **** *
 127:Generated_Source\PSoC5/ADC_SAR_1_PM.c **** * Global Variables:
 128:Generated_Source\PSoC5/ADC_SAR_1_PM.c **** *  ADC_SAR_1_backup - The structure field 'enableState' is used to
 129:Generated_Source\PSoC5/ADC_SAR_1_PM.c **** *  restore the enable state of block after wakeup from sleep mode.
 130:Generated_Source\PSoC5/ADC_SAR_1_PM.c **** *
 131:Generated_Source\PSoC5/ADC_SAR_1_PM.c **** *******************************************************************************/
 132:Generated_Source\PSoC5/ADC_SAR_1_PM.c **** void ADC_SAR_1_Wakeup(void)
 133:Generated_Source\PSoC5/ADC_SAR_1_PM.c **** {
 118              		.loc 1 133 0
 119              		.cfi_startproc
 120              		@ args = 0, pretend = 0, frame = 0
 121              		@ frame_needed = 0, uses_anonymous_args = 0
 122 0000 08B5     		push	{r3, lr}
 123              		.cfi_def_cfa_offset 8
 124              		.cfi_offset 3, -8
 125              		.cfi_offset 14, -4
 134:Generated_Source\PSoC5/ADC_SAR_1_PM.c ****     if(ADC_SAR_1_backup.enableState != ADC_SAR_1_DISABLED)
 126              		.loc 1 134 0
 127 0002 034B     		ldr	r3, .L14
 128 0004 1B78     		ldrb	r3, [r3]	@ zero_extendqisi2
 129 0006 0BB1     		cbz	r3, .L11
 135:Generated_Source\PSoC5/ADC_SAR_1_PM.c ****     {
 136:Generated_Source\PSoC5/ADC_SAR_1_PM.c ****         ADC_SAR_1_Enable();
 130              		.loc 1 136 0
 131 0008 FFF7FEFF 		bl	ADC_SAR_1_Enable
 132              	.LVL1:
 133              	.L11:
 134 000c 08BD     		pop	{r3, pc}
 135              	.L15:
 136 000e 00BF     		.align	2
 137              	.L14:
 138 0010 00000000 		.word	.LANCHOR0
 139              		.cfi_endproc
 140              	.LFE3:
 141              		.size	ADC_SAR_1_Wakeup, .-ADC_SAR_1_Wakeup
 142              		.bss
 143              		.align	2
 144              		.set	.LANCHOR0,. + 0
 145              		.type	ADC_SAR_1_backup, %object
 146              		.size	ADC_SAR_1_backup, 1
 147              	ADC_SAR_1_backup:
 148 0000 00       		.space	1
 149 0001 000000   		.text
ARM GAS  C:\Users\koseki\AppData\Local\Temp\ccfnvu9H.s 			page 6


 150              	.Letext0:
 151              		.file 2 "Generated_Source\\PSoC5\\cytypes.h"
 152              		.file 3 "Generated_Source\\PSoC5\\ADC_SAR_1.h"
 153              		.section	.debug_info,"",%progbits
 154              	.Ldebug_info0:
 155 0000 39010000 		.4byte	0x139
 156 0004 0400     		.2byte	0x4
 157 0006 00000000 		.4byte	.Ldebug_abbrev0
 158 000a 04       		.byte	0x4
 159 000b 01       		.uleb128 0x1
 160 000c 30010000 		.4byte	.LASF21
 161 0010 01       		.byte	0x1
 162 0011 00000000 		.4byte	.LASF22
 163 0015 CE000000 		.4byte	.LASF23
 164 0019 00000000 		.4byte	.Ldebug_ranges0+0
 165 001d 00000000 		.4byte	0
 166 0021 00000000 		.4byte	.Ldebug_line0
 167 0025 02       		.uleb128 0x2
 168 0026 01       		.byte	0x1
 169 0027 06       		.byte	0x6
 170 0028 4E020000 		.4byte	.LASF0
 171 002c 02       		.uleb128 0x2
 172 002d 01       		.byte	0x1
 173 002e 08       		.byte	0x8
 174 002f 55000000 		.4byte	.LASF1
 175 0033 02       		.uleb128 0x2
 176 0034 02       		.byte	0x2
 177 0035 05       		.byte	0x5
 178 0036 29020000 		.4byte	.LASF2
 179 003a 02       		.uleb128 0x2
 180 003b 02       		.byte	0x2
 181 003c 07       		.byte	0x7
 182 003d 92000000 		.4byte	.LASF3
 183 0041 02       		.uleb128 0x2
 184 0042 04       		.byte	0x4
 185 0043 05       		.byte	0x5
 186 0044 39020000 		.4byte	.LASF4
 187 0048 02       		.uleb128 0x2
 188 0049 04       		.byte	0x4
 189 004a 07       		.byte	0x7
 190 004b 80000000 		.4byte	.LASF5
 191 004f 02       		.uleb128 0x2
 192 0050 08       		.byte	0x8
 193 0051 05       		.byte	0x5
 194 0052 F2010000 		.4byte	.LASF6
 195 0056 02       		.uleb128 0x2
 196 0057 08       		.byte	0x8
 197 0058 07       		.byte	0x7
 198 0059 CB010000 		.4byte	.LASF7
 199 005d 03       		.uleb128 0x3
 200 005e 04       		.byte	0x4
 201 005f 05       		.byte	0x5
 202 0060 696E7400 		.ascii	"int\000"
 203 0064 02       		.uleb128 0x2
 204 0065 04       		.byte	0x4
 205 0066 07       		.byte	0x7
 206 0067 BE010000 		.4byte	.LASF8
ARM GAS  C:\Users\koseki\AppData\Local\Temp\ccfnvu9H.s 			page 7


 207 006b 04       		.uleb128 0x4
 208 006c 33020000 		.4byte	.LASF12
 209 0070 02       		.byte	0x2
 210 0071 3801     		.2byte	0x138
 211 0073 2C000000 		.4byte	0x2c
 212 0077 02       		.uleb128 0x2
 213 0078 04       		.byte	0x4
 214 0079 04       		.byte	0x4
 215 007a 4F000000 		.4byte	.LASF9
 216 007e 02       		.uleb128 0x2
 217 007f 08       		.byte	0x8
 218 0080 04       		.byte	0x4
 219 0081 B6000000 		.4byte	.LASF10
 220 0085 02       		.uleb128 0x2
 221 0086 01       		.byte	0x1
 222 0087 08       		.byte	0x8
 223 0088 00020000 		.4byte	.LASF11
 224 008c 04       		.uleb128 0x4
 225 008d 7B000000 		.4byte	.LASF13
 226 0091 02       		.byte	0x2
 227 0092 E201     		.2byte	0x1e2
 228 0094 98000000 		.4byte	0x98
 229 0098 05       		.uleb128 0x5
 230 0099 6B000000 		.4byte	0x6b
 231 009d 06       		.uleb128 0x6
 232 009e 01       		.byte	0x1
 233 009f 03       		.byte	0x3
 234 00a0 2A       		.byte	0x2a
 235 00a1 B2000000 		.4byte	0xb2
 236 00a5 07       		.uleb128 0x7
 237 00a6 42020000 		.4byte	.LASF24
 238 00aa 03       		.byte	0x3
 239 00ab 2C       		.byte	0x2c
 240 00ac 6B000000 		.4byte	0x6b
 241 00b0 00       		.byte	0
 242 00b1 00       		.byte	0
 243 00b2 08       		.uleb128 0x8
 244 00b3 26000000 		.4byte	.LASF14
 245 00b7 03       		.byte	0x3
 246 00b8 2D       		.byte	0x2d
 247 00b9 9D000000 		.4byte	0x9d
 248 00bd 09       		.uleb128 0x9
 249 00be 14020000 		.4byte	.LASF15
 250 00c2 01       		.byte	0x1
 251 00c3 2C       		.byte	0x2c
 252 00c4 00000000 		.4byte	.LFB0
 253 00c8 02000000 		.4byte	.LFE0-.LFB0
 254 00cc 01       		.uleb128 0x1
 255 00cd 9C       		.byte	0x9c
 256 00ce 09       		.uleb128 0x9
 257 00cf 63000000 		.4byte	.LASF16
 258 00d3 01       		.byte	0x1
 259 00d4 40       		.byte	0x40
 260 00d5 00000000 		.4byte	.LFB1
 261 00d9 02000000 		.4byte	.LFE1-.LFB1
 262 00dd 01       		.uleb128 0x1
 263 00de 9C       		.byte	0x9c
ARM GAS  C:\Users\koseki\AppData\Local\Temp\ccfnvu9H.s 			page 8


 264 00df 0A       		.uleb128 0xa
 265 00e0 E2010000 		.4byte	.LASF17
 266 00e4 01       		.byte	0x1
 267 00e5 5A       		.byte	0x5a
 268 00e6 00000000 		.4byte	.LFB2
 269 00ea 40000000 		.4byte	.LFE2-.LFB2
 270 00ee 01       		.uleb128 0x1
 271 00ef 9C       		.byte	0x9c
 272 00f0 FE000000 		.4byte	0xfe
 273 00f4 0B       		.uleb128 0xb
 274 00f5 28000000 		.4byte	.LVL0
 275 00f9 2E010000 		.4byte	0x12e
 276 00fd 00       		.byte	0
 277 00fe 0A       		.uleb128 0xa
 278 00ff 3E000000 		.4byte	.LASF18
 279 0103 01       		.byte	0x1
 280 0104 84       		.byte	0x84
 281 0105 00000000 		.4byte	.LFB3
 282 0109 14000000 		.4byte	.LFE3-.LFB3
 283 010d 01       		.uleb128 0x1
 284 010e 9C       		.byte	0x9c
 285 010f 1D010000 		.4byte	0x11d
 286 0113 0B       		.uleb128 0xb
 287 0114 0C000000 		.4byte	.LVL1
 288 0118 35010000 		.4byte	0x135
 289 011c 00       		.byte	0
 290 011d 0C       		.uleb128 0xc
 291 011e BD000000 		.4byte	.LASF25
 292 0122 01       		.byte	0x1
 293 0123 18       		.byte	0x18
 294 0124 B2000000 		.4byte	0xb2
 295 0128 05       		.uleb128 0x5
 296 0129 03       		.byte	0x3
 297 012a 00000000 		.4byte	ADC_SAR_1_backup
 298 012e 0D       		.uleb128 0xd
 299 012f 05020000 		.4byte	.LASF19
 300 0133 03       		.byte	0x3
 301 0134 35       		.byte	0x35
 302 0135 0D       		.uleb128 0xd
 303 0136 A5000000 		.4byte	.LASF20
 304 013a 03       		.byte	0x3
 305 013b 44       		.byte	0x44
 306 013c 00       		.byte	0
 307              		.section	.debug_abbrev,"",%progbits
 308              	.Ldebug_abbrev0:
 309 0000 01       		.uleb128 0x1
 310 0001 11       		.uleb128 0x11
 311 0002 01       		.byte	0x1
 312 0003 25       		.uleb128 0x25
 313 0004 0E       		.uleb128 0xe
 314 0005 13       		.uleb128 0x13
 315 0006 0B       		.uleb128 0xb
 316 0007 03       		.uleb128 0x3
 317 0008 0E       		.uleb128 0xe
 318 0009 1B       		.uleb128 0x1b
 319 000a 0E       		.uleb128 0xe
 320 000b 55       		.uleb128 0x55
ARM GAS  C:\Users\koseki\AppData\Local\Temp\ccfnvu9H.s 			page 9


 321 000c 17       		.uleb128 0x17
 322 000d 11       		.uleb128 0x11
 323 000e 01       		.uleb128 0x1
 324 000f 10       		.uleb128 0x10
 325 0010 17       		.uleb128 0x17
 326 0011 00       		.byte	0
 327 0012 00       		.byte	0
 328 0013 02       		.uleb128 0x2
 329 0014 24       		.uleb128 0x24
 330 0015 00       		.byte	0
 331 0016 0B       		.uleb128 0xb
 332 0017 0B       		.uleb128 0xb
 333 0018 3E       		.uleb128 0x3e
 334 0019 0B       		.uleb128 0xb
 335 001a 03       		.uleb128 0x3
 336 001b 0E       		.uleb128 0xe
 337 001c 00       		.byte	0
 338 001d 00       		.byte	0
 339 001e 03       		.uleb128 0x3
 340 001f 24       		.uleb128 0x24
 341 0020 00       		.byte	0
 342 0021 0B       		.uleb128 0xb
 343 0022 0B       		.uleb128 0xb
 344 0023 3E       		.uleb128 0x3e
 345 0024 0B       		.uleb128 0xb
 346 0025 03       		.uleb128 0x3
 347 0026 08       		.uleb128 0x8
 348 0027 00       		.byte	0
 349 0028 00       		.byte	0
 350 0029 04       		.uleb128 0x4
 351 002a 16       		.uleb128 0x16
 352 002b 00       		.byte	0
 353 002c 03       		.uleb128 0x3
 354 002d 0E       		.uleb128 0xe
 355 002e 3A       		.uleb128 0x3a
 356 002f 0B       		.uleb128 0xb
 357 0030 3B       		.uleb128 0x3b
 358 0031 05       		.uleb128 0x5
 359 0032 49       		.uleb128 0x49
 360 0033 13       		.uleb128 0x13
 361 0034 00       		.byte	0
 362 0035 00       		.byte	0
 363 0036 05       		.uleb128 0x5
 364 0037 35       		.uleb128 0x35
 365 0038 00       		.byte	0
 366 0039 49       		.uleb128 0x49
 367 003a 13       		.uleb128 0x13
 368 003b 00       		.byte	0
 369 003c 00       		.byte	0
 370 003d 06       		.uleb128 0x6
 371 003e 13       		.uleb128 0x13
 372 003f 01       		.byte	0x1
 373 0040 0B       		.uleb128 0xb
 374 0041 0B       		.uleb128 0xb
 375 0042 3A       		.uleb128 0x3a
 376 0043 0B       		.uleb128 0xb
 377 0044 3B       		.uleb128 0x3b
ARM GAS  C:\Users\koseki\AppData\Local\Temp\ccfnvu9H.s 			page 10


 378 0045 0B       		.uleb128 0xb
 379 0046 01       		.uleb128 0x1
 380 0047 13       		.uleb128 0x13
 381 0048 00       		.byte	0
 382 0049 00       		.byte	0
 383 004a 07       		.uleb128 0x7
 384 004b 0D       		.uleb128 0xd
 385 004c 00       		.byte	0
 386 004d 03       		.uleb128 0x3
 387 004e 0E       		.uleb128 0xe
 388 004f 3A       		.uleb128 0x3a
 389 0050 0B       		.uleb128 0xb
 390 0051 3B       		.uleb128 0x3b
 391 0052 0B       		.uleb128 0xb
 392 0053 49       		.uleb128 0x49
 393 0054 13       		.uleb128 0x13
 394 0055 38       		.uleb128 0x38
 395 0056 0B       		.uleb128 0xb
 396 0057 00       		.byte	0
 397 0058 00       		.byte	0
 398 0059 08       		.uleb128 0x8
 399 005a 16       		.uleb128 0x16
 400 005b 00       		.byte	0
 401 005c 03       		.uleb128 0x3
 402 005d 0E       		.uleb128 0xe
 403 005e 3A       		.uleb128 0x3a
 404 005f 0B       		.uleb128 0xb
 405 0060 3B       		.uleb128 0x3b
 406 0061 0B       		.uleb128 0xb
 407 0062 49       		.uleb128 0x49
 408 0063 13       		.uleb128 0x13
 409 0064 00       		.byte	0
 410 0065 00       		.byte	0
 411 0066 09       		.uleb128 0x9
 412 0067 2E       		.uleb128 0x2e
 413 0068 00       		.byte	0
 414 0069 3F       		.uleb128 0x3f
 415 006a 19       		.uleb128 0x19
 416 006b 03       		.uleb128 0x3
 417 006c 0E       		.uleb128 0xe
 418 006d 3A       		.uleb128 0x3a
 419 006e 0B       		.uleb128 0xb
 420 006f 3B       		.uleb128 0x3b
 421 0070 0B       		.uleb128 0xb
 422 0071 27       		.uleb128 0x27
 423 0072 19       		.uleb128 0x19
 424 0073 11       		.uleb128 0x11
 425 0074 01       		.uleb128 0x1
 426 0075 12       		.uleb128 0x12
 427 0076 06       		.uleb128 0x6
 428 0077 40       		.uleb128 0x40
 429 0078 18       		.uleb128 0x18
 430 0079 9742     		.uleb128 0x2117
 431 007b 19       		.uleb128 0x19
 432 007c 00       		.byte	0
 433 007d 00       		.byte	0
 434 007e 0A       		.uleb128 0xa
ARM GAS  C:\Users\koseki\AppData\Local\Temp\ccfnvu9H.s 			page 11


 435 007f 2E       		.uleb128 0x2e
 436 0080 01       		.byte	0x1
 437 0081 3F       		.uleb128 0x3f
 438 0082 19       		.uleb128 0x19
 439 0083 03       		.uleb128 0x3
 440 0084 0E       		.uleb128 0xe
 441 0085 3A       		.uleb128 0x3a
 442 0086 0B       		.uleb128 0xb
 443 0087 3B       		.uleb128 0x3b
 444 0088 0B       		.uleb128 0xb
 445 0089 27       		.uleb128 0x27
 446 008a 19       		.uleb128 0x19
 447 008b 11       		.uleb128 0x11
 448 008c 01       		.uleb128 0x1
 449 008d 12       		.uleb128 0x12
 450 008e 06       		.uleb128 0x6
 451 008f 40       		.uleb128 0x40
 452 0090 18       		.uleb128 0x18
 453 0091 9742     		.uleb128 0x2117
 454 0093 19       		.uleb128 0x19
 455 0094 01       		.uleb128 0x1
 456 0095 13       		.uleb128 0x13
 457 0096 00       		.byte	0
 458 0097 00       		.byte	0
 459 0098 0B       		.uleb128 0xb
 460 0099 898201   		.uleb128 0x4109
 461 009c 00       		.byte	0
 462 009d 11       		.uleb128 0x11
 463 009e 01       		.uleb128 0x1
 464 009f 31       		.uleb128 0x31
 465 00a0 13       		.uleb128 0x13
 466 00a1 00       		.byte	0
 467 00a2 00       		.byte	0
 468 00a3 0C       		.uleb128 0xc
 469 00a4 34       		.uleb128 0x34
 470 00a5 00       		.byte	0
 471 00a6 03       		.uleb128 0x3
 472 00a7 0E       		.uleb128 0xe
 473 00a8 3A       		.uleb128 0x3a
 474 00a9 0B       		.uleb128 0xb
 475 00aa 3B       		.uleb128 0x3b
 476 00ab 0B       		.uleb128 0xb
 477 00ac 49       		.uleb128 0x49
 478 00ad 13       		.uleb128 0x13
 479 00ae 02       		.uleb128 0x2
 480 00af 18       		.uleb128 0x18
 481 00b0 00       		.byte	0
 482 00b1 00       		.byte	0
 483 00b2 0D       		.uleb128 0xd
 484 00b3 2E       		.uleb128 0x2e
 485 00b4 00       		.byte	0
 486 00b5 3F       		.uleb128 0x3f
 487 00b6 19       		.uleb128 0x19
 488 00b7 03       		.uleb128 0x3
 489 00b8 0E       		.uleb128 0xe
 490 00b9 3A       		.uleb128 0x3a
 491 00ba 0B       		.uleb128 0xb
ARM GAS  C:\Users\koseki\AppData\Local\Temp\ccfnvu9H.s 			page 12


 492 00bb 3B       		.uleb128 0x3b
 493 00bc 0B       		.uleb128 0xb
 494 00bd 27       		.uleb128 0x27
 495 00be 19       		.uleb128 0x19
 496 00bf 3C       		.uleb128 0x3c
 497 00c0 19       		.uleb128 0x19
 498 00c1 00       		.byte	0
 499 00c2 00       		.byte	0
 500 00c3 00       		.byte	0
 501              		.section	.debug_aranges,"",%progbits
 502 0000 34000000 		.4byte	0x34
 503 0004 0200     		.2byte	0x2
 504 0006 00000000 		.4byte	.Ldebug_info0
 505 000a 04       		.byte	0x4
 506 000b 00       		.byte	0
 507 000c 0000     		.2byte	0
 508 000e 0000     		.2byte	0
 509 0010 00000000 		.4byte	.LFB0
 510 0014 02000000 		.4byte	.LFE0-.LFB0
 511 0018 00000000 		.4byte	.LFB1
 512 001c 02000000 		.4byte	.LFE1-.LFB1
 513 0020 00000000 		.4byte	.LFB2
 514 0024 40000000 		.4byte	.LFE2-.LFB2
 515 0028 00000000 		.4byte	.LFB3
 516 002c 14000000 		.4byte	.LFE3-.LFB3
 517 0030 00000000 		.4byte	0
 518 0034 00000000 		.4byte	0
 519              		.section	.debug_ranges,"",%progbits
 520              	.Ldebug_ranges0:
 521 0000 00000000 		.4byte	.LFB0
 522 0004 02000000 		.4byte	.LFE0
 523 0008 00000000 		.4byte	.LFB1
 524 000c 02000000 		.4byte	.LFE1
 525 0010 00000000 		.4byte	.LFB2
 526 0014 40000000 		.4byte	.LFE2
 527 0018 00000000 		.4byte	.LFB3
 528 001c 14000000 		.4byte	.LFE3
 529 0020 00000000 		.4byte	0
 530 0024 00000000 		.4byte	0
 531              		.section	.debug_line,"",%progbits
 532              	.Ldebug_line0:
 533 0000 A6000000 		.section	.debug_str,"MS",%progbits,1
 533      02005800 
 533      00000201 
 533      FB0E0D00 
 533      01010101 
 534              	.LASF22:
 535 0000 47656E65 		.ascii	"Generated_Source\\PSoC5\\ADC_SAR_1_PM.c\000"
 535      72617465 
 535      645F536F 
 535      75726365 
 535      5C50536F 
 536              	.LASF14:
 537 0026 4144435F 		.ascii	"ADC_SAR_1_BACKUP_STRUCT\000"
 537      5341525F 
 537      315F4241 
 537      434B5550 
ARM GAS  C:\Users\koseki\AppData\Local\Temp\ccfnvu9H.s 			page 13


 537      5F535452 
 538              	.LASF18:
 539 003e 4144435F 		.ascii	"ADC_SAR_1_Wakeup\000"
 539      5341525F 
 539      315F5761 
 539      6B657570 
 539      00
 540              	.LASF9:
 541 004f 666C6F61 		.ascii	"float\000"
 541      7400
 542              	.LASF1:
 543 0055 756E7369 		.ascii	"unsigned char\000"
 543      676E6564 
 543      20636861 
 543      7200
 544              	.LASF16:
 545 0063 4144435F 		.ascii	"ADC_SAR_1_RestoreConfig\000"
 545      5341525F 
 545      315F5265 
 545      73746F72 
 545      65436F6E 
 546              	.LASF13:
 547 007b 72656738 		.ascii	"reg8\000"
 547      00
 548              	.LASF5:
 549 0080 6C6F6E67 		.ascii	"long unsigned int\000"
 549      20756E73 
 549      69676E65 
 549      6420696E 
 549      7400
 550              	.LASF3:
 551 0092 73686F72 		.ascii	"short unsigned int\000"
 551      7420756E 
 551      7369676E 
 551      65642069 
 551      6E7400
 552              	.LASF20:
 553 00a5 4144435F 		.ascii	"ADC_SAR_1_Enable\000"
 553      5341525F 
 553      315F456E 
 553      61626C65 
 553      00
 554              	.LASF10:
 555 00b6 646F7562 		.ascii	"double\000"
 555      6C6500
 556              	.LASF25:
 557 00bd 4144435F 		.ascii	"ADC_SAR_1_backup\000"
 557      5341525F 
 557      315F6261 
 557      636B7570 
 557      00
 558              	.LASF23:
 559 00ce 453A5C50 		.ascii	"E:\\PSoC_Creator\\CY8CKIT-059\\CY8CKIT-059_Simple_S"
 559      536F435F 
 559      43726561 
 559      746F725C 
 559      43593843 
ARM GAS  C:\Users\koseki\AppData\Local\Temp\ccfnvu9H.s 			page 14


 560 00fe 44525F52 		.ascii	"DR_Receiver\\CY8CKIT-059_Simple_SDR_Receiver.cydsn\000"
 560      65636569 
 560      7665725C 
 560      43593843 
 560      4B49542D 
 561              	.LASF21:
 562 0130 474E5520 		.ascii	"GNU C 4.9.3 20150303 (release) [ARM/embedded-4_9-br"
 562      4320342E 
 562      392E3320 
 562      32303135 
 562      30333033 
 563 0163 616E6368 		.ascii	"anch revision 221220] -mcpu=cortex-m3 -mthumb -g -O"
 563      20726576 
 563      6973696F 
 563      6E203232 
 563      31323230 
 564 0196 67202D66 		.ascii	"g -ffunction-sections -ffat-lto-objects\000"
 564      66756E63 
 564      74696F6E 
 564      2D736563 
 564      74696F6E 
 565              	.LASF8:
 566 01be 756E7369 		.ascii	"unsigned int\000"
 566      676E6564 
 566      20696E74 
 566      00
 567              	.LASF7:
 568 01cb 6C6F6E67 		.ascii	"long long unsigned int\000"
 568      206C6F6E 
 568      6720756E 
 568      7369676E 
 568      65642069 
 569              	.LASF17:
 570 01e2 4144435F 		.ascii	"ADC_SAR_1_Sleep\000"
 570      5341525F 
 570      315F536C 
 570      65657000 
 571              	.LASF6:
 572 01f2 6C6F6E67 		.ascii	"long long int\000"
 572      206C6F6E 
 572      6720696E 
 572      7400
 573              	.LASF11:
 574 0200 63686172 		.ascii	"char\000"
 574      00
 575              	.LASF19:
 576 0205 4144435F 		.ascii	"ADC_SAR_1_Stop\000"
 576      5341525F 
 576      315F5374 
 576      6F7000
 577              	.LASF15:
 578 0214 4144435F 		.ascii	"ADC_SAR_1_SaveConfig\000"
 578      5341525F 
 578      315F5361 
 578      7665436F 
 578      6E666967 
 579              	.LASF2:
ARM GAS  C:\Users\koseki\AppData\Local\Temp\ccfnvu9H.s 			page 15


 580 0229 73686F72 		.ascii	"short int\000"
 580      7420696E 
 580      7400
 581              	.LASF12:
 582 0233 75696E74 		.ascii	"uint8\000"
 582      3800
 583              	.LASF4:
 584 0239 6C6F6E67 		.ascii	"long int\000"
 584      20696E74 
 584      00
 585              	.LASF24:
 586 0242 656E6162 		.ascii	"enableState\000"
 586      6C655374 
 586      61746500 
 587              	.LASF0:
 588 024e 7369676E 		.ascii	"signed char\000"
 588      65642063 
 588      68617200 
 589              		.ident	"GCC: (GNU Tools for ARM Embedded Processors) 4.9.3 20150303 (release) [ARM/embedded-4_9-br
