ARM GAS  C:\Users\koseki\AppData\Local\Temp\cc05lL5b.s 			page 1


   1              		.syntax unified
   2              		.cpu cortex-m3
   3              		.fpu softvfp
   4              		.eabi_attribute 20, 1
   5              		.eabi_attribute 21, 1
   6              		.eabi_attribute 23, 3
   7              		.eabi_attribute 24, 1
   8              		.eabi_attribute 25, 1
   9              		.eabi_attribute 26, 1
  10              		.eabi_attribute 30, 1
  11              		.eabi_attribute 34, 1
  12              		.eabi_attribute 18, 4
  13              		.thumb
  14              		.file	"Filter_1_Coefficients.c"
  15              		.text
  16              	.Ltext0:
  17              		.cfi_sections	.debug_frame
  18              		.global	Filter_1_ChannelBFirCoefficients
  19              		.global	Filter_1_ChannelAFirCoefficients
  20              		.section	.rodata
  21              		.align	2
  22              		.type	Filter_1_ChannelBFirCoefficients, %object
  23              		.size	Filter_1_ChannelBFirCoefficients, 256
  24              	Filter_1_ChannelBFirCoefficients:
  25 0000 AA       		.byte	-86
  26 0001 FE       		.byte	-2
  27 0002 FF       		.byte	-1
  28 0003 00       		.byte	0
  29 0004 67       		.byte	103
  30 0005 FE       		.byte	-2
  31 0006 FF       		.byte	-1
  32 0007 00       		.byte	0
  33 0008 EB       		.byte	-21
  34 0009 FD       		.byte	-3
  35 000a FF       		.byte	-1
  36 000b 00       		.byte	0
  37 000c 69       		.byte	105
  38 000d FD       		.byte	-3
  39 000e FF       		.byte	-1
  40 000f 00       		.byte	0
  41 0010 22       		.byte	34
  42 0011 FD       		.byte	-3
  43 0012 FF       		.byte	-1
  44 0013 00       		.byte	0
  45 0014 71       		.byte	113
  46 0015 FD       		.byte	-3
  47 0016 FF       		.byte	-1
  48 0017 00       		.byte	0
  49 0018 C7       		.byte	-57
  50 0019 FE       		.byte	-2
  51 001a FF       		.byte	-1
  52 001b 00       		.byte	0
  53 001c B3       		.byte	-77
  54 001d 01       		.byte	1
  55 001e 00       		.byte	0
  56 001f 00       		.byte	0
  57 0020 E1       		.byte	-31
ARM GAS  C:\Users\koseki\AppData\Local\Temp\cc05lL5b.s 			page 2


  58 0021 06       		.byte	6
  59 0022 00       		.byte	0
  60 0023 00       		.byte	0
  61 0024 19       		.byte	25
  62 0025 0F       		.byte	15
  63 0026 00       		.byte	0
  64 0027 00       		.byte	0
  65 0028 39       		.byte	57
  66 0029 1B       		.byte	27
  67 002a 00       		.byte	0
  68 002b 00       		.byte	0
  69 002c 30       		.byte	48
  70 002d 2C       		.byte	44
  71 002e 00       		.byte	0
  72 002f 00       		.byte	0
  73 0030 F0       		.byte	-16
  74 0031 42       		.byte	66
  75 0032 00       		.byte	0
  76 0033 00       		.byte	0
  77 0034 61       		.byte	97
  78 0035 60       		.byte	96
  79 0036 00       		.byte	0
  80 0037 00       		.byte	0
  81 0038 53       		.byte	83
  82 0039 85       		.byte	-123
  83 003a 00       		.byte	0
  84 003b 00       		.byte	0
  85 003c 6A       		.byte	106
  86 003d B2       		.byte	-78
  87 003e 00       		.byte	0
  88 003f 00       		.byte	0
  89 0040 0D       		.byte	13
  90 0041 E8       		.byte	-24
  91 0042 00       		.byte	0
  92 0043 00       		.byte	0
  93 0044 56       		.byte	86
  94 0045 26       		.byte	38
  95 0046 01       		.byte	1
  96 0047 00       		.byte	0
  97 0048 03       		.byte	3
  98 0049 6D       		.byte	109
  99 004a 01       		.byte	1
 100 004b 00       		.byte	0
 101 004c 6E       		.byte	110
 102 004d BB       		.byte	-69
 103 004e 01       		.byte	1
 104 004f 00       		.byte	0
 105 0050 87       		.byte	-121
 106 0051 10       		.byte	16
 107 0052 02       		.byte	2
 108 0053 00       		.byte	0
 109 0054 D4       		.byte	-44
 110 0055 6A       		.byte	106
 111 0056 02       		.byte	2
 112 0057 00       		.byte	0
 113 0058 76       		.byte	118
 114 0059 C8       		.byte	-56
ARM GAS  C:\Users\koseki\AppData\Local\Temp\cc05lL5b.s 			page 3


 115 005a 02       		.byte	2
 116 005b 00       		.byte	0
 117 005c 3E       		.byte	62
 118 005d 27       		.byte	39
 119 005e 03       		.byte	3
 120 005f 00       		.byte	0
 121 0060 B8       		.byte	-72
 122 0061 84       		.byte	-124
 123 0062 03       		.byte	3
 124 0063 00       		.byte	0
 125 0064 48       		.byte	72
 126 0065 DE       		.byte	-34
 127 0066 03       		.byte	3
 128 0067 00       		.byte	0
 129 0068 47       		.byte	71
 130 0069 31       		.byte	49
 131 006a 04       		.byte	4
 132 006b 00       		.byte	0
 133 006c 1F       		.byte	31
 134 006d 7B       		.byte	123
 135 006e 04       		.byte	4
 136 006f 00       		.byte	0
 137 0070 6F       		.byte	111
 138 0071 B9       		.byte	-71
 139 0072 04       		.byte	4
 140 0073 00       		.byte	0
 141 0074 22       		.byte	34
 142 0075 EA       		.byte	-22
 143 0076 04       		.byte	4
 144 0077 00       		.byte	0
 145 0078 91       		.byte	-111
 146 0079 0B       		.byte	11
 147 007a 05       		.byte	5
 148 007b 00       		.byte	0
 149 007c 94       		.byte	-108
 150 007d 1C       		.byte	28
 151 007e 05       		.byte	5
 152 007f 00       		.byte	0
 153 0080 94       		.byte	-108
 154 0081 1C       		.byte	28
 155 0082 05       		.byte	5
 156 0083 00       		.byte	0
 157 0084 91       		.byte	-111
 158 0085 0B       		.byte	11
 159 0086 05       		.byte	5
 160 0087 00       		.byte	0
 161 0088 22       		.byte	34
 162 0089 EA       		.byte	-22
 163 008a 04       		.byte	4
 164 008b 00       		.byte	0
 165 008c 6F       		.byte	111
 166 008d B9       		.byte	-71
 167 008e 04       		.byte	4
 168 008f 00       		.byte	0
 169 0090 1F       		.byte	31
 170 0091 7B       		.byte	123
 171 0092 04       		.byte	4
ARM GAS  C:\Users\koseki\AppData\Local\Temp\cc05lL5b.s 			page 4


 172 0093 00       		.byte	0
 173 0094 47       		.byte	71
 174 0095 31       		.byte	49
 175 0096 04       		.byte	4
 176 0097 00       		.byte	0
 177 0098 48       		.byte	72
 178 0099 DE       		.byte	-34
 179 009a 03       		.byte	3
 180 009b 00       		.byte	0
 181 009c B8       		.byte	-72
 182 009d 84       		.byte	-124
 183 009e 03       		.byte	3
 184 009f 00       		.byte	0
 185 00a0 3E       		.byte	62
 186 00a1 27       		.byte	39
 187 00a2 03       		.byte	3
 188 00a3 00       		.byte	0
 189 00a4 76       		.byte	118
 190 00a5 C8       		.byte	-56
 191 00a6 02       		.byte	2
 192 00a7 00       		.byte	0
 193 00a8 D4       		.byte	-44
 194 00a9 6A       		.byte	106
 195 00aa 02       		.byte	2
 196 00ab 00       		.byte	0
 197 00ac 87       		.byte	-121
 198 00ad 10       		.byte	16
 199 00ae 02       		.byte	2
 200 00af 00       		.byte	0
 201 00b0 6E       		.byte	110
 202 00b1 BB       		.byte	-69
 203 00b2 01       		.byte	1
 204 00b3 00       		.byte	0
 205 00b4 03       		.byte	3
 206 00b5 6D       		.byte	109
 207 00b6 01       		.byte	1
 208 00b7 00       		.byte	0
 209 00b8 56       		.byte	86
 210 00b9 26       		.byte	38
 211 00ba 01       		.byte	1
 212 00bb 00       		.byte	0
 213 00bc 0D       		.byte	13
 214 00bd E8       		.byte	-24
 215 00be 00       		.byte	0
 216 00bf 00       		.byte	0
 217 00c0 6A       		.byte	106
 218 00c1 B2       		.byte	-78
 219 00c2 00       		.byte	0
 220 00c3 00       		.byte	0
 221 00c4 53       		.byte	83
 222 00c5 85       		.byte	-123
 223 00c6 00       		.byte	0
 224 00c7 00       		.byte	0
 225 00c8 61       		.byte	97
 226 00c9 60       		.byte	96
 227 00ca 00       		.byte	0
 228 00cb 00       		.byte	0
ARM GAS  C:\Users\koseki\AppData\Local\Temp\cc05lL5b.s 			page 5


 229 00cc F0       		.byte	-16
 230 00cd 42       		.byte	66
 231 00ce 00       		.byte	0
 232 00cf 00       		.byte	0
 233 00d0 30       		.byte	48
 234 00d1 2C       		.byte	44
 235 00d2 00       		.byte	0
 236 00d3 00       		.byte	0
 237 00d4 39       		.byte	57
 238 00d5 1B       		.byte	27
 239 00d6 00       		.byte	0
 240 00d7 00       		.byte	0
 241 00d8 19       		.byte	25
 242 00d9 0F       		.byte	15
 243 00da 00       		.byte	0
 244 00db 00       		.byte	0
 245 00dc E1       		.byte	-31
 246 00dd 06       		.byte	6
 247 00de 00       		.byte	0
 248 00df 00       		.byte	0
 249 00e0 B3       		.byte	-77
 250 00e1 01       		.byte	1
 251 00e2 00       		.byte	0
 252 00e3 00       		.byte	0
 253 00e4 C7       		.byte	-57
 254 00e5 FE       		.byte	-2
 255 00e6 FF       		.byte	-1
 256 00e7 00       		.byte	0
 257 00e8 71       		.byte	113
 258 00e9 FD       		.byte	-3
 259 00ea FF       		.byte	-1
 260 00eb 00       		.byte	0
 261 00ec 22       		.byte	34
 262 00ed FD       		.byte	-3
 263 00ee FF       		.byte	-1
 264 00ef 00       		.byte	0
 265 00f0 69       		.byte	105
 266 00f1 FD       		.byte	-3
 267 00f2 FF       		.byte	-1
 268 00f3 00       		.byte	0
 269 00f4 EB       		.byte	-21
 270 00f5 FD       		.byte	-3
 271 00f6 FF       		.byte	-1
 272 00f7 00       		.byte	0
 273 00f8 67       		.byte	103
 274 00f9 FE       		.byte	-2
 275 00fa FF       		.byte	-1
 276 00fb 00       		.byte	0
 277 00fc AA       		.byte	-86
 278 00fd FE       		.byte	-2
 279 00fe FF       		.byte	-1
 280 00ff 00       		.byte	0
 281              		.type	Filter_1_ChannelAFirCoefficients, %object
 282              		.size	Filter_1_ChannelAFirCoefficients, 256
 283              	Filter_1_ChannelAFirCoefficients:
 284 0100 AA       		.byte	-86
 285 0101 FE       		.byte	-2
ARM GAS  C:\Users\koseki\AppData\Local\Temp\cc05lL5b.s 			page 6


 286 0102 FF       		.byte	-1
 287 0103 00       		.byte	0
 288 0104 67       		.byte	103
 289 0105 FE       		.byte	-2
 290 0106 FF       		.byte	-1
 291 0107 00       		.byte	0
 292 0108 EB       		.byte	-21
 293 0109 FD       		.byte	-3
 294 010a FF       		.byte	-1
 295 010b 00       		.byte	0
 296 010c 69       		.byte	105
 297 010d FD       		.byte	-3
 298 010e FF       		.byte	-1
 299 010f 00       		.byte	0
 300 0110 22       		.byte	34
 301 0111 FD       		.byte	-3
 302 0112 FF       		.byte	-1
 303 0113 00       		.byte	0
 304 0114 71       		.byte	113
 305 0115 FD       		.byte	-3
 306 0116 FF       		.byte	-1
 307 0117 00       		.byte	0
 308 0118 C7       		.byte	-57
 309 0119 FE       		.byte	-2
 310 011a FF       		.byte	-1
 311 011b 00       		.byte	0
 312 011c B3       		.byte	-77
 313 011d 01       		.byte	1
 314 011e 00       		.byte	0
 315 011f 00       		.byte	0
 316 0120 E1       		.byte	-31
 317 0121 06       		.byte	6
 318 0122 00       		.byte	0
 319 0123 00       		.byte	0
 320 0124 19       		.byte	25
 321 0125 0F       		.byte	15
 322 0126 00       		.byte	0
 323 0127 00       		.byte	0
 324 0128 39       		.byte	57
 325 0129 1B       		.byte	27
 326 012a 00       		.byte	0
 327 012b 00       		.byte	0
 328 012c 30       		.byte	48
 329 012d 2C       		.byte	44
 330 012e 00       		.byte	0
 331 012f 00       		.byte	0
 332 0130 F0       		.byte	-16
 333 0131 42       		.byte	66
 334 0132 00       		.byte	0
 335 0133 00       		.byte	0
 336 0134 61       		.byte	97
 337 0135 60       		.byte	96
 338 0136 00       		.byte	0
 339 0137 00       		.byte	0
 340 0138 53       		.byte	83
 341 0139 85       		.byte	-123
 342 013a 00       		.byte	0
ARM GAS  C:\Users\koseki\AppData\Local\Temp\cc05lL5b.s 			page 7


 343 013b 00       		.byte	0
 344 013c 6A       		.byte	106
 345 013d B2       		.byte	-78
 346 013e 00       		.byte	0
 347 013f 00       		.byte	0
 348 0140 0D       		.byte	13
 349 0141 E8       		.byte	-24
 350 0142 00       		.byte	0
 351 0143 00       		.byte	0
 352 0144 56       		.byte	86
 353 0145 26       		.byte	38
 354 0146 01       		.byte	1
 355 0147 00       		.byte	0
 356 0148 03       		.byte	3
 357 0149 6D       		.byte	109
 358 014a 01       		.byte	1
 359 014b 00       		.byte	0
 360 014c 6E       		.byte	110
 361 014d BB       		.byte	-69
 362 014e 01       		.byte	1
 363 014f 00       		.byte	0
 364 0150 87       		.byte	-121
 365 0151 10       		.byte	16
 366 0152 02       		.byte	2
 367 0153 00       		.byte	0
 368 0154 D4       		.byte	-44
 369 0155 6A       		.byte	106
 370 0156 02       		.byte	2
 371 0157 00       		.byte	0
 372 0158 76       		.byte	118
 373 0159 C8       		.byte	-56
 374 015a 02       		.byte	2
 375 015b 00       		.byte	0
 376 015c 3E       		.byte	62
 377 015d 27       		.byte	39
 378 015e 03       		.byte	3
 379 015f 00       		.byte	0
 380 0160 B8       		.byte	-72
 381 0161 84       		.byte	-124
 382 0162 03       		.byte	3
 383 0163 00       		.byte	0
 384 0164 48       		.byte	72
 385 0165 DE       		.byte	-34
 386 0166 03       		.byte	3
 387 0167 00       		.byte	0
 388 0168 47       		.byte	71
 389 0169 31       		.byte	49
 390 016a 04       		.byte	4
 391 016b 00       		.byte	0
 392 016c 1F       		.byte	31
 393 016d 7B       		.byte	123
 394 016e 04       		.byte	4
 395 016f 00       		.byte	0
 396 0170 6F       		.byte	111
 397 0171 B9       		.byte	-71
 398 0172 04       		.byte	4
 399 0173 00       		.byte	0
ARM GAS  C:\Users\koseki\AppData\Local\Temp\cc05lL5b.s 			page 8


 400 0174 22       		.byte	34
 401 0175 EA       		.byte	-22
 402 0176 04       		.byte	4
 403 0177 00       		.byte	0
 404 0178 91       		.byte	-111
 405 0179 0B       		.byte	11
 406 017a 05       		.byte	5
 407 017b 00       		.byte	0
 408 017c 94       		.byte	-108
 409 017d 1C       		.byte	28
 410 017e 05       		.byte	5
 411 017f 00       		.byte	0
 412 0180 94       		.byte	-108
 413 0181 1C       		.byte	28
 414 0182 05       		.byte	5
 415 0183 00       		.byte	0
 416 0184 91       		.byte	-111
 417 0185 0B       		.byte	11
 418 0186 05       		.byte	5
 419 0187 00       		.byte	0
 420 0188 22       		.byte	34
 421 0189 EA       		.byte	-22
 422 018a 04       		.byte	4
 423 018b 00       		.byte	0
 424 018c 6F       		.byte	111
 425 018d B9       		.byte	-71
 426 018e 04       		.byte	4
 427 018f 00       		.byte	0
 428 0190 1F       		.byte	31
 429 0191 7B       		.byte	123
 430 0192 04       		.byte	4
 431 0193 00       		.byte	0
 432 0194 47       		.byte	71
 433 0195 31       		.byte	49
 434 0196 04       		.byte	4
 435 0197 00       		.byte	0
 436 0198 48       		.byte	72
 437 0199 DE       		.byte	-34
 438 019a 03       		.byte	3
 439 019b 00       		.byte	0
 440 019c B8       		.byte	-72
 441 019d 84       		.byte	-124
 442 019e 03       		.byte	3
 443 019f 00       		.byte	0
 444 01a0 3E       		.byte	62
 445 01a1 27       		.byte	39
 446 01a2 03       		.byte	3
 447 01a3 00       		.byte	0
 448 01a4 76       		.byte	118
 449 01a5 C8       		.byte	-56
 450 01a6 02       		.byte	2
 451 01a7 00       		.byte	0
 452 01a8 D4       		.byte	-44
 453 01a9 6A       		.byte	106
 454 01aa 02       		.byte	2
 455 01ab 00       		.byte	0
 456 01ac 87       		.byte	-121
ARM GAS  C:\Users\koseki\AppData\Local\Temp\cc05lL5b.s 			page 9


 457 01ad 10       		.byte	16
 458 01ae 02       		.byte	2
 459 01af 00       		.byte	0
 460 01b0 6E       		.byte	110
 461 01b1 BB       		.byte	-69
 462 01b2 01       		.byte	1
 463 01b3 00       		.byte	0
 464 01b4 03       		.byte	3
 465 01b5 6D       		.byte	109
 466 01b6 01       		.byte	1
 467 01b7 00       		.byte	0
 468 01b8 56       		.byte	86
 469 01b9 26       		.byte	38
 470 01ba 01       		.byte	1
 471 01bb 00       		.byte	0
 472 01bc 0D       		.byte	13
 473 01bd E8       		.byte	-24
 474 01be 00       		.byte	0
 475 01bf 00       		.byte	0
 476 01c0 6A       		.byte	106
 477 01c1 B2       		.byte	-78
 478 01c2 00       		.byte	0
 479 01c3 00       		.byte	0
 480 01c4 53       		.byte	83
 481 01c5 85       		.byte	-123
 482 01c6 00       		.byte	0
 483 01c7 00       		.byte	0
 484 01c8 61       		.byte	97
 485 01c9 60       		.byte	96
 486 01ca 00       		.byte	0
 487 01cb 00       		.byte	0
 488 01cc F0       		.byte	-16
 489 01cd 42       		.byte	66
 490 01ce 00       		.byte	0
 491 01cf 00       		.byte	0
 492 01d0 30       		.byte	48
 493 01d1 2C       		.byte	44
 494 01d2 00       		.byte	0
 495 01d3 00       		.byte	0
 496 01d4 39       		.byte	57
 497 01d5 1B       		.byte	27
 498 01d6 00       		.byte	0
 499 01d7 00       		.byte	0
 500 01d8 19       		.byte	25
 501 01d9 0F       		.byte	15
 502 01da 00       		.byte	0
 503 01db 00       		.byte	0
 504 01dc E1       		.byte	-31
 505 01dd 06       		.byte	6
 506 01de 00       		.byte	0
 507 01df 00       		.byte	0
 508 01e0 B3       		.byte	-77
 509 01e1 01       		.byte	1
 510 01e2 00       		.byte	0
 511 01e3 00       		.byte	0
 512 01e4 C7       		.byte	-57
 513 01e5 FE       		.byte	-2
ARM GAS  C:\Users\koseki\AppData\Local\Temp\cc05lL5b.s 			page 10


 514 01e6 FF       		.byte	-1
 515 01e7 00       		.byte	0
 516 01e8 71       		.byte	113
 517 01e9 FD       		.byte	-3
 518 01ea FF       		.byte	-1
 519 01eb 00       		.byte	0
 520 01ec 22       		.byte	34
 521 01ed FD       		.byte	-3
 522 01ee FF       		.byte	-1
 523 01ef 00       		.byte	0
 524 01f0 69       		.byte	105
 525 01f1 FD       		.byte	-3
 526 01f2 FF       		.byte	-1
 527 01f3 00       		.byte	0
 528 01f4 EB       		.byte	-21
 529 01f5 FD       		.byte	-3
 530 01f6 FF       		.byte	-1
 531 01f7 00       		.byte	0
 532 01f8 67       		.byte	103
 533 01f9 FE       		.byte	-2
 534 01fa FF       		.byte	-1
 535 01fb 00       		.byte	0
 536 01fc AA       		.byte	-86
 537 01fd FE       		.byte	-2
 538 01fe FF       		.byte	-1
 539 01ff 00       		.byte	0
 540              		.text
 541              	.Letext0:
 542              		.file 1 "Generated_Source\\PSoC5\\Filter_1_Coefficients.c"
 543              		.file 2 "Generated_Source\\PSoC5\\cytypes.h"
 544              		.section	.debug_info,"",%progbits
 545              	.Ldebug_info0:
 546 0000 C4000000 		.4byte	0xc4
 547 0004 0400     		.2byte	0x4
 548 0006 00000000 		.4byte	.Ldebug_abbrev0
 549 000a 04       		.byte	0x4
 550 000b 01       		.uleb128 0x1
 551 000c 79000000 		.4byte	.LASF15
 552 0010 01       		.byte	0x1
 553 0011 4A000000 		.4byte	.LASF16
 554 0015 4B010000 		.4byte	.LASF17
 555 0019 00000000 		.4byte	.Ldebug_line0
 556 001d 02       		.uleb128 0x2
 557 001e 04       		.byte	0x4
 558 001f 05       		.byte	0x5
 559 0020 696E7400 		.ascii	"int\000"
 560 0024 03       		.uleb128 0x3
 561 0025 04       		.byte	0x4
 562 0026 07       		.byte	0x7
 563 0027 0E000000 		.4byte	.LASF0
 564 002b 03       		.uleb128 0x3
 565 002c 01       		.byte	0x1
 566 002d 06       		.byte	0x6
 567 002e C0010000 		.4byte	.LASF1
 568 0032 03       		.uleb128 0x3
 569 0033 01       		.byte	0x1
 570 0034 08       		.byte	0x8
ARM GAS  C:\Users\koseki\AppData\Local\Temp\cc05lL5b.s 			page 11


 571 0035 07010000 		.4byte	.LASF2
 572 0039 03       		.uleb128 0x3
 573 003a 02       		.byte	0x2
 574 003b 05       		.byte	0x5
 575 003c D2010000 		.4byte	.LASF3
 576 0040 03       		.uleb128 0x3
 577 0041 02       		.byte	0x2
 578 0042 07       		.byte	0x7
 579 0043 AD010000 		.4byte	.LASF4
 580 0047 03       		.uleb128 0x3
 581 0048 04       		.byte	0x4
 582 0049 05       		.byte	0x5
 583 004a 1A010000 		.4byte	.LASF5
 584 004e 03       		.uleb128 0x3
 585 004f 04       		.byte	0x4
 586 0050 07       		.byte	0x7
 587 0051 21000000 		.4byte	.LASF6
 588 0055 03       		.uleb128 0x3
 589 0056 08       		.byte	0x8
 590 0057 05       		.byte	0x5
 591 0058 00000000 		.4byte	.LASF7
 592 005c 03       		.uleb128 0x3
 593 005d 08       		.byte	0x8
 594 005e 07       		.byte	0x7
 595 005f 33000000 		.4byte	.LASF8
 596 0063 03       		.uleb128 0x3
 597 0064 04       		.byte	0x4
 598 0065 07       		.byte	0x7
 599 0066 DC010000 		.4byte	.LASF9
 600 006a 03       		.uleb128 0x3
 601 006b 01       		.byte	0x1
 602 006c 08       		.byte	0x8
 603 006d 15010000 		.4byte	.LASF10
 604 0071 04       		.uleb128 0x4
 605 0072 1B000000 		.4byte	.LASF18
 606 0076 02       		.byte	0x2
 607 0077 3801     		.2byte	0x138
 608 0079 32000000 		.4byte	0x32
 609 007d 03       		.uleb128 0x3
 610 007e 04       		.byte	0x4
 611 007f 04       		.byte	0x4
 612 0080 CC010000 		.4byte	.LASF11
 613 0084 03       		.uleb128 0x3
 614 0085 08       		.byte	0x8
 615 0086 04       		.byte	0x4
 616 0087 44010000 		.4byte	.LASF12
 617 008b 05       		.uleb128 0x5
 618 008c 71000000 		.4byte	0x71
 619 0090 9B000000 		.4byte	0x9b
 620 0094 06       		.uleb128 0x6
 621 0095 63000000 		.4byte	0x63
 622 0099 FF       		.byte	0xff
 623 009a 00       		.byte	0
 624 009b 07       		.uleb128 0x7
 625 009c 23010000 		.4byte	.LASF13
 626 00a0 01       		.byte	0x1
 627 00a1 11       		.byte	0x11
ARM GAS  C:\Users\koseki\AppData\Local\Temp\cc05lL5b.s 			page 12


 628 00a2 AC000000 		.4byte	0xac
 629 00a6 05       		.uleb128 0x5
 630 00a7 03       		.byte	0x3
 631 00a8 00000000 		.4byte	Filter_1_ChannelAFirCoefficients
 632 00ac 08       		.uleb128 0x8
 633 00ad 8B000000 		.4byte	0x8b
 634 00b1 07       		.uleb128 0x7
 635 00b2 E5010000 		.4byte	.LASF14
 636 00b6 01       		.byte	0x1
 637 00b7 A1       		.byte	0xa1
 638 00b8 C2000000 		.4byte	0xc2
 639 00bc 05       		.uleb128 0x5
 640 00bd 03       		.byte	0x3
 641 00be 00000000 		.4byte	Filter_1_ChannelBFirCoefficients
 642 00c2 08       		.uleb128 0x8
 643 00c3 8B000000 		.4byte	0x8b
 644 00c7 00       		.byte	0
 645              		.section	.debug_abbrev,"",%progbits
 646              	.Ldebug_abbrev0:
 647 0000 01       		.uleb128 0x1
 648 0001 11       		.uleb128 0x11
 649 0002 01       		.byte	0x1
 650 0003 25       		.uleb128 0x25
 651 0004 0E       		.uleb128 0xe
 652 0005 13       		.uleb128 0x13
 653 0006 0B       		.uleb128 0xb
 654 0007 03       		.uleb128 0x3
 655 0008 0E       		.uleb128 0xe
 656 0009 1B       		.uleb128 0x1b
 657 000a 0E       		.uleb128 0xe
 658 000b 10       		.uleb128 0x10
 659 000c 17       		.uleb128 0x17
 660 000d 00       		.byte	0
 661 000e 00       		.byte	0
 662 000f 02       		.uleb128 0x2
 663 0010 24       		.uleb128 0x24
 664 0011 00       		.byte	0
 665 0012 0B       		.uleb128 0xb
 666 0013 0B       		.uleb128 0xb
 667 0014 3E       		.uleb128 0x3e
 668 0015 0B       		.uleb128 0xb
 669 0016 03       		.uleb128 0x3
 670 0017 08       		.uleb128 0x8
 671 0018 00       		.byte	0
 672 0019 00       		.byte	0
 673 001a 03       		.uleb128 0x3
 674 001b 24       		.uleb128 0x24
 675 001c 00       		.byte	0
 676 001d 0B       		.uleb128 0xb
 677 001e 0B       		.uleb128 0xb
 678 001f 3E       		.uleb128 0x3e
 679 0020 0B       		.uleb128 0xb
 680 0021 03       		.uleb128 0x3
 681 0022 0E       		.uleb128 0xe
 682 0023 00       		.byte	0
 683 0024 00       		.byte	0
 684 0025 04       		.uleb128 0x4
ARM GAS  C:\Users\koseki\AppData\Local\Temp\cc05lL5b.s 			page 13


 685 0026 16       		.uleb128 0x16
 686 0027 00       		.byte	0
 687 0028 03       		.uleb128 0x3
 688 0029 0E       		.uleb128 0xe
 689 002a 3A       		.uleb128 0x3a
 690 002b 0B       		.uleb128 0xb
 691 002c 3B       		.uleb128 0x3b
 692 002d 05       		.uleb128 0x5
 693 002e 49       		.uleb128 0x49
 694 002f 13       		.uleb128 0x13
 695 0030 00       		.byte	0
 696 0031 00       		.byte	0
 697 0032 05       		.uleb128 0x5
 698 0033 01       		.uleb128 0x1
 699 0034 01       		.byte	0x1
 700 0035 49       		.uleb128 0x49
 701 0036 13       		.uleb128 0x13
 702 0037 01       		.uleb128 0x1
 703 0038 13       		.uleb128 0x13
 704 0039 00       		.byte	0
 705 003a 00       		.byte	0
 706 003b 06       		.uleb128 0x6
 707 003c 21       		.uleb128 0x21
 708 003d 00       		.byte	0
 709 003e 49       		.uleb128 0x49
 710 003f 13       		.uleb128 0x13
 711 0040 2F       		.uleb128 0x2f
 712 0041 0B       		.uleb128 0xb
 713 0042 00       		.byte	0
 714 0043 00       		.byte	0
 715 0044 07       		.uleb128 0x7
 716 0045 34       		.uleb128 0x34
 717 0046 00       		.byte	0
 718 0047 03       		.uleb128 0x3
 719 0048 0E       		.uleb128 0xe
 720 0049 3A       		.uleb128 0x3a
 721 004a 0B       		.uleb128 0xb
 722 004b 3B       		.uleb128 0x3b
 723 004c 0B       		.uleb128 0xb
 724 004d 49       		.uleb128 0x49
 725 004e 13       		.uleb128 0x13
 726 004f 3F       		.uleb128 0x3f
 727 0050 19       		.uleb128 0x19
 728 0051 02       		.uleb128 0x2
 729 0052 18       		.uleb128 0x18
 730 0053 00       		.byte	0
 731 0054 00       		.byte	0
 732 0055 08       		.uleb128 0x8
 733 0056 26       		.uleb128 0x26
 734 0057 00       		.byte	0
 735 0058 49       		.uleb128 0x49
 736 0059 13       		.uleb128 0x13
 737 005a 00       		.byte	0
 738 005b 00       		.byte	0
 739 005c 00       		.byte	0
 740              		.section	.debug_aranges,"",%progbits
 741 0000 14000000 		.4byte	0x14
ARM GAS  C:\Users\koseki\AppData\Local\Temp\cc05lL5b.s 			page 14


 742 0004 0200     		.2byte	0x2
 743 0006 00000000 		.4byte	.Ldebug_info0
 744 000a 04       		.byte	0x4
 745 000b 00       		.byte	0
 746 000c 0000     		.2byte	0
 747 000e 0000     		.2byte	0
 748 0010 00000000 		.4byte	0
 749 0014 00000000 		.4byte	0
 750              		.section	.debug_line,"",%progbits
 751              	.Ldebug_line0:
 752 0000 58000000 		.section	.debug_str,"MS",%progbits,1
 752      02005200 
 752      00000201 
 752      FB0E0D00 
 752      01010101 
 753              	.LASF7:
 754 0000 6C6F6E67 		.ascii	"long long int\000"
 754      206C6F6E 
 754      6720696E 
 754      7400
 755              	.LASF0:
 756 000e 756E7369 		.ascii	"unsigned int\000"
 756      676E6564 
 756      20696E74 
 756      00
 757              	.LASF18:
 758 001b 75696E74 		.ascii	"uint8\000"
 758      3800
 759              	.LASF6:
 760 0021 6C6F6E67 		.ascii	"long unsigned int\000"
 760      20756E73 
 760      69676E65 
 760      6420696E 
 760      7400
 761              	.LASF8:
 762 0033 6C6F6E67 		.ascii	"long long unsigned int\000"
 762      206C6F6E 
 762      6720756E 
 762      7369676E 
 762      65642069 
 763              	.LASF16:
 764 004a 47656E65 		.ascii	"Generated_Source\\PSoC5\\Filter_1_Coefficients.c\000"
 764      72617465 
 764      645F536F 
 764      75726365 
 764      5C50536F 
 765              	.LASF15:
 766 0079 474E5520 		.ascii	"GNU C 4.9.3 20150303 (release) [ARM/embedded-4_9-br"
 766      4320342E 
 766      392E3320 
 766      32303135 
 766      30333033 
 767 00ac 616E6368 		.ascii	"anch revision 221220] -mcpu=cortex-m3 -mthumb -g -O"
 767      20726576 
 767      6973696F 
 767      6E203232 
 767      31323230 
ARM GAS  C:\Users\koseki\AppData\Local\Temp\cc05lL5b.s 			page 15


 768 00df 67202D66 		.ascii	"g -ffunction-sections -ffat-lto-objects\000"
 768      66756E63 
 768      74696F6E 
 768      2D736563 
 768      74696F6E 
 769              	.LASF2:
 770 0107 756E7369 		.ascii	"unsigned char\000"
 770      676E6564 
 770      20636861 
 770      7200
 771              	.LASF10:
 772 0115 63686172 		.ascii	"char\000"
 772      00
 773              	.LASF5:
 774 011a 6C6F6E67 		.ascii	"long int\000"
 774      20696E74 
 774      00
 775              	.LASF13:
 776 0123 46696C74 		.ascii	"Filter_1_ChannelAFirCoefficients\000"
 776      65725F31 
 776      5F436861 
 776      6E6E656C 
 776      41466972 
 777              	.LASF12:
 778 0144 646F7562 		.ascii	"double\000"
 778      6C6500
 779              	.LASF17:
 780 014b 453A5C50 		.ascii	"E:\\PSoC_Creator\\CY8CKIT-059\\CY8CKIT-059_Simple_S"
 780      536F435F 
 780      43726561 
 780      746F725C 
 780      43593843 
 781 017b 44525F52 		.ascii	"DR_Receiver\\CY8CKIT-059_Simple_SDR_Receiver.cydsn\000"
 781      65636569 
 781      7665725C 
 781      43593843 
 781      4B49542D 
 782              	.LASF4:
 783 01ad 73686F72 		.ascii	"short unsigned int\000"
 783      7420756E 
 783      7369676E 
 783      65642069 
 783      6E7400
 784              	.LASF1:
 785 01c0 7369676E 		.ascii	"signed char\000"
 785      65642063 
 785      68617200 
 786              	.LASF11:
 787 01cc 666C6F61 		.ascii	"float\000"
 787      7400
 788              	.LASF3:
 789 01d2 73686F72 		.ascii	"short int\000"
 789      7420696E 
 789      7400
 790              	.LASF9:
 791 01dc 73697A65 		.ascii	"sizetype\000"
 791      74797065 
ARM GAS  C:\Users\koseki\AppData\Local\Temp\cc05lL5b.s 			page 16


 791      00
 792              	.LASF14:
 793 01e5 46696C74 		.ascii	"Filter_1_ChannelBFirCoefficients\000"
 793      65725F31 
 793      5F436861 
 793      6E6E656C 
 793      42466972 
 794              		.ident	"GCC: (GNU Tools for ARM Embedded Processors) 4.9.3 20150303 (release) [ARM/embedded-4_9-br
