ARM GAS  C:\Users\koseki\AppData\Local\Temp\ccpVJcQg.s 			page 1


   1              		.syntax unified
   2              		.cpu cortex-m3
   3              		.fpu softvfp
   4              		.eabi_attribute 20, 1
   5              		.eabi_attribute 21, 1
   6              		.eabi_attribute 23, 3
   7              		.eabi_attribute 24, 1
   8              		.eabi_attribute 25, 1
   9              		.eabi_attribute 26, 1
  10              		.eabi_attribute 30, 1
  11              		.eabi_attribute 34, 1
  12              		.eabi_attribute 18, 4
  13              		.thumb
  14              		.file	"Mixer_1_PM.c"
  15              		.text
  16              	.Ltext0:
  17              		.cfi_sections	.debug_frame
  18              		.section	.text.Mixer_1_SaveConfig,"ax",%progbits
  19              		.align	2
  20              		.global	Mixer_1_SaveConfig
  21              		.thumb
  22              		.thumb_func
  23              		.type	Mixer_1_SaveConfig, %function
  24              	Mixer_1_SaveConfig:
  25              	.LFB0:
  26              		.file 1 ".\\Generated_Source\\PSoC5\\Mixer_1_PM.c"
   1:.\Generated_Source\PSoC5/Mixer_1_PM.c **** /*******************************************************************************
   2:.\Generated_Source\PSoC5/Mixer_1_PM.c **** * File Name: Mixer_1_PM.c  
   3:.\Generated_Source\PSoC5/Mixer_1_PM.c **** * Version 2.0
   4:.\Generated_Source\PSoC5/Mixer_1_PM.c **** *
   5:.\Generated_Source\PSoC5/Mixer_1_PM.c **** * Description:
   6:.\Generated_Source\PSoC5/Mixer_1_PM.c **** *  This file provides the power manager source code to the API for 
   7:.\Generated_Source\PSoC5/Mixer_1_PM.c **** *  the MIXER component.
   8:.\Generated_Source\PSoC5/Mixer_1_PM.c **** *
   9:.\Generated_Source\PSoC5/Mixer_1_PM.c **** * Note:
  10:.\Generated_Source\PSoC5/Mixer_1_PM.c **** *
  11:.\Generated_Source\PSoC5/Mixer_1_PM.c **** *******************************************************************************
  12:.\Generated_Source\PSoC5/Mixer_1_PM.c **** * Copyright 2008-2012, Cypress Semiconductor Corporation.  All rights reserved.
  13:.\Generated_Source\PSoC5/Mixer_1_PM.c **** * You may use this file only in accordance with the license, terms, conditions, 
  14:.\Generated_Source\PSoC5/Mixer_1_PM.c **** * disclaimers, and limitations in the end user license agreement accompanying 
  15:.\Generated_Source\PSoC5/Mixer_1_PM.c **** * the software package with which this file was provided.
  16:.\Generated_Source\PSoC5/Mixer_1_PM.c **** *******************************************************************************/
  17:.\Generated_Source\PSoC5/Mixer_1_PM.c **** 
  18:.\Generated_Source\PSoC5/Mixer_1_PM.c **** #include "Mixer_1.h"
  19:.\Generated_Source\PSoC5/Mixer_1_PM.c **** 
  20:.\Generated_Source\PSoC5/Mixer_1_PM.c **** static Mixer_1_backupStruct  Mixer_1_backup;
  21:.\Generated_Source\PSoC5/Mixer_1_PM.c **** 
  22:.\Generated_Source\PSoC5/Mixer_1_PM.c **** 
  23:.\Generated_Source\PSoC5/Mixer_1_PM.c **** /*******************************************************************************
  24:.\Generated_Source\PSoC5/Mixer_1_PM.c **** * Function Name: Mixer_1_SaveConfig
  25:.\Generated_Source\PSoC5/Mixer_1_PM.c **** ********************************************************************************
  26:.\Generated_Source\PSoC5/Mixer_1_PM.c **** *
  27:.\Generated_Source\PSoC5/Mixer_1_PM.c **** * Summary:
  28:.\Generated_Source\PSoC5/Mixer_1_PM.c **** *  Saves the current user configuration.
  29:.\Generated_Source\PSoC5/Mixer_1_PM.c **** *  
  30:.\Generated_Source\PSoC5/Mixer_1_PM.c **** * Parameters:  
  31:.\Generated_Source\PSoC5/Mixer_1_PM.c **** *  void.
ARM GAS  C:\Users\koseki\AppData\Local\Temp\ccpVJcQg.s 			page 2


  32:.\Generated_Source\PSoC5/Mixer_1_PM.c **** *
  33:.\Generated_Source\PSoC5/Mixer_1_PM.c **** * Return: 
  34:.\Generated_Source\PSoC5/Mixer_1_PM.c **** *  void.
  35:.\Generated_Source\PSoC5/Mixer_1_PM.c **** *
  36:.\Generated_Source\PSoC5/Mixer_1_PM.c **** *******************************************************************************/
  37:.\Generated_Source\PSoC5/Mixer_1_PM.c **** void Mixer_1_SaveConfig(void) 
  38:.\Generated_Source\PSoC5/Mixer_1_PM.c **** {
  27              		.loc 1 38 0
  28              		.cfi_startproc
  29              		@ args = 0, pretend = 0, frame = 0
  30              		@ frame_needed = 0, uses_anonymous_args = 0
  31              		@ link register save eliminated.
  32 0000 7047     		bx	lr
  33              		.cfi_endproc
  34              	.LFE0:
  35              		.size	Mixer_1_SaveConfig, .-Mixer_1_SaveConfig
  36 0002 00BF     		.section	.text.Mixer_1_RestoreConfig,"ax",%progbits
  37              		.align	2
  38              		.global	Mixer_1_RestoreConfig
  39              		.thumb
  40              		.thumb_func
  41              		.type	Mixer_1_RestoreConfig, %function
  42              	Mixer_1_RestoreConfig:
  43              	.LFB1:
  39:.\Generated_Source\PSoC5/Mixer_1_PM.c ****     /* Nothing to save before entering into sleep mode as all the registers used 
  40:.\Generated_Source\PSoC5/Mixer_1_PM.c ****        here are retension registers. */
  41:.\Generated_Source\PSoC5/Mixer_1_PM.c **** }
  42:.\Generated_Source\PSoC5/Mixer_1_PM.c **** 
  43:.\Generated_Source\PSoC5/Mixer_1_PM.c **** 
  44:.\Generated_Source\PSoC5/Mixer_1_PM.c **** /*******************************************************************************
  45:.\Generated_Source\PSoC5/Mixer_1_PM.c **** * Function Name: Mixer_1_RestoreConfig
  46:.\Generated_Source\PSoC5/Mixer_1_PM.c **** ********************************************************************************
  47:.\Generated_Source\PSoC5/Mixer_1_PM.c **** *
  48:.\Generated_Source\PSoC5/Mixer_1_PM.c **** * Summary:
  49:.\Generated_Source\PSoC5/Mixer_1_PM.c **** *  Restores the current user configuration.
  50:.\Generated_Source\PSoC5/Mixer_1_PM.c **** *
  51:.\Generated_Source\PSoC5/Mixer_1_PM.c **** * Parameters:  
  52:.\Generated_Source\PSoC5/Mixer_1_PM.c **** *  void.
  53:.\Generated_Source\PSoC5/Mixer_1_PM.c **** *
  54:.\Generated_Source\PSoC5/Mixer_1_PM.c **** * Return: 
  55:.\Generated_Source\PSoC5/Mixer_1_PM.c **** *  void
  56:.\Generated_Source\PSoC5/Mixer_1_PM.c **** *
  57:.\Generated_Source\PSoC5/Mixer_1_PM.c **** *******************************************************************************/
  58:.\Generated_Source\PSoC5/Mixer_1_PM.c **** void Mixer_1_RestoreConfig(void) 
  59:.\Generated_Source\PSoC5/Mixer_1_PM.c **** {
  44              		.loc 1 59 0
  45              		.cfi_startproc
  46              		@ args = 0, pretend = 0, frame = 0
  47              		@ frame_needed = 0, uses_anonymous_args = 0
  48              		@ link register save eliminated.
  49 0000 7047     		bx	lr
  50              		.cfi_endproc
  51              	.LFE1:
  52              		.size	Mixer_1_RestoreConfig, .-Mixer_1_RestoreConfig
  53 0002 00BF     		.section	.text.Mixer_1_Sleep,"ax",%progbits
  54              		.align	2
  55              		.global	Mixer_1_Sleep
ARM GAS  C:\Users\koseki\AppData\Local\Temp\ccpVJcQg.s 			page 3


  56              		.thumb
  57              		.thumb_func
  58              		.type	Mixer_1_Sleep, %function
  59              	Mixer_1_Sleep:
  60              	.LFB2:
  60:.\Generated_Source\PSoC5/Mixer_1_PM.c ****     /* Nothing to restore */
  61:.\Generated_Source\PSoC5/Mixer_1_PM.c **** }
  62:.\Generated_Source\PSoC5/Mixer_1_PM.c **** 
  63:.\Generated_Source\PSoC5/Mixer_1_PM.c **** 
  64:.\Generated_Source\PSoC5/Mixer_1_PM.c **** /*******************************************************************************
  65:.\Generated_Source\PSoC5/Mixer_1_PM.c **** * Function Name: Mixer_1_Sleep
  66:.\Generated_Source\PSoC5/Mixer_1_PM.c **** ********************************************************************************
  67:.\Generated_Source\PSoC5/Mixer_1_PM.c **** *
  68:.\Generated_Source\PSoC5/Mixer_1_PM.c **** * Summary:
  69:.\Generated_Source\PSoC5/Mixer_1_PM.c **** *  Disables block's operation and saves its configuration. Should be called 
  70:.\Generated_Source\PSoC5/Mixer_1_PM.c **** *  just prior to entering sleep.
  71:.\Generated_Source\PSoC5/Mixer_1_PM.c **** *  
  72:.\Generated_Source\PSoC5/Mixer_1_PM.c **** * Parameters:  
  73:.\Generated_Source\PSoC5/Mixer_1_PM.c **** *  None
  74:.\Generated_Source\PSoC5/Mixer_1_PM.c **** *
  75:.\Generated_Source\PSoC5/Mixer_1_PM.c **** * Return: 
  76:.\Generated_Source\PSoC5/Mixer_1_PM.c **** *  None
  77:.\Generated_Source\PSoC5/Mixer_1_PM.c **** *
  78:.\Generated_Source\PSoC5/Mixer_1_PM.c **** * Global variables:
  79:.\Generated_Source\PSoC5/Mixer_1_PM.c **** *  Mixer_1_backup:  The structure field 'enableState' is modified 
  80:.\Generated_Source\PSoC5/Mixer_1_PM.c **** *  depending on the enable state of the block before entering to sleep mode.
  81:.\Generated_Source\PSoC5/Mixer_1_PM.c **** *
  82:.\Generated_Source\PSoC5/Mixer_1_PM.c **** *******************************************************************************/
  83:.\Generated_Source\PSoC5/Mixer_1_PM.c **** void Mixer_1_Sleep(void) 
  84:.\Generated_Source\PSoC5/Mixer_1_PM.c **** {
  61              		.loc 1 84 0
  62              		.cfi_startproc
  63              		@ args = 0, pretend = 0, frame = 0
  64              		@ frame_needed = 0, uses_anonymous_args = 0
  65              		.loc 1 84 0
  66 0000 08B5     		push	{r3, lr}
  67              		.cfi_def_cfa_offset 8
  68              		.cfi_offset 3, -8
  69              		.cfi_offset 14, -4
  85:.\Generated_Source\PSoC5/Mixer_1_PM.c ****     /* Save Mixer enable state */
  86:.\Generated_Source\PSoC5/Mixer_1_PM.c ****     if((Mixer_1_PM_ACT_CFG_REG & Mixer_1_ACT_PWR_EN) != 0u)
  70              		.loc 1 86 0
  71 0002 074B     		ldr	r3, .L7
  72 0004 1B78     		ldrb	r3, [r3]	@ zero_extendqisi2
  73 0006 13F0080F 		tst	r3, #8
  74 000a 05D0     		beq	.L4
  87:.\Generated_Source\PSoC5/Mixer_1_PM.c ****     {
  88:.\Generated_Source\PSoC5/Mixer_1_PM.c ****         /* Component is enabled */
  89:.\Generated_Source\PSoC5/Mixer_1_PM.c ****         Mixer_1_backup.enableState = 1u;
  75              		.loc 1 89 0
  76 000c 0122     		movs	r2, #1
  77 000e 054B     		ldr	r3, .L7+4
  78 0010 1A70     		strb	r2, [r3]
  90:.\Generated_Source\PSoC5/Mixer_1_PM.c ****         /* Stop the configuration */
  91:.\Generated_Source\PSoC5/Mixer_1_PM.c ****         Mixer_1_Stop();
  79              		.loc 1 91 0
  80 0012 FFF7FEFF 		bl	Mixer_1_Stop
ARM GAS  C:\Users\koseki\AppData\Local\Temp\ccpVJcQg.s 			page 4


  81              	.LVL0:
  82 0016 08BD     		pop	{r3, pc}
  83              	.L4:
  92:.\Generated_Source\PSoC5/Mixer_1_PM.c ****     }
  93:.\Generated_Source\PSoC5/Mixer_1_PM.c ****     else
  94:.\Generated_Source\PSoC5/Mixer_1_PM.c ****     {
  95:.\Generated_Source\PSoC5/Mixer_1_PM.c ****         /* Component is disabled */
  96:.\Generated_Source\PSoC5/Mixer_1_PM.c ****         Mixer_1_backup.enableState = 0u;
  84              		.loc 1 96 0
  85 0018 0022     		movs	r2, #0
  86 001a 024B     		ldr	r3, .L7+4
  87 001c 1A70     		strb	r2, [r3]
  88 001e 08BD     		pop	{r3, pc}
  89              	.L8:
  90              		.align	2
  91              	.L7:
  92 0020 A9430040 		.word	1073759145
  93 0024 00000000 		.word	.LANCHOR0
  94              		.cfi_endproc
  95              	.LFE2:
  96              		.size	Mixer_1_Sleep, .-Mixer_1_Sleep
  97              		.section	.text.Mixer_1_Wakeup,"ax",%progbits
  98              		.align	2
  99              		.global	Mixer_1_Wakeup
 100              		.thumb
 101              		.thumb_func
 102              		.type	Mixer_1_Wakeup, %function
 103              	Mixer_1_Wakeup:
 104              	.LFB3:
  97:.\Generated_Source\PSoC5/Mixer_1_PM.c ****     }
  98:.\Generated_Source\PSoC5/Mixer_1_PM.c ****     /* Saves the user configuration */
  99:.\Generated_Source\PSoC5/Mixer_1_PM.c ****     Mixer_1_SaveConfig();
 100:.\Generated_Source\PSoC5/Mixer_1_PM.c **** }
 101:.\Generated_Source\PSoC5/Mixer_1_PM.c **** 
 102:.\Generated_Source\PSoC5/Mixer_1_PM.c **** 
 103:.\Generated_Source\PSoC5/Mixer_1_PM.c **** /*******************************************************************************
 104:.\Generated_Source\PSoC5/Mixer_1_PM.c **** * Function Name: Mixer_1_Wakeup
 105:.\Generated_Source\PSoC5/Mixer_1_PM.c **** ********************************************************************************
 106:.\Generated_Source\PSoC5/Mixer_1_PM.c **** *
 107:.\Generated_Source\PSoC5/Mixer_1_PM.c **** * Summary:
 108:.\Generated_Source\PSoC5/Mixer_1_PM.c **** *  Enables block's operation and restores its configuration. Should be called
 109:.\Generated_Source\PSoC5/Mixer_1_PM.c **** *  just after awaking from sleep.
 110:.\Generated_Source\PSoC5/Mixer_1_PM.c **** *  
 111:.\Generated_Source\PSoC5/Mixer_1_PM.c **** * Parameters:  
 112:.\Generated_Source\PSoC5/Mixer_1_PM.c **** *  None
 113:.\Generated_Source\PSoC5/Mixer_1_PM.c **** *
 114:.\Generated_Source\PSoC5/Mixer_1_PM.c **** * Return: 
 115:.\Generated_Source\PSoC5/Mixer_1_PM.c **** *  void
 116:.\Generated_Source\PSoC5/Mixer_1_PM.c **** *
 117:.\Generated_Source\PSoC5/Mixer_1_PM.c **** * Global variables:
 118:.\Generated_Source\PSoC5/Mixer_1_PM.c **** *  Mixer_1_backup:  The structure field 'enableState' is used to 
 119:.\Generated_Source\PSoC5/Mixer_1_PM.c **** *  restore the enable state of block after wakeup from sleep mode.
 120:.\Generated_Source\PSoC5/Mixer_1_PM.c **** *
 121:.\Generated_Source\PSoC5/Mixer_1_PM.c **** *******************************************************************************/
 122:.\Generated_Source\PSoC5/Mixer_1_PM.c **** void Mixer_1_Wakeup(void) 
 123:.\Generated_Source\PSoC5/Mixer_1_PM.c **** {
 105              		.loc 1 123 0
ARM GAS  C:\Users\koseki\AppData\Local\Temp\ccpVJcQg.s 			page 5


 106              		.cfi_startproc
 107              		@ args = 0, pretend = 0, frame = 0
 108              		@ frame_needed = 0, uses_anonymous_args = 0
 109 0000 08B5     		push	{r3, lr}
 110              		.cfi_def_cfa_offset 8
 111              		.cfi_offset 3, -8
 112              		.cfi_offset 14, -4
 124:.\Generated_Source\PSoC5/Mixer_1_PM.c ****     /* Restore the user configuration */
 125:.\Generated_Source\PSoC5/Mixer_1_PM.c ****     Mixer_1_RestoreConfig();
 126:.\Generated_Source\PSoC5/Mixer_1_PM.c ****     
 127:.\Generated_Source\PSoC5/Mixer_1_PM.c ****     /* Enable's the component operation */
 128:.\Generated_Source\PSoC5/Mixer_1_PM.c ****     if(Mixer_1_backup.enableState == 1u)
 113              		.loc 1 128 0
 114 0002 034B     		ldr	r3, .L12
 115 0004 1B78     		ldrb	r3, [r3]	@ zero_extendqisi2
 116 0006 012B     		cmp	r3, #1
 117 0008 01D1     		bne	.L9
 129:.\Generated_Source\PSoC5/Mixer_1_PM.c ****     {
 130:.\Generated_Source\PSoC5/Mixer_1_PM.c ****         Mixer_1_Enable();
 118              		.loc 1 130 0
 119 000a FFF7FEFF 		bl	Mixer_1_Enable
 120              	.LVL1:
 121              	.L9:
 122 000e 08BD     		pop	{r3, pc}
 123              	.L13:
 124              		.align	2
 125              	.L12:
 126 0010 00000000 		.word	.LANCHOR0
 127              		.cfi_endproc
 128              	.LFE3:
 129              		.size	Mixer_1_Wakeup, .-Mixer_1_Wakeup
 130              		.bss
 131              		.align	2
 132              		.set	.LANCHOR0,. + 0
 133              		.type	Mixer_1_backup, %object
 134              		.size	Mixer_1_backup, 4
 135              	Mixer_1_backup:
 136 0000 00000000 		.space	4
 137              		.text
 138              	.Letext0:
 139              		.file 2 ".\\Generated_Source\\PSoC5\\cytypes.h"
 140              		.file 3 ".\\Generated_Source\\PSoC5\\Mixer_1.h"
 141              		.section	.debug_info,"",%progbits
 142              	.Ldebug_info0:
 143 0000 64010000 		.4byte	0x164
 144 0004 0400     		.2byte	0x4
 145 0006 00000000 		.4byte	.Ldebug_abbrev0
 146 000a 04       		.byte	0x4
 147 000b 01       		.uleb128 0x1
 148 000c FB000000 		.4byte	.LASF26
 149 0010 01       		.byte	0x1
 150 0011 F6010000 		.4byte	.LASF27
 151 0015 50000000 		.4byte	.LASF28
 152 0019 00000000 		.4byte	.Ldebug_ranges0+0
 153 001d 00000000 		.4byte	0
 154 0021 00000000 		.4byte	.Ldebug_line0
 155 0025 02       		.uleb128 0x2
ARM GAS  C:\Users\koseki\AppData\Local\Temp\ccpVJcQg.s 			page 6


 156 0026 01       		.byte	0x1
 157 0027 06       		.byte	0x6
 158 0028 3B020000 		.4byte	.LASF0
 159 002c 02       		.uleb128 0x2
 160 002d 01       		.byte	0x1
 161 002e 08       		.byte	0x8
 162 002f AA000000 		.4byte	.LASF1
 163 0033 02       		.uleb128 0x2
 164 0034 02       		.byte	0x2
 165 0035 05       		.byte	0x5
 166 0036 1C020000 		.4byte	.LASF2
 167 003a 02       		.uleb128 0x2
 168 003b 02       		.byte	0x2
 169 003c 07       		.byte	0x7
 170 003d 0F000000 		.4byte	.LASF3
 171 0041 02       		.uleb128 0x2
 172 0042 04       		.byte	0x4
 173 0043 05       		.byte	0x5
 174 0044 26020000 		.4byte	.LASF4
 175 0048 02       		.uleb128 0x2
 176 0049 04       		.byte	0x4
 177 004a 07       		.byte	0x7
 178 004b BD000000 		.4byte	.LASF5
 179 004f 02       		.uleb128 0x2
 180 0050 08       		.byte	0x8
 181 0051 05       		.byte	0x5
 182 0052 DA010000 		.4byte	.LASF6
 183 0056 02       		.uleb128 0x2
 184 0057 08       		.byte	0x8
 185 0058 07       		.byte	0x7
 186 0059 A5010000 		.4byte	.LASF7
 187 005d 03       		.uleb128 0x3
 188 005e 04       		.byte	0x4
 189 005f 05       		.byte	0x5
 190 0060 696E7400 		.ascii	"int\000"
 191 0064 02       		.uleb128 0x2
 192 0065 04       		.byte	0x4
 193 0066 07       		.byte	0x7
 194 0067 89010000 		.4byte	.LASF8
 195 006b 04       		.uleb128 0x4
 196 006c CF000000 		.4byte	.LASF12
 197 0070 02       		.byte	0x2
 198 0071 3801     		.2byte	0x138
 199 0073 2C000000 		.4byte	0x2c
 200 0077 02       		.uleb128 0x2
 201 0078 04       		.byte	0x4
 202 0079 04       		.byte	0x4
 203 007a A4000000 		.4byte	.LASF9
 204 007e 02       		.uleb128 0x2
 205 007f 08       		.byte	0x8
 206 0080 04       		.byte	0x4
 207 0081 D5000000 		.4byte	.LASF10
 208 0085 02       		.uleb128 0x2
 209 0086 01       		.byte	0x1
 210 0087 08       		.byte	0x8
 211 0088 F1010000 		.4byte	.LASF11
 212 008c 04       		.uleb128 0x4
ARM GAS  C:\Users\koseki\AppData\Local\Temp\ccpVJcQg.s 			page 7


 213 008d B8000000 		.4byte	.LASF13
 214 0091 02       		.byte	0x2
 215 0092 E201     		.2byte	0x1e2
 216 0094 98000000 		.4byte	0x98
 217 0098 05       		.uleb128 0x5
 218 0099 6B000000 		.4byte	0x6b
 219 009d 02       		.uleb128 0x2
 220 009e 04       		.byte	0x4
 221 009f 07       		.byte	0x7
 222 00a0 D1010000 		.4byte	.LASF14
 223 00a4 06       		.uleb128 0x6
 224 00a5 04       		.byte	0x4
 225 00a6 03       		.byte	0x3
 226 00a7 2E       		.byte	0x2e
 227 00a8 DD000000 		.4byte	0xdd
 228 00ac 07       		.uleb128 0x7
 229 00ad 2F020000 		.4byte	.LASF15
 230 00b1 03       		.byte	0x3
 231 00b2 30       		.byte	0x30
 232 00b3 6B000000 		.4byte	0x6b
 233 00b7 00       		.byte	0
 234 00b8 07       		.uleb128 0x7
 235 00b9 F2000000 		.4byte	.LASF16
 236 00bd 03       		.byte	0x3
 237 00be 31       		.byte	0x31
 238 00bf 6B000000 		.4byte	0x6b
 239 00c3 01       		.byte	0x1
 240 00c4 07       		.uleb128 0x7
 241 00c5 E8010000 		.4byte	.LASF17
 242 00c9 03       		.byte	0x3
 243 00ca 32       		.byte	0x32
 244 00cb 6B000000 		.4byte	0x6b
 245 00cf 02       		.byte	0x2
 246 00d0 07       		.uleb128 0x7
 247 00d1 56020000 		.4byte	.LASF18
 248 00d5 03       		.byte	0x3
 249 00d6 33       		.byte	0x33
 250 00d7 6B000000 		.4byte	0x6b
 251 00db 03       		.byte	0x3
 252 00dc 00       		.byte	0
 253 00dd 08       		.uleb128 0x8
 254 00de BC010000 		.4byte	.LASF19
 255 00e2 03       		.byte	0x3
 256 00e3 34       		.byte	0x34
 257 00e4 A4000000 		.4byte	0xa4
 258 00e8 09       		.uleb128 0x9
 259 00e9 22000000 		.4byte	.LASF20
 260 00ed 01       		.byte	0x1
 261 00ee 25       		.byte	0x25
 262 00ef 00000000 		.4byte	.LFB0
 263 00f3 02000000 		.4byte	.LFE0-.LFB0
 264 00f7 01       		.uleb128 0x1
 265 00f8 9C       		.byte	0x9c
 266 00f9 09       		.uleb128 0x9
 267 00fa DC000000 		.4byte	.LASF21
 268 00fe 01       		.byte	0x1
 269 00ff 3A       		.byte	0x3a
ARM GAS  C:\Users\koseki\AppData\Local\Temp\ccpVJcQg.s 			page 8


 270 0100 00000000 		.4byte	.LFB1
 271 0104 02000000 		.4byte	.LFE1-.LFB1
 272 0108 01       		.uleb128 0x1
 273 0109 9C       		.byte	0x9c
 274 010a 0A       		.uleb128 0xa
 275 010b 35000000 		.4byte	.LASF22
 276 010f 01       		.byte	0x1
 277 0110 53       		.byte	0x53
 278 0111 00000000 		.4byte	.LFB2
 279 0115 28000000 		.4byte	.LFE2-.LFB2
 280 0119 01       		.uleb128 0x1
 281 011a 9C       		.byte	0x9c
 282 011b 29010000 		.4byte	0x129
 283 011f 0B       		.uleb128 0xb
 284 0120 16000000 		.4byte	.LVL0
 285 0124 59010000 		.4byte	0x159
 286 0128 00       		.byte	0
 287 0129 0A       		.uleb128 0xa
 288 012a 00000000 		.4byte	.LASF23
 289 012e 01       		.byte	0x1
 290 012f 7A       		.byte	0x7a
 291 0130 00000000 		.4byte	.LFB3
 292 0134 14000000 		.4byte	.LFE3-.LFB3
 293 0138 01       		.uleb128 0x1
 294 0139 9C       		.byte	0x9c
 295 013a 48010000 		.4byte	0x148
 296 013e 0B       		.uleb128 0xb
 297 013f 0E000000 		.4byte	.LVL1
 298 0143 60010000 		.4byte	0x160
 299 0147 00       		.byte	0
 300 0148 0C       		.uleb128 0xc
 301 0149 47020000 		.4byte	.LASF29
 302 014d 01       		.byte	0x1
 303 014e 14       		.byte	0x14
 304 014f DD000000 		.4byte	0xdd
 305 0153 05       		.uleb128 0x5
 306 0154 03       		.byte	0x3
 307 0155 00000000 		.4byte	Mixer_1_backup
 308 0159 0D       		.uleb128 0xd
 309 015a 43000000 		.4byte	.LASF24
 310 015e 03       		.byte	0x3
 311 015f 3E       		.byte	0x3e
 312 0160 0D       		.uleb128 0xd
 313 0161 96010000 		.4byte	.LASF25
 314 0165 03       		.byte	0x3
 315 0166 45       		.byte	0x45
 316 0167 00       		.byte	0
 317              		.section	.debug_abbrev,"",%progbits
 318              	.Ldebug_abbrev0:
 319 0000 01       		.uleb128 0x1
 320 0001 11       		.uleb128 0x11
 321 0002 01       		.byte	0x1
 322 0003 25       		.uleb128 0x25
 323 0004 0E       		.uleb128 0xe
 324 0005 13       		.uleb128 0x13
 325 0006 0B       		.uleb128 0xb
 326 0007 03       		.uleb128 0x3
ARM GAS  C:\Users\koseki\AppData\Local\Temp\ccpVJcQg.s 			page 9


 327 0008 0E       		.uleb128 0xe
 328 0009 1B       		.uleb128 0x1b
 329 000a 0E       		.uleb128 0xe
 330 000b 55       		.uleb128 0x55
 331 000c 17       		.uleb128 0x17
 332 000d 11       		.uleb128 0x11
 333 000e 01       		.uleb128 0x1
 334 000f 10       		.uleb128 0x10
 335 0010 17       		.uleb128 0x17
 336 0011 00       		.byte	0
 337 0012 00       		.byte	0
 338 0013 02       		.uleb128 0x2
 339 0014 24       		.uleb128 0x24
 340 0015 00       		.byte	0
 341 0016 0B       		.uleb128 0xb
 342 0017 0B       		.uleb128 0xb
 343 0018 3E       		.uleb128 0x3e
 344 0019 0B       		.uleb128 0xb
 345 001a 03       		.uleb128 0x3
 346 001b 0E       		.uleb128 0xe
 347 001c 00       		.byte	0
 348 001d 00       		.byte	0
 349 001e 03       		.uleb128 0x3
 350 001f 24       		.uleb128 0x24
 351 0020 00       		.byte	0
 352 0021 0B       		.uleb128 0xb
 353 0022 0B       		.uleb128 0xb
 354 0023 3E       		.uleb128 0x3e
 355 0024 0B       		.uleb128 0xb
 356 0025 03       		.uleb128 0x3
 357 0026 08       		.uleb128 0x8
 358 0027 00       		.byte	0
 359 0028 00       		.byte	0
 360 0029 04       		.uleb128 0x4
 361 002a 16       		.uleb128 0x16
 362 002b 00       		.byte	0
 363 002c 03       		.uleb128 0x3
 364 002d 0E       		.uleb128 0xe
 365 002e 3A       		.uleb128 0x3a
 366 002f 0B       		.uleb128 0xb
 367 0030 3B       		.uleb128 0x3b
 368 0031 05       		.uleb128 0x5
 369 0032 49       		.uleb128 0x49
 370 0033 13       		.uleb128 0x13
 371 0034 00       		.byte	0
 372 0035 00       		.byte	0
 373 0036 05       		.uleb128 0x5
 374 0037 35       		.uleb128 0x35
 375 0038 00       		.byte	0
 376 0039 49       		.uleb128 0x49
 377 003a 13       		.uleb128 0x13
 378 003b 00       		.byte	0
 379 003c 00       		.byte	0
 380 003d 06       		.uleb128 0x6
 381 003e 13       		.uleb128 0x13
 382 003f 01       		.byte	0x1
 383 0040 0B       		.uleb128 0xb
ARM GAS  C:\Users\koseki\AppData\Local\Temp\ccpVJcQg.s 			page 10


 384 0041 0B       		.uleb128 0xb
 385 0042 3A       		.uleb128 0x3a
 386 0043 0B       		.uleb128 0xb
 387 0044 3B       		.uleb128 0x3b
 388 0045 0B       		.uleb128 0xb
 389 0046 01       		.uleb128 0x1
 390 0047 13       		.uleb128 0x13
 391 0048 00       		.byte	0
 392 0049 00       		.byte	0
 393 004a 07       		.uleb128 0x7
 394 004b 0D       		.uleb128 0xd
 395 004c 00       		.byte	0
 396 004d 03       		.uleb128 0x3
 397 004e 0E       		.uleb128 0xe
 398 004f 3A       		.uleb128 0x3a
 399 0050 0B       		.uleb128 0xb
 400 0051 3B       		.uleb128 0x3b
 401 0052 0B       		.uleb128 0xb
 402 0053 49       		.uleb128 0x49
 403 0054 13       		.uleb128 0x13
 404 0055 38       		.uleb128 0x38
 405 0056 0B       		.uleb128 0xb
 406 0057 00       		.byte	0
 407 0058 00       		.byte	0
 408 0059 08       		.uleb128 0x8
 409 005a 16       		.uleb128 0x16
 410 005b 00       		.byte	0
 411 005c 03       		.uleb128 0x3
 412 005d 0E       		.uleb128 0xe
 413 005e 3A       		.uleb128 0x3a
 414 005f 0B       		.uleb128 0xb
 415 0060 3B       		.uleb128 0x3b
 416 0061 0B       		.uleb128 0xb
 417 0062 49       		.uleb128 0x49
 418 0063 13       		.uleb128 0x13
 419 0064 00       		.byte	0
 420 0065 00       		.byte	0
 421 0066 09       		.uleb128 0x9
 422 0067 2E       		.uleb128 0x2e
 423 0068 00       		.byte	0
 424 0069 3F       		.uleb128 0x3f
 425 006a 19       		.uleb128 0x19
 426 006b 03       		.uleb128 0x3
 427 006c 0E       		.uleb128 0xe
 428 006d 3A       		.uleb128 0x3a
 429 006e 0B       		.uleb128 0xb
 430 006f 3B       		.uleb128 0x3b
 431 0070 0B       		.uleb128 0xb
 432 0071 27       		.uleb128 0x27
 433 0072 19       		.uleb128 0x19
 434 0073 11       		.uleb128 0x11
 435 0074 01       		.uleb128 0x1
 436 0075 12       		.uleb128 0x12
 437 0076 06       		.uleb128 0x6
 438 0077 40       		.uleb128 0x40
 439 0078 18       		.uleb128 0x18
 440 0079 9742     		.uleb128 0x2117
ARM GAS  C:\Users\koseki\AppData\Local\Temp\ccpVJcQg.s 			page 11


 441 007b 19       		.uleb128 0x19
 442 007c 00       		.byte	0
 443 007d 00       		.byte	0
 444 007e 0A       		.uleb128 0xa
 445 007f 2E       		.uleb128 0x2e
 446 0080 01       		.byte	0x1
 447 0081 3F       		.uleb128 0x3f
 448 0082 19       		.uleb128 0x19
 449 0083 03       		.uleb128 0x3
 450 0084 0E       		.uleb128 0xe
 451 0085 3A       		.uleb128 0x3a
 452 0086 0B       		.uleb128 0xb
 453 0087 3B       		.uleb128 0x3b
 454 0088 0B       		.uleb128 0xb
 455 0089 27       		.uleb128 0x27
 456 008a 19       		.uleb128 0x19
 457 008b 11       		.uleb128 0x11
 458 008c 01       		.uleb128 0x1
 459 008d 12       		.uleb128 0x12
 460 008e 06       		.uleb128 0x6
 461 008f 40       		.uleb128 0x40
 462 0090 18       		.uleb128 0x18
 463 0091 9742     		.uleb128 0x2117
 464 0093 19       		.uleb128 0x19
 465 0094 01       		.uleb128 0x1
 466 0095 13       		.uleb128 0x13
 467 0096 00       		.byte	0
 468 0097 00       		.byte	0
 469 0098 0B       		.uleb128 0xb
 470 0099 898201   		.uleb128 0x4109
 471 009c 00       		.byte	0
 472 009d 11       		.uleb128 0x11
 473 009e 01       		.uleb128 0x1
 474 009f 31       		.uleb128 0x31
 475 00a0 13       		.uleb128 0x13
 476 00a1 00       		.byte	0
 477 00a2 00       		.byte	0
 478 00a3 0C       		.uleb128 0xc
 479 00a4 34       		.uleb128 0x34
 480 00a5 00       		.byte	0
 481 00a6 03       		.uleb128 0x3
 482 00a7 0E       		.uleb128 0xe
 483 00a8 3A       		.uleb128 0x3a
 484 00a9 0B       		.uleb128 0xb
 485 00aa 3B       		.uleb128 0x3b
 486 00ab 0B       		.uleb128 0xb
 487 00ac 49       		.uleb128 0x49
 488 00ad 13       		.uleb128 0x13
 489 00ae 02       		.uleb128 0x2
 490 00af 18       		.uleb128 0x18
 491 00b0 00       		.byte	0
 492 00b1 00       		.byte	0
 493 00b2 0D       		.uleb128 0xd
 494 00b3 2E       		.uleb128 0x2e
 495 00b4 00       		.byte	0
 496 00b5 3F       		.uleb128 0x3f
 497 00b6 19       		.uleb128 0x19
ARM GAS  C:\Users\koseki\AppData\Local\Temp\ccpVJcQg.s 			page 12


 498 00b7 03       		.uleb128 0x3
 499 00b8 0E       		.uleb128 0xe
 500 00b9 3A       		.uleb128 0x3a
 501 00ba 0B       		.uleb128 0xb
 502 00bb 3B       		.uleb128 0x3b
 503 00bc 0B       		.uleb128 0xb
 504 00bd 27       		.uleb128 0x27
 505 00be 19       		.uleb128 0x19
 506 00bf 3C       		.uleb128 0x3c
 507 00c0 19       		.uleb128 0x19
 508 00c1 00       		.byte	0
 509 00c2 00       		.byte	0
 510 00c3 00       		.byte	0
 511              		.section	.debug_aranges,"",%progbits
 512 0000 34000000 		.4byte	0x34
 513 0004 0200     		.2byte	0x2
 514 0006 00000000 		.4byte	.Ldebug_info0
 515 000a 04       		.byte	0x4
 516 000b 00       		.byte	0
 517 000c 0000     		.2byte	0
 518 000e 0000     		.2byte	0
 519 0010 00000000 		.4byte	.LFB0
 520 0014 02000000 		.4byte	.LFE0-.LFB0
 521 0018 00000000 		.4byte	.LFB1
 522 001c 02000000 		.4byte	.LFE1-.LFB1
 523 0020 00000000 		.4byte	.LFB2
 524 0024 28000000 		.4byte	.LFE2-.LFB2
 525 0028 00000000 		.4byte	.LFB3
 526 002c 14000000 		.4byte	.LFE3-.LFB3
 527 0030 00000000 		.4byte	0
 528 0034 00000000 		.4byte	0
 529              		.section	.debug_ranges,"",%progbits
 530              	.Ldebug_ranges0:
 531 0000 00000000 		.4byte	.LFB0
 532 0004 02000000 		.4byte	.LFE0
 533 0008 00000000 		.4byte	.LFB1
 534 000c 02000000 		.4byte	.LFE1
 535 0010 00000000 		.4byte	.LFB2
 536 0014 28000000 		.4byte	.LFE2
 537 0018 00000000 		.4byte	.LFB3
 538 001c 14000000 		.4byte	.LFE3
 539 0020 00000000 		.4byte	0
 540 0024 00000000 		.4byte	0
 541              		.section	.debug_line,"",%progbits
 542              	.Ldebug_line0:
 543 0000 A1000000 		.section	.debug_str,"MS",%progbits,1
 543      02005600 
 543      00000201 
 543      FB0E0D00 
 543      01010101 
 544              	.LASF23:
 545 0000 4D697865 		.ascii	"Mixer_1_Wakeup\000"
 545      725F315F 
 545      57616B65 
 545      757000
 546              	.LASF3:
 547 000f 73686F72 		.ascii	"short unsigned int\000"
ARM GAS  C:\Users\koseki\AppData\Local\Temp\ccpVJcQg.s 			page 13


 547      7420756E 
 547      7369676E 
 547      65642069 
 547      6E7400
 548              	.LASF20:
 549 0022 4D697865 		.ascii	"Mixer_1_SaveConfig\000"
 549      725F315F 
 549      53617665 
 549      436F6E66 
 549      696700
 550              	.LASF22:
 551 0035 4D697865 		.ascii	"Mixer_1_Sleep\000"
 551      725F315F 
 551      536C6565 
 551      7000
 552              	.LASF24:
 553 0043 4D697865 		.ascii	"Mixer_1_Stop\000"
 553      725F315F 
 553      53746F70 
 553      00
 554              	.LASF28:
 555 0050 453A5C50 		.ascii	"E:\\PSoC_Creator\\CY8CKIT-059\\CY8CKIT-059_SDR_AM_R"
 555      536F435F 
 555      43726561 
 555      746F725C 
 555      43593843 
 556 0080 6164696F 		.ascii	"adio\\CY8CKIT-059_SDR_AM_Radio.cydsn\000"
 556      5C435938 
 556      434B4954 
 556      2D303539 
 556      5F534452 
 557              	.LASF9:
 558 00a4 666C6F61 		.ascii	"float\000"
 558      7400
 559              	.LASF1:
 560 00aa 756E7369 		.ascii	"unsigned char\000"
 560      676E6564 
 560      20636861 
 560      7200
 561              	.LASF13:
 562 00b8 72656738 		.ascii	"reg8\000"
 562      00
 563              	.LASF5:
 564 00bd 6C6F6E67 		.ascii	"long unsigned int\000"
 564      20756E73 
 564      69676E65 
 564      6420696E 
 564      7400
 565              	.LASF12:
 566 00cf 75696E74 		.ascii	"uint8\000"
 566      3800
 567              	.LASF10:
 568 00d5 646F7562 		.ascii	"double\000"
 568      6C6500
 569              	.LASF21:
 570 00dc 4D697865 		.ascii	"Mixer_1_RestoreConfig\000"
 570      725F315F 
ARM GAS  C:\Users\koseki\AppData\Local\Temp\ccpVJcQg.s 			page 14


 570      52657374 
 570      6F726543 
 570      6F6E6669 
 571              	.LASF16:
 572 00f2 73634352 		.ascii	"scCR0Reg\000"
 572      30526567 
 572      00
 573              	.LASF26:
 574 00fb 474E5520 		.ascii	"GNU C 4.9.3 20150303 (release) [ARM/embedded-4_9-br"
 574      4320342E 
 574      392E3320 
 574      32303135 
 574      30333033 
 575 012e 616E6368 		.ascii	"anch revision 221220] -mcpu=cortex-m3 -mthumb -g -O"
 575      20726576 
 575      6973696F 
 575      6E203232 
 575      31323230 
 576 0161 67202D66 		.ascii	"g -ffunction-sections -ffat-lto-objects\000"
 576      66756E63 
 576      74696F6E 
 576      2D736563 
 576      74696F6E 
 577              	.LASF8:
 578 0189 756E7369 		.ascii	"unsigned int\000"
 578      676E6564 
 578      20696E74 
 578      00
 579              	.LASF25:
 580 0196 4D697865 		.ascii	"Mixer_1_Enable\000"
 580      725F315F 
 580      456E6162 
 580      6C6500
 581              	.LASF7:
 582 01a5 6C6F6E67 		.ascii	"long long unsigned int\000"
 582      206C6F6E 
 582      6720756E 
 582      7369676E 
 582      65642069 
 583              	.LASF19:
 584 01bc 4D697865 		.ascii	"Mixer_1_backupStruct\000"
 584      725F315F 
 584      6261636B 
 584      75705374 
 584      72756374 
 585              	.LASF14:
 586 01d1 73697A65 		.ascii	"sizetype\000"
 586      74797065 
 586      00
 587              	.LASF6:
 588 01da 6C6F6E67 		.ascii	"long long int\000"
 588      206C6F6E 
 588      6720696E 
 588      7400
 589              	.LASF17:
 590 01e8 73634352 		.ascii	"scCR1Reg\000"
 590      31526567 
ARM GAS  C:\Users\koseki\AppData\Local\Temp\ccpVJcQg.s 			page 15


 590      00
 591              	.LASF11:
 592 01f1 63686172 		.ascii	"char\000"
 592      00
 593              	.LASF27:
 594 01f6 2E5C4765 		.ascii	".\\Generated_Source\\PSoC5\\Mixer_1_PM.c\000"
 594      6E657261 
 594      7465645F 
 594      536F7572 
 594      63655C50 
 595              	.LASF2:
 596 021c 73686F72 		.ascii	"short int\000"
 596      7420696E 
 596      7400
 597              	.LASF4:
 598 0226 6C6F6E67 		.ascii	"long int\000"
 598      20696E74 
 598      00
 599              	.LASF15:
 600 022f 656E6162 		.ascii	"enableState\000"
 600      6C655374 
 600      61746500 
 601              	.LASF0:
 602 023b 7369676E 		.ascii	"signed char\000"
 602      65642063 
 602      68617200 
 603              	.LASF29:
 604 0247 4D697865 		.ascii	"Mixer_1_backup\000"
 604      725F315F 
 604      6261636B 
 604      757000
 605              	.LASF18:
 606 0256 73634352 		.ascii	"scCR2Reg\000"
 606      32526567 
 606      00
 607              		.ident	"GCC: (GNU Tools for ARM Embedded Processors) 4.9.3 20150303 (release) [ARM/embedded-4_9-br
