ARM GAS  C:\Users\koseki\AppData\Local\Temp\ccXwhImU.s 			page 1


   1              		.syntax unified
   2              		.cpu cortex-m3
   3              		.fpu softvfp
   4              		.eabi_attribute 20, 1
   5              		.eabi_attribute 21, 1
   6              		.eabi_attribute 23, 3
   7              		.eabi_attribute 24, 1
   8              		.eabi_attribute 25, 1
   9              		.eabi_attribute 26, 1
  10              		.eabi_attribute 30, 1
  11              		.eabi_attribute 34, 1
  12              		.eabi_attribute 18, 4
  13              		.thumb
  14              		.file	"Mixer_2.c"
  15              		.text
  16              	.Ltext0:
  17              		.cfi_sections	.debug_frame
  18              		.section	.text.Mixer_2_Enable,"ax",%progbits
  19              		.align	2
  20              		.global	Mixer_2_Enable
  21              		.thumb
  22              		.thumb_func
  23              		.type	Mixer_2_Enable, %function
  24              	Mixer_2_Enable:
  25              	.LFB1:
  26              		.file 1 ".\\Generated_Source\\PSoC5\\Mixer_2.c"
   1:.\Generated_Source\PSoC5/Mixer_2.c **** /*******************************************************************************
   2:.\Generated_Source\PSoC5/Mixer_2.c **** * File Name: Mixer_2.c  
   3:.\Generated_Source\PSoC5/Mixer_2.c **** * Version 2.0
   4:.\Generated_Source\PSoC5/Mixer_2.c **** *
   5:.\Generated_Source\PSoC5/Mixer_2.c **** * Description:
   6:.\Generated_Source\PSoC5/Mixer_2.c **** *  This file provides the source code to the API for the MIXER Component.
   7:.\Generated_Source\PSoC5/Mixer_2.c **** *
   8:.\Generated_Source\PSoC5/Mixer_2.c **** * Note:
   9:.\Generated_Source\PSoC5/Mixer_2.c **** *
  10:.\Generated_Source\PSoC5/Mixer_2.c **** *******************************************************************************
  11:.\Generated_Source\PSoC5/Mixer_2.c **** * Copyright 2008-2012, Cypress Semiconductor Corporation.  All rights reserved.
  12:.\Generated_Source\PSoC5/Mixer_2.c **** * You may use this file only in accordance with the license, terms, conditions, 
  13:.\Generated_Source\PSoC5/Mixer_2.c **** * disclaimers, and limitations in the end user license agreement accompanying 
  14:.\Generated_Source\PSoC5/Mixer_2.c **** * the software package with which this file was provided.
  15:.\Generated_Source\PSoC5/Mixer_2.c **** *******************************************************************************/
  16:.\Generated_Source\PSoC5/Mixer_2.c **** 
  17:.\Generated_Source\PSoC5/Mixer_2.c **** #include "Mixer_2.h"
  18:.\Generated_Source\PSoC5/Mixer_2.c **** 
  19:.\Generated_Source\PSoC5/Mixer_2.c **** #if (!CY_PSOC5A)
  20:.\Generated_Source\PSoC5/Mixer_2.c ****     #if (CYDEV_VARIABLE_VDDA == 1u)
  21:.\Generated_Source\PSoC5/Mixer_2.c ****         #include "CyScBoostClk.h"
  22:.\Generated_Source\PSoC5/Mixer_2.c ****     #endif /* (CYDEV_VARIABLE_VDDA == 1u) */
  23:.\Generated_Source\PSoC5/Mixer_2.c **** #endif /* (!CY_PSOC5A) */
  24:.\Generated_Source\PSoC5/Mixer_2.c **** 
  25:.\Generated_Source\PSoC5/Mixer_2.c **** #if (Mixer_2_LO_SOURCE == Mixer_2_LO_SOURCE_INTERNAL)
  26:.\Generated_Source\PSoC5/Mixer_2.c ****     #include "Mixer_2_aclk.h"
  27:.\Generated_Source\PSoC5/Mixer_2.c **** #endif /* Mixer_2_LO_SOURCE */
  28:.\Generated_Source\PSoC5/Mixer_2.c **** 
  29:.\Generated_Source\PSoC5/Mixer_2.c **** /* Fixed configuration of SC Block only performed once */
  30:.\Generated_Source\PSoC5/Mixer_2.c **** uint8 Mixer_2_initVar = 0u;
  31:.\Generated_Source\PSoC5/Mixer_2.c **** 
ARM GAS  C:\Users\koseki\AppData\Local\Temp\ccXwhImU.s 			page 2


  32:.\Generated_Source\PSoC5/Mixer_2.c **** /* Only for PSoC5A */
  33:.\Generated_Source\PSoC5/Mixer_2.c **** #if (CY_PSOC5A)
  34:.\Generated_Source\PSoC5/Mixer_2.c ****     static Mixer_2_backupStruct Mixer_2_P5backup;
  35:.\Generated_Source\PSoC5/Mixer_2.c **** #endif /* CY_PSOC5A */
  36:.\Generated_Source\PSoC5/Mixer_2.c **** 
  37:.\Generated_Source\PSoC5/Mixer_2.c **** 
  38:.\Generated_Source\PSoC5/Mixer_2.c **** /*******************************************************************************
  39:.\Generated_Source\PSoC5/Mixer_2.c **** * Function Name: Mixer_2_Init
  40:.\Generated_Source\PSoC5/Mixer_2.c **** ********************************************************************************
  41:.\Generated_Source\PSoC5/Mixer_2.c **** *
  42:.\Generated_Source\PSoC5/Mixer_2.c **** * Summary:
  43:.\Generated_Source\PSoC5/Mixer_2.c **** *  Initialize component's parameters to the parameters set by user in the 
  44:.\Generated_Source\PSoC5/Mixer_2.c **** *  customizer of the component placed onto schematic. Usually called in 
  45:.\Generated_Source\PSoC5/Mixer_2.c **** *  Mixer_2_Start().
  46:.\Generated_Source\PSoC5/Mixer_2.c **** *
  47:.\Generated_Source\PSoC5/Mixer_2.c **** * Parameters:  
  48:.\Generated_Source\PSoC5/Mixer_2.c **** *  void
  49:.\Generated_Source\PSoC5/Mixer_2.c **** *
  50:.\Generated_Source\PSoC5/Mixer_2.c **** * Return: 
  51:.\Generated_Source\PSoC5/Mixer_2.c **** *  void
  52:.\Generated_Source\PSoC5/Mixer_2.c **** *
  53:.\Generated_Source\PSoC5/Mixer_2.c **** *******************************************************************************/
  54:.\Generated_Source\PSoC5/Mixer_2.c **** void Mixer_2_Init(void) 
  55:.\Generated_Source\PSoC5/Mixer_2.c **** {
  56:.\Generated_Source\PSoC5/Mixer_2.c ****     float LOf = Mixer_2_LO_CLOCK_FREQ;
  57:.\Generated_Source\PSoC5/Mixer_2.c ****     
  58:.\Generated_Source\PSoC5/Mixer_2.c ****     /* Configure SC Block based on selected Mixer type */
  59:.\Generated_Source\PSoC5/Mixer_2.c ****     /* Continuous Time (up) mixer */
  60:.\Generated_Source\PSoC5/Mixer_2.c ****     #if (Mixer_2_MIXER_TYPE == Mixer_2_CTMIXER) 
  61:.\Generated_Source\PSoC5/Mixer_2.c ****         /* SC Block mode -  - SCxx_CR0[3:1] */
  62:.\Generated_Source\PSoC5/Mixer_2.c ****         Mixer_2_CR0_REG = Mixer_2_MODE_CTMIXER;   
  63:.\Generated_Source\PSoC5/Mixer_2.c **** 
  64:.\Generated_Source\PSoC5/Mixer_2.c ****         /* SC Block CR1 */ 
  65:.\Generated_Source\PSoC5/Mixer_2.c ****         Mixer_2_CR1_REG = (Mixer_2_COMP_4P35PF  |
  66:.\Generated_Source\PSoC5/Mixer_2.c ****                                 Mixer_2_DIV2_DISABLE |
  67:.\Generated_Source\PSoC5/Mixer_2.c ****                                 Mixer_2_GAIN_0DB);                                 
  68:.\Generated_Source\PSoC5/Mixer_2.c **** 
  69:.\Generated_Source\PSoC5/Mixer_2.c ****         /* 
  70:.\Generated_Source\PSoC5/Mixer_2.c ****             Set SC Block resistor values based on Local Oscillator being above 
  71:.\Generated_Source\PSoC5/Mixer_2.c ****             or below 100kHz - controled by r20_40 (Rmix) bit for CT mode mixer
  72:.\Generated_Source\PSoC5/Mixer_2.c ****             and SC Block
  73:.\Generated_Source\PSoC5/Mixer_2.c ****         */
  74:.\Generated_Source\PSoC5/Mixer_2.c **** 
  75:.\Generated_Source\PSoC5/Mixer_2.c ****         if (LOf < Mixer_2_LO_CLOCK_FREQ_100_KHz)
  76:.\Generated_Source\PSoC5/Mixer_2.c ****         {
  77:.\Generated_Source\PSoC5/Mixer_2.c ****             Mixer_2_CR2_REG = (Mixer_2_BIAS_LOW |
  78:.\Generated_Source\PSoC5/Mixer_2.c **** 										Mixer_2_REDC_01 |
  79:.\Generated_Source\PSoC5/Mixer_2.c **** 										Mixer_2_GNDVREF_DI |
  80:.\Generated_Source\PSoC5/Mixer_2.c **** 										Mixer_2_R20_40B_40K);
  81:.\Generated_Source\PSoC5/Mixer_2.c ****         }
  82:.\Generated_Source\PSoC5/Mixer_2.c ****         else
  83:.\Generated_Source\PSoC5/Mixer_2.c ****         {
  84:.\Generated_Source\PSoC5/Mixer_2.c ****             Mixer_2_CR2_REG = (Mixer_2_BIAS_LOW |
  85:.\Generated_Source\PSoC5/Mixer_2.c **** 										Mixer_2_REDC_01 |
  86:.\Generated_Source\PSoC5/Mixer_2.c **** 										Mixer_2_GNDVREF_DI |
  87:.\Generated_Source\PSoC5/Mixer_2.c **** 										Mixer_2_R20_40B_20K);
  88:.\Generated_Source\PSoC5/Mixer_2.c ****         }
ARM GAS  C:\Users\koseki\AppData\Local\Temp\ccXwhImU.s 			page 3


  89:.\Generated_Source\PSoC5/Mixer_2.c ****     #else
  90:.\Generated_Source\PSoC5/Mixer_2.c ****         /* Discrete Time (down) mixer */
  91:.\Generated_Source\PSoC5/Mixer_2.c ****         /* SC Block mode -  - SCxx_CR0[3:1] */
  92:.\Generated_Source\PSoC5/Mixer_2.c ****         Mixer_2_CR0_REG = Mixer_2_MODE_DTMIXER;       
  93:.\Generated_Source\PSoC5/Mixer_2.c **** 
  94:.\Generated_Source\PSoC5/Mixer_2.c ****         /* SC Block CR1 */ 
  95:.\Generated_Source\PSoC5/Mixer_2.c ****         Mixer_2_CR1_REG = (Mixer_2_COMP_4P35PF  |
  96:.\Generated_Source\PSoC5/Mixer_2.c ****                                 Mixer_2_DIV2_ENABLE |
  97:.\Generated_Source\PSoC5/Mixer_2.c ****                                 Mixer_2_GAIN_0DB);
  98:.\Generated_Source\PSoC5/Mixer_2.c **** 
  99:.\Generated_Source\PSoC5/Mixer_2.c ****         /* 
 100:.\Generated_Source\PSoC5/Mixer_2.c ****             Set SC Block resistor values based on Local Oscillator beign above 
 101:.\Generated_Source\PSoC5/Mixer_2.c ****             or below 100kHz - set r20_40 (input resitance) and rval (feedback) 
 102:.\Generated_Source\PSoC5/Mixer_2.c ****             resistor values seperately for DT mode and SC Block
 103:.\Generated_Source\PSoC5/Mixer_2.c ****         */
 104:.\Generated_Source\PSoC5/Mixer_2.c ****         if (LOf < Mixer_2_LO_CLOCK_FREQ_100_KHz)
 105:.\Generated_Source\PSoC5/Mixer_2.c ****         {
 106:.\Generated_Source\PSoC5/Mixer_2.c ****             Mixer_2_CR2_REG = (Mixer_2_BIAS_LOW |
 107:.\Generated_Source\PSoC5/Mixer_2.c **** 										Mixer_2_GNDVREF_DI |
 108:.\Generated_Source\PSoC5/Mixer_2.c **** 										Mixer_2_R20_40B_40K |
 109:.\Generated_Source\PSoC5/Mixer_2.c **** 										Mixer_2_RVAL_40K); 
 110:.\Generated_Source\PSoC5/Mixer_2.c ****         }
 111:.\Generated_Source\PSoC5/Mixer_2.c ****         else
 112:.\Generated_Source\PSoC5/Mixer_2.c ****         {
 113:.\Generated_Source\PSoC5/Mixer_2.c ****             Mixer_2_CR2_REG = (Mixer_2_BIAS_LOW |
 114:.\Generated_Source\PSoC5/Mixer_2.c **** 										Mixer_2_GNDVREF_DI |
 115:.\Generated_Source\PSoC5/Mixer_2.c **** 										Mixer_2_R20_40B_20K |
 116:.\Generated_Source\PSoC5/Mixer_2.c **** 										Mixer_2_RVAL_20K);
 117:.\Generated_Source\PSoC5/Mixer_2.c ****         }
 118:.\Generated_Source\PSoC5/Mixer_2.c ****     #endif /* end if - Mixer Type */
 119:.\Generated_Source\PSoC5/Mixer_2.c **** 
 120:.\Generated_Source\PSoC5/Mixer_2.c ****     /* Enable SC Block clocking */
 121:.\Generated_Source\PSoC5/Mixer_2.c ****     Mixer_2_CLK_REG |= Mixer_2_CLK_EN;
 122:.\Generated_Source\PSoC5/Mixer_2.c **** 
 123:.\Generated_Source\PSoC5/Mixer_2.c ****     /* Set default power */
 124:.\Generated_Source\PSoC5/Mixer_2.c ****     Mixer_2_SetPower(Mixer_2_INIT_POWER);
 125:.\Generated_Source\PSoC5/Mixer_2.c ****     
 126:.\Generated_Source\PSoC5/Mixer_2.c ****     /* Set 50 % Duty cycle for LO clock if LO source is internal */
 127:.\Generated_Source\PSoC5/Mixer_2.c ****     #if(Mixer_2_LO_SOURCE == Mixer_2_LO_SOURCE_INTERNAL)
 128:.\Generated_Source\PSoC5/Mixer_2.c ****         Mixer_2_aclk_SetMode(CYCLK_DUTY);
 129:.\Generated_Source\PSoC5/Mixer_2.c ****     #endif /* Mixer_2_LO_SOURCE == Mixer_2_LO_SOURCE_INTERNAL */
 130:.\Generated_Source\PSoC5/Mixer_2.c **** 
 131:.\Generated_Source\PSoC5/Mixer_2.c **** }
 132:.\Generated_Source\PSoC5/Mixer_2.c **** 
 133:.\Generated_Source\PSoC5/Mixer_2.c **** 
 134:.\Generated_Source\PSoC5/Mixer_2.c **** /*******************************************************************************
 135:.\Generated_Source\PSoC5/Mixer_2.c **** * Function Name: Mixer_2_Enable
 136:.\Generated_Source\PSoC5/Mixer_2.c **** ********************************************************************************
 137:.\Generated_Source\PSoC5/Mixer_2.c **** *  
 138:.\Generated_Source\PSoC5/Mixer_2.c **** * Summary: 
 139:.\Generated_Source\PSoC5/Mixer_2.c **** *  Enables the Mixer block operation
 140:.\Generated_Source\PSoC5/Mixer_2.c **** *
 141:.\Generated_Source\PSoC5/Mixer_2.c **** * Parameters:  
 142:.\Generated_Source\PSoC5/Mixer_2.c **** *  void
 143:.\Generated_Source\PSoC5/Mixer_2.c **** *
 144:.\Generated_Source\PSoC5/Mixer_2.c **** * Return: 
 145:.\Generated_Source\PSoC5/Mixer_2.c **** *  void
ARM GAS  C:\Users\koseki\AppData\Local\Temp\ccXwhImU.s 			page 4


 146:.\Generated_Source\PSoC5/Mixer_2.c **** *
 147:.\Generated_Source\PSoC5/Mixer_2.c **** *******************************************************************************/
 148:.\Generated_Source\PSoC5/Mixer_2.c **** void Mixer_2_Enable(void) 
 149:.\Generated_Source\PSoC5/Mixer_2.c **** {
  27              		.loc 1 149 0
  28              		.cfi_startproc
  29              		@ args = 0, pretend = 0, frame = 0
  30              		@ frame_needed = 0, uses_anonymous_args = 0
  31              		@ link register save eliminated.
 150:.\Generated_Source\PSoC5/Mixer_2.c ****     /* This is to restore the value of register CR1 and CR2 which is saved 
 151:.\Generated_Source\PSoC5/Mixer_2.c ****       in prior to the modifications in stop() API */
 152:.\Generated_Source\PSoC5/Mixer_2.c ****     #if (CY_PSOC5A)
 153:.\Generated_Source\PSoC5/Mixer_2.c ****         if(Mixer_2_P5backup.enableState == 1u)
 154:.\Generated_Source\PSoC5/Mixer_2.c ****         {
 155:.\Generated_Source\PSoC5/Mixer_2.c ****             Mixer_2_CR1_REG = Mixer_2_P5backup.scCR1Reg;
 156:.\Generated_Source\PSoC5/Mixer_2.c ****             Mixer_2_CR2_REG = Mixer_2_P5backup.scCR2Reg;
 157:.\Generated_Source\PSoC5/Mixer_2.c ****             Mixer_2_P5backup.enableState = 0u;
 158:.\Generated_Source\PSoC5/Mixer_2.c ****         }
 159:.\Generated_Source\PSoC5/Mixer_2.c ****     #endif /* CY_PSOC5A */
 160:.\Generated_Source\PSoC5/Mixer_2.c ****     
 161:.\Generated_Source\PSoC5/Mixer_2.c ****     /* Enable power to SC block in active mode */
 162:.\Generated_Source\PSoC5/Mixer_2.c ****     Mixer_2_PM_ACT_CFG_REG |= Mixer_2_ACT_PWR_EN;
  32              		.loc 1 162 0
  33 0000 084A     		ldr	r2, .L2
  34 0002 1378     		ldrb	r3, [r2]	@ zero_extendqisi2
  35 0004 43F00203 		orr	r3, r3, #2
  36 0008 1370     		strb	r3, [r2]
 163:.\Generated_Source\PSoC5/Mixer_2.c **** 
 164:.\Generated_Source\PSoC5/Mixer_2.c ****     /* Enable power to SC block in Alternative active mode */
 165:.\Generated_Source\PSoC5/Mixer_2.c ****     Mixer_2_PM_STBY_CFG_REG |= Mixer_2_STBY_PWR_EN;
  37              		.loc 1 165 0
  38 000a 1032     		adds	r2, r2, #16
  39 000c 1378     		ldrb	r3, [r2]	@ zero_extendqisi2
  40 000e 43F00203 		orr	r3, r3, #2
  41 0012 1370     		strb	r3, [r2]
 166:.\Generated_Source\PSoC5/Mixer_2.c ****     
 167:.\Generated_Source\PSoC5/Mixer_2.c ****     /* Enable LO_Internal clock if LO source is choosen as internal */
 168:.\Generated_Source\PSoC5/Mixer_2.c ****     #if(Mixer_2_LO_SOURCE == Mixer_2_LO_SOURCE_INTERNAL)
 169:.\Generated_Source\PSoC5/Mixer_2.c ****         /* Enable power to the LO clock */
 170:.\Generated_Source\PSoC5/Mixer_2.c ****         Mixer_2_PWRMGR_ACLK_REG |= Mixer_2_ACT_PWR_ACLK_EN;        
 171:.\Generated_Source\PSoC5/Mixer_2.c ****         Mixer_2_STBY_PWRMGR_ACLK_REG |= Mixer_2_STBY_PWR_ACLK_EN;
 172:.\Generated_Source\PSoC5/Mixer_2.c ****         /* Enable the clock */
 173:.\Generated_Source\PSoC5/Mixer_2.c ****         Mixer_2_aclk_Enable();        
 174:.\Generated_Source\PSoC5/Mixer_2.c ****     #endif /* Mixer_2_LO_SOURCE == Mixer_2_LO_SOURCE_INTERNAL */
 175:.\Generated_Source\PSoC5/Mixer_2.c **** 
 176:.\Generated_Source\PSoC5/Mixer_2.c ****     Mixer_2_PUMP_CR1_REG |= Mixer_2_PUMP_CR1_SC_CLKSEL;
  42              		.loc 1 176 0
  43 0014 02F5A552 		add	r2, r2, #5280
  44 0018 1E32     		adds	r2, r2, #30
  45 001a 1378     		ldrb	r3, [r2]	@ zero_extendqisi2
  46 001c 43F08003 		orr	r3, r3, #128
  47 0020 1370     		strb	r3, [r2]
  48 0022 7047     		bx	lr
  49              	.L3:
  50              		.align	2
  51              	.L2:
  52 0024 A9430040 		.word	1073759145
ARM GAS  C:\Users\koseki\AppData\Local\Temp\ccXwhImU.s 			page 5


  53              		.cfi_endproc
  54              	.LFE1:
  55              		.size	Mixer_2_Enable, .-Mixer_2_Enable
  56              		.section	.text.Mixer_2_Stop,"ax",%progbits
  57              		.align	2
  58              		.global	Mixer_2_Stop
  59              		.thumb
  60              		.thumb_func
  61              		.type	Mixer_2_Stop, %function
  62              	Mixer_2_Stop:
  63              	.LFB3:
 177:.\Generated_Source\PSoC5/Mixer_2.c ****     
 178:.\Generated_Source\PSoC5/Mixer_2.c ****     #if (!CY_PSOC5A)
 179:.\Generated_Source\PSoC5/Mixer_2.c ****         #if (CYDEV_VARIABLE_VDDA == 1u)
 180:.\Generated_Source\PSoC5/Mixer_2.c ****             if(CyScPumpEnabled == 1u)
 181:.\Generated_Source\PSoC5/Mixer_2.c ****             {
 182:.\Generated_Source\PSoC5/Mixer_2.c ****                 Mixer_2_BSTCLK_REG &= (uint8)(~Mixer_2_BST_CLK_INDEX_MASK);
 183:.\Generated_Source\PSoC5/Mixer_2.c ****                 Mixer_2_BSTCLK_REG |= Mixer_2_BST_CLK_EN | CyScBoostClk__INDEX;
 184:.\Generated_Source\PSoC5/Mixer_2.c ****                 Mixer_2_SC_MISC_REG |= Mixer_2_PUMP_FORCE;
 185:.\Generated_Source\PSoC5/Mixer_2.c ****                 CyScBoostClk_Start();
 186:.\Generated_Source\PSoC5/Mixer_2.c ****             }
 187:.\Generated_Source\PSoC5/Mixer_2.c ****             else
 188:.\Generated_Source\PSoC5/Mixer_2.c ****             {
 189:.\Generated_Source\PSoC5/Mixer_2.c ****                 Mixer_2_BSTCLK_REG &= (uint8)(~Mixer_2_BST_CLK_EN);
 190:.\Generated_Source\PSoC5/Mixer_2.c ****                 Mixer_2_SC_MISC_REG &= (uint8)(~Mixer_2_PUMP_FORCE);
 191:.\Generated_Source\PSoC5/Mixer_2.c ****             }
 192:.\Generated_Source\PSoC5/Mixer_2.c ****         #endif /* (CYDEV_VARIABLE_VDDA == 1u) */
 193:.\Generated_Source\PSoC5/Mixer_2.c ****     #endif /* (!CY_PSOC5A) */
 194:.\Generated_Source\PSoC5/Mixer_2.c **** }
 195:.\Generated_Source\PSoC5/Mixer_2.c **** 
 196:.\Generated_Source\PSoC5/Mixer_2.c **** 
 197:.\Generated_Source\PSoC5/Mixer_2.c **** /*******************************************************************************
 198:.\Generated_Source\PSoC5/Mixer_2.c **** * Function Name: Mixer_2_Start
 199:.\Generated_Source\PSoC5/Mixer_2.c **** ********************************************************************************
 200:.\Generated_Source\PSoC5/Mixer_2.c **** *
 201:.\Generated_Source\PSoC5/Mixer_2.c **** * Summary:
 202:.\Generated_Source\PSoC5/Mixer_2.c **** *  The start function initializes the SC block control registers based on the
 203:.\Generated_Source\PSoC5/Mixer_2.c **** *  Mixer type selected and and enables power to the SC block
 204:.\Generated_Source\PSoC5/Mixer_2.c **** *
 205:.\Generated_Source\PSoC5/Mixer_2.c **** * Parameters:  
 206:.\Generated_Source\PSoC5/Mixer_2.c **** *  void
 207:.\Generated_Source\PSoC5/Mixer_2.c **** *
 208:.\Generated_Source\PSoC5/Mixer_2.c **** * Return: 
 209:.\Generated_Source\PSoC5/Mixer_2.c **** *  void 
 210:.\Generated_Source\PSoC5/Mixer_2.c **** *
 211:.\Generated_Source\PSoC5/Mixer_2.c **** * Global variables:
 212:.\Generated_Source\PSoC5/Mixer_2.c **** *  Mixer_2_initVar:  Used to check the initial configuration,
 213:.\Generated_Source\PSoC5/Mixer_2.c **** *  modified when this function is called for the first time.
 214:.\Generated_Source\PSoC5/Mixer_2.c **** *
 215:.\Generated_Source\PSoC5/Mixer_2.c **** * Theory: 
 216:.\Generated_Source\PSoC5/Mixer_2.c **** *  Full initialization of the SC Block configuration registers is only perfomed 
 217:.\Generated_Source\PSoC5/Mixer_2.c **** *  the first time the routine executes - global variable 
 218:.\Generated_Source\PSoC5/Mixer_2.c **** *  Mixer_2_initVar is used indicate that the static configuration has 
 219:.\Generated_Source\PSoC5/Mixer_2.c **** *  been completed.
 220:.\Generated_Source\PSoC5/Mixer_2.c **** *
 221:.\Generated_Source\PSoC5/Mixer_2.c **** *******************************************************************************/
 222:.\Generated_Source\PSoC5/Mixer_2.c **** void Mixer_2_Start(void) 
ARM GAS  C:\Users\koseki\AppData\Local\Temp\ccXwhImU.s 			page 6


 223:.\Generated_Source\PSoC5/Mixer_2.c **** {
 224:.\Generated_Source\PSoC5/Mixer_2.c ****     /* If not Initialized then initialize all required hardware and software */
 225:.\Generated_Source\PSoC5/Mixer_2.c ****     if(Mixer_2_initVar == 0u)
 226:.\Generated_Source\PSoC5/Mixer_2.c ****     {
 227:.\Generated_Source\PSoC5/Mixer_2.c ****         Mixer_2_Init();
 228:.\Generated_Source\PSoC5/Mixer_2.c ****         Mixer_2_initVar = 1u;
 229:.\Generated_Source\PSoC5/Mixer_2.c ****     }
 230:.\Generated_Source\PSoC5/Mixer_2.c ****     /* Enable the power to the block */
 231:.\Generated_Source\PSoC5/Mixer_2.c ****     Mixer_2_Enable();
 232:.\Generated_Source\PSoC5/Mixer_2.c ****     
 233:.\Generated_Source\PSoC5/Mixer_2.c **** }
 234:.\Generated_Source\PSoC5/Mixer_2.c **** 
 235:.\Generated_Source\PSoC5/Mixer_2.c **** 
 236:.\Generated_Source\PSoC5/Mixer_2.c **** /*******************************************************************************
 237:.\Generated_Source\PSoC5/Mixer_2.c **** * Function Name: Mixer_2_Stop
 238:.\Generated_Source\PSoC5/Mixer_2.c **** ********************************************************************************
 239:.\Generated_Source\PSoC5/Mixer_2.c **** *
 240:.\Generated_Source\PSoC5/Mixer_2.c **** * Summary:
 241:.\Generated_Source\PSoC5/Mixer_2.c **** *  Disables power to SC block.
 242:.\Generated_Source\PSoC5/Mixer_2.c **** *
 243:.\Generated_Source\PSoC5/Mixer_2.c **** * Parameters:  
 244:.\Generated_Source\PSoC5/Mixer_2.c **** *  void 
 245:.\Generated_Source\PSoC5/Mixer_2.c **** *
 246:.\Generated_Source\PSoC5/Mixer_2.c **** * Return: 
 247:.\Generated_Source\PSoC5/Mixer_2.c **** *  void 
 248:.\Generated_Source\PSoC5/Mixer_2.c **** *
 249:.\Generated_Source\PSoC5/Mixer_2.c **** *******************************************************************************/
 250:.\Generated_Source\PSoC5/Mixer_2.c **** void Mixer_2_Stop(void) 
 251:.\Generated_Source\PSoC5/Mixer_2.c **** {       
  64              		.loc 1 251 0
  65              		.cfi_startproc
  66              		@ args = 0, pretend = 0, frame = 0
  67              		@ frame_needed = 0, uses_anonymous_args = 0
  68              		@ link register save eliminated.
 252:.\Generated_Source\PSoC5/Mixer_2.c ****     /* Disble power to the Amp in Active mode template */
 253:.\Generated_Source\PSoC5/Mixer_2.c ****     Mixer_2_PM_ACT_CFG_REG &= (uint8)(~Mixer_2_ACT_PWR_EN);
  69              		.loc 1 253 0
  70 0000 054A     		ldr	r2, .L5
  71 0002 1378     		ldrb	r3, [r2]	@ zero_extendqisi2
  72 0004 03F0FD03 		and	r3, r3, #253
  73 0008 1370     		strb	r3, [r2]
 254:.\Generated_Source\PSoC5/Mixer_2.c **** 
 255:.\Generated_Source\PSoC5/Mixer_2.c ****     /* Disble power to the Amp in Alternative Active mode template */
 256:.\Generated_Source\PSoC5/Mixer_2.c ****     Mixer_2_PM_STBY_CFG_REG &= (uint8)(~Mixer_2_STBY_PWR_EN);
  74              		.loc 1 256 0
  75 000a 1032     		adds	r2, r2, #16
  76 000c 1378     		ldrb	r3, [r2]	@ zero_extendqisi2
  77 000e 03F0FD03 		and	r3, r3, #253
  78 0012 1370     		strb	r3, [r2]
  79 0014 7047     		bx	lr
  80              	.L6:
  81 0016 00BF     		.align	2
  82              	.L5:
  83 0018 A9430040 		.word	1073759145
  84              		.cfi_endproc
  85              	.LFE3:
  86              		.size	Mixer_2_Stop, .-Mixer_2_Stop
ARM GAS  C:\Users\koseki\AppData\Local\Temp\ccXwhImU.s 			page 7


  87              		.section	.text.Mixer_2_SetPower,"ax",%progbits
  88              		.align	2
  89              		.global	Mixer_2_SetPower
  90              		.thumb
  91              		.thumb_func
  92              		.type	Mixer_2_SetPower, %function
  93              	Mixer_2_SetPower:
  94              	.LFB4:
 257:.\Generated_Source\PSoC5/Mixer_2.c ****     
 258:.\Generated_Source\PSoC5/Mixer_2.c ****     #if (!CY_PSOC5A)
 259:.\Generated_Source\PSoC5/Mixer_2.c ****         #if (CYDEV_VARIABLE_VDDA == 1u)
 260:.\Generated_Source\PSoC5/Mixer_2.c ****             Mixer_2_BSTCLK_REG &= (uint8)(~Mixer_2_BST_CLK_EN);
 261:.\Generated_Source\PSoC5/Mixer_2.c ****             /* Disable pumps only if there aren't any SC block in use */
 262:.\Generated_Source\PSoC5/Mixer_2.c ****             if ((Mixer_2_PM_ACT_CFG_REG & Mixer_2_PM_ACT_CFG_MASK) == 0u)
 263:.\Generated_Source\PSoC5/Mixer_2.c ****             {
 264:.\Generated_Source\PSoC5/Mixer_2.c ****                 Mixer_2_SC_MISC_REG &= (uint8)(~Mixer_2_PUMP_FORCE);
 265:.\Generated_Source\PSoC5/Mixer_2.c ****                 Mixer_2_PUMP_CR1_REG &= (uint8)(~Mixer_2_PUMP_CR1_SC_CLKSEL);
 266:.\Generated_Source\PSoC5/Mixer_2.c ****                 CyScBoostClk_Stop();
 267:.\Generated_Source\PSoC5/Mixer_2.c ****             }
 268:.\Generated_Source\PSoC5/Mixer_2.c ****         #endif /* CYDEV_VARIABLE_VDDA == 1u */
 269:.\Generated_Source\PSoC5/Mixer_2.c ****     #endif /* (CY_PSOC3 || CY_PSOC5LP) */
 270:.\Generated_Source\PSoC5/Mixer_2.c ****     
 271:.\Generated_Source\PSoC5/Mixer_2.c ****     /* This sets Sample and hold in zero current mode and output routes are valid */
 272:.\Generated_Source\PSoC5/Mixer_2.c ****     #if (CY_PSOC5A)
 273:.\Generated_Source\PSoC5/Mixer_2.c ****         Mixer_2_P5backup.scCR1Reg = Mixer_2_CR1_REG;
 274:.\Generated_Source\PSoC5/Mixer_2.c ****         Mixer_2_P5backup.scCR2Reg = Mixer_2_CR2_REG;
 275:.\Generated_Source\PSoC5/Mixer_2.c ****         Mixer_2_CR1_REG = 0x00u;
 276:.\Generated_Source\PSoC5/Mixer_2.c ****         Mixer_2_CR2_REG = 0x00u;
 277:.\Generated_Source\PSoC5/Mixer_2.c ****         Mixer_2_P5backup.enableState = 1u;
 278:.\Generated_Source\PSoC5/Mixer_2.c ****     #endif /* CY_PSOC5A */  
 279:.\Generated_Source\PSoC5/Mixer_2.c ****     
 280:.\Generated_Source\PSoC5/Mixer_2.c ****     /* Disable aclk */
 281:.\Generated_Source\PSoC5/Mixer_2.c ****     #if(Mixer_2_LO_SOURCE == Mixer_2_LO_SOURCE_INTERNAL)
 282:.\Generated_Source\PSoC5/Mixer_2.c ****         /* Disable power to clock */
 283:.\Generated_Source\PSoC5/Mixer_2.c ****         Mixer_2_PWRMGR_ACLK_REG &= (uint8)(~Mixer_2_ACT_PWR_ACLK_EN);
 284:.\Generated_Source\PSoC5/Mixer_2.c ****         Mixer_2_STBY_PWRMGR_ACLK_REG &= (uint8)(~Mixer_2_STBY_PWR_ACLK_EN);
 285:.\Generated_Source\PSoC5/Mixer_2.c ****         /* Disable the clock */
 286:.\Generated_Source\PSoC5/Mixer_2.c ****         Mixer_2_aclk_Disable();
 287:.\Generated_Source\PSoC5/Mixer_2.c ****     #endif /* Mixer_2_LO_SOURCE == Mixer_2_LO_SOURCE_INTERNAL */
 288:.\Generated_Source\PSoC5/Mixer_2.c **** }
 289:.\Generated_Source\PSoC5/Mixer_2.c **** 
 290:.\Generated_Source\PSoC5/Mixer_2.c **** 
 291:.\Generated_Source\PSoC5/Mixer_2.c **** /*******************************************************************************
 292:.\Generated_Source\PSoC5/Mixer_2.c **** * Function Name: Mixer_2_SetPower
 293:.\Generated_Source\PSoC5/Mixer_2.c **** ********************************************************************************
 294:.\Generated_Source\PSoC5/Mixer_2.c **** *
 295:.\Generated_Source\PSoC5/Mixer_2.c **** * Summary:
 296:.\Generated_Source\PSoC5/Mixer_2.c **** *  Set the drive power of the MIXER
 297:.\Generated_Source\PSoC5/Mixer_2.c **** *
 298:.\Generated_Source\PSoC5/Mixer_2.c **** * Parameters:  
 299:.\Generated_Source\PSoC5/Mixer_2.c **** *  power:  Sets power level between (0) and (3) high power
 300:.\Generated_Source\PSoC5/Mixer_2.c **** *
 301:.\Generated_Source\PSoC5/Mixer_2.c **** * Return: 
 302:.\Generated_Source\PSoC5/Mixer_2.c **** *  void 
 303:.\Generated_Source\PSoC5/Mixer_2.c **** *
 304:.\Generated_Source\PSoC5/Mixer_2.c **** *******************************************************************************/
 305:.\Generated_Source\PSoC5/Mixer_2.c **** void Mixer_2_SetPower(uint8 power) 
ARM GAS  C:\Users\koseki\AppData\Local\Temp\ccXwhImU.s 			page 8


 306:.\Generated_Source\PSoC5/Mixer_2.c **** {
  95              		.loc 1 306 0
  96              		.cfi_startproc
  97              		@ args = 0, pretend = 0, frame = 0
  98              		@ frame_needed = 0, uses_anonymous_args = 0
  99              		@ link register save eliminated.
 100              	.LVL0:
 307:.\Generated_Source\PSoC5/Mixer_2.c ****     uint8 tmpCR;
 308:.\Generated_Source\PSoC5/Mixer_2.c **** 
 309:.\Generated_Source\PSoC5/Mixer_2.c ****     /* Sets drive bits in SC Block Control Register 1:  SCxx_CR[1:0] */    
 310:.\Generated_Source\PSoC5/Mixer_2.c ****     tmpCR = Mixer_2_CR1_REG & (uint8)(~Mixer_2_DRIVE_MASK);
 101              		.loc 1 310 0
 102 0000 044A     		ldr	r2, .L8
 103 0002 1378     		ldrb	r3, [r2]	@ zero_extendqisi2
 104 0004 03F0FC03 		and	r3, r3, #252
 105              	.LVL1:
 311:.\Generated_Source\PSoC5/Mixer_2.c ****     tmpCR |= (power & Mixer_2_DRIVE_MASK);
 106              		.loc 1 311 0
 107 0008 00F00300 		and	r0, r0, #3
 108              	.LVL2:
 109 000c 1843     		orrs	r0, r0, r3
 110              	.LVL3:
 312:.\Generated_Source\PSoC5/Mixer_2.c ****     Mixer_2_CR1_REG = tmpCR;  
 111              		.loc 1 312 0
 112 000e 1070     		strb	r0, [r2]
 113 0010 7047     		bx	lr
 114              	.L9:
 115 0012 00BF     		.align	2
 116              	.L8:
 117 0014 05580040 		.word	1073764357
 118              		.cfi_endproc
 119              	.LFE4:
 120              		.size	Mixer_2_SetPower, .-Mixer_2_SetPower
 121              		.section	.text.Mixer_2_Init,"ax",%progbits
 122              		.align	2
 123              		.global	Mixer_2_Init
 124              		.thumb
 125              		.thumb_func
 126              		.type	Mixer_2_Init, %function
 127              	Mixer_2_Init:
 128              	.LFB0:
  55:.\Generated_Source\PSoC5/Mixer_2.c ****     float LOf = Mixer_2_LO_CLOCK_FREQ;
 129              		.loc 1 55 0
 130              		.cfi_startproc
 131              		@ args = 0, pretend = 0, frame = 0
 132              		@ frame_needed = 0, uses_anonymous_args = 0
 133 0000 08B5     		push	{r3, lr}
 134              		.cfi_def_cfa_offset 8
 135              		.cfi_offset 3, -8
 136              		.cfi_offset 14, -4
 137              	.LVL4:
  92:.\Generated_Source\PSoC5/Mixer_2.c **** 
 138              		.loc 1 92 0
 139 0002 0622     		movs	r2, #6
 140 0004 074B     		ldr	r3, .L12
 141 0006 1A70     		strb	r2, [r3]
  95:.\Generated_Source\PSoC5/Mixer_2.c ****                                 Mixer_2_DIV2_ENABLE |
ARM GAS  C:\Users\koseki\AppData\Local\Temp\ccXwhImU.s 			page 9


 142              		.loc 1 95 0
 143 0008 1822     		movs	r2, #24
 144 000a 0133     		adds	r3, r3, #1
 145 000c 1A70     		strb	r2, [r3]
 113:.\Generated_Source\PSoC5/Mixer_2.c **** 										Mixer_2_GNDVREF_DI |
 146              		.loc 1 113 0
 147 000e 0320     		movs	r0, #3
 148 0010 0133     		adds	r3, r3, #1
 149 0012 1870     		strb	r0, [r3]
 121:.\Generated_Source\PSoC5/Mixer_2.c **** 
 150              		.loc 1 121 0
 151 0014 044A     		ldr	r2, .L12+4
 152 0016 1378     		ldrb	r3, [r2]	@ zero_extendqisi2
 153 0018 43F00803 		orr	r3, r3, #8
 154 001c 1370     		strb	r3, [r2]
 124:.\Generated_Source\PSoC5/Mixer_2.c ****     
 155              		.loc 1 124 0
 156 001e FFF7FEFF 		bl	Mixer_2_SetPower
 157              	.LVL5:
 158 0022 08BD     		pop	{r3, pc}
 159              	.L13:
 160              		.align	2
 161              	.L12:
 162 0024 04580040 		.word	1073764356
 163 0028 1B5A0040 		.word	1073764891
 164              		.cfi_endproc
 165              	.LFE0:
 166              		.size	Mixer_2_Init, .-Mixer_2_Init
 167              		.section	.text.Mixer_2_Start,"ax",%progbits
 168              		.align	2
 169              		.global	Mixer_2_Start
 170              		.thumb
 171              		.thumb_func
 172              		.type	Mixer_2_Start, %function
 173              	Mixer_2_Start:
 174              	.LFB2:
 223:.\Generated_Source\PSoC5/Mixer_2.c ****     /* If not Initialized then initialize all required hardware and software */
 175              		.loc 1 223 0
 176              		.cfi_startproc
 177              		@ args = 0, pretend = 0, frame = 0
 178              		@ frame_needed = 0, uses_anonymous_args = 0
 179 0000 08B5     		push	{r3, lr}
 180              		.cfi_def_cfa_offset 8
 181              		.cfi_offset 3, -8
 182              		.cfi_offset 14, -4
 225:.\Generated_Source\PSoC5/Mixer_2.c ****     {
 183              		.loc 1 225 0
 184 0002 054B     		ldr	r3, .L17
 185 0004 1B78     		ldrb	r3, [r3]	@ zero_extendqisi2
 186 0006 23B9     		cbnz	r3, .L15
 227:.\Generated_Source\PSoC5/Mixer_2.c ****         Mixer_2_initVar = 1u;
 187              		.loc 1 227 0
 188 0008 FFF7FEFF 		bl	Mixer_2_Init
 189              	.LVL6:
 228:.\Generated_Source\PSoC5/Mixer_2.c ****     }
 190              		.loc 1 228 0
 191 000c 0122     		movs	r2, #1
ARM GAS  C:\Users\koseki\AppData\Local\Temp\ccXwhImU.s 			page 10


 192 000e 024B     		ldr	r3, .L17
 193 0010 1A70     		strb	r2, [r3]
 194              	.L15:
 231:.\Generated_Source\PSoC5/Mixer_2.c ****     
 195              		.loc 1 231 0
 196 0012 FFF7FEFF 		bl	Mixer_2_Enable
 197              	.LVL7:
 198 0016 08BD     		pop	{r3, pc}
 199              	.L18:
 200              		.align	2
 201              	.L17:
 202 0018 00000000 		.word	.LANCHOR0
 203              		.cfi_endproc
 204              	.LFE2:
 205              		.size	Mixer_2_Start, .-Mixer_2_Start
 206              		.global	Mixer_2_initVar
 207              		.bss
 208              		.set	.LANCHOR0,. + 0
 209              		.type	Mixer_2_initVar, %object
 210              		.size	Mixer_2_initVar, 1
 211              	Mixer_2_initVar:
 212 0000 00       		.space	1
 213              		.text
 214              	.Letext0:
 215              		.file 2 ".\\Generated_Source\\PSoC5\\cytypes.h"
 216              		.section	.debug_info,"",%progbits
 217              	.Ldebug_info0:
 218 0000 68010000 		.4byte	0x168
 219 0004 0400     		.2byte	0x4
 220 0006 00000000 		.4byte	.Ldebug_abbrev0
 221 000a 04       		.byte	0x4
 222 000b 01       		.uleb128 0x1
 223 000c E7000000 		.4byte	.LASF21
 224 0010 01       		.byte	0x1
 225 0011 0E000000 		.4byte	.LASF22
 226 0015 4F000000 		.4byte	.LASF23
 227 0019 00000000 		.4byte	.Ldebug_ranges0+0
 228 001d 00000000 		.4byte	0
 229 0021 00000000 		.4byte	.Ldebug_line0
 230 0025 02       		.uleb128 0x2
 231 0026 01       		.byte	0x1
 232 0027 06       		.byte	0x6
 233 0028 C9010000 		.4byte	.LASF0
 234 002c 02       		.uleb128 0x2
 235 002d 01       		.byte	0x1
 236 002e 08       		.byte	0x8
 237 002f 82010000 		.4byte	.LASF1
 238 0033 02       		.uleb128 0x2
 239 0034 02       		.byte	0x2
 240 0035 05       		.byte	0x5
 241 0036 DE010000 		.4byte	.LASF2
 242 003a 02       		.uleb128 0x2
 243 003b 02       		.byte	0x2
 244 003c 07       		.byte	0x7
 245 003d B6010000 		.4byte	.LASF3
 246 0041 02       		.uleb128 0x2
 247 0042 04       		.byte	0x4
ARM GAS  C:\Users\koseki\AppData\Local\Temp\ccXwhImU.s 			page 11


 248 0043 05       		.byte	0x5
 249 0044 95010000 		.4byte	.LASF4
 250 0048 02       		.uleb128 0x2
 251 0049 04       		.byte	0x4
 252 004a 07       		.byte	0x7
 253 004b A9000000 		.4byte	.LASF5
 254 004f 02       		.uleb128 0x2
 255 0050 08       		.byte	0x8
 256 0051 05       		.byte	0x5
 257 0052 00000000 		.4byte	.LASF6
 258 0056 02       		.uleb128 0x2
 259 0057 08       		.byte	0x8
 260 0058 07       		.byte	0x7
 261 0059 BB000000 		.4byte	.LASF7
 262 005d 03       		.uleb128 0x3
 263 005e 04       		.byte	0x4
 264 005f 05       		.byte	0x5
 265 0060 696E7400 		.ascii	"int\000"
 266 0064 02       		.uleb128 0x2
 267 0065 04       		.byte	0x4
 268 0066 07       		.byte	0x7
 269 0067 ED010000 		.4byte	.LASF8
 270 006b 04       		.uleb128 0x4
 271 006c A3000000 		.4byte	.LASF12
 272 0070 02       		.byte	0x2
 273 0071 3801     		.2byte	0x138
 274 0073 2C000000 		.4byte	0x2c
 275 0077 02       		.uleb128 0x2
 276 0078 04       		.byte	0x4
 277 0079 04       		.byte	0x4
 278 007a E1000000 		.4byte	.LASF9
 279 007e 02       		.uleb128 0x2
 280 007f 08       		.byte	0x8
 281 0080 04       		.byte	0x4
 282 0081 AF010000 		.4byte	.LASF10
 283 0085 02       		.uleb128 0x2
 284 0086 01       		.byte	0x1
 285 0087 08       		.byte	0x8
 286 0088 90010000 		.4byte	.LASF11
 287 008c 04       		.uleb128 0x4
 288 008d E8010000 		.4byte	.LASF13
 289 0091 02       		.byte	0x2
 290 0092 E201     		.2byte	0x1e2
 291 0094 98000000 		.4byte	0x98
 292 0098 05       		.uleb128 0x5
 293 0099 6B000000 		.4byte	0x6b
 294 009d 02       		.uleb128 0x2
 295 009e 04       		.byte	0x4
 296 009f 07       		.byte	0x7
 297 00a0 D5010000 		.4byte	.LASF14
 298 00a4 06       		.uleb128 0x6
 299 00a5 D2000000 		.4byte	.LASF15
 300 00a9 01       		.byte	0x1
 301 00aa 94       		.byte	0x94
 302 00ab 00000000 		.4byte	.LFB1
 303 00af 28000000 		.4byte	.LFE1-.LFB1
 304 00b3 01       		.uleb128 0x1
ARM GAS  C:\Users\koseki\AppData\Local\Temp\ccXwhImU.s 			page 12


 305 00b4 9C       		.byte	0x9c
 306 00b5 06       		.uleb128 0x6
 307 00b6 75010000 		.4byte	.LASF16
 308 00ba 01       		.byte	0x1
 309 00bb FA       		.byte	0xfa
 310 00bc 00000000 		.4byte	.LFB3
 311 00c0 1C000000 		.4byte	.LFE3-.LFB3
 312 00c4 01       		.uleb128 0x1
 313 00c5 9C       		.byte	0x9c
 314 00c6 07       		.uleb128 0x7
 315 00c7 9E010000 		.4byte	.LASF17
 316 00cb 01       		.byte	0x1
 317 00cc 3101     		.2byte	0x131
 318 00ce 00000000 		.4byte	.LFB4
 319 00d2 18000000 		.4byte	.LFE4-.LFB4
 320 00d6 01       		.uleb128 0x1
 321 00d7 9C       		.byte	0x9c
 322 00d8 FD000000 		.4byte	0xfd
 323 00dc 08       		.uleb128 0x8
 324 00dd 0D020000 		.4byte	.LASF24
 325 00e1 01       		.byte	0x1
 326 00e2 3101     		.2byte	0x131
 327 00e4 6B000000 		.4byte	0x6b
 328 00e8 00000000 		.4byte	.LLST0
 329 00ec 09       		.uleb128 0x9
 330 00ed 07020000 		.4byte	.LASF19
 331 00f1 01       		.byte	0x1
 332 00f2 3301     		.2byte	0x133
 333 00f4 6B000000 		.4byte	0x6b
 334 00f8 21000000 		.4byte	.LLST1
 335 00fc 00       		.byte	0
 336 00fd 0A       		.uleb128 0xa
 337 00fe FA010000 		.4byte	.LASF18
 338 0102 01       		.byte	0x1
 339 0103 36       		.byte	0x36
 340 0104 00000000 		.4byte	.LFB0
 341 0108 2C000000 		.4byte	.LFE0-.LFB0
 342 010c 01       		.uleb128 0x1
 343 010d 9C       		.byte	0x9c
 344 010e 32010000 		.4byte	0x132
 345 0112 0B       		.uleb128 0xb
 346 0113 4C4F6600 		.ascii	"LOf\000"
 347 0117 01       		.byte	0x1
 348 0118 38       		.byte	0x38
 349 0119 77000000 		.4byte	0x77
 350 011d 04       		.byte	0x4
 351 011e 00007A44 		.4byte	0x447a0000
 352 0122 0C       		.uleb128 0xc
 353 0123 22000000 		.4byte	.LVL5
 354 0127 C6000000 		.4byte	0xc6
 355 012b 0D       		.uleb128 0xd
 356 012c 01       		.uleb128 0x1
 357 012d 50       		.byte	0x50
 358 012e 01       		.uleb128 0x1
 359 012f 33       		.byte	0x33
 360 0130 00       		.byte	0
 361 0131 00       		.byte	0
ARM GAS  C:\Users\koseki\AppData\Local\Temp\ccXwhImU.s 			page 13


 362 0132 0A       		.uleb128 0xa
 363 0133 31000000 		.4byte	.LASF20
 364 0137 01       		.byte	0x1
 365 0138 DE       		.byte	0xde
 366 0139 00000000 		.4byte	.LFB2
 367 013d 1C000000 		.4byte	.LFE2-.LFB2
 368 0141 01       		.uleb128 0x1
 369 0142 9C       		.byte	0x9c
 370 0143 5A010000 		.4byte	0x15a
 371 0147 0E       		.uleb128 0xe
 372 0148 0C000000 		.4byte	.LVL6
 373 014c FD000000 		.4byte	0xfd
 374 0150 0E       		.uleb128 0xe
 375 0151 16000000 		.4byte	.LVL7
 376 0155 A4000000 		.4byte	0xa4
 377 0159 00       		.byte	0
 378 015a 0F       		.uleb128 0xf
 379 015b 3F000000 		.4byte	.LASF25
 380 015f 01       		.byte	0x1
 381 0160 1E       		.byte	0x1e
 382 0161 6B000000 		.4byte	0x6b
 383 0165 05       		.uleb128 0x5
 384 0166 03       		.byte	0x3
 385 0167 00000000 		.4byte	Mixer_2_initVar
 386 016b 00       		.byte	0
 387              		.section	.debug_abbrev,"",%progbits
 388              	.Ldebug_abbrev0:
 389 0000 01       		.uleb128 0x1
 390 0001 11       		.uleb128 0x11
 391 0002 01       		.byte	0x1
 392 0003 25       		.uleb128 0x25
 393 0004 0E       		.uleb128 0xe
 394 0005 13       		.uleb128 0x13
 395 0006 0B       		.uleb128 0xb
 396 0007 03       		.uleb128 0x3
 397 0008 0E       		.uleb128 0xe
 398 0009 1B       		.uleb128 0x1b
 399 000a 0E       		.uleb128 0xe
 400 000b 55       		.uleb128 0x55
 401 000c 17       		.uleb128 0x17
 402 000d 11       		.uleb128 0x11
 403 000e 01       		.uleb128 0x1
 404 000f 10       		.uleb128 0x10
 405 0010 17       		.uleb128 0x17
 406 0011 00       		.byte	0
 407 0012 00       		.byte	0
 408 0013 02       		.uleb128 0x2
 409 0014 24       		.uleb128 0x24
 410 0015 00       		.byte	0
 411 0016 0B       		.uleb128 0xb
 412 0017 0B       		.uleb128 0xb
 413 0018 3E       		.uleb128 0x3e
 414 0019 0B       		.uleb128 0xb
 415 001a 03       		.uleb128 0x3
 416 001b 0E       		.uleb128 0xe
 417 001c 00       		.byte	0
 418 001d 00       		.byte	0
ARM GAS  C:\Users\koseki\AppData\Local\Temp\ccXwhImU.s 			page 14


 419 001e 03       		.uleb128 0x3
 420 001f 24       		.uleb128 0x24
 421 0020 00       		.byte	0
 422 0021 0B       		.uleb128 0xb
 423 0022 0B       		.uleb128 0xb
 424 0023 3E       		.uleb128 0x3e
 425 0024 0B       		.uleb128 0xb
 426 0025 03       		.uleb128 0x3
 427 0026 08       		.uleb128 0x8
 428 0027 00       		.byte	0
 429 0028 00       		.byte	0
 430 0029 04       		.uleb128 0x4
 431 002a 16       		.uleb128 0x16
 432 002b 00       		.byte	0
 433 002c 03       		.uleb128 0x3
 434 002d 0E       		.uleb128 0xe
 435 002e 3A       		.uleb128 0x3a
 436 002f 0B       		.uleb128 0xb
 437 0030 3B       		.uleb128 0x3b
 438 0031 05       		.uleb128 0x5
 439 0032 49       		.uleb128 0x49
 440 0033 13       		.uleb128 0x13
 441 0034 00       		.byte	0
 442 0035 00       		.byte	0
 443 0036 05       		.uleb128 0x5
 444 0037 35       		.uleb128 0x35
 445 0038 00       		.byte	0
 446 0039 49       		.uleb128 0x49
 447 003a 13       		.uleb128 0x13
 448 003b 00       		.byte	0
 449 003c 00       		.byte	0
 450 003d 06       		.uleb128 0x6
 451 003e 2E       		.uleb128 0x2e
 452 003f 00       		.byte	0
 453 0040 3F       		.uleb128 0x3f
 454 0041 19       		.uleb128 0x19
 455 0042 03       		.uleb128 0x3
 456 0043 0E       		.uleb128 0xe
 457 0044 3A       		.uleb128 0x3a
 458 0045 0B       		.uleb128 0xb
 459 0046 3B       		.uleb128 0x3b
 460 0047 0B       		.uleb128 0xb
 461 0048 27       		.uleb128 0x27
 462 0049 19       		.uleb128 0x19
 463 004a 11       		.uleb128 0x11
 464 004b 01       		.uleb128 0x1
 465 004c 12       		.uleb128 0x12
 466 004d 06       		.uleb128 0x6
 467 004e 40       		.uleb128 0x40
 468 004f 18       		.uleb128 0x18
 469 0050 9742     		.uleb128 0x2117
 470 0052 19       		.uleb128 0x19
 471 0053 00       		.byte	0
 472 0054 00       		.byte	0
 473 0055 07       		.uleb128 0x7
 474 0056 2E       		.uleb128 0x2e
 475 0057 01       		.byte	0x1
ARM GAS  C:\Users\koseki\AppData\Local\Temp\ccXwhImU.s 			page 15


 476 0058 3F       		.uleb128 0x3f
 477 0059 19       		.uleb128 0x19
 478 005a 03       		.uleb128 0x3
 479 005b 0E       		.uleb128 0xe
 480 005c 3A       		.uleb128 0x3a
 481 005d 0B       		.uleb128 0xb
 482 005e 3B       		.uleb128 0x3b
 483 005f 05       		.uleb128 0x5
 484 0060 27       		.uleb128 0x27
 485 0061 19       		.uleb128 0x19
 486 0062 11       		.uleb128 0x11
 487 0063 01       		.uleb128 0x1
 488 0064 12       		.uleb128 0x12
 489 0065 06       		.uleb128 0x6
 490 0066 40       		.uleb128 0x40
 491 0067 18       		.uleb128 0x18
 492 0068 9742     		.uleb128 0x2117
 493 006a 19       		.uleb128 0x19
 494 006b 01       		.uleb128 0x1
 495 006c 13       		.uleb128 0x13
 496 006d 00       		.byte	0
 497 006e 00       		.byte	0
 498 006f 08       		.uleb128 0x8
 499 0070 05       		.uleb128 0x5
 500 0071 00       		.byte	0
 501 0072 03       		.uleb128 0x3
 502 0073 0E       		.uleb128 0xe
 503 0074 3A       		.uleb128 0x3a
 504 0075 0B       		.uleb128 0xb
 505 0076 3B       		.uleb128 0x3b
 506 0077 05       		.uleb128 0x5
 507 0078 49       		.uleb128 0x49
 508 0079 13       		.uleb128 0x13
 509 007a 02       		.uleb128 0x2
 510 007b 17       		.uleb128 0x17
 511 007c 00       		.byte	0
 512 007d 00       		.byte	0
 513 007e 09       		.uleb128 0x9
 514 007f 34       		.uleb128 0x34
 515 0080 00       		.byte	0
 516 0081 03       		.uleb128 0x3
 517 0082 0E       		.uleb128 0xe
 518 0083 3A       		.uleb128 0x3a
 519 0084 0B       		.uleb128 0xb
 520 0085 3B       		.uleb128 0x3b
 521 0086 05       		.uleb128 0x5
 522 0087 49       		.uleb128 0x49
 523 0088 13       		.uleb128 0x13
 524 0089 02       		.uleb128 0x2
 525 008a 17       		.uleb128 0x17
 526 008b 00       		.byte	0
 527 008c 00       		.byte	0
 528 008d 0A       		.uleb128 0xa
 529 008e 2E       		.uleb128 0x2e
 530 008f 01       		.byte	0x1
 531 0090 3F       		.uleb128 0x3f
 532 0091 19       		.uleb128 0x19
ARM GAS  C:\Users\koseki\AppData\Local\Temp\ccXwhImU.s 			page 16


 533 0092 03       		.uleb128 0x3
 534 0093 0E       		.uleb128 0xe
 535 0094 3A       		.uleb128 0x3a
 536 0095 0B       		.uleb128 0xb
 537 0096 3B       		.uleb128 0x3b
 538 0097 0B       		.uleb128 0xb
 539 0098 27       		.uleb128 0x27
 540 0099 19       		.uleb128 0x19
 541 009a 11       		.uleb128 0x11
 542 009b 01       		.uleb128 0x1
 543 009c 12       		.uleb128 0x12
 544 009d 06       		.uleb128 0x6
 545 009e 40       		.uleb128 0x40
 546 009f 18       		.uleb128 0x18
 547 00a0 9742     		.uleb128 0x2117
 548 00a2 19       		.uleb128 0x19
 549 00a3 01       		.uleb128 0x1
 550 00a4 13       		.uleb128 0x13
 551 00a5 00       		.byte	0
 552 00a6 00       		.byte	0
 553 00a7 0B       		.uleb128 0xb
 554 00a8 34       		.uleb128 0x34
 555 00a9 00       		.byte	0
 556 00aa 03       		.uleb128 0x3
 557 00ab 08       		.uleb128 0x8
 558 00ac 3A       		.uleb128 0x3a
 559 00ad 0B       		.uleb128 0xb
 560 00ae 3B       		.uleb128 0x3b
 561 00af 0B       		.uleb128 0xb
 562 00b0 49       		.uleb128 0x49
 563 00b1 13       		.uleb128 0x13
 564 00b2 1C       		.uleb128 0x1c
 565 00b3 0A       		.uleb128 0xa
 566 00b4 00       		.byte	0
 567 00b5 00       		.byte	0
 568 00b6 0C       		.uleb128 0xc
 569 00b7 898201   		.uleb128 0x4109
 570 00ba 01       		.byte	0x1
 571 00bb 11       		.uleb128 0x11
 572 00bc 01       		.uleb128 0x1
 573 00bd 31       		.uleb128 0x31
 574 00be 13       		.uleb128 0x13
 575 00bf 00       		.byte	0
 576 00c0 00       		.byte	0
 577 00c1 0D       		.uleb128 0xd
 578 00c2 8A8201   		.uleb128 0x410a
 579 00c5 00       		.byte	0
 580 00c6 02       		.uleb128 0x2
 581 00c7 18       		.uleb128 0x18
 582 00c8 9142     		.uleb128 0x2111
 583 00ca 18       		.uleb128 0x18
 584 00cb 00       		.byte	0
 585 00cc 00       		.byte	0
 586 00cd 0E       		.uleb128 0xe
 587 00ce 898201   		.uleb128 0x4109
 588 00d1 00       		.byte	0
 589 00d2 11       		.uleb128 0x11
ARM GAS  C:\Users\koseki\AppData\Local\Temp\ccXwhImU.s 			page 17


 590 00d3 01       		.uleb128 0x1
 591 00d4 31       		.uleb128 0x31
 592 00d5 13       		.uleb128 0x13
 593 00d6 00       		.byte	0
 594 00d7 00       		.byte	0
 595 00d8 0F       		.uleb128 0xf
 596 00d9 34       		.uleb128 0x34
 597 00da 00       		.byte	0
 598 00db 03       		.uleb128 0x3
 599 00dc 0E       		.uleb128 0xe
 600 00dd 3A       		.uleb128 0x3a
 601 00de 0B       		.uleb128 0xb
 602 00df 3B       		.uleb128 0x3b
 603 00e0 0B       		.uleb128 0xb
 604 00e1 49       		.uleb128 0x49
 605 00e2 13       		.uleb128 0x13
 606 00e3 3F       		.uleb128 0x3f
 607 00e4 19       		.uleb128 0x19
 608 00e5 02       		.uleb128 0x2
 609 00e6 18       		.uleb128 0x18
 610 00e7 00       		.byte	0
 611 00e8 00       		.byte	0
 612 00e9 00       		.byte	0
 613              		.section	.debug_loc,"",%progbits
 614              	.Ldebug_loc0:
 615              	.LLST0:
 616 0000 00000000 		.4byte	.LVL0
 617 0004 0C000000 		.4byte	.LVL2
 618 0008 0100     		.2byte	0x1
 619 000a 50       		.byte	0x50
 620 000b 0C000000 		.4byte	.LVL2
 621 000f 18000000 		.4byte	.LFE4
 622 0013 0400     		.2byte	0x4
 623 0015 F3       		.byte	0xf3
 624 0016 01       		.uleb128 0x1
 625 0017 50       		.byte	0x50
 626 0018 9F       		.byte	0x9f
 627 0019 00000000 		.4byte	0
 628 001d 00000000 		.4byte	0
 629              	.LLST1:
 630 0021 08000000 		.4byte	.LVL1
 631 0025 0E000000 		.4byte	.LVL3
 632 0029 0100     		.2byte	0x1
 633 002b 53       		.byte	0x53
 634 002c 0E000000 		.4byte	.LVL3
 635 0030 18000000 		.4byte	.LFE4
 636 0034 0100     		.2byte	0x1
 637 0036 50       		.byte	0x50
 638 0037 00000000 		.4byte	0
 639 003b 00000000 		.4byte	0
 640              		.section	.debug_aranges,"",%progbits
 641 0000 3C000000 		.4byte	0x3c
 642 0004 0200     		.2byte	0x2
 643 0006 00000000 		.4byte	.Ldebug_info0
 644 000a 04       		.byte	0x4
 645 000b 00       		.byte	0
 646 000c 0000     		.2byte	0
ARM GAS  C:\Users\koseki\AppData\Local\Temp\ccXwhImU.s 			page 18


 647 000e 0000     		.2byte	0
 648 0010 00000000 		.4byte	.LFB1
 649 0014 28000000 		.4byte	.LFE1-.LFB1
 650 0018 00000000 		.4byte	.LFB3
 651 001c 1C000000 		.4byte	.LFE3-.LFB3
 652 0020 00000000 		.4byte	.LFB4
 653 0024 18000000 		.4byte	.LFE4-.LFB4
 654 0028 00000000 		.4byte	.LFB0
 655 002c 2C000000 		.4byte	.LFE0-.LFB0
 656 0030 00000000 		.4byte	.LFB2
 657 0034 1C000000 		.4byte	.LFE2-.LFB2
 658 0038 00000000 		.4byte	0
 659 003c 00000000 		.4byte	0
 660              		.section	.debug_ranges,"",%progbits
 661              	.Ldebug_ranges0:
 662 0000 00000000 		.4byte	.LFB1
 663 0004 28000000 		.4byte	.LFE1
 664 0008 00000000 		.4byte	.LFB3
 665 000c 1C000000 		.4byte	.LFE3
 666 0010 00000000 		.4byte	.LFB4
 667 0014 18000000 		.4byte	.LFE4
 668 0018 00000000 		.4byte	.LFB0
 669 001c 2C000000 		.4byte	.LFE0
 670 0020 00000000 		.4byte	.LFB2
 671 0024 1C000000 		.4byte	.LFE2
 672 0028 00000000 		.4byte	0
 673 002c 00000000 		.4byte	0
 674              		.section	.debug_line,"",%progbits
 675              	.Ldebug_line0:
 676 0000 B4000000 		.section	.debug_str,"MS",%progbits,1
 676      02004600 
 676      00000201 
 676      FB0E0D00 
 676      01010101 
 677              	.LASF6:
 678 0000 6C6F6E67 		.ascii	"long long int\000"
 678      206C6F6E 
 678      6720696E 
 678      7400
 679              	.LASF22:
 680 000e 2E5C4765 		.ascii	".\\Generated_Source\\PSoC5\\Mixer_2.c\000"
 680      6E657261 
 680      7465645F 
 680      536F7572 
 680      63655C50 
 681              	.LASF20:
 682 0031 4D697865 		.ascii	"Mixer_2_Start\000"
 682      725F325F 
 682      53746172 
 682      7400
 683              	.LASF25:
 684 003f 4D697865 		.ascii	"Mixer_2_initVar\000"
 684      725F325F 
 684      696E6974 
 684      56617200 
 685              	.LASF23:
 686 004f 453A5C50 		.ascii	"E:\\PSoC_Creator\\CY8CKIT-059\\CY8CKIT-059_SDR_AM_R"
ARM GAS  C:\Users\koseki\AppData\Local\Temp\ccXwhImU.s 			page 19


 686      536F435F 
 686      43726561 
 686      746F725C 
 686      43593843 
 687 007f 6164696F 		.ascii	"adio\\CY8CKIT-059_SDR_AM_Radio.cydsn\000"
 687      5C435938 
 687      434B4954 
 687      2D303539 
 687      5F534452 
 688              	.LASF12:
 689 00a3 75696E74 		.ascii	"uint8\000"
 689      3800
 690              	.LASF5:
 691 00a9 6C6F6E67 		.ascii	"long unsigned int\000"
 691      20756E73 
 691      69676E65 
 691      6420696E 
 691      7400
 692              	.LASF7:
 693 00bb 6C6F6E67 		.ascii	"long long unsigned int\000"
 693      206C6F6E 
 693      6720756E 
 693      7369676E 
 693      65642069 
 694              	.LASF15:
 695 00d2 4D697865 		.ascii	"Mixer_2_Enable\000"
 695      725F325F 
 695      456E6162 
 695      6C6500
 696              	.LASF9:
 697 00e1 666C6F61 		.ascii	"float\000"
 697      7400
 698              	.LASF21:
 699 00e7 474E5520 		.ascii	"GNU C 4.9.3 20150303 (release) [ARM/embedded-4_9-br"
 699      4320342E 
 699      392E3320 
 699      32303135 
 699      30333033 
 700 011a 616E6368 		.ascii	"anch revision 221220] -mcpu=cortex-m3 -mthumb -g -O"
 700      20726576 
 700      6973696F 
 700      6E203232 
 700      31323230 
 701 014d 67202D66 		.ascii	"g -ffunction-sections -ffat-lto-objects\000"
 701      66756E63 
 701      74696F6E 
 701      2D736563 
 701      74696F6E 
 702              	.LASF16:
 703 0175 4D697865 		.ascii	"Mixer_2_Stop\000"
 703      725F325F 
 703      53746F70 
 703      00
 704              	.LASF1:
 705 0182 756E7369 		.ascii	"unsigned char\000"
 705      676E6564 
 705      20636861 
ARM GAS  C:\Users\koseki\AppData\Local\Temp\ccXwhImU.s 			page 20


 705      7200
 706              	.LASF11:
 707 0190 63686172 		.ascii	"char\000"
 707      00
 708              	.LASF4:
 709 0195 6C6F6E67 		.ascii	"long int\000"
 709      20696E74 
 709      00
 710              	.LASF17:
 711 019e 4D697865 		.ascii	"Mixer_2_SetPower\000"
 711      725F325F 
 711      53657450 
 711      6F776572 
 711      00
 712              	.LASF10:
 713 01af 646F7562 		.ascii	"double\000"
 713      6C6500
 714              	.LASF3:
 715 01b6 73686F72 		.ascii	"short unsigned int\000"
 715      7420756E 
 715      7369676E 
 715      65642069 
 715      6E7400
 716              	.LASF0:
 717 01c9 7369676E 		.ascii	"signed char\000"
 717      65642063 
 717      68617200 
 718              	.LASF14:
 719 01d5 73697A65 		.ascii	"sizetype\000"
 719      74797065 
 719      00
 720              	.LASF2:
 721 01de 73686F72 		.ascii	"short int\000"
 721      7420696E 
 721      7400
 722              	.LASF13:
 723 01e8 72656738 		.ascii	"reg8\000"
 723      00
 724              	.LASF8:
 725 01ed 756E7369 		.ascii	"unsigned int\000"
 725      676E6564 
 725      20696E74 
 725      00
 726              	.LASF18:
 727 01fa 4D697865 		.ascii	"Mixer_2_Init\000"
 727      725F325F 
 727      496E6974 
 727      00
 728              	.LASF19:
 729 0207 746D7043 		.ascii	"tmpCR\000"
 729      5200
 730              	.LASF24:
 731 020d 706F7765 		.ascii	"power\000"
 731      7200
 732              		.ident	"GCC: (GNU Tools for ARM Embedded Processors) 4.9.3 20150303 (release) [ARM/embedded-4_9-br
