ARM GAS  C:\Users\koseki\AppData\Local\Temp\ccA3v29j.s 			page 1


   1              		.syntax unified
   2              		.cpu cortex-m3
   3              		.fpu softvfp
   4              		.eabi_attribute 20, 1
   5              		.eabi_attribute 21, 1
   6              		.eabi_attribute 23, 3
   7              		.eabi_attribute 24, 1
   8              		.eabi_attribute 25, 1
   9              		.eabi_attribute 26, 1
  10              		.eabi_attribute 30, 1
  11              		.eabi_attribute 34, 1
  12              		.eabi_attribute 18, 4
  13              		.thumb
  14              		.file	"rot.c"
  15              		.text
  16              	.Ltext0:
  17              		.cfi_sections	.debug_frame
  18              		.section	.text.Init_ROT,"ax",%progbits
  19              		.align	2
  20              		.global	Init_ROT
  21              		.thumb
  22              		.thumb_func
  23              		.type	Init_ROT, %function
  24              	Init_ROT:
  25              	.LFB64:
  26              		.file 1 "..\\API\\rot.c"
   1:..\API/rot.c  **** /* ========================================
   2:..\API/rot.c  ****  *
   3:..\API/rot.c  ****  * Copyright YOUR COMPANY, THE YEAR
   4:..\API/rot.c  ****  * All Rights Reserved
   5:..\API/rot.c  ****  * UNPUBLISHED, LICENSED SOFTWARE.
   6:..\API/rot.c  ****  *
   7:..\API/rot.c  ****  * CONFIDENTIAL AND PROPRIETARY INFORMATION
   8:..\API/rot.c  ****  * WHICH IS THE PROPERTY OF your company.
   9:..\API/rot.c  ****  *
  10:..\API/rot.c  ****  * ========================================
  11:..\API/rot.c  ****  */
  12:..\API/rot.c  **** 
  13:..\API/rot.c  **** /* API */
  14:..\API/rot.c  **** #include "rot.h"
  15:..\API/rot.c  **** 
  16:..\API/rot.c  **** /* Definitions of FreeRTOS related Resource */
  17:..\API/rot.c  **** extern xQueueHandle xQueue_ROT;
  18:..\API/rot.c  **** 
  19:..\API/rot.c  **** /***********************
  20:..\API/rot.c  ****  *  Initialize ROT     *
  21:..\API/rot.c  ****  ***********************/
  22:..\API/rot.c  **** void Init_ROT(void)
  23:..\API/rot.c  **** {
  27              		.loc 1 23 0
  28              		.cfi_startproc
  29              		@ args = 0, pretend = 0, frame = 0
  30              		@ frame_needed = 0, uses_anonymous_args = 0
  31              		@ link register save eliminated.
  32 0000 7047     		bx	lr
  33              		.cfi_endproc
  34              	.LFE64:
ARM GAS  C:\Users\koseki\AppData\Local\Temp\ccA3v29j.s 			page 2


  35              		.size	Init_ROT, .-Init_ROT
  36 0002 00BF     		.section	.text.Task_ROT,"ax",%progbits
  37              		.align	2
  38              		.global	Task_ROT
  39              		.thumb
  40              		.thumb_func
  41              		.type	Task_ROT, %function
  42              	Task_ROT:
  43              	.LFB65:
  24:..\API/rot.c  ****     /* initialize the rotary encoder */    
  25:..\API/rot.c  **** }
  26:..\API/rot.c  **** 
  27:..\API/rot.c  **** 
  28:..\API/rot.c  **** #define QUEUE_INTERVAL 50
  29:..\API/rot.c  **** 
  30:..\API/rot.c  **** /***********************
  31:..\API/rot.c  ****  *  Task ROT           *
  32:..\API/rot.c  ****  ***********************/
  33:..\API/rot.c  **** void Task_ROT(void *pvParameters)
  34:..\API/rot.c  **** {
  44              		.loc 1 34 0
  45              		.cfi_startproc
  46              		@ args = 0, pretend = 0, frame = 8
  47              		@ frame_needed = 0, uses_anonymous_args = 0
  48              	.LVL0:
  49              		.loc 1 34 0
  50 0000 70B5     		push	{r4, r5, r6, lr}
  51              		.cfi_def_cfa_offset 16
  52              		.cfi_offset 4, -16
  53              		.cfi_offset 5, -12
  54              		.cfi_offset 6, -8
  55              		.cfi_offset 14, -4
  56 0002 82B0     		sub	sp, sp, #8
  57              		.cfi_def_cfa_offset 24
  58              	.LVL1:
  35:..\API/rot.c  ****     /* Block for 3ms */
  36:..\API/rot.c  ****     const portTickType xDelay = 3 / portTICK_RATE_MS;
  37:..\API/rot.c  **** 
  38:..\API/rot.c  ****     uint8 new = 0;  /* current state of ROT */
  39:..\API/rot.c  ****     uint8 prev = 0; /* previous state of ROT */
  40:..\API/rot.c  ****     int8 count = 0; /* click count */
  59              		.loc 1 40 0
  60 0004 0026     		movs	r6, #0
  61 0006 8DF80760 		strb	r6, [sp, #7]
  62              	.LVL2:
  41:..\API/rot.c  ****     uint16 cntTask = 0;   /* task count */
  63              		.loc 1 41 0
  64 000a 3546     		mov	r5, r6
  65              	.LVL3:
  66              	.L7:
  42:..\API/rot.c  **** 
  43:..\API/rot.c  ****     /* Task Loop */
  44:..\API/rot.c  ****     while(1)
  45:..\API/rot.c  ****     {
  46:..\API/rot.c  ****         /*****************************************
  47:..\API/rot.c  **** 		*	Rotary Encoder
  48:..\API/rot.c  **** 		******************************************/
ARM GAS  C:\Users\koseki\AppData\Local\Temp\ccA3v29j.s 			page 3


  49:..\API/rot.c  **** 
  50:..\API/rot.c  ****         /* click detect */
  51:..\API/rot.c  ****         new = (ROT_A_Read() << 1) + ROT_B_Read();
  67              		.loc 1 51 0
  68 000c FFF7FEFF 		bl	ROT_A_Read
  69              	.LVL4:
  70 0010 0446     		mov	r4, r0
  71 0012 FFF7FEFF 		bl	ROT_B_Read
  72              	.LVL5:
  73 0016 00EB4400 		add	r0, r0, r4, lsl #1
  74 001a C0B2     		uxtb	r0, r0
  75              	.LVL6:
  52:..\API/rot.c  ****         if (new != prev)
  76              		.loc 1 52 0
  77 001c B042     		cmp	r0, r6
  78 001e 12D0     		beq	.L3
  53:..\API/rot.c  ****         {
  54:..\API/rot.c  ****             /* click CW ? */
  55:..\API/rot.c  ****             if ((new == 0x03u) && (prev == 0x02u))
  79              		.loc 1 55 0
  80 0020 0328     		cmp	r0, #3
  81 0022 06D1     		bne	.L4
  82              		.loc 1 55 0 is_stmt 0 discriminator 1
  83 0024 022E     		cmp	r6, #2
  84 0026 04D1     		bne	.L4
  56:..\API/rot.c  ****                 count++;
  85              		.loc 1 56 0 is_stmt 1
  86 0028 9DF80730 		ldrb	r3, [sp, #7]	@ zero_extendqisi2
  87 002c 0133     		adds	r3, r3, #1
  88 002e 8DF80730 		strb	r3, [sp, #7]
  89              	.L4:
  57:..\API/rot.c  ****             /* click CCW ? */
  58:..\API/rot.c  ****             if ((new == 0x03u) && (prev == 0x01u))
  90              		.loc 1 58 0
  91 0032 0328     		cmp	r0, #3
  92 0034 06D1     		bne	.L5
  93              		.loc 1 58 0 is_stmt 0 discriminator 1
  94 0036 012E     		cmp	r6, #1
  95 0038 04D1     		bne	.L5
  59:..\API/rot.c  ****                 count--;
  96              		.loc 1 59 0 is_stmt 1
  97 003a 9DF80730 		ldrb	r3, [sp, #7]	@ zero_extendqisi2
  98 003e 013B     		subs	r3, r3, #1
  99 0040 8DF80730 		strb	r3, [sp, #7]
 100              	.L5:
 101              	.LVL7:
  60:..\API/rot.c  ****             /* update the ROT state */
  61:..\API/rot.c  ****             prev = new;
 102              		.loc 1 61 0
 103 0044 0646     		mov	r6, r0
 104              	.LVL8:
 105              	.L3:
  62:..\API/rot.c  ****         }
  63:..\API/rot.c  **** 
  64:..\API/rot.c  ****         cntTask++;
 106              		.loc 1 64 0
 107 0046 0135     		adds	r5, r5, #1
ARM GAS  C:\Users\koseki\AppData\Local\Temp\ccA3v29j.s 			page 4


 108              	.LVL9:
 109 0048 ADB2     		uxth	r5, r5
 110              	.LVL10:
  65:..\API/rot.c  ****         if (cntTask >= QUEUE_INTERVAL)
 111              		.loc 1 65 0
 112 004a 312D     		cmp	r5, #49
 113 004c 0FD9     		bls	.L6
  66:..\API/rot.c  ****         {
  67:..\API/rot.c  ****             if (count != 0)
 114              		.loc 1 67 0
 115 004e 9DF80730 		ldrb	r3, [sp, #7]	@ zero_extendqisi2
 116 0052 5BB1     		cbz	r3, .L8
  68:..\API/rot.c  ****             {
  69:..\API/rot.c  ****                 xQueueSend(xQueue_ROT, &count, 0);
 117              		.loc 1 69 0
 118 0054 084B     		ldr	r3, .L10
 119 0056 1868     		ldr	r0, [r3]
 120              	.LVL11:
 121 0058 0DF10701 		add	r1, sp, #7
 122 005c 0022     		movs	r2, #0
 123 005e 1346     		mov	r3, r2
 124 0060 FFF7FEFF 		bl	xQueueGenericSend
 125              	.LVL12:
  70:..\API/rot.c  ****                 count = 0;
 126              		.loc 1 70 0
 127 0064 0025     		movs	r5, #0
 128              	.LVL13:
 129 0066 8DF80750 		strb	r5, [sp, #7]
 130 006a 00E0     		b	.L6
 131              	.LVL14:
 132              	.L8:
  71:..\API/rot.c  ****             }
  72:..\API/rot.c  ****             cntTask = 0;
 133              		.loc 1 72 0
 134 006c 0025     		movs	r5, #0
 135              	.LVL15:
 136              	.L6:
  73:..\API/rot.c  ****         }
  74:..\API/rot.c  **** 
  75:..\API/rot.c  ****         /* Blocking Task */
  76:..\API/rot.c  ****         vTaskDelay(xDelay);
 137              		.loc 1 76 0
 138 006e 0320     		movs	r0, #3
 139 0070 FFF7FEFF 		bl	vTaskDelay
 140              	.LVL16:
  77:..\API/rot.c  ****     }
 141              		.loc 1 77 0
 142 0074 CAE7     		b	.L7
 143              	.L11:
 144 0076 00BF     		.align	2
 145              	.L10:
 146 0078 00000000 		.word	xQueue_ROT
 147              		.cfi_endproc
 148              	.LFE65:
 149              		.size	Task_ROT, .-Task_ROT
 150              		.text
 151              	.Letext0:
ARM GAS  C:\Users\koseki\AppData\Local\Temp\ccA3v29j.s 			page 5


 152              		.file 2 "c:\\program files (x86)\\cypress\\psoc creator\\4.0\\psoc creator\\import\\gnu\\arm\\4.9.
 153              		.file 3 "c:\\program files (x86)\\cypress\\psoc creator\\4.0\\psoc creator\\import\\gnu\\arm\\4.9.
 154              		.file 4 "Generated_Source\\PSoC5/cytypes.h"
 155              		.file 5 "..\\FreeRTOS/portmacro.h"
 156              		.file 6 "..\\FreeRTOS/queue.h"
 157              		.file 7 "Generated_Source\\PSoC5/core_cm3.h"
 158              		.file 8 "Generated_Source\\PSoC5/ROT_A.h"
 159              		.file 9 "Generated_Source\\PSoC5/ROT_B.h"
 160              		.file 10 "..\\FreeRTOS/task.h"
 161              		.section	.debug_info,"",%progbits
 162              	.Ldebug_info0:
 163 0000 2E020000 		.4byte	0x22e
 164 0004 0400     		.2byte	0x4
 165 0006 00000000 		.4byte	.Ldebug_abbrev0
 166 000a 04       		.byte	0x4
 167 000b 01       		.uleb128 0x1
 168 000c 24010000 		.4byte	.LASF31
 169 0010 01       		.byte	0x1
 170 0011 56020000 		.4byte	.LASF32
 171 0015 9B000000 		.4byte	.LASF33
 172 0019 00000000 		.4byte	.Ldebug_ranges0+0
 173 001d 00000000 		.4byte	0
 174 0021 00000000 		.4byte	.Ldebug_line0
 175 0025 02       		.uleb128 0x2
 176 0026 01       		.byte	0x1
 177 0027 06       		.byte	0x6
 178 0028 6B020000 		.4byte	.LASF0
 179 002c 02       		.uleb128 0x2
 180 002d 01       		.byte	0x1
 181 002e 08       		.byte	0x8
 182 002f 34000000 		.4byte	.LASF1
 183 0033 02       		.uleb128 0x2
 184 0034 02       		.byte	0x2
 185 0035 05       		.byte	0x5
 186 0036 91000000 		.4byte	.LASF2
 187 003a 02       		.uleb128 0x2
 188 003b 02       		.byte	0x2
 189 003c 07       		.byte	0x7
 190 003d 5F000000 		.4byte	.LASF3
 191 0041 03       		.uleb128 0x3
 192 0042 16000000 		.4byte	.LASF5
 193 0046 02       		.byte	0x2
 194 0047 3F       		.byte	0x3f
 195 0048 4C000000 		.4byte	0x4c
 196 004c 02       		.uleb128 0x2
 197 004d 04       		.byte	0x4
 198 004e 05       		.byte	0x5
 199 004f 42020000 		.4byte	.LASF4
 200 0053 03       		.uleb128 0x3
 201 0054 42000000 		.4byte	.LASF6
 202 0058 02       		.byte	0x2
 203 0059 41       		.byte	0x41
 204 005a 5E000000 		.4byte	0x5e
 205 005e 02       		.uleb128 0x2
 206 005f 04       		.byte	0x4
 207 0060 07       		.byte	0x7
 208 0061 4D000000 		.4byte	.LASF7
ARM GAS  C:\Users\koseki\AppData\Local\Temp\ccA3v29j.s 			page 6


 209 0065 02       		.uleb128 0x2
 210 0066 08       		.byte	0x8
 211 0067 05       		.byte	0x5
 212 0068 F9010000 		.4byte	.LASF8
 213 006c 02       		.uleb128 0x2
 214 006d 08       		.byte	0x8
 215 006e 07       		.byte	0x7
 216 006f BF010000 		.4byte	.LASF9
 217 0073 04       		.uleb128 0x4
 218 0074 04       		.byte	0x4
 219 0075 05       		.byte	0x5
 220 0076 696E7400 		.ascii	"int\000"
 221 007a 02       		.uleb128 0x2
 222 007b 04       		.byte	0x4
 223 007c 07       		.byte	0x7
 224 007d B2010000 		.4byte	.LASF10
 225 0081 03       		.uleb128 0x3
 226 0082 E1010000 		.4byte	.LASF11
 227 0086 03       		.byte	0x3
 228 0087 2C       		.byte	0x2c
 229 0088 41000000 		.4byte	0x41
 230 008c 03       		.uleb128 0x3
 231 008d 39020000 		.4byte	.LASF12
 232 0091 03       		.byte	0x3
 233 0092 2D       		.byte	0x2d
 234 0093 53000000 		.4byte	0x53
 235 0097 05       		.uleb128 0x5
 236 0098 33020000 		.4byte	.LASF13
 237 009c 04       		.byte	0x4
 238 009d 3801     		.2byte	0x138
 239 009f 2C000000 		.4byte	0x2c
 240 00a3 05       		.uleb128 0x5
 241 00a4 FD000000 		.4byte	.LASF14
 242 00a8 04       		.byte	0x4
 243 00a9 3901     		.2byte	0x139
 244 00ab 3A000000 		.4byte	0x3a
 245 00af 05       		.uleb128 0x5
 246 00b0 04010000 		.4byte	.LASF15
 247 00b4 04       		.byte	0x4
 248 00b5 3B01     		.2byte	0x13b
 249 00b7 25000000 		.4byte	0x25
 250 00bb 02       		.uleb128 0x2
 251 00bc 04       		.byte	0x4
 252 00bd 04       		.byte	0x4
 253 00be 2E000000 		.4byte	.LASF16
 254 00c2 02       		.uleb128 0x2
 255 00c3 08       		.byte	0x8
 256 00c4 04       		.byte	0x4
 257 00c5 8A000000 		.4byte	.LASF17
 258 00c9 02       		.uleb128 0x2
 259 00ca 01       		.byte	0x1
 260 00cb 08       		.byte	0x8
 261 00cc 07020000 		.4byte	.LASF18
 262 00d0 02       		.uleb128 0x2
 263 00d1 04       		.byte	0x4
 264 00d2 07       		.byte	0x7
 265 00d3 E9010000 		.4byte	.LASF19
ARM GAS  C:\Users\koseki\AppData\Local\Temp\ccA3v29j.s 			page 7


 266 00d7 06       		.uleb128 0x6
 267 00d8 04       		.byte	0x4
 268 00d9 07       		.uleb128 0x7
 269 00da 04       		.byte	0x4
 270 00db DF000000 		.4byte	0xdf
 271 00df 08       		.uleb128 0x8
 272 00e0 03       		.uleb128 0x3
 273 00e1 1F020000 		.4byte	.LASF20
 274 00e5 05       		.byte	0x5
 275 00e6 62       		.byte	0x62
 276 00e7 4C000000 		.4byte	0x4c
 277 00eb 03       		.uleb128 0x3
 278 00ec 00000000 		.4byte	.LASF21
 279 00f0 05       		.byte	0x5
 280 00f1 69       		.byte	0x69
 281 00f2 8C000000 		.4byte	0x8c
 282 00f6 03       		.uleb128 0x3
 283 00f7 20000000 		.4byte	.LASF22
 284 00fb 06       		.byte	0x6
 285 00fc 58       		.byte	0x58
 286 00fd D7000000 		.4byte	0xd7
 287 0101 09       		.uleb128 0x9
 288 0102 2A020000 		.4byte	.LASF34
 289 0106 01       		.byte	0x1
 290 0107 16       		.byte	0x16
 291 0108 00000000 		.4byte	.LFB64
 292 010c 02000000 		.4byte	.LFE64-.LFB64
 293 0110 01       		.uleb128 0x1
 294 0111 9C       		.byte	0x9c
 295 0112 0A       		.uleb128 0xa
 296 0113 09010000 		.4byte	.LASF35
 297 0117 01       		.byte	0x1
 298 0118 21       		.byte	0x21
 299 0119 00000000 		.4byte	.LFB65
 300 011d 7C000000 		.4byte	.LFE65-.LFB65
 301 0121 01       		.uleb128 0x1
 302 0122 9C       		.byte	0x9c
 303 0123 BD010000 		.4byte	0x1bd
 304 0127 0B       		.uleb128 0xb
 305 0128 0C020000 		.4byte	.LASF36
 306 012c 01       		.byte	0x1
 307 012d 21       		.byte	0x21
 308 012e D7000000 		.4byte	0xd7
 309 0132 00000000 		.4byte	.LLST0
 310 0136 0C       		.uleb128 0xc
 311 0137 F2010000 		.4byte	.LASF23
 312 013b 01       		.byte	0x1
 313 013c 24       		.byte	0x24
 314 013d BD010000 		.4byte	0x1bd
 315 0141 03       		.byte	0x3
 316 0142 0D       		.uleb128 0xd
 317 0143 6E657700 		.ascii	"new\000"
 318 0147 01       		.byte	0x1
 319 0148 26       		.byte	0x26
 320 0149 97000000 		.4byte	0x97
 321 014d 21000000 		.4byte	.LLST1
 322 0151 0E       		.uleb128 0xe
ARM GAS  C:\Users\koseki\AppData\Local\Temp\ccA3v29j.s 			page 8


 323 0152 77020000 		.4byte	.LASF24
 324 0156 01       		.byte	0x1
 325 0157 27       		.byte	0x27
 326 0158 97000000 		.4byte	0x97
 327 015c 4B000000 		.4byte	.LLST2
 328 0160 0F       		.uleb128 0xf
 329 0161 19020000 		.4byte	.LASF25
 330 0165 01       		.byte	0x1
 331 0166 28       		.byte	0x28
 332 0167 AF000000 		.4byte	0xaf
 333 016b 02       		.uleb128 0x2
 334 016c 91       		.byte	0x91
 335 016d 6F       		.sleb128 -17
 336 016e 0E       		.uleb128 0xe
 337 016f 63020000 		.4byte	.LASF26
 338 0173 01       		.byte	0x1
 339 0174 29       		.byte	0x29
 340 0175 A3000000 		.4byte	0xa3
 341 0179 80000000 		.4byte	.LLST3
 342 017d 10       		.uleb128 0x10
 343 017e 10000000 		.4byte	.LVL4
 344 0182 DE010000 		.4byte	0x1de
 345 0186 10       		.uleb128 0x10
 346 0187 16000000 		.4byte	.LVL5
 347 018b E9010000 		.4byte	0x1e9
 348 018f 11       		.uleb128 0x11
 349 0190 64000000 		.4byte	.LVL12
 350 0194 F4010000 		.4byte	0x1f4
 351 0198 AD010000 		.4byte	0x1ad
 352 019c 12       		.uleb128 0x12
 353 019d 01       		.uleb128 0x1
 354 019e 53       		.byte	0x53
 355 019f 01       		.uleb128 0x1
 356 01a0 30       		.byte	0x30
 357 01a1 12       		.uleb128 0x12
 358 01a2 01       		.uleb128 0x1
 359 01a3 52       		.byte	0x52
 360 01a4 01       		.uleb128 0x1
 361 01a5 30       		.byte	0x30
 362 01a6 12       		.uleb128 0x12
 363 01a7 01       		.uleb128 0x1
 364 01a8 51       		.byte	0x51
 365 01a9 02       		.uleb128 0x2
 366 01aa 91       		.byte	0x91
 367 01ab 6F       		.sleb128 -17
 368 01ac 00       		.byte	0
 369 01ad 13       		.uleb128 0x13
 370 01ae 74000000 		.4byte	.LVL16
 371 01b2 23020000 		.4byte	0x223
 372 01b6 12       		.uleb128 0x12
 373 01b7 01       		.uleb128 0x1
 374 01b8 50       		.byte	0x50
 375 01b9 01       		.uleb128 0x1
 376 01ba 33       		.byte	0x33
 377 01bb 00       		.byte	0
 378 01bc 00       		.byte	0
 379 01bd 14       		.uleb128 0x14
ARM GAS  C:\Users\koseki\AppData\Local\Temp\ccA3v29j.s 			page 9


 380 01be EB000000 		.4byte	0xeb
 381 01c2 15       		.uleb128 0x15
 382 01c3 72000000 		.4byte	.LASF27
 383 01c7 07       		.byte	0x7
 384 01c8 5506     		.2byte	0x655
 385 01ca CE010000 		.4byte	0x1ce
 386 01ce 16       		.uleb128 0x16
 387 01cf 81000000 		.4byte	0x81
 388 01d3 17       		.uleb128 0x17
 389 01d4 0B000000 		.4byte	.LASF28
 390 01d8 01       		.byte	0x1
 391 01d9 11       		.byte	0x11
 392 01da F6000000 		.4byte	0xf6
 393 01de 18       		.uleb128 0x18
 394 01df 7F000000 		.4byte	.LASF29
 395 01e3 08       		.byte	0x8
 396 01e4 29       		.byte	0x29
 397 01e5 97000000 		.4byte	0x97
 398 01e9 18       		.uleb128 0x18
 399 01ea D6010000 		.4byte	.LASF30
 400 01ee 09       		.byte	0x9
 401 01ef 29       		.byte	0x29
 402 01f0 97000000 		.4byte	0x97
 403 01f4 19       		.uleb128 0x19
 404 01f5 12010000 		.4byte	.LASF37
 405 01f9 06       		.byte	0x6
 406 01fa 5002     		.2byte	0x250
 407 01fc E0000000 		.4byte	0xe0
 408 0200 19020000 		.4byte	0x219
 409 0204 1A       		.uleb128 0x1a
 410 0205 F6000000 		.4byte	0xf6
 411 0209 1A       		.uleb128 0x1a
 412 020a 19020000 		.4byte	0x219
 413 020e 1A       		.uleb128 0x1a
 414 020f EB000000 		.4byte	0xeb
 415 0213 1A       		.uleb128 0x1a
 416 0214 1E020000 		.4byte	0x21e
 417 0218 00       		.byte	0
 418 0219 14       		.uleb128 0x14
 419 021a D9000000 		.4byte	0xd9
 420 021e 14       		.uleb128 0x14
 421 021f E0000000 		.4byte	0xe0
 422 0223 1B       		.uleb128 0x1b
 423 0224 4B020000 		.4byte	.LASF38
 424 0228 0A       		.byte	0xa
 425 0229 2B02     		.2byte	0x22b
 426 022b 1A       		.uleb128 0x1a
 427 022c BD010000 		.4byte	0x1bd
 428 0230 00       		.byte	0
 429 0231 00       		.byte	0
 430              		.section	.debug_abbrev,"",%progbits
 431              	.Ldebug_abbrev0:
 432 0000 01       		.uleb128 0x1
 433 0001 11       		.uleb128 0x11
 434 0002 01       		.byte	0x1
 435 0003 25       		.uleb128 0x25
 436 0004 0E       		.uleb128 0xe
ARM GAS  C:\Users\koseki\AppData\Local\Temp\ccA3v29j.s 			page 10


 437 0005 13       		.uleb128 0x13
 438 0006 0B       		.uleb128 0xb
 439 0007 03       		.uleb128 0x3
 440 0008 0E       		.uleb128 0xe
 441 0009 1B       		.uleb128 0x1b
 442 000a 0E       		.uleb128 0xe
 443 000b 55       		.uleb128 0x55
 444 000c 17       		.uleb128 0x17
 445 000d 11       		.uleb128 0x11
 446 000e 01       		.uleb128 0x1
 447 000f 10       		.uleb128 0x10
 448 0010 17       		.uleb128 0x17
 449 0011 00       		.byte	0
 450 0012 00       		.byte	0
 451 0013 02       		.uleb128 0x2
 452 0014 24       		.uleb128 0x24
 453 0015 00       		.byte	0
 454 0016 0B       		.uleb128 0xb
 455 0017 0B       		.uleb128 0xb
 456 0018 3E       		.uleb128 0x3e
 457 0019 0B       		.uleb128 0xb
 458 001a 03       		.uleb128 0x3
 459 001b 0E       		.uleb128 0xe
 460 001c 00       		.byte	0
 461 001d 00       		.byte	0
 462 001e 03       		.uleb128 0x3
 463 001f 16       		.uleb128 0x16
 464 0020 00       		.byte	0
 465 0021 03       		.uleb128 0x3
 466 0022 0E       		.uleb128 0xe
 467 0023 3A       		.uleb128 0x3a
 468 0024 0B       		.uleb128 0xb
 469 0025 3B       		.uleb128 0x3b
 470 0026 0B       		.uleb128 0xb
 471 0027 49       		.uleb128 0x49
 472 0028 13       		.uleb128 0x13
 473 0029 00       		.byte	0
 474 002a 00       		.byte	0
 475 002b 04       		.uleb128 0x4
 476 002c 24       		.uleb128 0x24
 477 002d 00       		.byte	0
 478 002e 0B       		.uleb128 0xb
 479 002f 0B       		.uleb128 0xb
 480 0030 3E       		.uleb128 0x3e
 481 0031 0B       		.uleb128 0xb
 482 0032 03       		.uleb128 0x3
 483 0033 08       		.uleb128 0x8
 484 0034 00       		.byte	0
 485 0035 00       		.byte	0
 486 0036 05       		.uleb128 0x5
 487 0037 16       		.uleb128 0x16
 488 0038 00       		.byte	0
 489 0039 03       		.uleb128 0x3
 490 003a 0E       		.uleb128 0xe
 491 003b 3A       		.uleb128 0x3a
 492 003c 0B       		.uleb128 0xb
 493 003d 3B       		.uleb128 0x3b
ARM GAS  C:\Users\koseki\AppData\Local\Temp\ccA3v29j.s 			page 11


 494 003e 05       		.uleb128 0x5
 495 003f 49       		.uleb128 0x49
 496 0040 13       		.uleb128 0x13
 497 0041 00       		.byte	0
 498 0042 00       		.byte	0
 499 0043 06       		.uleb128 0x6
 500 0044 0F       		.uleb128 0xf
 501 0045 00       		.byte	0
 502 0046 0B       		.uleb128 0xb
 503 0047 0B       		.uleb128 0xb
 504 0048 00       		.byte	0
 505 0049 00       		.byte	0
 506 004a 07       		.uleb128 0x7
 507 004b 0F       		.uleb128 0xf
 508 004c 00       		.byte	0
 509 004d 0B       		.uleb128 0xb
 510 004e 0B       		.uleb128 0xb
 511 004f 49       		.uleb128 0x49
 512 0050 13       		.uleb128 0x13
 513 0051 00       		.byte	0
 514 0052 00       		.byte	0
 515 0053 08       		.uleb128 0x8
 516 0054 26       		.uleb128 0x26
 517 0055 00       		.byte	0
 518 0056 00       		.byte	0
 519 0057 00       		.byte	0
 520 0058 09       		.uleb128 0x9
 521 0059 2E       		.uleb128 0x2e
 522 005a 00       		.byte	0
 523 005b 3F       		.uleb128 0x3f
 524 005c 19       		.uleb128 0x19
 525 005d 03       		.uleb128 0x3
 526 005e 0E       		.uleb128 0xe
 527 005f 3A       		.uleb128 0x3a
 528 0060 0B       		.uleb128 0xb
 529 0061 3B       		.uleb128 0x3b
 530 0062 0B       		.uleb128 0xb
 531 0063 27       		.uleb128 0x27
 532 0064 19       		.uleb128 0x19
 533 0065 11       		.uleb128 0x11
 534 0066 01       		.uleb128 0x1
 535 0067 12       		.uleb128 0x12
 536 0068 06       		.uleb128 0x6
 537 0069 40       		.uleb128 0x40
 538 006a 18       		.uleb128 0x18
 539 006b 9742     		.uleb128 0x2117
 540 006d 19       		.uleb128 0x19
 541 006e 00       		.byte	0
 542 006f 00       		.byte	0
 543 0070 0A       		.uleb128 0xa
 544 0071 2E       		.uleb128 0x2e
 545 0072 01       		.byte	0x1
 546 0073 3F       		.uleb128 0x3f
 547 0074 19       		.uleb128 0x19
 548 0075 03       		.uleb128 0x3
 549 0076 0E       		.uleb128 0xe
 550 0077 3A       		.uleb128 0x3a
ARM GAS  C:\Users\koseki\AppData\Local\Temp\ccA3v29j.s 			page 12


 551 0078 0B       		.uleb128 0xb
 552 0079 3B       		.uleb128 0x3b
 553 007a 0B       		.uleb128 0xb
 554 007b 27       		.uleb128 0x27
 555 007c 19       		.uleb128 0x19
 556 007d 11       		.uleb128 0x11
 557 007e 01       		.uleb128 0x1
 558 007f 12       		.uleb128 0x12
 559 0080 06       		.uleb128 0x6
 560 0081 40       		.uleb128 0x40
 561 0082 18       		.uleb128 0x18
 562 0083 9742     		.uleb128 0x2117
 563 0085 19       		.uleb128 0x19
 564 0086 01       		.uleb128 0x1
 565 0087 13       		.uleb128 0x13
 566 0088 00       		.byte	0
 567 0089 00       		.byte	0
 568 008a 0B       		.uleb128 0xb
 569 008b 05       		.uleb128 0x5
 570 008c 00       		.byte	0
 571 008d 03       		.uleb128 0x3
 572 008e 0E       		.uleb128 0xe
 573 008f 3A       		.uleb128 0x3a
 574 0090 0B       		.uleb128 0xb
 575 0091 3B       		.uleb128 0x3b
 576 0092 0B       		.uleb128 0xb
 577 0093 49       		.uleb128 0x49
 578 0094 13       		.uleb128 0x13
 579 0095 02       		.uleb128 0x2
 580 0096 17       		.uleb128 0x17
 581 0097 00       		.byte	0
 582 0098 00       		.byte	0
 583 0099 0C       		.uleb128 0xc
 584 009a 34       		.uleb128 0x34
 585 009b 00       		.byte	0
 586 009c 03       		.uleb128 0x3
 587 009d 0E       		.uleb128 0xe
 588 009e 3A       		.uleb128 0x3a
 589 009f 0B       		.uleb128 0xb
 590 00a0 3B       		.uleb128 0x3b
 591 00a1 0B       		.uleb128 0xb
 592 00a2 49       		.uleb128 0x49
 593 00a3 13       		.uleb128 0x13
 594 00a4 1C       		.uleb128 0x1c
 595 00a5 0B       		.uleb128 0xb
 596 00a6 00       		.byte	0
 597 00a7 00       		.byte	0
 598 00a8 0D       		.uleb128 0xd
 599 00a9 34       		.uleb128 0x34
 600 00aa 00       		.byte	0
 601 00ab 03       		.uleb128 0x3
 602 00ac 08       		.uleb128 0x8
 603 00ad 3A       		.uleb128 0x3a
 604 00ae 0B       		.uleb128 0xb
 605 00af 3B       		.uleb128 0x3b
 606 00b0 0B       		.uleb128 0xb
 607 00b1 49       		.uleb128 0x49
ARM GAS  C:\Users\koseki\AppData\Local\Temp\ccA3v29j.s 			page 13


 608 00b2 13       		.uleb128 0x13
 609 00b3 02       		.uleb128 0x2
 610 00b4 17       		.uleb128 0x17
 611 00b5 00       		.byte	0
 612 00b6 00       		.byte	0
 613 00b7 0E       		.uleb128 0xe
 614 00b8 34       		.uleb128 0x34
 615 00b9 00       		.byte	0
 616 00ba 03       		.uleb128 0x3
 617 00bb 0E       		.uleb128 0xe
 618 00bc 3A       		.uleb128 0x3a
 619 00bd 0B       		.uleb128 0xb
 620 00be 3B       		.uleb128 0x3b
 621 00bf 0B       		.uleb128 0xb
 622 00c0 49       		.uleb128 0x49
 623 00c1 13       		.uleb128 0x13
 624 00c2 02       		.uleb128 0x2
 625 00c3 17       		.uleb128 0x17
 626 00c4 00       		.byte	0
 627 00c5 00       		.byte	0
 628 00c6 0F       		.uleb128 0xf
 629 00c7 34       		.uleb128 0x34
 630 00c8 00       		.byte	0
 631 00c9 03       		.uleb128 0x3
 632 00ca 0E       		.uleb128 0xe
 633 00cb 3A       		.uleb128 0x3a
 634 00cc 0B       		.uleb128 0xb
 635 00cd 3B       		.uleb128 0x3b
 636 00ce 0B       		.uleb128 0xb
 637 00cf 49       		.uleb128 0x49
 638 00d0 13       		.uleb128 0x13
 639 00d1 02       		.uleb128 0x2
 640 00d2 18       		.uleb128 0x18
 641 00d3 00       		.byte	0
 642 00d4 00       		.byte	0
 643 00d5 10       		.uleb128 0x10
 644 00d6 898201   		.uleb128 0x4109
 645 00d9 00       		.byte	0
 646 00da 11       		.uleb128 0x11
 647 00db 01       		.uleb128 0x1
 648 00dc 31       		.uleb128 0x31
 649 00dd 13       		.uleb128 0x13
 650 00de 00       		.byte	0
 651 00df 00       		.byte	0
 652 00e0 11       		.uleb128 0x11
 653 00e1 898201   		.uleb128 0x4109
 654 00e4 01       		.byte	0x1
 655 00e5 11       		.uleb128 0x11
 656 00e6 01       		.uleb128 0x1
 657 00e7 31       		.uleb128 0x31
 658 00e8 13       		.uleb128 0x13
 659 00e9 01       		.uleb128 0x1
 660 00ea 13       		.uleb128 0x13
 661 00eb 00       		.byte	0
 662 00ec 00       		.byte	0
 663 00ed 12       		.uleb128 0x12
 664 00ee 8A8201   		.uleb128 0x410a
ARM GAS  C:\Users\koseki\AppData\Local\Temp\ccA3v29j.s 			page 14


 665 00f1 00       		.byte	0
 666 00f2 02       		.uleb128 0x2
 667 00f3 18       		.uleb128 0x18
 668 00f4 9142     		.uleb128 0x2111
 669 00f6 18       		.uleb128 0x18
 670 00f7 00       		.byte	0
 671 00f8 00       		.byte	0
 672 00f9 13       		.uleb128 0x13
 673 00fa 898201   		.uleb128 0x4109
 674 00fd 01       		.byte	0x1
 675 00fe 11       		.uleb128 0x11
 676 00ff 01       		.uleb128 0x1
 677 0100 31       		.uleb128 0x31
 678 0101 13       		.uleb128 0x13
 679 0102 00       		.byte	0
 680 0103 00       		.byte	0
 681 0104 14       		.uleb128 0x14
 682 0105 26       		.uleb128 0x26
 683 0106 00       		.byte	0
 684 0107 49       		.uleb128 0x49
 685 0108 13       		.uleb128 0x13
 686 0109 00       		.byte	0
 687 010a 00       		.byte	0
 688 010b 15       		.uleb128 0x15
 689 010c 34       		.uleb128 0x34
 690 010d 00       		.byte	0
 691 010e 03       		.uleb128 0x3
 692 010f 0E       		.uleb128 0xe
 693 0110 3A       		.uleb128 0x3a
 694 0111 0B       		.uleb128 0xb
 695 0112 3B       		.uleb128 0x3b
 696 0113 05       		.uleb128 0x5
 697 0114 49       		.uleb128 0x49
 698 0115 13       		.uleb128 0x13
 699 0116 3F       		.uleb128 0x3f
 700 0117 19       		.uleb128 0x19
 701 0118 3C       		.uleb128 0x3c
 702 0119 19       		.uleb128 0x19
 703 011a 00       		.byte	0
 704 011b 00       		.byte	0
 705 011c 16       		.uleb128 0x16
 706 011d 35       		.uleb128 0x35
 707 011e 00       		.byte	0
 708 011f 49       		.uleb128 0x49
 709 0120 13       		.uleb128 0x13
 710 0121 00       		.byte	0
 711 0122 00       		.byte	0
 712 0123 17       		.uleb128 0x17
 713 0124 34       		.uleb128 0x34
 714 0125 00       		.byte	0
 715 0126 03       		.uleb128 0x3
 716 0127 0E       		.uleb128 0xe
 717 0128 3A       		.uleb128 0x3a
 718 0129 0B       		.uleb128 0xb
 719 012a 3B       		.uleb128 0x3b
 720 012b 0B       		.uleb128 0xb
 721 012c 49       		.uleb128 0x49
ARM GAS  C:\Users\koseki\AppData\Local\Temp\ccA3v29j.s 			page 15


 722 012d 13       		.uleb128 0x13
 723 012e 3F       		.uleb128 0x3f
 724 012f 19       		.uleb128 0x19
 725 0130 3C       		.uleb128 0x3c
 726 0131 19       		.uleb128 0x19
 727 0132 00       		.byte	0
 728 0133 00       		.byte	0
 729 0134 18       		.uleb128 0x18
 730 0135 2E       		.uleb128 0x2e
 731 0136 00       		.byte	0
 732 0137 3F       		.uleb128 0x3f
 733 0138 19       		.uleb128 0x19
 734 0139 03       		.uleb128 0x3
 735 013a 0E       		.uleb128 0xe
 736 013b 3A       		.uleb128 0x3a
 737 013c 0B       		.uleb128 0xb
 738 013d 3B       		.uleb128 0x3b
 739 013e 0B       		.uleb128 0xb
 740 013f 27       		.uleb128 0x27
 741 0140 19       		.uleb128 0x19
 742 0141 49       		.uleb128 0x49
 743 0142 13       		.uleb128 0x13
 744 0143 3C       		.uleb128 0x3c
 745 0144 19       		.uleb128 0x19
 746 0145 00       		.byte	0
 747 0146 00       		.byte	0
 748 0147 19       		.uleb128 0x19
 749 0148 2E       		.uleb128 0x2e
 750 0149 01       		.byte	0x1
 751 014a 3F       		.uleb128 0x3f
 752 014b 19       		.uleb128 0x19
 753 014c 03       		.uleb128 0x3
 754 014d 0E       		.uleb128 0xe
 755 014e 3A       		.uleb128 0x3a
 756 014f 0B       		.uleb128 0xb
 757 0150 3B       		.uleb128 0x3b
 758 0151 05       		.uleb128 0x5
 759 0152 27       		.uleb128 0x27
 760 0153 19       		.uleb128 0x19
 761 0154 49       		.uleb128 0x49
 762 0155 13       		.uleb128 0x13
 763 0156 3C       		.uleb128 0x3c
 764 0157 19       		.uleb128 0x19
 765 0158 01       		.uleb128 0x1
 766 0159 13       		.uleb128 0x13
 767 015a 00       		.byte	0
 768 015b 00       		.byte	0
 769 015c 1A       		.uleb128 0x1a
 770 015d 05       		.uleb128 0x5
 771 015e 00       		.byte	0
 772 015f 49       		.uleb128 0x49
 773 0160 13       		.uleb128 0x13
 774 0161 00       		.byte	0
 775 0162 00       		.byte	0
 776 0163 1B       		.uleb128 0x1b
 777 0164 2E       		.uleb128 0x2e
 778 0165 01       		.byte	0x1
ARM GAS  C:\Users\koseki\AppData\Local\Temp\ccA3v29j.s 			page 16


 779 0166 3F       		.uleb128 0x3f
 780 0167 19       		.uleb128 0x19
 781 0168 03       		.uleb128 0x3
 782 0169 0E       		.uleb128 0xe
 783 016a 3A       		.uleb128 0x3a
 784 016b 0B       		.uleb128 0xb
 785 016c 3B       		.uleb128 0x3b
 786 016d 05       		.uleb128 0x5
 787 016e 27       		.uleb128 0x27
 788 016f 19       		.uleb128 0x19
 789 0170 3C       		.uleb128 0x3c
 790 0171 19       		.uleb128 0x19
 791 0172 00       		.byte	0
 792 0173 00       		.byte	0
 793 0174 00       		.byte	0
 794              		.section	.debug_loc,"",%progbits
 795              	.Ldebug_loc0:
 796              	.LLST0:
 797 0000 00000000 		.4byte	.LVL0
 798 0004 0C000000 		.4byte	.LVL3
 799 0008 0100     		.2byte	0x1
 800 000a 50       		.byte	0x50
 801 000b 0C000000 		.4byte	.LVL3
 802 000f 7C000000 		.4byte	.LFE65
 803 0013 0400     		.2byte	0x4
 804 0015 F3       		.byte	0xf3
 805 0016 01       		.uleb128 0x1
 806 0017 50       		.byte	0x50
 807 0018 9F       		.byte	0x9f
 808 0019 00000000 		.4byte	0
 809 001d 00000000 		.4byte	0
 810              	.LLST1:
 811 0021 04000000 		.4byte	.LVL1
 812 0025 0C000000 		.4byte	.LVL3
 813 0029 0200     		.2byte	0x2
 814 002b 30       		.byte	0x30
 815 002c 9F       		.byte	0x9f
 816 002d 1C000000 		.4byte	.LVL6
 817 0031 58000000 		.4byte	.LVL11
 818 0035 0100     		.2byte	0x1
 819 0037 50       		.byte	0x50
 820 0038 6C000000 		.4byte	.LVL14
 821 003c 6E000000 		.4byte	.LVL15
 822 0040 0100     		.2byte	0x1
 823 0042 50       		.byte	0x50
 824 0043 00000000 		.4byte	0
 825 0047 00000000 		.4byte	0
 826              	.LLST2:
 827 004b 04000000 		.4byte	.LVL1
 828 004f 0C000000 		.4byte	.LVL3
 829 0053 0200     		.2byte	0x2
 830 0055 30       		.byte	0x30
 831 0056 9F       		.byte	0x9f
 832 0057 0C000000 		.4byte	.LVL3
 833 005b 44000000 		.4byte	.LVL7
 834 005f 0100     		.2byte	0x1
 835 0061 56       		.byte	0x56
ARM GAS  C:\Users\koseki\AppData\Local\Temp\ccA3v29j.s 			page 17


 836 0062 44000000 		.4byte	.LVL7
 837 0066 46000000 		.4byte	.LVL8
 838 006a 0100     		.2byte	0x1
 839 006c 50       		.byte	0x50
 840 006d 46000000 		.4byte	.LVL8
 841 0071 7C000000 		.4byte	.LFE65
 842 0075 0100     		.2byte	0x1
 843 0077 56       		.byte	0x56
 844 0078 00000000 		.4byte	0
 845 007c 00000000 		.4byte	0
 846              	.LLST3:
 847 0080 0A000000 		.4byte	.LVL2
 848 0084 0C000000 		.4byte	.LVL3
 849 0088 0200     		.2byte	0x2
 850 008a 30       		.byte	0x30
 851 008b 9F       		.byte	0x9f
 852 008c 0C000000 		.4byte	.LVL3
 853 0090 48000000 		.4byte	.LVL9
 854 0094 0100     		.2byte	0x1
 855 0096 55       		.byte	0x55
 856 0097 4A000000 		.4byte	.LVL10
 857 009b 66000000 		.4byte	.LVL13
 858 009f 0100     		.2byte	0x1
 859 00a1 55       		.byte	0x55
 860 00a2 6C000000 		.4byte	.LVL14
 861 00a6 7C000000 		.4byte	.LFE65
 862 00aa 0100     		.2byte	0x1
 863 00ac 55       		.byte	0x55
 864 00ad 00000000 		.4byte	0
 865 00b1 00000000 		.4byte	0
 866              		.section	.debug_aranges,"",%progbits
 867 0000 24000000 		.4byte	0x24
 868 0004 0200     		.2byte	0x2
 869 0006 00000000 		.4byte	.Ldebug_info0
 870 000a 04       		.byte	0x4
 871 000b 00       		.byte	0
 872 000c 0000     		.2byte	0
 873 000e 0000     		.2byte	0
 874 0010 00000000 		.4byte	.LFB64
 875 0014 02000000 		.4byte	.LFE64-.LFB64
 876 0018 00000000 		.4byte	.LFB65
 877 001c 7C000000 		.4byte	.LFE65-.LFB65
 878 0020 00000000 		.4byte	0
 879 0024 00000000 		.4byte	0
 880              		.section	.debug_ranges,"",%progbits
 881              	.Ldebug_ranges0:
 882 0000 00000000 		.4byte	.LFB64
 883 0004 02000000 		.4byte	.LFE64
 884 0008 00000000 		.4byte	.LFB65
 885 000c 7C000000 		.4byte	.LFE65
 886 0010 00000000 		.4byte	0
 887 0014 00000000 		.4byte	0
 888              		.section	.debug_line,"",%progbits
 889              	.Ldebug_line0:
 890 0000 D9010000 		.section	.debug_str,"MS",%progbits,1
 890      02009301 
 890      00000201 
ARM GAS  C:\Users\koseki\AppData\Local\Temp\ccA3v29j.s 			page 18


 890      FB0E0D00 
 890      01010101 
 891              	.LASF21:
 892 0000 5469636B 		.ascii	"TickType_t\000"
 892      54797065 
 892      5F7400
 893              	.LASF28:
 894 000b 78517565 		.ascii	"xQueue_ROT\000"
 894      75655F52 
 894      4F5400
 895              	.LASF5:
 896 0016 5F5F696E 		.ascii	"__int32_t\000"
 896      7433325F 
 896      7400
 897              	.LASF22:
 898 0020 51756575 		.ascii	"QueueHandle_t\000"
 898      6548616E 
 898      646C655F 
 898      7400
 899              	.LASF16:
 900 002e 666C6F61 		.ascii	"float\000"
 900      7400
 901              	.LASF1:
 902 0034 756E7369 		.ascii	"unsigned char\000"
 902      676E6564 
 902      20636861 
 902      7200
 903              	.LASF6:
 904 0042 5F5F7569 		.ascii	"__uint32_t\000"
 904      6E743332 
 904      5F7400
 905              	.LASF7:
 906 004d 6C6F6E67 		.ascii	"long unsigned int\000"
 906      20756E73 
 906      69676E65 
 906      6420696E 
 906      7400
 907              	.LASF3:
 908 005f 73686F72 		.ascii	"short unsigned int\000"
 908      7420756E 
 908      7369676E 
 908      65642069 
 908      6E7400
 909              	.LASF27:
 910 0072 49544D5F 		.ascii	"ITM_RxBuffer\000"
 910      52784275 
 910      66666572 
 910      00
 911              	.LASF29:
 912 007f 524F545F 		.ascii	"ROT_A_Read\000"
 912      415F5265 
 912      616400
 913              	.LASF17:
 914 008a 646F7562 		.ascii	"double\000"
 914      6C6500
 915              	.LASF2:
 916 0091 73686F72 		.ascii	"short int\000"
ARM GAS  C:\Users\koseki\AppData\Local\Temp\ccA3v29j.s 			page 19


 916      7420696E 
 916      7400
 917              	.LASF33:
 918 009b 453A5C50 		.ascii	"E:\\PSoC_Creator\\CY8CKIT-059\\CY8CKIT-059_Simple_S"
 918      536F435F 
 918      43726561 
 918      746F725C 
 918      43593843 
 919 00cb 44525F52 		.ascii	"DR_Receiver\\CY8CKIT-059_Simple_SDR_Receiver.cydsn\000"
 919      65636569 
 919      7665725C 
 919      43593843 
 919      4B49542D 
 920              	.LASF14:
 921 00fd 75696E74 		.ascii	"uint16\000"
 921      313600
 922              	.LASF15:
 923 0104 696E7438 		.ascii	"int8\000"
 923      00
 924              	.LASF35:
 925 0109 5461736B 		.ascii	"Task_ROT\000"
 925      5F524F54 
 925      00
 926              	.LASF37:
 927 0112 78517565 		.ascii	"xQueueGenericSend\000"
 927      75654765 
 927      6E657269 
 927      6353656E 
 927      6400
 928              	.LASF31:
 929 0124 474E5520 		.ascii	"GNU C 4.9.3 20150303 (release) [ARM/embedded-4_9-br"
 929      4320342E 
 929      392E3320 
 929      32303135 
 929      30333033 
 930 0157 616E6368 		.ascii	"anch revision 221220] -mcpu=cortex-m3 -mthumb -g -O"
 930      20726576 
 930      6973696F 
 930      6E203232 
 930      31323230 
 931 018a 67202D66 		.ascii	"g -ffunction-sections -ffat-lto-objects\000"
 931      66756E63 
 931      74696F6E 
 931      2D736563 
 931      74696F6E 
 932              	.LASF10:
 933 01b2 756E7369 		.ascii	"unsigned int\000"
 933      676E6564 
 933      20696E74 
 933      00
 934              	.LASF9:
 935 01bf 6C6F6E67 		.ascii	"long long unsigned int\000"
 935      206C6F6E 
 935      6720756E 
 935      7369676E 
 935      65642069 
 936              	.LASF30:
ARM GAS  C:\Users\koseki\AppData\Local\Temp\ccA3v29j.s 			page 20


 937 01d6 524F545F 		.ascii	"ROT_B_Read\000"
 937      425F5265 
 937      616400
 938              	.LASF11:
 939 01e1 696E7433 		.ascii	"int32_t\000"
 939      325F7400 
 940              	.LASF19:
 941 01e9 73697A65 		.ascii	"sizetype\000"
 941      74797065 
 941      00
 942              	.LASF23:
 943 01f2 7844656C 		.ascii	"xDelay\000"
 943      617900
 944              	.LASF8:
 945 01f9 6C6F6E67 		.ascii	"long long int\000"
 945      206C6F6E 
 945      6720696E 
 945      7400
 946              	.LASF18:
 947 0207 63686172 		.ascii	"char\000"
 947      00
 948              	.LASF36:
 949 020c 70765061 		.ascii	"pvParameters\000"
 949      72616D65 
 949      74657273 
 949      00
 950              	.LASF25:
 951 0219 636F756E 		.ascii	"count\000"
 951      7400
 952              	.LASF20:
 953 021f 42617365 		.ascii	"BaseType_t\000"
 953      54797065 
 953      5F7400
 954              	.LASF34:
 955 022a 496E6974 		.ascii	"Init_ROT\000"
 955      5F524F54 
 955      00
 956              	.LASF13:
 957 0233 75696E74 		.ascii	"uint8\000"
 957      3800
 958              	.LASF12:
 959 0239 75696E74 		.ascii	"uint32_t\000"
 959      33325F74 
 959      00
 960              	.LASF4:
 961 0242 6C6F6E67 		.ascii	"long int\000"
 961      20696E74 
 961      00
 962              	.LASF38:
 963 024b 76546173 		.ascii	"vTaskDelay\000"
 963      6B44656C 
 963      617900
 964              	.LASF32:
 965 0256 2E2E5C41 		.ascii	"..\\API\\rot.c\000"
 965      50495C72 
 965      6F742E63 
 965      00
ARM GAS  C:\Users\koseki\AppData\Local\Temp\ccA3v29j.s 			page 21


 966              	.LASF26:
 967 0263 636E7454 		.ascii	"cntTask\000"
 967      61736B00 
 968              	.LASF0:
 969 026b 7369676E 		.ascii	"signed char\000"
 969      65642063 
 969      68617200 
 970              	.LASF24:
 971 0277 70726576 		.ascii	"prev\000"
 971      00
 972              		.ident	"GCC: (GNU Tools for ARM Embedded Processors) 4.9.3 20150303 (release) [ARM/embedded-4_9-br
