ARM GAS  C:\Users\koseki\AppData\Local\Temp\ccr4mAqc.s 			page 1


   1              		.syntax unified
   2              		.cpu cortex-m3
   3              		.fpu softvfp
   4              		.eabi_attribute 20, 1
   5              		.eabi_attribute 21, 1
   6              		.eabi_attribute 23, 3
   7              		.eabi_attribute 24, 1
   8              		.eabi_attribute 25, 1
   9              		.eabi_attribute 26, 1
  10              		.eabi_attribute 30, 1
  11              		.eabi_attribute 34, 1
  12              		.eabi_attribute 18, 4
  13              		.thumb
  14              		.file	"SPIS_PM.c"
  15              		.text
  16              	.Ltext0:
  17              		.cfi_sections	.debug_frame
  18              		.section	.text.SPIS_SaveConfig,"ax",%progbits
  19              		.align	2
  20              		.global	SPIS_SaveConfig
  21              		.thumb
  22              		.thumb_func
  23              		.type	SPIS_SaveConfig, %function
  24              	SPIS_SaveConfig:
  25              	.LFB0:
  26              		.file 1 ".\\Generated_Source\\PSoC5\\SPIS_PM.c"
   1:.\Generated_Source\PSoC5/SPIS_PM.c **** /*******************************************************************************
   2:.\Generated_Source\PSoC5/SPIS_PM.c **** * File Name: SPIS_PM.c
   3:.\Generated_Source\PSoC5/SPIS_PM.c **** * Version 2.70
   4:.\Generated_Source\PSoC5/SPIS_PM.c **** *
   5:.\Generated_Source\PSoC5/SPIS_PM.c **** * Description:
   6:.\Generated_Source\PSoC5/SPIS_PM.c **** *  This file contains the setup, control and status commands to support
   7:.\Generated_Source\PSoC5/SPIS_PM.c **** *  component operations in low power mode.
   8:.\Generated_Source\PSoC5/SPIS_PM.c **** *
   9:.\Generated_Source\PSoC5/SPIS_PM.c **** * Note:
  10:.\Generated_Source\PSoC5/SPIS_PM.c **** *
  11:.\Generated_Source\PSoC5/SPIS_PM.c **** ********************************************************************************
  12:.\Generated_Source\PSoC5/SPIS_PM.c **** * Copyright 2008-2015, Cypress Semiconductor Corporation.  All rights reserved.
  13:.\Generated_Source\PSoC5/SPIS_PM.c **** * You may use this file only in accordance with the license, terms, conditions,
  14:.\Generated_Source\PSoC5/SPIS_PM.c **** * disclaimers, and limitations in the end user license agreement accompanying
  15:.\Generated_Source\PSoC5/SPIS_PM.c **** * the software package with which this file was provided.
  16:.\Generated_Source\PSoC5/SPIS_PM.c **** *******************************************************************************/
  17:.\Generated_Source\PSoC5/SPIS_PM.c **** 
  18:.\Generated_Source\PSoC5/SPIS_PM.c **** #include "SPIS_PVT.h"
  19:.\Generated_Source\PSoC5/SPIS_PM.c **** 
  20:.\Generated_Source\PSoC5/SPIS_PM.c **** static SPIS_BACKUP_STRUCT SPIS_backup = 
  21:.\Generated_Source\PSoC5/SPIS_PM.c **** {
  22:.\Generated_Source\PSoC5/SPIS_PM.c ****     SPIS_DISABLED,
  23:.\Generated_Source\PSoC5/SPIS_PM.c ****     SPIS_BITCTR_INIT,
  24:.\Generated_Source\PSoC5/SPIS_PM.c **** };
  25:.\Generated_Source\PSoC5/SPIS_PM.c **** 
  26:.\Generated_Source\PSoC5/SPIS_PM.c **** 
  27:.\Generated_Source\PSoC5/SPIS_PM.c **** /*******************************************************************************
  28:.\Generated_Source\PSoC5/SPIS_PM.c **** * Function Name: SPIS_SaveConfig
  29:.\Generated_Source\PSoC5/SPIS_PM.c **** ********************************************************************************
  30:.\Generated_Source\PSoC5/SPIS_PM.c **** *
  31:.\Generated_Source\PSoC5/SPIS_PM.c **** * Summary:
ARM GAS  C:\Users\koseki\AppData\Local\Temp\ccr4mAqc.s 			page 2


  32:.\Generated_Source\PSoC5/SPIS_PM.c **** *  Empty function. Included for consistency with other components.
  33:.\Generated_Source\PSoC5/SPIS_PM.c **** *
  34:.\Generated_Source\PSoC5/SPIS_PM.c **** * Parameters:
  35:.\Generated_Source\PSoC5/SPIS_PM.c **** *  None.
  36:.\Generated_Source\PSoC5/SPIS_PM.c **** *
  37:.\Generated_Source\PSoC5/SPIS_PM.c **** * Return:
  38:.\Generated_Source\PSoC5/SPIS_PM.c **** *  None.
  39:.\Generated_Source\PSoC5/SPIS_PM.c **** *
  40:.\Generated_Source\PSoC5/SPIS_PM.c **** *******************************************************************************/
  41:.\Generated_Source\PSoC5/SPIS_PM.c **** void SPIS_SaveConfig(void) 
  42:.\Generated_Source\PSoC5/SPIS_PM.c **** {
  27              		.loc 1 42 0
  28              		.cfi_startproc
  29              		@ args = 0, pretend = 0, frame = 0
  30              		@ frame_needed = 0, uses_anonymous_args = 0
  31              		@ link register save eliminated.
  32 0000 7047     		bx	lr
  33              		.cfi_endproc
  34              	.LFE0:
  35              		.size	SPIS_SaveConfig, .-SPIS_SaveConfig
  36 0002 00BF     		.section	.text.SPIS_RestoreConfig,"ax",%progbits
  37              		.align	2
  38              		.global	SPIS_RestoreConfig
  39              		.thumb
  40              		.thumb_func
  41              		.type	SPIS_RestoreConfig, %function
  42              	SPIS_RestoreConfig:
  43              	.LFB1:
  43:.\Generated_Source\PSoC5/SPIS_PM.c **** 
  44:.\Generated_Source\PSoC5/SPIS_PM.c **** }
  45:.\Generated_Source\PSoC5/SPIS_PM.c **** 
  46:.\Generated_Source\PSoC5/SPIS_PM.c **** 
  47:.\Generated_Source\PSoC5/SPIS_PM.c **** /*******************************************************************************
  48:.\Generated_Source\PSoC5/SPIS_PM.c **** * Function Name: SPIS_RestoreConfig
  49:.\Generated_Source\PSoC5/SPIS_PM.c **** ********************************************************************************
  50:.\Generated_Source\PSoC5/SPIS_PM.c **** *
  51:.\Generated_Source\PSoC5/SPIS_PM.c **** * Summary:
  52:.\Generated_Source\PSoC5/SPIS_PM.c **** *  Empty function. Included for consistency with other components.
  53:.\Generated_Source\PSoC5/SPIS_PM.c **** *
  54:.\Generated_Source\PSoC5/SPIS_PM.c **** * Parameters:
  55:.\Generated_Source\PSoC5/SPIS_PM.c **** *  None.
  56:.\Generated_Source\PSoC5/SPIS_PM.c **** *
  57:.\Generated_Source\PSoC5/SPIS_PM.c **** * Return:
  58:.\Generated_Source\PSoC5/SPIS_PM.c **** *  None.
  59:.\Generated_Source\PSoC5/SPIS_PM.c **** *
  60:.\Generated_Source\PSoC5/SPIS_PM.c **** *******************************************************************************/
  61:.\Generated_Source\PSoC5/SPIS_PM.c **** void SPIS_RestoreConfig(void) 
  62:.\Generated_Source\PSoC5/SPIS_PM.c **** {
  44              		.loc 1 62 0
  45              		.cfi_startproc
  46              		@ args = 0, pretend = 0, frame = 0
  47              		@ frame_needed = 0, uses_anonymous_args = 0
  48              		@ link register save eliminated.
  49 0000 7047     		bx	lr
  50              		.cfi_endproc
  51              	.LFE1:
  52              		.size	SPIS_RestoreConfig, .-SPIS_RestoreConfig
ARM GAS  C:\Users\koseki\AppData\Local\Temp\ccr4mAqc.s 			page 3


  53 0002 00BF     		.section	.text.SPIS_Sleep,"ax",%progbits
  54              		.align	2
  55              		.global	SPIS_Sleep
  56              		.thumb
  57              		.thumb_func
  58              		.type	SPIS_Sleep, %function
  59              	SPIS_Sleep:
  60              	.LFB2:
  63:.\Generated_Source\PSoC5/SPIS_PM.c **** 
  64:.\Generated_Source\PSoC5/SPIS_PM.c **** }
  65:.\Generated_Source\PSoC5/SPIS_PM.c **** 
  66:.\Generated_Source\PSoC5/SPIS_PM.c **** 
  67:.\Generated_Source\PSoC5/SPIS_PM.c **** /*******************************************************************************
  68:.\Generated_Source\PSoC5/SPIS_PM.c **** * Function Name: SPIS_Sleep
  69:.\Generated_Source\PSoC5/SPIS_PM.c **** ********************************************************************************
  70:.\Generated_Source\PSoC5/SPIS_PM.c **** *
  71:.\Generated_Source\PSoC5/SPIS_PM.c **** * Summary:
  72:.\Generated_Source\PSoC5/SPIS_PM.c **** *  Prepare SPI Slave Component goes to sleep.
  73:.\Generated_Source\PSoC5/SPIS_PM.c **** *
  74:.\Generated_Source\PSoC5/SPIS_PM.c **** * Parameters:
  75:.\Generated_Source\PSoC5/SPIS_PM.c **** *  None.
  76:.\Generated_Source\PSoC5/SPIS_PM.c **** *
  77:.\Generated_Source\PSoC5/SPIS_PM.c **** * Return:
  78:.\Generated_Source\PSoC5/SPIS_PM.c **** *  None.
  79:.\Generated_Source\PSoC5/SPIS_PM.c **** *
  80:.\Generated_Source\PSoC5/SPIS_PM.c **** * Global Variables:
  81:.\Generated_Source\PSoC5/SPIS_PM.c **** *  SPIS_backup - modified when non-retention registers are saved.
  82:.\Generated_Source\PSoC5/SPIS_PM.c **** *
  83:.\Generated_Source\PSoC5/SPIS_PM.c **** * Reentrant:
  84:.\Generated_Source\PSoC5/SPIS_PM.c **** *  No.
  85:.\Generated_Source\PSoC5/SPIS_PM.c **** *
  86:.\Generated_Source\PSoC5/SPIS_PM.c **** *******************************************************************************/
  87:.\Generated_Source\PSoC5/SPIS_PM.c **** void SPIS_Sleep(void) 
  88:.\Generated_Source\PSoC5/SPIS_PM.c **** {
  61              		.loc 1 88 0
  62              		.cfi_startproc
  63              		@ args = 0, pretend = 0, frame = 0
  64              		@ frame_needed = 0, uses_anonymous_args = 0
  65              		.loc 1 88 0
  66 0000 08B5     		push	{r3, lr}
  67              		.cfi_def_cfa_offset 8
  68              		.cfi_offset 3, -8
  69              		.cfi_offset 14, -4
  89:.\Generated_Source\PSoC5/SPIS_PM.c ****     /* Save components enable state */
  90:.\Generated_Source\PSoC5/SPIS_PM.c ****     if ((SPIS_TX_STATUS_ACTL_REG & SPIS_INT_ENABLE) != 0u)
  70              		.loc 1 90 0
  71 0002 074B     		ldr	r3, .L7
  72 0004 1B78     		ldrb	r3, [r3]	@ zero_extendqisi2
  73 0006 13F0100F 		tst	r3, #16
  74 000a 03D0     		beq	.L4
  91:.\Generated_Source\PSoC5/SPIS_PM.c ****     {
  92:.\Generated_Source\PSoC5/SPIS_PM.c ****         SPIS_backup.enableState = 1u;
  75              		.loc 1 92 0
  76 000c 0122     		movs	r2, #1
  77 000e 054B     		ldr	r3, .L7+4
  78 0010 1A70     		strb	r2, [r3]
  79 0012 02E0     		b	.L5
ARM GAS  C:\Users\koseki\AppData\Local\Temp\ccr4mAqc.s 			page 4


  80              	.L4:
  93:.\Generated_Source\PSoC5/SPIS_PM.c ****     }
  94:.\Generated_Source\PSoC5/SPIS_PM.c ****     else /* Components block is disabled */
  95:.\Generated_Source\PSoC5/SPIS_PM.c ****     {
  96:.\Generated_Source\PSoC5/SPIS_PM.c ****         SPIS_backup.enableState = 0u;
  81              		.loc 1 96 0
  82 0014 0022     		movs	r2, #0
  83 0016 034B     		ldr	r3, .L7+4
  84 0018 1A70     		strb	r2, [r3]
  85              	.L5:
  97:.\Generated_Source\PSoC5/SPIS_PM.c ****     }
  98:.\Generated_Source\PSoC5/SPIS_PM.c **** 
  99:.\Generated_Source\PSoC5/SPIS_PM.c ****     SPIS_Stop();
  86              		.loc 1 99 0
  87 001a FFF7FEFF 		bl	SPIS_Stop
  88              	.LVL0:
  89 001e 08BD     		pop	{r3, pc}
  90              	.L8:
  91              		.align	2
  92              	.L7:
  93 0020 97640040 		.word	1073767575
  94 0024 00000000 		.word	.LANCHOR0
  95              		.cfi_endproc
  96              	.LFE2:
  97              		.size	SPIS_Sleep, .-SPIS_Sleep
  98              		.section	.text.SPIS_Wakeup,"ax",%progbits
  99              		.align	2
 100              		.global	SPIS_Wakeup
 101              		.thumb
 102              		.thumb_func
 103              		.type	SPIS_Wakeup, %function
 104              	SPIS_Wakeup:
 105              	.LFB3:
 100:.\Generated_Source\PSoC5/SPIS_PM.c **** 
 101:.\Generated_Source\PSoC5/SPIS_PM.c **** }
 102:.\Generated_Source\PSoC5/SPIS_PM.c **** 
 103:.\Generated_Source\PSoC5/SPIS_PM.c **** 
 104:.\Generated_Source\PSoC5/SPIS_PM.c **** /*******************************************************************************
 105:.\Generated_Source\PSoC5/SPIS_PM.c **** * Function Name: SPIS_Wakeup
 106:.\Generated_Source\PSoC5/SPIS_PM.c **** ********************************************************************************
 107:.\Generated_Source\PSoC5/SPIS_PM.c **** *
 108:.\Generated_Source\PSoC5/SPIS_PM.c **** * Summary:
 109:.\Generated_Source\PSoC5/SPIS_PM.c **** *  Prepare SPIM Component to wake up.
 110:.\Generated_Source\PSoC5/SPIS_PM.c **** *
 111:.\Generated_Source\PSoC5/SPIS_PM.c **** * Parameters:
 112:.\Generated_Source\PSoC5/SPIS_PM.c **** *  None.
 113:.\Generated_Source\PSoC5/SPIS_PM.c **** *
 114:.\Generated_Source\PSoC5/SPIS_PM.c **** * Return:
 115:.\Generated_Source\PSoC5/SPIS_PM.c **** *  None.
 116:.\Generated_Source\PSoC5/SPIS_PM.c **** *
 117:.\Generated_Source\PSoC5/SPIS_PM.c **** * Global Variables:
 118:.\Generated_Source\PSoC5/SPIS_PM.c **** *  SPIS_backup - used when non-retention registers are restored.
 119:.\Generated_Source\PSoC5/SPIS_PM.c **** *  SPIS_txBufferWrite - modified every function call - resets to
 120:.\Generated_Source\PSoC5/SPIS_PM.c **** *  zero.
 121:.\Generated_Source\PSoC5/SPIS_PM.c **** *  SPIS_txBufferRead - modified every function call - resets to
 122:.\Generated_Source\PSoC5/SPIS_PM.c **** *  zero.
 123:.\Generated_Source\PSoC5/SPIS_PM.c **** *  SPIS_rxBufferWrite - modified every function call - resets to
ARM GAS  C:\Users\koseki\AppData\Local\Temp\ccr4mAqc.s 			page 5


 124:.\Generated_Source\PSoC5/SPIS_PM.c **** *  zero.
 125:.\Generated_Source\PSoC5/SPIS_PM.c **** *  SPIS_rxBufferRead - modified every function call - resets to
 126:.\Generated_Source\PSoC5/SPIS_PM.c **** *  zero.
 127:.\Generated_Source\PSoC5/SPIS_PM.c **** *
 128:.\Generated_Source\PSoC5/SPIS_PM.c **** * Reentrant:
 129:.\Generated_Source\PSoC5/SPIS_PM.c **** *  No.
 130:.\Generated_Source\PSoC5/SPIS_PM.c **** *
 131:.\Generated_Source\PSoC5/SPIS_PM.c **** *******************************************************************************/
 132:.\Generated_Source\PSoC5/SPIS_PM.c **** void SPIS_Wakeup(void) 
 133:.\Generated_Source\PSoC5/SPIS_PM.c **** {
 106              		.loc 1 133 0
 107              		.cfi_startproc
 108              		@ args = 0, pretend = 0, frame = 0
 109              		@ frame_needed = 0, uses_anonymous_args = 0
 110 0000 08B5     		push	{r3, lr}
 111              		.cfi_def_cfa_offset 8
 112              		.cfi_offset 3, -8
 113              		.cfi_offset 14, -4
 134:.\Generated_Source\PSoC5/SPIS_PM.c ****     #if (SPIS_TX_SOFTWARE_BUF_ENABLED)
 135:.\Generated_Source\PSoC5/SPIS_PM.c ****         SPIS_txBufferFull = 0u;
 114              		.loc 1 135 0
 115 0002 0023     		movs	r3, #0
 116 0004 094A     		ldr	r2, .L12
 117 0006 1370     		strb	r3, [r2]
 136:.\Generated_Source\PSoC5/SPIS_PM.c ****         SPIS_txBufferRead = 0u;
 118              		.loc 1 136 0
 119 0008 094A     		ldr	r2, .L12+4
 120 000a 1370     		strb	r3, [r2]
 137:.\Generated_Source\PSoC5/SPIS_PM.c ****         SPIS_txBufferWrite = 0u;
 121              		.loc 1 137 0
 122 000c 094A     		ldr	r2, .L12+8
 123 000e 1370     		strb	r3, [r2]
 138:.\Generated_Source\PSoC5/SPIS_PM.c ****     #endif /* SPIS_TX_SOFTWARE_BUF_ENABLED */
 139:.\Generated_Source\PSoC5/SPIS_PM.c **** 
 140:.\Generated_Source\PSoC5/SPIS_PM.c ****     #if (SPIS_RX_SOFTWARE_BUF_ENABLED)
 141:.\Generated_Source\PSoC5/SPIS_PM.c ****         SPIS_rxBufferFull = 0u;
 124              		.loc 1 141 0
 125 0010 094A     		ldr	r2, .L12+12
 126 0012 1370     		strb	r3, [r2]
 142:.\Generated_Source\PSoC5/SPIS_PM.c ****         SPIS_rxBufferRead = 0u;
 127              		.loc 1 142 0
 128 0014 094A     		ldr	r2, .L12+16
 129 0016 1370     		strb	r3, [r2]
 143:.\Generated_Source\PSoC5/SPIS_PM.c ****         SPIS_rxBufferWrite = 0u;
 130              		.loc 1 143 0
 131 0018 094A     		ldr	r2, .L12+20
 132 001a 1370     		strb	r3, [r2]
 144:.\Generated_Source\PSoC5/SPIS_PM.c ****     #endif /* SPIS_RX_SOFTWARE_BUF_ENABLED */
 145:.\Generated_Source\PSoC5/SPIS_PM.c **** 
 146:.\Generated_Source\PSoC5/SPIS_PM.c ****     SPIS_ClearFIFO();
 133              		.loc 1 146 0
 134 001c FFF7FEFF 		bl	SPIS_ClearFIFO
 135              	.LVL1:
 147:.\Generated_Source\PSoC5/SPIS_PM.c **** 
 148:.\Generated_Source\PSoC5/SPIS_PM.c ****     /* Restore components block enable state */
 149:.\Generated_Source\PSoC5/SPIS_PM.c ****     if (SPIS_backup.enableState != 0u)
 136              		.loc 1 149 0
ARM GAS  C:\Users\koseki\AppData\Local\Temp\ccr4mAqc.s 			page 6


 137 0020 084B     		ldr	r3, .L12+24
 138 0022 1B78     		ldrb	r3, [r3]	@ zero_extendqisi2
 139 0024 0BB1     		cbz	r3, .L9
 150:.\Generated_Source\PSoC5/SPIS_PM.c ****     {
 151:.\Generated_Source\PSoC5/SPIS_PM.c ****          /* Components block was enabled */
 152:.\Generated_Source\PSoC5/SPIS_PM.c ****          SPIS_Enable();
 140              		.loc 1 152 0
 141 0026 FFF7FEFF 		bl	SPIS_Enable
 142              	.LVL2:
 143              	.L9:
 144 002a 08BD     		pop	{r3, pc}
 145              	.L13:
 146              		.align	2
 147              	.L12:
 148 002c 00000000 		.word	SPIS_txBufferFull
 149 0030 00000000 		.word	SPIS_txBufferRead
 150 0034 00000000 		.word	SPIS_txBufferWrite
 151 0038 00000000 		.word	SPIS_rxBufferFull
 152 003c 00000000 		.word	SPIS_rxBufferRead
 153 0040 00000000 		.word	SPIS_rxBufferWrite
 154 0044 00000000 		.word	.LANCHOR0
 155              		.cfi_endproc
 156              	.LFE3:
 157              		.size	SPIS_Wakeup, .-SPIS_Wakeup
 158              		.data
 159              		.align	2
 160              		.set	.LANCHOR0,. + 0
 161              		.type	SPIS_backup, %object
 162              		.size	SPIS_backup, 2
 163              	SPIS_backup:
 164 0000 00       		.byte	0
 165 0001 07       		.byte	7
 166 0002 0000     		.text
 167              	.Letext0:
 168              		.file 2 ".\\Generated_Source\\PSoC5\\cytypes.h"
 169              		.file 3 ".\\Generated_Source\\PSoC5\\SPIS.h"
 170              		.file 4 ".\\Generated_Source\\PSoC5\\SPIS_PVT.h"
 171              		.section	.debug_info,"",%progbits
 172              	.Ldebug_info0:
 173 0000 9E010000 		.4byte	0x19e
 174 0004 0400     		.2byte	0x4
 175 0006 00000000 		.4byte	.Ldebug_abbrev0
 176 000a 04       		.byte	0x4
 177 000b 01       		.uleb128 0x1
 178 000c 03010000 		.4byte	.LASF31
 179 0010 01       		.byte	0x1
 180 0011 50020000 		.4byte	.LASF32
 181 0015 58000000 		.4byte	.LASF33
 182 0019 00000000 		.4byte	.Ldebug_ranges0+0
 183 001d 00000000 		.4byte	0
 184 0021 00000000 		.4byte	.Ldebug_line0
 185 0025 02       		.uleb128 0x2
 186 0026 01       		.byte	0x1
 187 0027 06       		.byte	0x6
 188 0028 73020000 		.4byte	.LASF0
 189 002c 02       		.uleb128 0x2
 190 002d 01       		.byte	0x1
ARM GAS  C:\Users\koseki\AppData\Local\Temp\ccr4mAqc.s 			page 7


 191 002e 08       		.byte	0x8
 192 002f A8000000 		.4byte	.LASF1
 193 0033 02       		.uleb128 0x2
 194 0034 02       		.byte	0x2
 195 0035 05       		.byte	0x5
 196 0036 17020000 		.4byte	.LASF2
 197 003a 02       		.uleb128 0x2
 198 003b 02       		.byte	0x2
 199 003c 07       		.byte	0x7
 200 003d 32000000 		.4byte	.LASF3
 201 0041 02       		.uleb128 0x2
 202 0042 04       		.byte	0x4
 203 0043 05       		.byte	0x5
 204 0044 2C020000 		.4byte	.LASF4
 205 0048 02       		.uleb128 0x2
 206 0049 04       		.byte	0x4
 207 004a 07       		.byte	0x7
 208 004b A3010000 		.4byte	.LASF5
 209 004f 02       		.uleb128 0x2
 210 0050 08       		.byte	0x8
 211 0051 05       		.byte	0x5
 212 0052 04020000 		.4byte	.LASF6
 213 0056 02       		.uleb128 0x2
 214 0057 08       		.byte	0x8
 215 0058 07       		.byte	0x7
 216 0059 D2010000 		.4byte	.LASF7
 217 005d 03       		.uleb128 0x3
 218 005e 04       		.byte	0x4
 219 005f 05       		.byte	0x5
 220 0060 696E7400 		.ascii	"int\000"
 221 0064 02       		.uleb128 0x2
 222 0065 04       		.byte	0x4
 223 0066 07       		.byte	0x7
 224 0067 B5010000 		.4byte	.LASF8
 225 006b 04       		.uleb128 0x4
 226 006c C7000000 		.4byte	.LASF12
 227 0070 02       		.byte	0x2
 228 0071 3801     		.2byte	0x138
 229 0073 2C000000 		.4byte	0x2c
 230 0077 02       		.uleb128 0x2
 231 0078 04       		.byte	0x4
 232 0079 04       		.byte	0x4
 233 007a A2000000 		.4byte	.LASF9
 234 007e 02       		.uleb128 0x2
 235 007f 08       		.byte	0x8
 236 0080 04       		.byte	0x4
 237 0081 DF000000 		.4byte	.LASF10
 238 0085 02       		.uleb128 0x2
 239 0086 01       		.byte	0x1
 240 0087 08       		.byte	0x8
 241 0088 12020000 		.4byte	.LASF11
 242 008c 04       		.uleb128 0x4
 243 008d B6000000 		.4byte	.LASF13
 244 0091 02       		.byte	0x2
 245 0092 E201     		.2byte	0x1e2
 246 0094 98000000 		.4byte	0x98
 247 0098 05       		.uleb128 0x5
ARM GAS  C:\Users\koseki\AppData\Local\Temp\ccr4mAqc.s 			page 8


 248 0099 6B000000 		.4byte	0x6b
 249 009d 02       		.uleb128 0x2
 250 009e 04       		.byte	0x4
 251 009f 07       		.byte	0x7
 252 00a0 FB010000 		.4byte	.LASF14
 253 00a4 06       		.uleb128 0x6
 254 00a5 02       		.byte	0x2
 255 00a6 03       		.byte	0x3
 256 00a7 3E       		.byte	0x3e
 257 00a8 C5000000 		.4byte	0xc5
 258 00ac 07       		.uleb128 0x7
 259 00ad 35020000 		.4byte	.LASF15
 260 00b1 03       		.byte	0x3
 261 00b2 40       		.byte	0x40
 262 00b3 6B000000 		.4byte	0x6b
 263 00b7 00       		.byte	0
 264 00b8 07       		.uleb128 0x7
 265 00b9 F8000000 		.4byte	.LASF16
 266 00bd 03       		.byte	0x3
 267 00be 41       		.byte	0x41
 268 00bf 6B000000 		.4byte	0x6b
 269 00c3 01       		.byte	0x1
 270 00c4 00       		.byte	0
 271 00c5 08       		.uleb128 0x8
 272 00c6 00000000 		.4byte	.LASF17
 273 00ca 03       		.byte	0x3
 274 00cb 42       		.byte	0x42
 275 00cc A4000000 		.4byte	0xa4
 276 00d0 09       		.uleb128 0x9
 277 00d1 C2010000 		.4byte	.LASF18
 278 00d5 01       		.byte	0x1
 279 00d6 29       		.byte	0x29
 280 00d7 00000000 		.4byte	.LFB0
 281 00db 02000000 		.4byte	.LFE0-.LFB0
 282 00df 01       		.uleb128 0x1
 283 00e0 9C       		.byte	0x9c
 284 00e1 09       		.uleb128 0x9
 285 00e2 45000000 		.4byte	.LASF19
 286 00e6 01       		.byte	0x1
 287 00e7 3D       		.byte	0x3d
 288 00e8 00000000 		.4byte	.LFB1
 289 00ec 02000000 		.4byte	.LFE1-.LFB1
 290 00f0 01       		.uleb128 0x1
 291 00f1 9C       		.byte	0x9c
 292 00f2 0A       		.uleb128 0xa
 293 00f3 21020000 		.4byte	.LASF20
 294 00f7 01       		.byte	0x1
 295 00f8 57       		.byte	0x57
 296 00f9 00000000 		.4byte	.LFB2
 297 00fd 28000000 		.4byte	.LFE2-.LFB2
 298 0101 01       		.uleb128 0x1
 299 0102 9C       		.byte	0x9c
 300 0103 11010000 		.4byte	0x111
 301 0107 0B       		.uleb128 0xb
 302 0108 1E000000 		.4byte	.LVL0
 303 010c 8C010000 		.4byte	0x18c
 304 0110 00       		.byte	0
ARM GAS  C:\Users\koseki\AppData\Local\Temp\ccr4mAqc.s 			page 9


 305 0111 0A       		.uleb128 0xa
 306 0112 26000000 		.4byte	.LASF21
 307 0116 01       		.byte	0x1
 308 0117 84       		.byte	0x84
 309 0118 00000000 		.4byte	.LFB3
 310 011c 48000000 		.4byte	.LFE3-.LFB3
 311 0120 01       		.uleb128 0x1
 312 0121 9C       		.byte	0x9c
 313 0122 39010000 		.4byte	0x139
 314 0126 0B       		.uleb128 0xb
 315 0127 20000000 		.4byte	.LVL1
 316 012b 93010000 		.4byte	0x193
 317 012f 0B       		.uleb128 0xb
 318 0130 2A000000 		.4byte	.LVL2
 319 0134 9A010000 		.4byte	0x19a
 320 0138 00       		.byte	0
 321 0139 0C       		.uleb128 0xc
 322 013a 9C020000 		.4byte	.LASF34
 323 013e 01       		.byte	0x1
 324 013f 14       		.byte	0x14
 325 0140 C5000000 		.4byte	0xc5
 326 0144 05       		.uleb128 0x5
 327 0145 03       		.byte	0x3
 328 0146 00000000 		.4byte	SPIS_backup
 329 014a 0D       		.uleb128 0xd
 330 014b E9010000 		.4byte	.LASF22
 331 014f 04       		.byte	0x4
 332 0150 26       		.byte	0x26
 333 0151 98000000 		.4byte	0x98
 334 0155 0D       		.uleb128 0xd
 335 0156 89020000 		.4byte	.LASF23
 336 015a 04       		.byte	0x4
 337 015b 27       		.byte	0x27
 338 015c 98000000 		.4byte	0x98
 339 0160 0D       		.uleb128 0xd
 340 0161 91010000 		.4byte	.LASF24
 341 0165 04       		.byte	0x4
 342 0166 28       		.byte	0x28
 343 0167 98000000 		.4byte	0x98
 344 016b 0D       		.uleb128 0xd
 345 016c E6000000 		.4byte	.LASF25
 346 0170 04       		.byte	0x4
 347 0171 2F       		.byte	0x2f
 348 0172 98000000 		.4byte	0x98
 349 0176 0D       		.uleb128 0xd
 350 0177 13000000 		.4byte	.LASF26
 351 017b 04       		.byte	0x4
 352 017c 30       		.byte	0x30
 353 017d 98000000 		.4byte	0x98
 354 0181 0D       		.uleb128 0xd
 355 0182 CD000000 		.4byte	.LASF27
 356 0186 04       		.byte	0x4
 357 0187 31       		.byte	0x31
 358 0188 98000000 		.4byte	0x98
 359 018c 0E       		.uleb128 0xe
 360 018d 7F020000 		.4byte	.LASF28
 361 0191 03       		.byte	0x3
ARM GAS  C:\Users\koseki\AppData\Local\Temp\ccr4mAqc.s 			page 10


 362 0192 4C       		.byte	0x4c
 363 0193 0E       		.uleb128 0xe
 364 0194 41020000 		.4byte	.LASF29
 365 0198 03       		.byte	0x3
 366 0199 68       		.byte	0x68
 367 019a 0E       		.uleb128 0xe
 368 019b BB000000 		.4byte	.LASF30
 369 019f 03       		.byte	0x3
 370 01a0 4A       		.byte	0x4a
 371 01a1 00       		.byte	0
 372              		.section	.debug_abbrev,"",%progbits
 373              	.Ldebug_abbrev0:
 374 0000 01       		.uleb128 0x1
 375 0001 11       		.uleb128 0x11
 376 0002 01       		.byte	0x1
 377 0003 25       		.uleb128 0x25
 378 0004 0E       		.uleb128 0xe
 379 0005 13       		.uleb128 0x13
 380 0006 0B       		.uleb128 0xb
 381 0007 03       		.uleb128 0x3
 382 0008 0E       		.uleb128 0xe
 383 0009 1B       		.uleb128 0x1b
 384 000a 0E       		.uleb128 0xe
 385 000b 55       		.uleb128 0x55
 386 000c 17       		.uleb128 0x17
 387 000d 11       		.uleb128 0x11
 388 000e 01       		.uleb128 0x1
 389 000f 10       		.uleb128 0x10
 390 0010 17       		.uleb128 0x17
 391 0011 00       		.byte	0
 392 0012 00       		.byte	0
 393 0013 02       		.uleb128 0x2
 394 0014 24       		.uleb128 0x24
 395 0015 00       		.byte	0
 396 0016 0B       		.uleb128 0xb
 397 0017 0B       		.uleb128 0xb
 398 0018 3E       		.uleb128 0x3e
 399 0019 0B       		.uleb128 0xb
 400 001a 03       		.uleb128 0x3
 401 001b 0E       		.uleb128 0xe
 402 001c 00       		.byte	0
 403 001d 00       		.byte	0
 404 001e 03       		.uleb128 0x3
 405 001f 24       		.uleb128 0x24
 406 0020 00       		.byte	0
 407 0021 0B       		.uleb128 0xb
 408 0022 0B       		.uleb128 0xb
 409 0023 3E       		.uleb128 0x3e
 410 0024 0B       		.uleb128 0xb
 411 0025 03       		.uleb128 0x3
 412 0026 08       		.uleb128 0x8
 413 0027 00       		.byte	0
 414 0028 00       		.byte	0
 415 0029 04       		.uleb128 0x4
 416 002a 16       		.uleb128 0x16
 417 002b 00       		.byte	0
 418 002c 03       		.uleb128 0x3
ARM GAS  C:\Users\koseki\AppData\Local\Temp\ccr4mAqc.s 			page 11


 419 002d 0E       		.uleb128 0xe
 420 002e 3A       		.uleb128 0x3a
 421 002f 0B       		.uleb128 0xb
 422 0030 3B       		.uleb128 0x3b
 423 0031 05       		.uleb128 0x5
 424 0032 49       		.uleb128 0x49
 425 0033 13       		.uleb128 0x13
 426 0034 00       		.byte	0
 427 0035 00       		.byte	0
 428 0036 05       		.uleb128 0x5
 429 0037 35       		.uleb128 0x35
 430 0038 00       		.byte	0
 431 0039 49       		.uleb128 0x49
 432 003a 13       		.uleb128 0x13
 433 003b 00       		.byte	0
 434 003c 00       		.byte	0
 435 003d 06       		.uleb128 0x6
 436 003e 13       		.uleb128 0x13
 437 003f 01       		.byte	0x1
 438 0040 0B       		.uleb128 0xb
 439 0041 0B       		.uleb128 0xb
 440 0042 3A       		.uleb128 0x3a
 441 0043 0B       		.uleb128 0xb
 442 0044 3B       		.uleb128 0x3b
 443 0045 0B       		.uleb128 0xb
 444 0046 01       		.uleb128 0x1
 445 0047 13       		.uleb128 0x13
 446 0048 00       		.byte	0
 447 0049 00       		.byte	0
 448 004a 07       		.uleb128 0x7
 449 004b 0D       		.uleb128 0xd
 450 004c 00       		.byte	0
 451 004d 03       		.uleb128 0x3
 452 004e 0E       		.uleb128 0xe
 453 004f 3A       		.uleb128 0x3a
 454 0050 0B       		.uleb128 0xb
 455 0051 3B       		.uleb128 0x3b
 456 0052 0B       		.uleb128 0xb
 457 0053 49       		.uleb128 0x49
 458 0054 13       		.uleb128 0x13
 459 0055 38       		.uleb128 0x38
 460 0056 0B       		.uleb128 0xb
 461 0057 00       		.byte	0
 462 0058 00       		.byte	0
 463 0059 08       		.uleb128 0x8
 464 005a 16       		.uleb128 0x16
 465 005b 00       		.byte	0
 466 005c 03       		.uleb128 0x3
 467 005d 0E       		.uleb128 0xe
 468 005e 3A       		.uleb128 0x3a
 469 005f 0B       		.uleb128 0xb
 470 0060 3B       		.uleb128 0x3b
 471 0061 0B       		.uleb128 0xb
 472 0062 49       		.uleb128 0x49
 473 0063 13       		.uleb128 0x13
 474 0064 00       		.byte	0
 475 0065 00       		.byte	0
ARM GAS  C:\Users\koseki\AppData\Local\Temp\ccr4mAqc.s 			page 12


 476 0066 09       		.uleb128 0x9
 477 0067 2E       		.uleb128 0x2e
 478 0068 00       		.byte	0
 479 0069 3F       		.uleb128 0x3f
 480 006a 19       		.uleb128 0x19
 481 006b 03       		.uleb128 0x3
 482 006c 0E       		.uleb128 0xe
 483 006d 3A       		.uleb128 0x3a
 484 006e 0B       		.uleb128 0xb
 485 006f 3B       		.uleb128 0x3b
 486 0070 0B       		.uleb128 0xb
 487 0071 27       		.uleb128 0x27
 488 0072 19       		.uleb128 0x19
 489 0073 11       		.uleb128 0x11
 490 0074 01       		.uleb128 0x1
 491 0075 12       		.uleb128 0x12
 492 0076 06       		.uleb128 0x6
 493 0077 40       		.uleb128 0x40
 494 0078 18       		.uleb128 0x18
 495 0079 9742     		.uleb128 0x2117
 496 007b 19       		.uleb128 0x19
 497 007c 00       		.byte	0
 498 007d 00       		.byte	0
 499 007e 0A       		.uleb128 0xa
 500 007f 2E       		.uleb128 0x2e
 501 0080 01       		.byte	0x1
 502 0081 3F       		.uleb128 0x3f
 503 0082 19       		.uleb128 0x19
 504 0083 03       		.uleb128 0x3
 505 0084 0E       		.uleb128 0xe
 506 0085 3A       		.uleb128 0x3a
 507 0086 0B       		.uleb128 0xb
 508 0087 3B       		.uleb128 0x3b
 509 0088 0B       		.uleb128 0xb
 510 0089 27       		.uleb128 0x27
 511 008a 19       		.uleb128 0x19
 512 008b 11       		.uleb128 0x11
 513 008c 01       		.uleb128 0x1
 514 008d 12       		.uleb128 0x12
 515 008e 06       		.uleb128 0x6
 516 008f 40       		.uleb128 0x40
 517 0090 18       		.uleb128 0x18
 518 0091 9742     		.uleb128 0x2117
 519 0093 19       		.uleb128 0x19
 520 0094 01       		.uleb128 0x1
 521 0095 13       		.uleb128 0x13
 522 0096 00       		.byte	0
 523 0097 00       		.byte	0
 524 0098 0B       		.uleb128 0xb
 525 0099 898201   		.uleb128 0x4109
 526 009c 00       		.byte	0
 527 009d 11       		.uleb128 0x11
 528 009e 01       		.uleb128 0x1
 529 009f 31       		.uleb128 0x31
 530 00a0 13       		.uleb128 0x13
 531 00a1 00       		.byte	0
 532 00a2 00       		.byte	0
ARM GAS  C:\Users\koseki\AppData\Local\Temp\ccr4mAqc.s 			page 13


 533 00a3 0C       		.uleb128 0xc
 534 00a4 34       		.uleb128 0x34
 535 00a5 00       		.byte	0
 536 00a6 03       		.uleb128 0x3
 537 00a7 0E       		.uleb128 0xe
 538 00a8 3A       		.uleb128 0x3a
 539 00a9 0B       		.uleb128 0xb
 540 00aa 3B       		.uleb128 0x3b
 541 00ab 0B       		.uleb128 0xb
 542 00ac 49       		.uleb128 0x49
 543 00ad 13       		.uleb128 0x13
 544 00ae 02       		.uleb128 0x2
 545 00af 18       		.uleb128 0x18
 546 00b0 00       		.byte	0
 547 00b1 00       		.byte	0
 548 00b2 0D       		.uleb128 0xd
 549 00b3 34       		.uleb128 0x34
 550 00b4 00       		.byte	0
 551 00b5 03       		.uleb128 0x3
 552 00b6 0E       		.uleb128 0xe
 553 00b7 3A       		.uleb128 0x3a
 554 00b8 0B       		.uleb128 0xb
 555 00b9 3B       		.uleb128 0x3b
 556 00ba 0B       		.uleb128 0xb
 557 00bb 49       		.uleb128 0x49
 558 00bc 13       		.uleb128 0x13
 559 00bd 3F       		.uleb128 0x3f
 560 00be 19       		.uleb128 0x19
 561 00bf 3C       		.uleb128 0x3c
 562 00c0 19       		.uleb128 0x19
 563 00c1 00       		.byte	0
 564 00c2 00       		.byte	0
 565 00c3 0E       		.uleb128 0xe
 566 00c4 2E       		.uleb128 0x2e
 567 00c5 00       		.byte	0
 568 00c6 3F       		.uleb128 0x3f
 569 00c7 19       		.uleb128 0x19
 570 00c8 03       		.uleb128 0x3
 571 00c9 0E       		.uleb128 0xe
 572 00ca 3A       		.uleb128 0x3a
 573 00cb 0B       		.uleb128 0xb
 574 00cc 3B       		.uleb128 0x3b
 575 00cd 0B       		.uleb128 0xb
 576 00ce 27       		.uleb128 0x27
 577 00cf 19       		.uleb128 0x19
 578 00d0 3C       		.uleb128 0x3c
 579 00d1 19       		.uleb128 0x19
 580 00d2 00       		.byte	0
 581 00d3 00       		.byte	0
 582 00d4 00       		.byte	0
 583              		.section	.debug_aranges,"",%progbits
 584 0000 34000000 		.4byte	0x34
 585 0004 0200     		.2byte	0x2
 586 0006 00000000 		.4byte	.Ldebug_info0
 587 000a 04       		.byte	0x4
 588 000b 00       		.byte	0
 589 000c 0000     		.2byte	0
ARM GAS  C:\Users\koseki\AppData\Local\Temp\ccr4mAqc.s 			page 14


 590 000e 0000     		.2byte	0
 591 0010 00000000 		.4byte	.LFB0
 592 0014 02000000 		.4byte	.LFE0-.LFB0
 593 0018 00000000 		.4byte	.LFB1
 594 001c 02000000 		.4byte	.LFE1-.LFB1
 595 0020 00000000 		.4byte	.LFB2
 596 0024 28000000 		.4byte	.LFE2-.LFB2
 597 0028 00000000 		.4byte	.LFB3
 598 002c 48000000 		.4byte	.LFE3-.LFB3
 599 0030 00000000 		.4byte	0
 600 0034 00000000 		.4byte	0
 601              		.section	.debug_ranges,"",%progbits
 602              	.Ldebug_ranges0:
 603 0000 00000000 		.4byte	.LFB0
 604 0004 02000000 		.4byte	.LFE0
 605 0008 00000000 		.4byte	.LFB1
 606 000c 02000000 		.4byte	.LFE1
 607 0010 00000000 		.4byte	.LFB2
 608 0014 28000000 		.4byte	.LFE2
 609 0018 00000000 		.4byte	.LFB3
 610 001c 48000000 		.4byte	.LFE3
 611 0020 00000000 		.4byte	0
 612 0024 00000000 		.4byte	0
 613              		.section	.debug_line,"",%progbits
 614              	.Ldebug_line0:
 615 0000 AF000000 		.section	.debug_str,"MS",%progbits,1
 615      02005E00 
 615      00000201 
 615      FB0E0D00 
 615      01010101 
 616              	.LASF17:
 617 0000 53504953 		.ascii	"SPIS_BACKUP_STRUCT\000"
 617      5F424143 
 617      4B55505F 
 617      53545255 
 617      435400
 618              	.LASF26:
 619 0013 53504953 		.ascii	"SPIS_txBufferWrite\000"
 619      5F747842 
 619      75666665 
 619      72577269 
 619      746500
 620              	.LASF21:
 621 0026 53504953 		.ascii	"SPIS_Wakeup\000"
 621      5F57616B 
 621      65757000 
 622              	.LASF3:
 623 0032 73686F72 		.ascii	"short unsigned int\000"
 623      7420756E 
 623      7369676E 
 623      65642069 
 623      6E7400
 624              	.LASF19:
 625 0045 53504953 		.ascii	"SPIS_RestoreConfig\000"
 625      5F526573 
 625      746F7265 
 625      436F6E66 
ARM GAS  C:\Users\koseki\AppData\Local\Temp\ccr4mAqc.s 			page 15


 625      696700
 626              	.LASF33:
 627 0058 4A3A5C50 		.ascii	"J:\\PSoC_Creator\\CY8CKIT-059\\CY8CKIT-059_DSS_USB\\"
 627      536F435F 
 627      43726561 
 627      746F725C 
 627      43593843 
 628 0088 43593843 		.ascii	"CY8CKIT-059_DDS_USB.cydsn\000"
 628      4B49542D 
 628      3035395F 
 628      4444535F 
 628      5553422E 
 629              	.LASF9:
 630 00a2 666C6F61 		.ascii	"float\000"
 630      7400
 631              	.LASF1:
 632 00a8 756E7369 		.ascii	"unsigned char\000"
 632      676E6564 
 632      20636861 
 632      7200
 633              	.LASF13:
 634 00b6 72656738 		.ascii	"reg8\000"
 634      00
 635              	.LASF30:
 636 00bb 53504953 		.ascii	"SPIS_Enable\000"
 636      5F456E61 
 636      626C6500 
 637              	.LASF12:
 638 00c7 75696E74 		.ascii	"uint8\000"
 638      3800
 639              	.LASF27:
 640 00cd 53504953 		.ascii	"SPIS_txBufferFull\000"
 640      5F747842 
 640      75666665 
 640      7246756C 
 640      6C00
 641              	.LASF10:
 642 00df 646F7562 		.ascii	"double\000"
 642      6C6500
 643              	.LASF25:
 644 00e6 53504953 		.ascii	"SPIS_txBufferRead\000"
 644      5F747842 
 644      75666665 
 644      72526561 
 644      6400
 645              	.LASF16:
 646 00f8 636E7472 		.ascii	"cntrPeriod\000"
 646      50657269 
 646      6F6400
 647              	.LASF31:
 648 0103 474E5520 		.ascii	"GNU C 4.9.3 20150303 (release) [ARM/embedded-4_9-br"
 648      4320342E 
 648      392E3320 
 648      32303135 
 648      30333033 
 649 0136 616E6368 		.ascii	"anch revision 221220] -mcpu=cortex-m3 -mthumb -g -O"
 649      20726576 
ARM GAS  C:\Users\koseki\AppData\Local\Temp\ccr4mAqc.s 			page 16


 649      6973696F 
 649      6E203232 
 649      31323230 
 650 0169 67202D66 		.ascii	"g -ffunction-sections -ffat-lto-objects\000"
 650      66756E63 
 650      74696F6E 
 650      2D736563 
 650      74696F6E 
 651              	.LASF24:
 652 0191 53504953 		.ascii	"SPIS_rxBufferFull\000"
 652      5F727842 
 652      75666665 
 652      7246756C 
 652      6C00
 653              	.LASF5:
 654 01a3 6C6F6E67 		.ascii	"long unsigned int\000"
 654      20756E73 
 654      69676E65 
 654      6420696E 
 654      7400
 655              	.LASF8:
 656 01b5 756E7369 		.ascii	"unsigned int\000"
 656      676E6564 
 656      20696E74 
 656      00
 657              	.LASF18:
 658 01c2 53504953 		.ascii	"SPIS_SaveConfig\000"
 658      5F536176 
 658      65436F6E 
 658      66696700 
 659              	.LASF7:
 660 01d2 6C6F6E67 		.ascii	"long long unsigned int\000"
 660      206C6F6E 
 660      6720756E 
 660      7369676E 
 660      65642069 
 661              	.LASF22:
 662 01e9 53504953 		.ascii	"SPIS_rxBufferRead\000"
 662      5F727842 
 662      75666665 
 662      72526561 
 662      6400
 663              	.LASF14:
 664 01fb 73697A65 		.ascii	"sizetype\000"
 664      74797065 
 664      00
 665              	.LASF6:
 666 0204 6C6F6E67 		.ascii	"long long int\000"
 666      206C6F6E 
 666      6720696E 
 666      7400
 667              	.LASF11:
 668 0212 63686172 		.ascii	"char\000"
 668      00
 669              	.LASF2:
 670 0217 73686F72 		.ascii	"short int\000"
 670      7420696E 
ARM GAS  C:\Users\koseki\AppData\Local\Temp\ccr4mAqc.s 			page 17


 670      7400
 671              	.LASF20:
 672 0221 53504953 		.ascii	"SPIS_Sleep\000"
 672      5F536C65 
 672      657000
 673              	.LASF4:
 674 022c 6C6F6E67 		.ascii	"long int\000"
 674      20696E74 
 674      00
 675              	.LASF15:
 676 0235 656E6162 		.ascii	"enableState\000"
 676      6C655374 
 676      61746500 
 677              	.LASF29:
 678 0241 53504953 		.ascii	"SPIS_ClearFIFO\000"
 678      5F436C65 
 678      61724649 
 678      464F00
 679              	.LASF32:
 680 0250 2E5C4765 		.ascii	".\\Generated_Source\\PSoC5\\SPIS_PM.c\000"
 680      6E657261 
 680      7465645F 
 680      536F7572 
 680      63655C50 
 681              	.LASF0:
 682 0273 7369676E 		.ascii	"signed char\000"
 682      65642063 
 682      68617200 
 683              	.LASF28:
 684 027f 53504953 		.ascii	"SPIS_Stop\000"
 684      5F53746F 
 684      7000
 685              	.LASF23:
 686 0289 53504953 		.ascii	"SPIS_rxBufferWrite\000"
 686      5F727842 
 686      75666665 
 686      72577269 
 686      746500
 687              	.LASF34:
 688 029c 53504953 		.ascii	"SPIS_backup\000"
 688      5F626163 
 688      6B757000 
 689              		.ident	"GCC: (GNU Tools for ARM Embedded Processors) 4.9.3 20150303 (release) [ARM/embedded-4_9-br
