ARM GAS  C:\Users\koseki\AppData\Local\Temp\cc19eo5a.s 			page 1


   1              		.syntax unified
   2              		.cpu cortex-m3
   3              		.fpu softvfp
   4              		.eabi_attribute 20, 1
   5              		.eabi_attribute 21, 1
   6              		.eabi_attribute 23, 3
   7              		.eabi_attribute 24, 1
   8              		.eabi_attribute 25, 1
   9              		.eabi_attribute 26, 1
  10              		.eabi_attribute 30, 1
  11              		.eabi_attribute 34, 1
  12              		.eabi_attribute 18, 4
  13              		.thumb
  14              		.file	"VDAC.c"
  15              		.text
  16              	.Ltext0:
  17              		.cfi_sections	.debug_frame
  18              		.section	.text.VDAC_Enable,"ax",%progbits
  19              		.align	2
  20              		.global	VDAC_Enable
  21              		.thumb
  22              		.thumb_func
  23              		.type	VDAC_Enable, %function
  24              	VDAC_Enable:
  25              	.LFB1:
  26              		.file 1 "Generated_Source\\PSoC5\\VDAC.c"
   1:Generated_Source\PSoC5/VDAC.c **** /*******************************************************************************
   2:Generated_Source\PSoC5/VDAC.c **** * File Name: VDAC.c  
   3:Generated_Source\PSoC5/VDAC.c **** * Version 1.90
   4:Generated_Source\PSoC5/VDAC.c **** *
   5:Generated_Source\PSoC5/VDAC.c **** * Description:
   6:Generated_Source\PSoC5/VDAC.c **** *  This file provides the source code to the API for the 8-bit Voltage DAC 
   7:Generated_Source\PSoC5/VDAC.c **** *  (VDAC8) User Module.
   8:Generated_Source\PSoC5/VDAC.c **** *
   9:Generated_Source\PSoC5/VDAC.c **** * Note:
  10:Generated_Source\PSoC5/VDAC.c **** *  Any unusual or non-standard behavior should be noted here. Other-
  11:Generated_Source\PSoC5/VDAC.c **** *  wise, this section should remain blank.
  12:Generated_Source\PSoC5/VDAC.c **** *
  13:Generated_Source\PSoC5/VDAC.c **** ********************************************************************************
  14:Generated_Source\PSoC5/VDAC.c **** * Copyright 2008-2012, Cypress Semiconductor Corporation.  All rights reserved.
  15:Generated_Source\PSoC5/VDAC.c **** * You may use this file only in accordance with the license, terms, conditions, 
  16:Generated_Source\PSoC5/VDAC.c **** * disclaimers, and limitations in the end user license agreement accompanying 
  17:Generated_Source\PSoC5/VDAC.c **** * the software package with which this file was provided.
  18:Generated_Source\PSoC5/VDAC.c **** *******************************************************************************/
  19:Generated_Source\PSoC5/VDAC.c **** 
  20:Generated_Source\PSoC5/VDAC.c **** #include "cytypes.h"
  21:Generated_Source\PSoC5/VDAC.c **** #include "VDAC.h"
  22:Generated_Source\PSoC5/VDAC.c **** 
  23:Generated_Source\PSoC5/VDAC.c **** #if (CY_PSOC5A)
  24:Generated_Source\PSoC5/VDAC.c **** #include <CyLib.h>
  25:Generated_Source\PSoC5/VDAC.c **** #endif /* CY_PSOC5A */
  26:Generated_Source\PSoC5/VDAC.c **** 
  27:Generated_Source\PSoC5/VDAC.c **** uint8 VDAC_initVar = 0u;
  28:Generated_Source\PSoC5/VDAC.c **** 
  29:Generated_Source\PSoC5/VDAC.c **** #if (CY_PSOC5A)
  30:Generated_Source\PSoC5/VDAC.c ****     static uint8 VDAC_restoreVal = 0u;
  31:Generated_Source\PSoC5/VDAC.c **** #endif /* CY_PSOC5A */
ARM GAS  C:\Users\koseki\AppData\Local\Temp\cc19eo5a.s 			page 2


  32:Generated_Source\PSoC5/VDAC.c **** 
  33:Generated_Source\PSoC5/VDAC.c **** #if (CY_PSOC5A)
  34:Generated_Source\PSoC5/VDAC.c ****     static VDAC_backupStruct VDAC_backup;
  35:Generated_Source\PSoC5/VDAC.c **** #endif /* CY_PSOC5A */
  36:Generated_Source\PSoC5/VDAC.c **** 
  37:Generated_Source\PSoC5/VDAC.c **** 
  38:Generated_Source\PSoC5/VDAC.c **** /*******************************************************************************
  39:Generated_Source\PSoC5/VDAC.c **** * Function Name: VDAC_Init
  40:Generated_Source\PSoC5/VDAC.c **** ********************************************************************************
  41:Generated_Source\PSoC5/VDAC.c **** * Summary:
  42:Generated_Source\PSoC5/VDAC.c **** *  Initialize to the schematic state.
  43:Generated_Source\PSoC5/VDAC.c **** * 
  44:Generated_Source\PSoC5/VDAC.c **** * Parameters:
  45:Generated_Source\PSoC5/VDAC.c **** *  void:
  46:Generated_Source\PSoC5/VDAC.c **** *
  47:Generated_Source\PSoC5/VDAC.c **** * Return:
  48:Generated_Source\PSoC5/VDAC.c **** *  void
  49:Generated_Source\PSoC5/VDAC.c **** *
  50:Generated_Source\PSoC5/VDAC.c **** * Theory:
  51:Generated_Source\PSoC5/VDAC.c **** *
  52:Generated_Source\PSoC5/VDAC.c **** * Side Effects:
  53:Generated_Source\PSoC5/VDAC.c **** *
  54:Generated_Source\PSoC5/VDAC.c **** *******************************************************************************/
  55:Generated_Source\PSoC5/VDAC.c **** void VDAC_Init(void) 
  56:Generated_Source\PSoC5/VDAC.c **** {
  57:Generated_Source\PSoC5/VDAC.c ****     VDAC_CR0 = (VDAC_MODE_V );
  58:Generated_Source\PSoC5/VDAC.c **** 
  59:Generated_Source\PSoC5/VDAC.c ****     /* Set default data source */
  60:Generated_Source\PSoC5/VDAC.c ****     #if(VDAC_DEFAULT_DATA_SRC != 0 )
  61:Generated_Source\PSoC5/VDAC.c ****         VDAC_CR1 = (VDAC_DEFAULT_CNTL | VDAC_DACBUS_ENABLE) ;
  62:Generated_Source\PSoC5/VDAC.c ****     #else
  63:Generated_Source\PSoC5/VDAC.c ****         VDAC_CR1 = (VDAC_DEFAULT_CNTL | VDAC_DACBUS_DISABLE) ;
  64:Generated_Source\PSoC5/VDAC.c ****     #endif /* (VDAC_DEFAULT_DATA_SRC != 0 ) */
  65:Generated_Source\PSoC5/VDAC.c **** 
  66:Generated_Source\PSoC5/VDAC.c ****     /* Set default strobe mode */
  67:Generated_Source\PSoC5/VDAC.c ****     #if(VDAC_DEFAULT_STRB != 0)
  68:Generated_Source\PSoC5/VDAC.c ****         VDAC_Strobe |= VDAC_STRB_EN ;
  69:Generated_Source\PSoC5/VDAC.c ****     #endif/* (VDAC_DEFAULT_STRB != 0) */
  70:Generated_Source\PSoC5/VDAC.c **** 
  71:Generated_Source\PSoC5/VDAC.c ****     /* Set default range */
  72:Generated_Source\PSoC5/VDAC.c ****     VDAC_SetRange(VDAC_DEFAULT_RANGE); 
  73:Generated_Source\PSoC5/VDAC.c **** 
  74:Generated_Source\PSoC5/VDAC.c ****     /* Set default speed */
  75:Generated_Source\PSoC5/VDAC.c ****     VDAC_SetSpeed(VDAC_DEFAULT_SPEED);
  76:Generated_Source\PSoC5/VDAC.c **** }
  77:Generated_Source\PSoC5/VDAC.c **** 
  78:Generated_Source\PSoC5/VDAC.c **** 
  79:Generated_Source\PSoC5/VDAC.c **** /*******************************************************************************
  80:Generated_Source\PSoC5/VDAC.c **** * Function Name: VDAC_Enable
  81:Generated_Source\PSoC5/VDAC.c **** ********************************************************************************
  82:Generated_Source\PSoC5/VDAC.c **** * Summary:
  83:Generated_Source\PSoC5/VDAC.c **** *  Enable the VDAC8
  84:Generated_Source\PSoC5/VDAC.c **** * 
  85:Generated_Source\PSoC5/VDAC.c **** * Parameters:
  86:Generated_Source\PSoC5/VDAC.c **** *  void
  87:Generated_Source\PSoC5/VDAC.c **** *
  88:Generated_Source\PSoC5/VDAC.c **** * Return:
ARM GAS  C:\Users\koseki\AppData\Local\Temp\cc19eo5a.s 			page 3


  89:Generated_Source\PSoC5/VDAC.c **** *  void
  90:Generated_Source\PSoC5/VDAC.c **** *
  91:Generated_Source\PSoC5/VDAC.c **** * Theory:
  92:Generated_Source\PSoC5/VDAC.c **** *
  93:Generated_Source\PSoC5/VDAC.c **** * Side Effects:
  94:Generated_Source\PSoC5/VDAC.c **** *
  95:Generated_Source\PSoC5/VDAC.c **** *******************************************************************************/
  96:Generated_Source\PSoC5/VDAC.c **** void VDAC_Enable(void) 
  97:Generated_Source\PSoC5/VDAC.c **** {
  27              		.loc 1 97 0
  28              		.cfi_startproc
  29              		@ args = 0, pretend = 0, frame = 0
  30              		@ frame_needed = 0, uses_anonymous_args = 0
  31              		@ link register save eliminated.
  98:Generated_Source\PSoC5/VDAC.c ****     VDAC_PWRMGR |= VDAC_ACT_PWR_EN;
  32              		.loc 1 98 0
  33 0000 054A     		ldr	r2, .L2
  34 0002 1378     		ldrb	r3, [r2]	@ zero_extendqisi2
  35 0004 43F00103 		orr	r3, r3, #1
  36 0008 1370     		strb	r3, [r2]
  99:Generated_Source\PSoC5/VDAC.c ****     VDAC_STBY_PWRMGR |= VDAC_STBY_PWR_EN;
  37              		.loc 1 99 0
  38 000a 1032     		adds	r2, r2, #16
  39 000c 1378     		ldrb	r3, [r2]	@ zero_extendqisi2
  40 000e 43F00103 		orr	r3, r3, #1
  41 0012 1370     		strb	r3, [r2]
  42 0014 7047     		bx	lr
  43              	.L3:
  44 0016 00BF     		.align	2
  45              	.L2:
  46 0018 A8430040 		.word	1073759144
  47              		.cfi_endproc
  48              	.LFE1:
  49              		.size	VDAC_Enable, .-VDAC_Enable
  50              		.section	.text.VDAC_Stop,"ax",%progbits
  51              		.align	2
  52              		.global	VDAC_Stop
  53              		.thumb
  54              		.thumb_func
  55              		.type	VDAC_Stop, %function
  56              	VDAC_Stop:
  57              	.LFB3:
 100:Generated_Source\PSoC5/VDAC.c **** 
 101:Generated_Source\PSoC5/VDAC.c ****     /*This is to restore the value of register CR0 ,
 102:Generated_Source\PSoC5/VDAC.c ****     which is modified  in Stop API , this prevents misbehaviour of VDAC */
 103:Generated_Source\PSoC5/VDAC.c ****     #if (CY_PSOC5A)
 104:Generated_Source\PSoC5/VDAC.c ****         if(VDAC_restoreVal == 1u) 
 105:Generated_Source\PSoC5/VDAC.c ****         {
 106:Generated_Source\PSoC5/VDAC.c ****              VDAC_CR0 = VDAC_backup.data_value;
 107:Generated_Source\PSoC5/VDAC.c ****              VDAC_restoreVal = 0u;
 108:Generated_Source\PSoC5/VDAC.c ****         }
 109:Generated_Source\PSoC5/VDAC.c ****     #endif /* CY_PSOC5A */
 110:Generated_Source\PSoC5/VDAC.c **** }
 111:Generated_Source\PSoC5/VDAC.c **** 
 112:Generated_Source\PSoC5/VDAC.c **** 
 113:Generated_Source\PSoC5/VDAC.c **** /*******************************************************************************
 114:Generated_Source\PSoC5/VDAC.c **** * Function Name: VDAC_Start
ARM GAS  C:\Users\koseki\AppData\Local\Temp\cc19eo5a.s 			page 4


 115:Generated_Source\PSoC5/VDAC.c **** ********************************************************************************
 116:Generated_Source\PSoC5/VDAC.c **** *
 117:Generated_Source\PSoC5/VDAC.c **** * Summary:
 118:Generated_Source\PSoC5/VDAC.c **** *  The start function initializes the voltage DAC with the default values, 
 119:Generated_Source\PSoC5/VDAC.c **** *  and sets the power to the given level.  A power level of 0, is the same as
 120:Generated_Source\PSoC5/VDAC.c **** *  executing the stop function.
 121:Generated_Source\PSoC5/VDAC.c **** *
 122:Generated_Source\PSoC5/VDAC.c **** * Parameters:
 123:Generated_Source\PSoC5/VDAC.c **** *  Power: Sets power level between off (0) and (3) high power
 124:Generated_Source\PSoC5/VDAC.c **** *
 125:Generated_Source\PSoC5/VDAC.c **** * Return:
 126:Generated_Source\PSoC5/VDAC.c **** *  void 
 127:Generated_Source\PSoC5/VDAC.c **** *
 128:Generated_Source\PSoC5/VDAC.c **** * Global variables:
 129:Generated_Source\PSoC5/VDAC.c **** *  VDAC_initVar: Is modified when this function is called for the 
 130:Generated_Source\PSoC5/VDAC.c **** *  first time. Is used to ensure that initialization happens only once.
 131:Generated_Source\PSoC5/VDAC.c **** *
 132:Generated_Source\PSoC5/VDAC.c **** *******************************************************************************/
 133:Generated_Source\PSoC5/VDAC.c **** void VDAC_Start(void)  
 134:Generated_Source\PSoC5/VDAC.c **** {
 135:Generated_Source\PSoC5/VDAC.c ****     /* Hardware initiazation only needs to occure the first time */
 136:Generated_Source\PSoC5/VDAC.c ****     if(VDAC_initVar == 0u)
 137:Generated_Source\PSoC5/VDAC.c ****     { 
 138:Generated_Source\PSoC5/VDAC.c ****         VDAC_Init();
 139:Generated_Source\PSoC5/VDAC.c ****         VDAC_initVar = 1u;
 140:Generated_Source\PSoC5/VDAC.c ****     }
 141:Generated_Source\PSoC5/VDAC.c **** 
 142:Generated_Source\PSoC5/VDAC.c ****     /* Enable power to DAC */
 143:Generated_Source\PSoC5/VDAC.c ****     VDAC_Enable();
 144:Generated_Source\PSoC5/VDAC.c **** 
 145:Generated_Source\PSoC5/VDAC.c ****     /* Set default value */
 146:Generated_Source\PSoC5/VDAC.c ****     VDAC_SetValue(VDAC_DEFAULT_DATA); 
 147:Generated_Source\PSoC5/VDAC.c **** }
 148:Generated_Source\PSoC5/VDAC.c **** 
 149:Generated_Source\PSoC5/VDAC.c **** 
 150:Generated_Source\PSoC5/VDAC.c **** /*******************************************************************************
 151:Generated_Source\PSoC5/VDAC.c **** * Function Name: VDAC_Stop
 152:Generated_Source\PSoC5/VDAC.c **** ********************************************************************************
 153:Generated_Source\PSoC5/VDAC.c **** *
 154:Generated_Source\PSoC5/VDAC.c **** * Summary:
 155:Generated_Source\PSoC5/VDAC.c **** *  Powers down DAC to lowest power state.
 156:Generated_Source\PSoC5/VDAC.c **** *
 157:Generated_Source\PSoC5/VDAC.c **** * Parameters:
 158:Generated_Source\PSoC5/VDAC.c **** *  void
 159:Generated_Source\PSoC5/VDAC.c **** *
 160:Generated_Source\PSoC5/VDAC.c **** * Return:
 161:Generated_Source\PSoC5/VDAC.c **** *  void
 162:Generated_Source\PSoC5/VDAC.c **** *
 163:Generated_Source\PSoC5/VDAC.c **** * Theory:
 164:Generated_Source\PSoC5/VDAC.c **** *
 165:Generated_Source\PSoC5/VDAC.c **** * Side Effects:
 166:Generated_Source\PSoC5/VDAC.c **** *
 167:Generated_Source\PSoC5/VDAC.c **** *******************************************************************************/
 168:Generated_Source\PSoC5/VDAC.c **** void VDAC_Stop(void) 
 169:Generated_Source\PSoC5/VDAC.c **** {
  58              		.loc 1 169 0
  59              		.cfi_startproc
ARM GAS  C:\Users\koseki\AppData\Local\Temp\cc19eo5a.s 			page 5


  60              		@ args = 0, pretend = 0, frame = 0
  61              		@ frame_needed = 0, uses_anonymous_args = 0
  62              		@ link register save eliminated.
 170:Generated_Source\PSoC5/VDAC.c ****     /* Disble power to DAC */
 171:Generated_Source\PSoC5/VDAC.c ****     VDAC_PWRMGR &= (uint8)(~VDAC_ACT_PWR_EN);
  63              		.loc 1 171 0
  64 0000 054A     		ldr	r2, .L5
  65 0002 1378     		ldrb	r3, [r2]	@ zero_extendqisi2
  66 0004 03F0FE03 		and	r3, r3, #254
  67 0008 1370     		strb	r3, [r2]
 172:Generated_Source\PSoC5/VDAC.c ****     VDAC_STBY_PWRMGR &= (uint8)(~VDAC_STBY_PWR_EN);
  68              		.loc 1 172 0
  69 000a 1032     		adds	r2, r2, #16
  70 000c 1378     		ldrb	r3, [r2]	@ zero_extendqisi2
  71 000e 03F0FE03 		and	r3, r3, #254
  72 0012 1370     		strb	r3, [r2]
  73 0014 7047     		bx	lr
  74              	.L6:
  75 0016 00BF     		.align	2
  76              	.L5:
  77 0018 A8430040 		.word	1073759144
  78              		.cfi_endproc
  79              	.LFE3:
  80              		.size	VDAC_Stop, .-VDAC_Stop
  81              		.section	.text.VDAC_SetSpeed,"ax",%progbits
  82              		.align	2
  83              		.global	VDAC_SetSpeed
  84              		.thumb
  85              		.thumb_func
  86              		.type	VDAC_SetSpeed, %function
  87              	VDAC_SetSpeed:
  88              	.LFB4:
 173:Generated_Source\PSoC5/VDAC.c **** 
 174:Generated_Source\PSoC5/VDAC.c ****     /* This is a work around for PSoC5A  ,
 175:Generated_Source\PSoC5/VDAC.c ****     this sets VDAC to current mode with output off */
 176:Generated_Source\PSoC5/VDAC.c ****     #if (CY_PSOC5A)
 177:Generated_Source\PSoC5/VDAC.c ****         VDAC_backup.data_value = VDAC_CR0;
 178:Generated_Source\PSoC5/VDAC.c ****         VDAC_CR0 = VDAC_CUR_MODE_OUT_OFF;
 179:Generated_Source\PSoC5/VDAC.c ****         VDAC_restoreVal = 1u;
 180:Generated_Source\PSoC5/VDAC.c ****     #endif /* CY_PSOC5A */
 181:Generated_Source\PSoC5/VDAC.c **** }
 182:Generated_Source\PSoC5/VDAC.c **** 
 183:Generated_Source\PSoC5/VDAC.c **** 
 184:Generated_Source\PSoC5/VDAC.c **** /*******************************************************************************
 185:Generated_Source\PSoC5/VDAC.c **** * Function Name: VDAC_SetSpeed
 186:Generated_Source\PSoC5/VDAC.c **** ********************************************************************************
 187:Generated_Source\PSoC5/VDAC.c **** *
 188:Generated_Source\PSoC5/VDAC.c **** * Summary:
 189:Generated_Source\PSoC5/VDAC.c **** *  Set DAC speed
 190:Generated_Source\PSoC5/VDAC.c **** *
 191:Generated_Source\PSoC5/VDAC.c **** * Parameters:
 192:Generated_Source\PSoC5/VDAC.c **** *  power: Sets speed value
 193:Generated_Source\PSoC5/VDAC.c **** *
 194:Generated_Source\PSoC5/VDAC.c **** * Return:
 195:Generated_Source\PSoC5/VDAC.c **** *  void
 196:Generated_Source\PSoC5/VDAC.c **** *
 197:Generated_Source\PSoC5/VDAC.c **** * Theory:
ARM GAS  C:\Users\koseki\AppData\Local\Temp\cc19eo5a.s 			page 6


 198:Generated_Source\PSoC5/VDAC.c **** *
 199:Generated_Source\PSoC5/VDAC.c **** * Side Effects:
 200:Generated_Source\PSoC5/VDAC.c **** *
 201:Generated_Source\PSoC5/VDAC.c **** *******************************************************************************/
 202:Generated_Source\PSoC5/VDAC.c **** void VDAC_SetSpeed(uint8 speed) 
 203:Generated_Source\PSoC5/VDAC.c **** {
  89              		.loc 1 203 0
  90              		.cfi_startproc
  91              		@ args = 0, pretend = 0, frame = 0
  92              		@ frame_needed = 0, uses_anonymous_args = 0
  93              		@ link register save eliminated.
  94              	.LVL0:
 204:Generated_Source\PSoC5/VDAC.c ****     /* Clear power mask then write in new value */
 205:Generated_Source\PSoC5/VDAC.c ****     VDAC_CR0 &= (uint8)(~VDAC_HS_MASK);
  95              		.loc 1 205 0
  96 0000 054B     		ldr	r3, .L8
  97 0002 1A78     		ldrb	r2, [r3]	@ zero_extendqisi2
  98 0004 02F0FD02 		and	r2, r2, #253
  99 0008 1A70     		strb	r2, [r3]
 206:Generated_Source\PSoC5/VDAC.c ****     VDAC_CR0 |=  (speed & VDAC_HS_MASK);
 100              		.loc 1 206 0
 101 000a 1A78     		ldrb	r2, [r3]	@ zero_extendqisi2
 102 000c 00F00200 		and	r0, r0, #2
 103              	.LVL1:
 104 0010 1043     		orrs	r0, r0, r2
 105 0012 1870     		strb	r0, [r3]
 106 0014 7047     		bx	lr
 107              	.L9:
 108 0016 00BF     		.align	2
 109              	.L8:
 110 0018 20580040 		.word	1073764384
 111              		.cfi_endproc
 112              	.LFE4:
 113              		.size	VDAC_SetSpeed, .-VDAC_SetSpeed
 114              		.section	.text.VDAC_SetValue,"ax",%progbits
 115              		.align	2
 116              		.global	VDAC_SetValue
 117              		.thumb
 118              		.thumb_func
 119              		.type	VDAC_SetValue, %function
 120              	VDAC_SetValue:
 121              	.LFB6:
 207:Generated_Source\PSoC5/VDAC.c **** }
 208:Generated_Source\PSoC5/VDAC.c **** 
 209:Generated_Source\PSoC5/VDAC.c **** 
 210:Generated_Source\PSoC5/VDAC.c **** /*******************************************************************************
 211:Generated_Source\PSoC5/VDAC.c **** * Function Name: VDAC_SetRange
 212:Generated_Source\PSoC5/VDAC.c **** ********************************************************************************
 213:Generated_Source\PSoC5/VDAC.c **** *
 214:Generated_Source\PSoC5/VDAC.c **** * Summary:
 215:Generated_Source\PSoC5/VDAC.c **** *  Set one of three current ranges.
 216:Generated_Source\PSoC5/VDAC.c **** *
 217:Generated_Source\PSoC5/VDAC.c **** * Parameters:
 218:Generated_Source\PSoC5/VDAC.c **** *  Range: Sets one of Three valid ranges.
 219:Generated_Source\PSoC5/VDAC.c **** *
 220:Generated_Source\PSoC5/VDAC.c **** * Return:
 221:Generated_Source\PSoC5/VDAC.c **** *  void 
ARM GAS  C:\Users\koseki\AppData\Local\Temp\cc19eo5a.s 			page 7


 222:Generated_Source\PSoC5/VDAC.c **** *
 223:Generated_Source\PSoC5/VDAC.c **** * Theory:
 224:Generated_Source\PSoC5/VDAC.c **** *
 225:Generated_Source\PSoC5/VDAC.c **** * Side Effects:
 226:Generated_Source\PSoC5/VDAC.c **** *
 227:Generated_Source\PSoC5/VDAC.c **** *******************************************************************************/
 228:Generated_Source\PSoC5/VDAC.c **** void VDAC_SetRange(uint8 range) 
 229:Generated_Source\PSoC5/VDAC.c **** {
 230:Generated_Source\PSoC5/VDAC.c ****     VDAC_CR0 &= (uint8)(~VDAC_RANGE_MASK);      /* Clear existing mode */
 231:Generated_Source\PSoC5/VDAC.c ****     VDAC_CR0 |= (range & VDAC_RANGE_MASK);      /*  Set Range  */
 232:Generated_Source\PSoC5/VDAC.c ****     VDAC_DacTrim();
 233:Generated_Source\PSoC5/VDAC.c **** }
 234:Generated_Source\PSoC5/VDAC.c **** 
 235:Generated_Source\PSoC5/VDAC.c **** 
 236:Generated_Source\PSoC5/VDAC.c **** /*******************************************************************************
 237:Generated_Source\PSoC5/VDAC.c **** * Function Name: VDAC_SetValue
 238:Generated_Source\PSoC5/VDAC.c **** ********************************************************************************
 239:Generated_Source\PSoC5/VDAC.c **** *
 240:Generated_Source\PSoC5/VDAC.c **** * Summary:
 241:Generated_Source\PSoC5/VDAC.c **** *  Set 8-bit DAC value
 242:Generated_Source\PSoC5/VDAC.c **** *
 243:Generated_Source\PSoC5/VDAC.c **** * Parameters:  
 244:Generated_Source\PSoC5/VDAC.c **** *  value:  Sets DAC value between 0 and 255.
 245:Generated_Source\PSoC5/VDAC.c **** *
 246:Generated_Source\PSoC5/VDAC.c **** * Return: 
 247:Generated_Source\PSoC5/VDAC.c **** *  void 
 248:Generated_Source\PSoC5/VDAC.c **** *
 249:Generated_Source\PSoC5/VDAC.c **** * Theory: 
 250:Generated_Source\PSoC5/VDAC.c **** *
 251:Generated_Source\PSoC5/VDAC.c **** * Side Effects:
 252:Generated_Source\PSoC5/VDAC.c **** *
 253:Generated_Source\PSoC5/VDAC.c **** *******************************************************************************/
 254:Generated_Source\PSoC5/VDAC.c **** void VDAC_SetValue(uint8 value) 
 255:Generated_Source\PSoC5/VDAC.c **** {
 122              		.loc 1 255 0
 123              		.cfi_startproc
 124              		@ args = 0, pretend = 0, frame = 0
 125              		@ frame_needed = 0, uses_anonymous_args = 0
 126              		@ link register save eliminated.
 127              	.LVL2:
 256:Generated_Source\PSoC5/VDAC.c ****     #if (CY_PSOC5A)
 257:Generated_Source\PSoC5/VDAC.c ****         uint8 VDAC_intrStatus = CyEnterCriticalSection();
 258:Generated_Source\PSoC5/VDAC.c ****     #endif /* CY_PSOC5A */
 259:Generated_Source\PSoC5/VDAC.c **** 
 260:Generated_Source\PSoC5/VDAC.c ****     VDAC_Data = value;                /*  Set Value  */
 128              		.loc 1 260 0
 129 0000 014B     		ldr	r3, .L11
 130 0002 1870     		strb	r0, [r3]
 131 0004 7047     		bx	lr
 132              	.L12:
 133 0006 00BF     		.align	2
 134              	.L11:
 135 0008 805B0040 		.word	1073765248
 136              		.cfi_endproc
 137              	.LFE6:
 138              		.size	VDAC_SetValue, .-VDAC_SetValue
 139              		.section	.text.VDAC_DacTrim,"ax",%progbits
ARM GAS  C:\Users\koseki\AppData\Local\Temp\cc19eo5a.s 			page 8


 140              		.align	2
 141              		.global	VDAC_DacTrim
 142              		.thumb
 143              		.thumb_func
 144              		.type	VDAC_DacTrim, %function
 145              	VDAC_DacTrim:
 146              	.LFB7:
 261:Generated_Source\PSoC5/VDAC.c **** 
 262:Generated_Source\PSoC5/VDAC.c ****     /* PSOC5A requires a double write */
 263:Generated_Source\PSoC5/VDAC.c ****     /* Exit Critical Section */
 264:Generated_Source\PSoC5/VDAC.c ****     #if (CY_PSOC5A)
 265:Generated_Source\PSoC5/VDAC.c ****         VDAC_Data = value;
 266:Generated_Source\PSoC5/VDAC.c ****         CyExitCriticalSection(VDAC_intrStatus);
 267:Generated_Source\PSoC5/VDAC.c ****     #endif /* CY_PSOC5A */
 268:Generated_Source\PSoC5/VDAC.c **** }
 269:Generated_Source\PSoC5/VDAC.c **** 
 270:Generated_Source\PSoC5/VDAC.c **** 
 271:Generated_Source\PSoC5/VDAC.c **** /*******************************************************************************
 272:Generated_Source\PSoC5/VDAC.c **** * Function Name: VDAC_DacTrim
 273:Generated_Source\PSoC5/VDAC.c **** ********************************************************************************
 274:Generated_Source\PSoC5/VDAC.c **** *
 275:Generated_Source\PSoC5/VDAC.c **** * Summary:
 276:Generated_Source\PSoC5/VDAC.c **** *  Set the trim value for the given range.
 277:Generated_Source\PSoC5/VDAC.c **** *
 278:Generated_Source\PSoC5/VDAC.c **** * Parameters:
 279:Generated_Source\PSoC5/VDAC.c **** *  range:  1V or 4V range.  See constants.
 280:Generated_Source\PSoC5/VDAC.c **** *
 281:Generated_Source\PSoC5/VDAC.c **** * Return:
 282:Generated_Source\PSoC5/VDAC.c **** *  void
 283:Generated_Source\PSoC5/VDAC.c **** *
 284:Generated_Source\PSoC5/VDAC.c **** * Theory: 
 285:Generated_Source\PSoC5/VDAC.c **** *
 286:Generated_Source\PSoC5/VDAC.c **** * Side Effects:
 287:Generated_Source\PSoC5/VDAC.c **** *
 288:Generated_Source\PSoC5/VDAC.c **** *******************************************************************************/
 289:Generated_Source\PSoC5/VDAC.c **** void VDAC_DacTrim(void) 
 290:Generated_Source\PSoC5/VDAC.c **** {
 147              		.loc 1 290 0
 148              		.cfi_startproc
 149              		@ args = 0, pretend = 0, frame = 0
 150              		@ frame_needed = 0, uses_anonymous_args = 0
 151              		@ link register save eliminated.
 291:Generated_Source\PSoC5/VDAC.c ****     uint8 mode;
 292:Generated_Source\PSoC5/VDAC.c **** 
 293:Generated_Source\PSoC5/VDAC.c ****     mode = (uint8)((VDAC_CR0 & VDAC_RANGE_MASK) >> 2) + VDAC_TRIM_M7_1V_RNG_OFFSET;
 152              		.loc 1 293 0
 153 0000 064B     		ldr	r3, .L14
 154 0002 1B78     		ldrb	r3, [r3]	@ zero_extendqisi2
 155 0004 C3F38103 		ubfx	r3, r3, #2, #2
 156              	.LVL3:
 294:Generated_Source\PSoC5/VDAC.c ****     VDAC_TR = CY_GET_XTND_REG8((uint8 *)(VDAC_DAC_TRIM_BASE + mode));
 157              		.loc 1 294 0
 158 0008 03F19243 		add	r3, r3, #1224736768
 159              	.LVL4:
 160 000c 0633     		adds	r3, r3, #6
 161              	.LVL5:
 162 000e 93F82031 		ldrb	r3, [r3, #288]	@ zero_extendqisi2
ARM GAS  C:\Users\koseki\AppData\Local\Temp\cc19eo5a.s 			page 9


 163              	.LVL6:
 164 0012 DBB2     		uxtb	r3, r3
 165 0014 024A     		ldr	r2, .L14+4
 166 0016 1370     		strb	r3, [r2]
 167 0018 7047     		bx	lr
 168              	.L15:
 169 001a 00BF     		.align	2
 170              	.L14:
 171 001c 20580040 		.word	1073764384
 172 0020 08460040 		.word	1073759752
 173              		.cfi_endproc
 174              	.LFE7:
 175              		.size	VDAC_DacTrim, .-VDAC_DacTrim
 176              		.section	.text.VDAC_SetRange,"ax",%progbits
 177              		.align	2
 178              		.global	VDAC_SetRange
 179              		.thumb
 180              		.thumb_func
 181              		.type	VDAC_SetRange, %function
 182              	VDAC_SetRange:
 183              	.LFB5:
 229:Generated_Source\PSoC5/VDAC.c ****     VDAC_CR0 &= (uint8)(~VDAC_RANGE_MASK);      /* Clear existing mode */
 184              		.loc 1 229 0
 185              		.cfi_startproc
 186              		@ args = 0, pretend = 0, frame = 0
 187              		@ frame_needed = 0, uses_anonymous_args = 0
 188              	.LVL7:
 189 0000 08B5     		push	{r3, lr}
 190              		.cfi_def_cfa_offset 8
 191              		.cfi_offset 3, -8
 192              		.cfi_offset 14, -4
 230:Generated_Source\PSoC5/VDAC.c ****     VDAC_CR0 |= (range & VDAC_RANGE_MASK);      /*  Set Range  */
 193              		.loc 1 230 0
 194 0002 064B     		ldr	r3, .L18
 195 0004 1A78     		ldrb	r2, [r3]	@ zero_extendqisi2
 196 0006 02F0F302 		and	r2, r2, #243
 197 000a 1A70     		strb	r2, [r3]
 231:Generated_Source\PSoC5/VDAC.c ****     VDAC_DacTrim();
 198              		.loc 1 231 0
 199 000c 1A78     		ldrb	r2, [r3]	@ zero_extendqisi2
 200 000e 00F00C00 		and	r0, r0, #12
 201              	.LVL8:
 202 0012 1043     		orrs	r0, r0, r2
 203 0014 1870     		strb	r0, [r3]
 232:Generated_Source\PSoC5/VDAC.c **** }
 204              		.loc 1 232 0
 205 0016 FFF7FEFF 		bl	VDAC_DacTrim
 206              	.LVL9:
 207 001a 08BD     		pop	{r3, pc}
 208              	.L19:
 209              		.align	2
 210              	.L18:
 211 001c 20580040 		.word	1073764384
 212              		.cfi_endproc
 213              	.LFE5:
 214              		.size	VDAC_SetRange, .-VDAC_SetRange
 215              		.section	.text.VDAC_Init,"ax",%progbits
ARM GAS  C:\Users\koseki\AppData\Local\Temp\cc19eo5a.s 			page 10


 216              		.align	2
 217              		.global	VDAC_Init
 218              		.thumb
 219              		.thumb_func
 220              		.type	VDAC_Init, %function
 221              	VDAC_Init:
 222              	.LFB0:
  56:Generated_Source\PSoC5/VDAC.c ****     VDAC_CR0 = (VDAC_MODE_V );
 223              		.loc 1 56 0
 224              		.cfi_startproc
 225              		@ args = 0, pretend = 0, frame = 0
 226              		@ frame_needed = 0, uses_anonymous_args = 0
 227 0000 10B5     		push	{r4, lr}
 228              		.cfi_def_cfa_offset 8
 229              		.cfi_offset 4, -8
 230              		.cfi_offset 14, -4
  57:Generated_Source\PSoC5/VDAC.c **** 
 231              		.loc 1 57 0
 232 0002 0024     		movs	r4, #0
 233 0004 054B     		ldr	r3, .L22
 234 0006 1C70     		strb	r4, [r3]
  63:Generated_Source\PSoC5/VDAC.c ****     #endif /* (VDAC_DEFAULT_DATA_SRC != 0 ) */
 235              		.loc 1 63 0
 236 0008 0133     		adds	r3, r3, #1
 237 000a 1C70     		strb	r4, [r3]
  72:Generated_Source\PSoC5/VDAC.c **** 
 238              		.loc 1 72 0
 239 000c 2046     		mov	r0, r4
 240 000e FFF7FEFF 		bl	VDAC_SetRange
 241              	.LVL10:
  75:Generated_Source\PSoC5/VDAC.c **** }
 242              		.loc 1 75 0
 243 0012 2046     		mov	r0, r4
 244 0014 FFF7FEFF 		bl	VDAC_SetSpeed
 245              	.LVL11:
 246 0018 10BD     		pop	{r4, pc}
 247              	.L23:
 248 001a 00BF     		.align	2
 249              	.L22:
 250 001c 20580040 		.word	1073764384
 251              		.cfi_endproc
 252              	.LFE0:
 253              		.size	VDAC_Init, .-VDAC_Init
 254              		.section	.text.VDAC_Start,"ax",%progbits
 255              		.align	2
 256              		.global	VDAC_Start
 257              		.thumb
 258              		.thumb_func
 259              		.type	VDAC_Start, %function
 260              	VDAC_Start:
 261              	.LFB2:
 134:Generated_Source\PSoC5/VDAC.c ****     /* Hardware initiazation only needs to occure the first time */
 262              		.loc 1 134 0
 263              		.cfi_startproc
 264              		@ args = 0, pretend = 0, frame = 0
 265              		@ frame_needed = 0, uses_anonymous_args = 0
 266 0000 08B5     		push	{r3, lr}
ARM GAS  C:\Users\koseki\AppData\Local\Temp\cc19eo5a.s 			page 11


 267              		.cfi_def_cfa_offset 8
 268              		.cfi_offset 3, -8
 269              		.cfi_offset 14, -4
 136:Generated_Source\PSoC5/VDAC.c ****     { 
 270              		.loc 1 136 0
 271 0002 074B     		ldr	r3, .L27
 272 0004 1B78     		ldrb	r3, [r3]	@ zero_extendqisi2
 273 0006 23B9     		cbnz	r3, .L25
 138:Generated_Source\PSoC5/VDAC.c ****         VDAC_initVar = 1u;
 274              		.loc 1 138 0
 275 0008 FFF7FEFF 		bl	VDAC_Init
 276              	.LVL12:
 139:Generated_Source\PSoC5/VDAC.c ****     }
 277              		.loc 1 139 0
 278 000c 0122     		movs	r2, #1
 279 000e 044B     		ldr	r3, .L27
 280 0010 1A70     		strb	r2, [r3]
 281              	.L25:
 143:Generated_Source\PSoC5/VDAC.c **** 
 282              		.loc 1 143 0
 283 0012 FFF7FEFF 		bl	VDAC_Enable
 284              	.LVL13:
 146:Generated_Source\PSoC5/VDAC.c **** }
 285              		.loc 1 146 0
 286 0016 6420     		movs	r0, #100
 287 0018 FFF7FEFF 		bl	VDAC_SetValue
 288              	.LVL14:
 289 001c 08BD     		pop	{r3, pc}
 290              	.L28:
 291 001e 00BF     		.align	2
 292              	.L27:
 293 0020 00000000 		.word	.LANCHOR0
 294              		.cfi_endproc
 295              	.LFE2:
 296              		.size	VDAC_Start, .-VDAC_Start
 297              		.global	VDAC_initVar
 298              		.bss
 299              		.set	.LANCHOR0,. + 0
 300              		.type	VDAC_initVar, %object
 301              		.size	VDAC_initVar, 1
 302              	VDAC_initVar:
 303 0000 00       		.space	1
 304              		.text
 305              	.Letext0:
 306              		.file 2 "Generated_Source\\PSoC5\\cytypes.h"
 307              		.section	.debug_info,"",%progbits
 308              	.Ldebug_info0:
 309 0000 DC010000 		.4byte	0x1dc
 310 0004 0400     		.2byte	0x4
 311 0006 00000000 		.4byte	.Ldebug_abbrev0
 312 000a 04       		.byte	0x4
 313 000b 01       		.uleb128 0x1
 314 000c FD000000 		.4byte	.LASF25
 315 0010 01       		.byte	0x1
 316 0011 17020000 		.4byte	.LASF26
 317 0015 9B000000 		.4byte	.LASF27
 318 0019 00000000 		.4byte	.Ldebug_ranges0+0
ARM GAS  C:\Users\koseki\AppData\Local\Temp\cc19eo5a.s 			page 12


 319 001d 00000000 		.4byte	0
 320 0021 00000000 		.4byte	.Ldebug_line0
 321 0025 02       		.uleb128 0x2
 322 0026 01       		.byte	0x1
 323 0027 06       		.byte	0x6
 324 0028 0B020000 		.4byte	.LASF0
 325 002c 02       		.uleb128 0x2
 326 002d 01       		.byte	0x1
 327 002e 08       		.byte	0x8
 328 002f 31000000 		.4byte	.LASF1
 329 0033 02       		.uleb128 0x2
 330 0034 02       		.byte	0x2
 331 0035 05       		.byte	0x5
 332 0036 E5010000 		.4byte	.LASF2
 333 003a 02       		.uleb128 0x2
 334 003b 02       		.byte	0x2
 335 003c 07       		.byte	0x7
 336 003d 64000000 		.4byte	.LASF3
 337 0041 02       		.uleb128 0x2
 338 0042 04       		.byte	0x4
 339 0043 05       		.byte	0x5
 340 0044 02020000 		.4byte	.LASF4
 341 0048 02       		.uleb128 0x2
 342 0049 04       		.byte	0x4
 343 004a 07       		.byte	0x7
 344 004b 52000000 		.4byte	.LASF5
 345 004f 02       		.uleb128 0x2
 346 0050 08       		.byte	0x8
 347 0051 05       		.byte	0x5
 348 0052 C4010000 		.4byte	.LASF6
 349 0056 02       		.uleb128 0x2
 350 0057 08       		.byte	0x8
 351 0058 07       		.byte	0x7
 352 0059 98010000 		.4byte	.LASF7
 353 005d 03       		.uleb128 0x3
 354 005e 04       		.byte	0x4
 355 005f 05       		.byte	0x5
 356 0060 696E7400 		.ascii	"int\000"
 357 0064 02       		.uleb128 0x2
 358 0065 04       		.byte	0x4
 359 0066 07       		.byte	0x7
 360 0067 8B010000 		.4byte	.LASF8
 361 006b 04       		.uleb128 0x4
 362 006c FC010000 		.4byte	.LASF12
 363 0070 02       		.byte	0x2
 364 0071 3801     		.2byte	0x138
 365 0073 2C000000 		.4byte	0x2c
 366 0077 02       		.uleb128 0x2
 367 0078 04       		.byte	0x4
 368 0079 04       		.byte	0x4
 369 007a 2B000000 		.4byte	.LASF9
 370 007e 02       		.uleb128 0x2
 371 007f 08       		.byte	0x8
 372 0080 04       		.byte	0x4
 373 0081 94000000 		.4byte	.LASF10
 374 0085 02       		.uleb128 0x2
 375 0086 01       		.byte	0x1
ARM GAS  C:\Users\koseki\AppData\Local\Temp\cc19eo5a.s 			page 13


 376 0087 08       		.byte	0x8
 377 0088 D2010000 		.4byte	.LASF11
 378 008c 04       		.uleb128 0x4
 379 008d 3F000000 		.4byte	.LASF13
 380 0091 02       		.byte	0x2
 381 0092 E201     		.2byte	0x1e2
 382 0094 98000000 		.4byte	0x98
 383 0098 05       		.uleb128 0x5
 384 0099 6B000000 		.4byte	0x6b
 385 009d 06       		.uleb128 0x6
 386 009e 14000000 		.4byte	.LASF14
 387 00a2 01       		.byte	0x1
 388 00a3 60       		.byte	0x60
 389 00a4 00000000 		.4byte	.LFB1
 390 00a8 1C000000 		.4byte	.LFE1-.LFB1
 391 00ac 01       		.uleb128 0x1
 392 00ad 9C       		.byte	0x9c
 393 00ae 06       		.uleb128 0x6
 394 00af B4010000 		.4byte	.LASF15
 395 00b3 01       		.byte	0x1
 396 00b4 A8       		.byte	0xa8
 397 00b5 00000000 		.4byte	.LFB3
 398 00b9 1C000000 		.4byte	.LFE3-.LFB3
 399 00bd 01       		.uleb128 0x1
 400 00be 9C       		.byte	0x9c
 401 00bf 07       		.uleb128 0x7
 402 00c0 44000000 		.4byte	.LASF16
 403 00c4 01       		.byte	0x1
 404 00c5 CA       		.byte	0xca
 405 00c6 00000000 		.4byte	.LFB4
 406 00ca 1C000000 		.4byte	.LFE4-.LFB4
 407 00ce 01       		.uleb128 0x1
 408 00cf 9C       		.byte	0x9c
 409 00d0 E4000000 		.4byte	0xe4
 410 00d4 08       		.uleb128 0x8
 411 00d5 BE010000 		.4byte	.LASF18
 412 00d9 01       		.byte	0x1
 413 00da CA       		.byte	0xca
 414 00db 6B000000 		.4byte	0x6b
 415 00df 00000000 		.4byte	.LLST0
 416 00e3 00       		.byte	0
 417 00e4 07       		.uleb128 0x7
 418 00e5 D7010000 		.4byte	.LASF17
 419 00e9 01       		.byte	0x1
 420 00ea FE       		.byte	0xfe
 421 00eb 00000000 		.4byte	.LFB6
 422 00ef 0C000000 		.4byte	.LFE6-.LFB6
 423 00f3 01       		.uleb128 0x1
 424 00f4 9C       		.byte	0x9c
 425 00f5 07010000 		.4byte	0x107
 426 00f9 09       		.uleb128 0x9
 427 00fa 0E000000 		.4byte	.LASF19
 428 00fe 01       		.byte	0x1
 429 00ff FE       		.byte	0xfe
 430 0100 6B000000 		.4byte	0x6b
 431 0104 01       		.uleb128 0x1
 432 0105 50       		.byte	0x50
ARM GAS  C:\Users\koseki\AppData\Local\Temp\cc19eo5a.s 			page 14


 433 0106 00       		.byte	0
 434 0107 0A       		.uleb128 0xa
 435 0108 EF010000 		.4byte	.LASF20
 436 010c 01       		.byte	0x1
 437 010d 2101     		.2byte	0x121
 438 010f 00000000 		.4byte	.LFB7
 439 0113 24000000 		.4byte	.LFE7-.LFB7
 440 0117 01       		.uleb128 0x1
 441 0118 9C       		.byte	0x9c
 442 0119 2E010000 		.4byte	0x12e
 443 011d 0B       		.uleb128 0xb
 444 011e AF010000 		.4byte	.LASF28
 445 0122 01       		.byte	0x1
 446 0123 2301     		.2byte	0x123
 447 0125 6B000000 		.4byte	0x6b
 448 0129 21000000 		.4byte	.LLST1
 449 012d 00       		.byte	0
 450 012e 07       		.uleb128 0x7
 451 012f 00000000 		.4byte	.LASF21
 452 0133 01       		.byte	0x1
 453 0134 E4       		.byte	0xe4
 454 0135 00000000 		.4byte	.LFB5
 455 0139 20000000 		.4byte	.LFE5-.LFB5
 456 013d 01       		.uleb128 0x1
 457 013e 9C       		.byte	0x9c
 458 013f 5C010000 		.4byte	0x15c
 459 0143 08       		.uleb128 0x8
 460 0144 8E000000 		.4byte	.LASF22
 461 0148 01       		.byte	0x1
 462 0149 E4       		.byte	0xe4
 463 014a 6B000000 		.4byte	0x6b
 464 014e 58000000 		.4byte	.LLST2
 465 0152 0C       		.uleb128 0xc
 466 0153 1A000000 		.4byte	.LVL9
 467 0157 07010000 		.4byte	0x107
 468 015b 00       		.byte	0
 469 015c 07       		.uleb128 0x7
 470 015d 77000000 		.4byte	.LASF23
 471 0161 01       		.byte	0x1
 472 0162 37       		.byte	0x37
 473 0163 00000000 		.4byte	.LFB0
 474 0167 20000000 		.4byte	.LFE0-.LFB0
 475 016b 01       		.uleb128 0x1
 476 016c 9C       		.byte	0x9c
 477 016d 96010000 		.4byte	0x196
 478 0171 0D       		.uleb128 0xd
 479 0172 12000000 		.4byte	.LVL10
 480 0176 2E010000 		.4byte	0x12e
 481 017a 85010000 		.4byte	0x185
 482 017e 0E       		.uleb128 0xe
 483 017f 01       		.uleb128 0x1
 484 0180 50       		.byte	0x50
 485 0181 02       		.uleb128 0x2
 486 0182 74       		.byte	0x74
 487 0183 00       		.sleb128 0
 488 0184 00       		.byte	0
 489 0185 0F       		.uleb128 0xf
ARM GAS  C:\Users\koseki\AppData\Local\Temp\cc19eo5a.s 			page 15


 490 0186 18000000 		.4byte	.LVL11
 491 018a BF000000 		.4byte	0xbf
 492 018e 0E       		.uleb128 0xe
 493 018f 01       		.uleb128 0x1
 494 0190 50       		.byte	0x50
 495 0191 02       		.uleb128 0x2
 496 0192 74       		.byte	0x74
 497 0193 00       		.sleb128 0
 498 0194 00       		.byte	0
 499 0195 00       		.byte	0
 500 0196 07       		.uleb128 0x7
 501 0197 20000000 		.4byte	.LASF24
 502 019b 01       		.byte	0x1
 503 019c 85       		.byte	0x85
 504 019d 00000000 		.4byte	.LFB2
 505 01a1 24000000 		.4byte	.LFE2-.LFB2
 506 01a5 01       		.uleb128 0x1
 507 01a6 9C       		.byte	0x9c
 508 01a7 CE010000 		.4byte	0x1ce
 509 01ab 0C       		.uleb128 0xc
 510 01ac 0C000000 		.4byte	.LVL12
 511 01b0 5C010000 		.4byte	0x15c
 512 01b4 0C       		.uleb128 0xc
 513 01b5 16000000 		.4byte	.LVL13
 514 01b9 9D000000 		.4byte	0x9d
 515 01bd 0F       		.uleb128 0xf
 516 01be 1C000000 		.4byte	.LVL14
 517 01c2 E4000000 		.4byte	0xe4
 518 01c6 0E       		.uleb128 0xe
 519 01c7 01       		.uleb128 0x1
 520 01c8 50       		.byte	0x50
 521 01c9 02       		.uleb128 0x2
 522 01ca 08       		.byte	0x8
 523 01cb 64       		.byte	0x64
 524 01cc 00       		.byte	0
 525 01cd 00       		.byte	0
 526 01ce 10       		.uleb128 0x10
 527 01cf 81000000 		.4byte	.LASF29
 528 01d3 01       		.byte	0x1
 529 01d4 1B       		.byte	0x1b
 530 01d5 6B000000 		.4byte	0x6b
 531 01d9 05       		.uleb128 0x5
 532 01da 03       		.byte	0x3
 533 01db 00000000 		.4byte	VDAC_initVar
 534 01df 00       		.byte	0
 535              		.section	.debug_abbrev,"",%progbits
 536              	.Ldebug_abbrev0:
 537 0000 01       		.uleb128 0x1
 538 0001 11       		.uleb128 0x11
 539 0002 01       		.byte	0x1
 540 0003 25       		.uleb128 0x25
 541 0004 0E       		.uleb128 0xe
 542 0005 13       		.uleb128 0x13
 543 0006 0B       		.uleb128 0xb
 544 0007 03       		.uleb128 0x3
 545 0008 0E       		.uleb128 0xe
 546 0009 1B       		.uleb128 0x1b
ARM GAS  C:\Users\koseki\AppData\Local\Temp\cc19eo5a.s 			page 16


 547 000a 0E       		.uleb128 0xe
 548 000b 55       		.uleb128 0x55
 549 000c 17       		.uleb128 0x17
 550 000d 11       		.uleb128 0x11
 551 000e 01       		.uleb128 0x1
 552 000f 10       		.uleb128 0x10
 553 0010 17       		.uleb128 0x17
 554 0011 00       		.byte	0
 555 0012 00       		.byte	0
 556 0013 02       		.uleb128 0x2
 557 0014 24       		.uleb128 0x24
 558 0015 00       		.byte	0
 559 0016 0B       		.uleb128 0xb
 560 0017 0B       		.uleb128 0xb
 561 0018 3E       		.uleb128 0x3e
 562 0019 0B       		.uleb128 0xb
 563 001a 03       		.uleb128 0x3
 564 001b 0E       		.uleb128 0xe
 565 001c 00       		.byte	0
 566 001d 00       		.byte	0
 567 001e 03       		.uleb128 0x3
 568 001f 24       		.uleb128 0x24
 569 0020 00       		.byte	0
 570 0021 0B       		.uleb128 0xb
 571 0022 0B       		.uleb128 0xb
 572 0023 3E       		.uleb128 0x3e
 573 0024 0B       		.uleb128 0xb
 574 0025 03       		.uleb128 0x3
 575 0026 08       		.uleb128 0x8
 576 0027 00       		.byte	0
 577 0028 00       		.byte	0
 578 0029 04       		.uleb128 0x4
 579 002a 16       		.uleb128 0x16
 580 002b 00       		.byte	0
 581 002c 03       		.uleb128 0x3
 582 002d 0E       		.uleb128 0xe
 583 002e 3A       		.uleb128 0x3a
 584 002f 0B       		.uleb128 0xb
 585 0030 3B       		.uleb128 0x3b
 586 0031 05       		.uleb128 0x5
 587 0032 49       		.uleb128 0x49
 588 0033 13       		.uleb128 0x13
 589 0034 00       		.byte	0
 590 0035 00       		.byte	0
 591 0036 05       		.uleb128 0x5
 592 0037 35       		.uleb128 0x35
 593 0038 00       		.byte	0
 594 0039 49       		.uleb128 0x49
 595 003a 13       		.uleb128 0x13
 596 003b 00       		.byte	0
 597 003c 00       		.byte	0
 598 003d 06       		.uleb128 0x6
 599 003e 2E       		.uleb128 0x2e
 600 003f 00       		.byte	0
 601 0040 3F       		.uleb128 0x3f
 602 0041 19       		.uleb128 0x19
 603 0042 03       		.uleb128 0x3
ARM GAS  C:\Users\koseki\AppData\Local\Temp\cc19eo5a.s 			page 17


 604 0043 0E       		.uleb128 0xe
 605 0044 3A       		.uleb128 0x3a
 606 0045 0B       		.uleb128 0xb
 607 0046 3B       		.uleb128 0x3b
 608 0047 0B       		.uleb128 0xb
 609 0048 27       		.uleb128 0x27
 610 0049 19       		.uleb128 0x19
 611 004a 11       		.uleb128 0x11
 612 004b 01       		.uleb128 0x1
 613 004c 12       		.uleb128 0x12
 614 004d 06       		.uleb128 0x6
 615 004e 40       		.uleb128 0x40
 616 004f 18       		.uleb128 0x18
 617 0050 9742     		.uleb128 0x2117
 618 0052 19       		.uleb128 0x19
 619 0053 00       		.byte	0
 620 0054 00       		.byte	0
 621 0055 07       		.uleb128 0x7
 622 0056 2E       		.uleb128 0x2e
 623 0057 01       		.byte	0x1
 624 0058 3F       		.uleb128 0x3f
 625 0059 19       		.uleb128 0x19
 626 005a 03       		.uleb128 0x3
 627 005b 0E       		.uleb128 0xe
 628 005c 3A       		.uleb128 0x3a
 629 005d 0B       		.uleb128 0xb
 630 005e 3B       		.uleb128 0x3b
 631 005f 0B       		.uleb128 0xb
 632 0060 27       		.uleb128 0x27
 633 0061 19       		.uleb128 0x19
 634 0062 11       		.uleb128 0x11
 635 0063 01       		.uleb128 0x1
 636 0064 12       		.uleb128 0x12
 637 0065 06       		.uleb128 0x6
 638 0066 40       		.uleb128 0x40
 639 0067 18       		.uleb128 0x18
 640 0068 9742     		.uleb128 0x2117
 641 006a 19       		.uleb128 0x19
 642 006b 01       		.uleb128 0x1
 643 006c 13       		.uleb128 0x13
 644 006d 00       		.byte	0
 645 006e 00       		.byte	0
 646 006f 08       		.uleb128 0x8
 647 0070 05       		.uleb128 0x5
 648 0071 00       		.byte	0
 649 0072 03       		.uleb128 0x3
 650 0073 0E       		.uleb128 0xe
 651 0074 3A       		.uleb128 0x3a
 652 0075 0B       		.uleb128 0xb
 653 0076 3B       		.uleb128 0x3b
 654 0077 0B       		.uleb128 0xb
 655 0078 49       		.uleb128 0x49
 656 0079 13       		.uleb128 0x13
 657 007a 02       		.uleb128 0x2
 658 007b 17       		.uleb128 0x17
 659 007c 00       		.byte	0
 660 007d 00       		.byte	0
ARM GAS  C:\Users\koseki\AppData\Local\Temp\cc19eo5a.s 			page 18


 661 007e 09       		.uleb128 0x9
 662 007f 05       		.uleb128 0x5
 663 0080 00       		.byte	0
 664 0081 03       		.uleb128 0x3
 665 0082 0E       		.uleb128 0xe
 666 0083 3A       		.uleb128 0x3a
 667 0084 0B       		.uleb128 0xb
 668 0085 3B       		.uleb128 0x3b
 669 0086 0B       		.uleb128 0xb
 670 0087 49       		.uleb128 0x49
 671 0088 13       		.uleb128 0x13
 672 0089 02       		.uleb128 0x2
 673 008a 18       		.uleb128 0x18
 674 008b 00       		.byte	0
 675 008c 00       		.byte	0
 676 008d 0A       		.uleb128 0xa
 677 008e 2E       		.uleb128 0x2e
 678 008f 01       		.byte	0x1
 679 0090 3F       		.uleb128 0x3f
 680 0091 19       		.uleb128 0x19
 681 0092 03       		.uleb128 0x3
 682 0093 0E       		.uleb128 0xe
 683 0094 3A       		.uleb128 0x3a
 684 0095 0B       		.uleb128 0xb
 685 0096 3B       		.uleb128 0x3b
 686 0097 05       		.uleb128 0x5
 687 0098 27       		.uleb128 0x27
 688 0099 19       		.uleb128 0x19
 689 009a 11       		.uleb128 0x11
 690 009b 01       		.uleb128 0x1
 691 009c 12       		.uleb128 0x12
 692 009d 06       		.uleb128 0x6
 693 009e 40       		.uleb128 0x40
 694 009f 18       		.uleb128 0x18
 695 00a0 9742     		.uleb128 0x2117
 696 00a2 19       		.uleb128 0x19
 697 00a3 01       		.uleb128 0x1
 698 00a4 13       		.uleb128 0x13
 699 00a5 00       		.byte	0
 700 00a6 00       		.byte	0
 701 00a7 0B       		.uleb128 0xb
 702 00a8 34       		.uleb128 0x34
 703 00a9 00       		.byte	0
 704 00aa 03       		.uleb128 0x3
 705 00ab 0E       		.uleb128 0xe
 706 00ac 3A       		.uleb128 0x3a
 707 00ad 0B       		.uleb128 0xb
 708 00ae 3B       		.uleb128 0x3b
 709 00af 05       		.uleb128 0x5
 710 00b0 49       		.uleb128 0x49
 711 00b1 13       		.uleb128 0x13
 712 00b2 02       		.uleb128 0x2
 713 00b3 17       		.uleb128 0x17
 714 00b4 00       		.byte	0
 715 00b5 00       		.byte	0
 716 00b6 0C       		.uleb128 0xc
 717 00b7 898201   		.uleb128 0x4109
ARM GAS  C:\Users\koseki\AppData\Local\Temp\cc19eo5a.s 			page 19


 718 00ba 00       		.byte	0
 719 00bb 11       		.uleb128 0x11
 720 00bc 01       		.uleb128 0x1
 721 00bd 31       		.uleb128 0x31
 722 00be 13       		.uleb128 0x13
 723 00bf 00       		.byte	0
 724 00c0 00       		.byte	0
 725 00c1 0D       		.uleb128 0xd
 726 00c2 898201   		.uleb128 0x4109
 727 00c5 01       		.byte	0x1
 728 00c6 11       		.uleb128 0x11
 729 00c7 01       		.uleb128 0x1
 730 00c8 31       		.uleb128 0x31
 731 00c9 13       		.uleb128 0x13
 732 00ca 01       		.uleb128 0x1
 733 00cb 13       		.uleb128 0x13
 734 00cc 00       		.byte	0
 735 00cd 00       		.byte	0
 736 00ce 0E       		.uleb128 0xe
 737 00cf 8A8201   		.uleb128 0x410a
 738 00d2 00       		.byte	0
 739 00d3 02       		.uleb128 0x2
 740 00d4 18       		.uleb128 0x18
 741 00d5 9142     		.uleb128 0x2111
 742 00d7 18       		.uleb128 0x18
 743 00d8 00       		.byte	0
 744 00d9 00       		.byte	0
 745 00da 0F       		.uleb128 0xf
 746 00db 898201   		.uleb128 0x4109
 747 00de 01       		.byte	0x1
 748 00df 11       		.uleb128 0x11
 749 00e0 01       		.uleb128 0x1
 750 00e1 31       		.uleb128 0x31
 751 00e2 13       		.uleb128 0x13
 752 00e3 00       		.byte	0
 753 00e4 00       		.byte	0
 754 00e5 10       		.uleb128 0x10
 755 00e6 34       		.uleb128 0x34
 756 00e7 00       		.byte	0
 757 00e8 03       		.uleb128 0x3
 758 00e9 0E       		.uleb128 0xe
 759 00ea 3A       		.uleb128 0x3a
 760 00eb 0B       		.uleb128 0xb
 761 00ec 3B       		.uleb128 0x3b
 762 00ed 0B       		.uleb128 0xb
 763 00ee 49       		.uleb128 0x49
 764 00ef 13       		.uleb128 0x13
 765 00f0 3F       		.uleb128 0x3f
 766 00f1 19       		.uleb128 0x19
 767 00f2 02       		.uleb128 0x2
 768 00f3 18       		.uleb128 0x18
 769 00f4 00       		.byte	0
 770 00f5 00       		.byte	0
 771 00f6 00       		.byte	0
 772              		.section	.debug_loc,"",%progbits
 773              	.Ldebug_loc0:
 774              	.LLST0:
ARM GAS  C:\Users\koseki\AppData\Local\Temp\cc19eo5a.s 			page 20


 775 0000 00000000 		.4byte	.LVL0
 776 0004 10000000 		.4byte	.LVL1
 777 0008 0100     		.2byte	0x1
 778 000a 50       		.byte	0x50
 779 000b 10000000 		.4byte	.LVL1
 780 000f 1C000000 		.4byte	.LFE4
 781 0013 0400     		.2byte	0x4
 782 0015 F3       		.byte	0xf3
 783 0016 01       		.uleb128 0x1
 784 0017 50       		.byte	0x50
 785 0018 9F       		.byte	0x9f
 786 0019 00000000 		.4byte	0
 787 001d 00000000 		.4byte	0
 788              	.LLST1:
 789 0021 08000000 		.4byte	.LVL3
 790 0025 0C000000 		.4byte	.LVL4
 791 0029 0300     		.2byte	0x3
 792 002b 73       		.byte	0x73
 793 002c 06       		.sleb128 6
 794 002d 9F       		.byte	0x9f
 795 002e 0C000000 		.4byte	.LVL4
 796 0032 0E000000 		.4byte	.LVL5
 797 0036 0700     		.2byte	0x7
 798 0038 73       		.byte	0x73
 799 0039 868080B8 		.sleb128 -1224736762
 799      7B
 800 003e 9F       		.byte	0x9f
 801 003f 0E000000 		.4byte	.LVL5
 802 0043 12000000 		.4byte	.LVL6
 803 0047 0700     		.2byte	0x7
 804 0049 73       		.byte	0x73
 805 004a 808080B8 		.sleb128 -1224736768
 805      7B
 806 004f 9F       		.byte	0x9f
 807 0050 00000000 		.4byte	0
 808 0054 00000000 		.4byte	0
 809              	.LLST2:
 810 0058 00000000 		.4byte	.LVL7
 811 005c 12000000 		.4byte	.LVL8
 812 0060 0100     		.2byte	0x1
 813 0062 50       		.byte	0x50
 814 0063 12000000 		.4byte	.LVL8
 815 0067 20000000 		.4byte	.LFE5
 816 006b 0400     		.2byte	0x4
 817 006d F3       		.byte	0xf3
 818 006e 01       		.uleb128 0x1
 819 006f 50       		.byte	0x50
 820 0070 9F       		.byte	0x9f
 821 0071 00000000 		.4byte	0
 822 0075 00000000 		.4byte	0
 823              		.section	.debug_aranges,"",%progbits
 824 0000 54000000 		.4byte	0x54
 825 0004 0200     		.2byte	0x2
 826 0006 00000000 		.4byte	.Ldebug_info0
 827 000a 04       		.byte	0x4
 828 000b 00       		.byte	0
 829 000c 0000     		.2byte	0
ARM GAS  C:\Users\koseki\AppData\Local\Temp\cc19eo5a.s 			page 21


 830 000e 0000     		.2byte	0
 831 0010 00000000 		.4byte	.LFB1
 832 0014 1C000000 		.4byte	.LFE1-.LFB1
 833 0018 00000000 		.4byte	.LFB3
 834 001c 1C000000 		.4byte	.LFE3-.LFB3
 835 0020 00000000 		.4byte	.LFB4
 836 0024 1C000000 		.4byte	.LFE4-.LFB4
 837 0028 00000000 		.4byte	.LFB6
 838 002c 0C000000 		.4byte	.LFE6-.LFB6
 839 0030 00000000 		.4byte	.LFB7
 840 0034 24000000 		.4byte	.LFE7-.LFB7
 841 0038 00000000 		.4byte	.LFB5
 842 003c 20000000 		.4byte	.LFE5-.LFB5
 843 0040 00000000 		.4byte	.LFB0
 844 0044 20000000 		.4byte	.LFE0-.LFB0
 845 0048 00000000 		.4byte	.LFB2
 846 004c 24000000 		.4byte	.LFE2-.LFB2
 847 0050 00000000 		.4byte	0
 848 0054 00000000 		.4byte	0
 849              		.section	.debug_ranges,"",%progbits
 850              	.Ldebug_ranges0:
 851 0000 00000000 		.4byte	.LFB1
 852 0004 1C000000 		.4byte	.LFE1
 853 0008 00000000 		.4byte	.LFB3
 854 000c 1C000000 		.4byte	.LFE3
 855 0010 00000000 		.4byte	.LFB4
 856 0014 1C000000 		.4byte	.LFE4
 857 0018 00000000 		.4byte	.LFB6
 858 001c 0C000000 		.4byte	.LFE6
 859 0020 00000000 		.4byte	.LFB7
 860 0024 24000000 		.4byte	.LFE7
 861 0028 00000000 		.4byte	.LFB5
 862 002c 20000000 		.4byte	.LFE5
 863 0030 00000000 		.4byte	.LFB0
 864 0034 20000000 		.4byte	.LFE0
 865 0038 00000000 		.4byte	.LFB2
 866 003c 24000000 		.4byte	.LFE2
 867 0040 00000000 		.4byte	0
 868 0044 00000000 		.4byte	0
 869              		.section	.debug_line,"",%progbits
 870              	.Ldebug_line0:
 871 0000 DD000000 		.section	.debug_str,"MS",%progbits,1
 871      02004100 
 871      00000201 
 871      FB0E0D00 
 871      01010101 
 872              	.LASF21:
 873 0000 56444143 		.ascii	"VDAC_SetRange\000"
 873      5F536574 
 873      52616E67 
 873      6500
 874              	.LASF19:
 875 000e 76616C75 		.ascii	"value\000"
 875      6500
 876              	.LASF14:
 877 0014 56444143 		.ascii	"VDAC_Enable\000"
 877      5F456E61 
ARM GAS  C:\Users\koseki\AppData\Local\Temp\cc19eo5a.s 			page 22


 877      626C6500 
 878              	.LASF24:
 879 0020 56444143 		.ascii	"VDAC_Start\000"
 879      5F537461 
 879      727400
 880              	.LASF9:
 881 002b 666C6F61 		.ascii	"float\000"
 881      7400
 882              	.LASF1:
 883 0031 756E7369 		.ascii	"unsigned char\000"
 883      676E6564 
 883      20636861 
 883      7200
 884              	.LASF13:
 885 003f 72656738 		.ascii	"reg8\000"
 885      00
 886              	.LASF16:
 887 0044 56444143 		.ascii	"VDAC_SetSpeed\000"
 887      5F536574 
 887      53706565 
 887      6400
 888              	.LASF5:
 889 0052 6C6F6E67 		.ascii	"long unsigned int\000"
 889      20756E73 
 889      69676E65 
 889      6420696E 
 889      7400
 890              	.LASF3:
 891 0064 73686F72 		.ascii	"short unsigned int\000"
 891      7420756E 
 891      7369676E 
 891      65642069 
 891      6E7400
 892              	.LASF23:
 893 0077 56444143 		.ascii	"VDAC_Init\000"
 893      5F496E69 
 893      7400
 894              	.LASF29:
 895 0081 56444143 		.ascii	"VDAC_initVar\000"
 895      5F696E69 
 895      74566172 
 895      00
 896              	.LASF22:
 897 008e 72616E67 		.ascii	"range\000"
 897      6500
 898              	.LASF10:
 899 0094 646F7562 		.ascii	"double\000"
 899      6C6500
 900              	.LASF27:
 901 009b 453A5C50 		.ascii	"E:\\PSoC_Creator\\CY8CKIT-059\\CY8CKIT-059_Simple_S"
 901      536F435F 
 901      43726561 
 901      746F725C 
 901      43593843 
 902 00cb 44525F52 		.ascii	"DR_Receiver\\CY8CKIT-059_Simple_SDR_Receiver.cydsn\000"
 902      65636569 
 902      7665725C 
ARM GAS  C:\Users\koseki\AppData\Local\Temp\cc19eo5a.s 			page 23


 902      43593843 
 902      4B49542D 
 903              	.LASF25:
 904 00fd 474E5520 		.ascii	"GNU C 4.9.3 20150303 (release) [ARM/embedded-4_9-br"
 904      4320342E 
 904      392E3320 
 904      32303135 
 904      30333033 
 905 0130 616E6368 		.ascii	"anch revision 221220] -mcpu=cortex-m3 -mthumb -g -O"
 905      20726576 
 905      6973696F 
 905      6E203232 
 905      31323230 
 906 0163 67202D66 		.ascii	"g -ffunction-sections -ffat-lto-objects\000"
 906      66756E63 
 906      74696F6E 
 906      2D736563 
 906      74696F6E 
 907              	.LASF8:
 908 018b 756E7369 		.ascii	"unsigned int\000"
 908      676E6564 
 908      20696E74 
 908      00
 909              	.LASF7:
 910 0198 6C6F6E67 		.ascii	"long long unsigned int\000"
 910      206C6F6E 
 910      6720756E 
 910      7369676E 
 910      65642069 
 911              	.LASF28:
 912 01af 6D6F6465 		.ascii	"mode\000"
 912      00
 913              	.LASF15:
 914 01b4 56444143 		.ascii	"VDAC_Stop\000"
 914      5F53746F 
 914      7000
 915              	.LASF18:
 916 01be 73706565 		.ascii	"speed\000"
 916      6400
 917              	.LASF6:
 918 01c4 6C6F6E67 		.ascii	"long long int\000"
 918      206C6F6E 
 918      6720696E 
 918      7400
 919              	.LASF11:
 920 01d2 63686172 		.ascii	"char\000"
 920      00
 921              	.LASF17:
 922 01d7 56444143 		.ascii	"VDAC_SetValue\000"
 922      5F536574 
 922      56616C75 
 922      6500
 923              	.LASF2:
 924 01e5 73686F72 		.ascii	"short int\000"
 924      7420696E 
 924      7400
 925              	.LASF20:
ARM GAS  C:\Users\koseki\AppData\Local\Temp\cc19eo5a.s 			page 24


 926 01ef 56444143 		.ascii	"VDAC_DacTrim\000"
 926      5F446163 
 926      5472696D 
 926      00
 927              	.LASF12:
 928 01fc 75696E74 		.ascii	"uint8\000"
 928      3800
 929              	.LASF4:
 930 0202 6C6F6E67 		.ascii	"long int\000"
 930      20696E74 
 930      00
 931              	.LASF0:
 932 020b 7369676E 		.ascii	"signed char\000"
 932      65642063 
 932      68617200 
 933              	.LASF26:
 934 0217 47656E65 		.ascii	"Generated_Source\\PSoC5\\VDAC.c\000"
 934      72617465 
 934      645F536F 
 934      75726365 
 934      5C50536F 
 935              		.ident	"GCC: (GNU Tools for ARM Embedded Processors) 4.9.3 20150303 (release) [ARM/embedded-4_9-br
